ADTICKP0.dsx
AFDBECP.dsx
CPUAAMP1.dsx
CPUAENP1.dsx
DDCCQRP.dsx
EBEMMGP.dsx
EBTRSTP0.dsx
EBTRSTP1.dsx
EBTRSTP2.dsx
EPBLDXP1.dsx
EPCBSHP.dsx
EPDBSHP.dsx
EPTICAP1.dsx
EPTICAP.dsx
EWHUBEP.dsx
EWHUBOP.dsx
GHEPJNPD.dsx
GHIETNP1.dsx
GHIETNP9.dsx
GHIPJNPD.dsx
GHTNJNP1.dsx
GHTNJNP5.dsx
GHTNJNP6.dsx
GHTNJNP9.dsx
GHTNJNPA.dsx
GHTNJNPD9.dsx
GHTNJNP.dsx
HSCGALP1.dsx
HSDIHCP1.dsx
HSDITHP1.dsx
HSDIXHP.dsx
HSDOTHP1.dsx
HSUTDIP.dsx
HSUTDWP.dsx
HSUTIWP.dsx
HSZRDTP1.dsx
HSZRGTP1.dsx
IPBLDXP1.dsx
IPDBSHP.dsx
IPEDIBOP.dsx
IPEDICOP.dsx
IPEDIDOP.dsx
IPEDISOP.dsx
IPHEXDP.dsx
IPTICAP1.dsx
IPTICAP.dsx
SSALSFP.dsx
SSCTMHP1.dsx
SSDATEP.dsx
SSPKAJP1.dsx
SSTNJNP.dsx
SSTNSTP1.dsx
TRHUBEP.dsx
TRHUBOP.dsx
