ADBALFP.200811241220432.TXT,successful,3863
ADBALFP0.200811241220442.TXT,successful,3863
ADENTJP.200811241220452.TXT,successful,344
ADENTRP.200811241220462.TXT,successful,6
ADEXASP.200811241220482.TXT,successful,2824
ADEXGLP.200811241220492.TXT,successful,3334
ADFAMJP.200811241220502.TXT,successful,384
ADFAMSP.200811241220512.TXT,successful,16521
ADFAMVP.200811241220522.TXT,successful,3203
ADFAXFP.200811241220532.TXT,successful,152
ADFAXJP.200811241221012.TXT,successful,30
ADFMANP.200811241221022.TXT,successful,13064
ADIPDTP.200811241221052.TXT,successful,96
ADIPHDP.200811241221082.TXT,successful,66
ADITMCP.200811241221092.TXT,successful,177
ADMACLP.200811241221102.TXT,successful,142
ADPHLDP.200811241221112.TXT,successful,1
ADPTYCP.200811241221122.TXT,successful,67
ADPTYJP.200811241221132.TXT,successful,3
ADSUPCP.200811241221142.TXT,successful,410
ADSUPJP.200811241221152.TXT,successful,14
ADSYCLP.200811241221192.TXT,successful,1
ADTRANP.200811241221202.TXT,successful,60900
AFADMSP.200811241221212.TXT,successful,7
AFAFMJP.200811241221242.TXT,successful,236
AFAFMSP.200811241221262.TXT,successful,19
AFAFSTP.200811241221272.TXT,successful,37
AFAFTJP.200811241221282.TXT,successful,343
AFAMHRP.200811241221292.TXT,successful,81
AFAMMJP.200811241221302.TXT,successful,100
AFASMJP.200811241221312.TXT,successful,54355
AFASMSP.200811241221322.TXT,successful,188
AFASTJP.200811241221362.TXT,successful,53882
AFGCMSP.200811241221392.TXT,successful,1709
AFMSTPP.200811241221432.TXT,successful,261
AFSIADP.200811241221442.TXT,successful,5
AFSICPP.200811241221452.TXT,successful,4
AFSIMJP.200811241221462.TXT,successful,273
AFSIMSP.200811241221472.TXT,successful,3200
AFSIRAP.200811241221482.TXT,successful,2038
AFSITJP.200811241221582.TXT,successful,10643
AFSTMJP.200811241221592.TXT,successful,4
AFSTMSP.200811241222032.TXT,successful,4
BA@SMSP.200811241225292.TXT,successful,27
BAABLCP.200811241222042.TXT,successful,5
BAACBCP.200811241222052.TXT,successful,4
BAACIGP.200811241222062.TXT,successful,4317
BAACRGP.200811241222102.TXT,successful,18
BAACRTP.200811241222112.TXT,successful,41
BABPRPP.200811241222152.TXT,successful,890
BABPSPP.200811241222182.TXT,successful,159
BADCPBP.200811241222202.TXT,successful,129
BAFSTSP.200811241222212.TXT,successful,771
BAFTCPP.200811241222222.TXT,successful,41
BAFTPCP.200811241222262.TXT,successful,25
BAIMAHP.200811241222272.TXT,successful,217144
BAIMECP.200811241222302.TXT,successful,4374
BAIMGCP.200811241222342.TXT,successful,13237
BAIMGHP.200811241222352.TXT,successful,1261540
BAIMGJP.200811241222362.TXT,successful,211264
BAIMGTP.200811241222372.TXT,successful,346671
BAIMPHP.200811241222382.TXT,successful,3354016
BAIMTHP.200811241222422.TXT,successful,23320881
BAIOBCP.200811241222432.TXT,successful,14977
BAIOQFP.200811241222442.TXT,successful,271
BAITSTP.200811241222452.TXT,successful,4
BAODCJP.200811241223002.TXT,successful,38
BAODCSP.200811241223042.TXT,successful,38
BAOMGCP.200811241223062.TXT,successful,16072
BAOMGHP.200811241223172.TXT,successful,432651
BAOMGTP.200811241223232.TXT,successful,824751
BAOMPHP.200811241223272.TXT,successful,1204164
BAOMTHP.200811241223352.TXT,successful,13004997
BAPECPP.200811241223572.TXT,successful,1
BAPEIGP.200811241224112.TXT,successful,90
BAPEQLP.200811241224242.TXT,successful,1
BAPESDP.200811241224342.TXT,successful,113
BAPTACP.200811241224382.TXT,successful,515
BAREPCP.200811241224492.TXT,successful,57
BARLSCP.200811241224552.TXT,successful,5
BASAINP.200811241225062.TXT,successful,135
BASAISP.200811241225102.TXT,successful,15
BASAMSP.200811241225212.TXT,successful,459
BASATBP.200811241225272.TXT,successful,377
BASSAFP.200811241225372.TXT,successful,2090
BASSMJP.200811241225402.TXT,successful,126
BASSMSP.200811241225422.TXT,successful,1577
BASSTNP.200811241225432.TXT,successful,78090
BS@IPHP.200811241225542.TXT,successful,54468
BS@IPJP.200811241226002.TXT,successful,700
BS@OPHP.200811241226012.TXT,successful,30247
BS@OPJP.200811241226042.TXT,successful,200
CHBKTRP.200811241226342.TXT,successful,3393
CHCABSP.200811241226452.TXT,successful,642
CHCIDCP.200811241226492.TXT,successful,2
CHCLMTP.200811241226502.TXT,successful,774
CHCUSTP.200811241226582.TXT,successful,4709
CNBPCSP.200811241227022.TXT,successful,576
CNBPSDP.200811241227062.TXT,successful,22
CPACMCP.200811241227162.TXT,successful,2
CPCBRCP.200811241227172.TXT,successful,93
CPCBRCP1.200811241227182.TXT,successful,93
CPCBRJP1.200811241227202.TXT,successful,2
CPCDMCP.200811241227262.TXT,successful,2
CPCRIDP.200811241227292.TXT,successful,8
CPCUSTP.200811241227302.TXT,successful,158
CPFADJP.200811241227322.TXT,successful,835
CPFCUJP.200811241227332.TXT,successful,8
CPFECUP.200811241227372.TXT,successful,425546
CPFEPKP.200811241227422.TXT,successful,11048
CPFINJP.200811241227442.TXT,successful,2184
CPGTPOP.200811241227472.TXT,successful,4
CPMACCP.200811241227492.TXT,successful,2273
CPMPPXP.200811241227592.TXT,successful,572690
CPOASTP1.200811241228092.TXT,successful,1980
CPOUQQP.200811241228102.TXT,successful,11
CPPDMPP.200811241228112.TXT,successful,4
CPPMQIP.200811241228122.TXT,successful,4
CPTPCNP.200811241228212.TXT,successful,1980
CR@AMAP.200811241228222.TXT,successful,157
CR@BSNP.200811241228332.TXT,successful,960
CR@CFIP.200811241228472.TXT,successful,678205
CR@CRLP.200811241228552.TXT,successful,108399
CR@FDFP.200811241228562.TXT,successful,22
CR@LNFP.200811241229002.TXT,successful,649
CR@LYFP.200811241229222.TXT,successful,288
CR@RTCP.200811241229262.TXT,successful,6
CR@TTFP.200811241229272.TXT,successful,1462
CRBSEWP.200811241228232.TXT,successful,348703
CRBSNMP.200811241228252.TXT,successful,960
CRBSNTP.200811241228342.TXT,successful,65
CRBSPBP.200811241228382.TXT,successful,13005
CRBSPBP1.200811241228422.TXT,successful,12644
CRBSPCP.200811241228452.TXT,successful,493
CS@LPGP.200811241230112.TXT,successful,3
CSAAMJP.200811241229352.TXT,successful,4875
CSAAMSP.200811241229372.TXT,successful,757
CSAMBDP.200811241229382.TXT,successful,128
CSAMGDP.200811241229422.TXT,successful,1651
CSDSPJP.200811241229522.TXT,successful,581341
CSDSPWP.200811241229542.TXT,successful,405033
CSEMIDP.200811241229552.TXT,successful,32
CSFNCCP.200811241229562.TXT,successful,6
CSMCBPP.200811241230132.TXT,successful,261
DCACMJP.200811241230262.TXT,successful,2729
DCACMSP.200811241230272.TXT,successful,1748
DCDRICP.200811241230572.TXT,successful,66
DCPDCPP.200811241231062.TXT,successful,10
DCUOEXP.200811241231102.TXT,successful,170
DDACADP.200811241231162.TXT,successful,164
DDACESP.200811241231202.TXT,successful,140328
DDACMCP.200811241231212.TXT,successful,196997
DDACMJP.200811241231252.TXT,successful,129336
DDACMSP.200811241231312.TXT,successful,199282
DDBSCLP.200811241231462.TXT,successful,183
DDCBPCP.200811241231522.TXT,successful,25402
DDCBPTP.200811241232192.TXT,successful,196669
DDCBPTPY.200811241232282.TXT,successful,173042
DDCISJP.200811241232292.TXT,successful,1364
DDCISPP.200811241232422.TXT,successful,3389
DDCNOWP.200811241232512.TXT,successful,14713
DDCQALP.200811241232572.TXT,successful,75
DDCQBJP.200811241232582.TXT,successful,3200
DDCQBKP.200811241233062.TXT,successful,14702
DDCQIFP.200811241233102.TXT,successful,71
DDCQSTP.200811241233132.TXT,successful,6505
DDCRCPP.200811241233312.TXT,successful,99
DDCRINP.200811241233342.TXT,successful,196669
DDCSRQP.200811241233432.TXT,successful,3724
DDCTKUP.200811241233492.TXT,successful,6529
DDDLJNP.200811241233572.TXT,successful,2232388
DDERINP.200811241234062.TXT,successful,432549
DDGCTTP.200811241234362.TXT,successful,32
DDGMAJP.200811241234492.TXT,successful,2
DDGMAPP.200811241235282.TXT,successful,89
DDGMASP.200811241235412.TXT,successful,89
DDGPCLP.200811241235542.TXT,successful,1
DDGSAJP.200811241235582.TXT,successful,31
DDGSAPP.200811241236062.TXT,successful,301
DDGSASP.200811241236102.TXT,successful,301
DDIAJHP.200811241236112.TXT,successful,637
DDIAJHP9.200811241236122.TXT,successful,15
DDIAMJP.200811241236212.TXT,successful,20
DDINACP.200811241236272.TXT,successful,78594
DDINACP1.200811241236282.TXT,successful,78594
DDINAVP.200811241236302.TXT,successful,432228
DDINSJP.200811241236562.TXT,successful,28
DDINSRP.200811241237042.TXT,successful,207
DDIRHFP.200811241237062.TXT,successful,824
DDLBBEP.200811241237132.TXT,successful,155175
DDMSCJP.200811241237162.TXT,successful,44753
DDMSCMP.200811241237202.TXT,successful,105126
DDMSGJP.200811241237212.TXT,successful,4951
DDOTKUP.200811241237222.TXT,successful,1673
DDPDCPP.200811241237262.TXT,successful,24
DDRHXQP.200811241237342.TXT,successful,6
DDSMCJP.200811241237352.TXT,successful,43
DDSMCPP.200811241237372.TXT,successful,196796
DDSPCPP.200811241237402.TXT,successful,86
DDSPCQP.200811241237422.TXT,successful,1435
DDSPQJP.200811241237482.TXT,successful,286
DDSTMTP.200811241237492.TXT,successful,196667
DDSTMTPPR.200811241237552.TXT,successful,196667
DDSVSTP.200811241237562.TXT,successful,196669
DDSVSTP1.200811241237572.TXT,successful,195694
DDSWCLP.200811241238012.TXT,successful,5383
DDSWCLP1.200811241238132.TXT,successful,34
DDTNCLP.200811241238182.TXT,successful,1
DDTNJNP.200811241238492.TXT,successful,3046819
DDTNJXP.200811241238522.TXT,successful,1235576
DDUWIJP.200811241238542.TXT,successful,1401
DDUWINP.200811241238552.TXT,successful,137
DDUWRTP.200811241238562.TXT,successful,3
DDVLBLP.200811241238572.TXT,successful,3213
DDVLBLP1.200811241238582.TXT,successful,186
EB@CUAP.200811241239282.TXT,successful,109776
EB@CUJP.200811241239372.TXT,successful,90
EB@CUTP.200811241239432.TXT,successful,81948
EBAECLP.200811241239082.TXT,successful,10
EBAPINP.200811241239092.TXT,successful,85261
EBBPINP1.200811241239102.TXT,successful,2
EBCPINP.200811241239122.TXT,successful,36290
EBCQBRP.200811241239132.TXT,successful,4
EBCRSTP.200811241239212.TXT,successful,38578
EBCUAAP.200811241239252.TXT,successful,1399
EBCUADP.200811241239262.TXT,successful,43322
EBCUARP.200811241239342.TXT,successful,299
EBCUSJP.200811241239392.TXT,successful,21561
EBCUSTP.200811241239422.TXT,successful,43541
EBDCNJP.200811241239492.TXT,successful,18690
EBDCNOP.200811241239512.TXT,successful,396
EBEMRQP.200811241240122.TXT,successful,197
EBFMARP.200811241240162.TXT,successful,458
EBFMNAP.200811241240202.TXT,successful,941
EBGMADP.200811241240262.TXT,successful,1
EBGMCJP.200811241240272.TXT,successful,30
EBLREFP.200811241240312.TXT,successful,67
EBMIEXP.200811241240342.TXT,successful,12663
EBPDPJP.200811241240382.TXT,successful,1836
EBPDPYP.200811241240422.TXT,successful,1752
EBPGRJP.200811241240432.TXT,successful,55534
EBPLCJP.200811241240442.TXT,successful,8
EBPLCPP.200811241240552.TXT,successful,1
EBSCCPP.200811241240562.TXT,successful,83
EBSVJNP.200811241240582.TXT,successful,170931
EBTRSTP.200811241241062.TXT,successful,52
EBTRSTP1.200811241241082.TXT,successful,5
EBTRSTP2.200811241241102.TXT,successful,47
EP@BLMP.200811241243562.TXT,successful,17874
EPACLMP.200811241241162.TXT,successful,65817
EPACLMP1.200811241241192.TXT,successful,65817
EPACLPP.200811241241232.TXT,successful,8
EPACMHP.200811241241242.TXT,successful,1106
EPACMJP.200811241241302.TXT,successful,87
EPACMJP1.200811241241382.TXT,successful,87
EPACMSP.200811241241442.TXT,successful,4705
EPADCLP.200811241241452.TXT,successful,8749
EPADCPP.200811241241472.TXT,successful,1679
EPADCTP.200811241241482.TXT,successful,155931
EPADCTP2.200811241241522.TXT,successful,68520
EPADINPV.200811241242002.TXT,successful,1658
EPADMCP.200811241242062.TXT,successful,4576
EPADPRPN.200811241242102.TXT,successful,122468
EPADRFP.200811241242142.TXT,successful,357173
EPALMHP.200811241242202.TXT,successful,13936
EPALMJP.200811241242212.TXT,successful,715
EPALMJP1.200811241242322.TXT,successful,715
EPALSFP.200811241242352.TXT,successful,21738
EPASMJP.200811241242372.TXT,successful,8
EPASMJP1.200811241242382.TXT,successful,8
EPASMSP.200811241242412.TXT,successful,5993
EPASMSP1.200811241242452.TXT,successful,1288
EPASMSP2.200811241242492.TXT,successful,4705
EPATMTP.200811241242502.TXT,successful,9796
EPBACPP.200811241242562.TXT,successful,193
EPBAWAP.200811241242572.TXT,successful,60
EPBAWAP1.200811241243012.TXT,successful,60
EPBDCCP.200811241243042.TXT,successful,39883
EPBDRPP.200811241243062.TXT,successful,201
EPBEFCP.200811241243102.TXT,successful,285
EPBLCBP.200811241243132.TXT,successful,17681
EPBLDHP.200811241243172.TXT,successful,29708
EPBLDJP.200811241243182.TXT,successful,1029
EPBLDJP1.200811241243242.TXT,successful,1029
EPBLDSP.200811241243302.TXT,successful,1512
EPBLDXP.200811241243362.TXT,successful,1024
EPBLDXP1.200811241243372.TXT,successful,1024
EPBLHSP.200811241243412.TXT,successful,750375
EPBLHXP.200811241243472.TXT,successful,1459957
EPBLIHP.200811241243502.TXT,successful,33606
EPBLMSP.200811241244002.TXT,successful,17680
EPBLMSP1.200811241244102.TXT,successful,17881
EPBLRCP.200811241244262.TXT,successful,506
EPBLSFP.200811241244272.TXT,successful,519
EPBLSTP.200811241244402.TXT,successful,168957
EPBLTOP.200811241244412.TXT,successful,6484
EPBLTOP1.200811241244572.TXT,successful,1860
EPBLTOP2.200811241245002.TXT,successful,1839
EPBLWAP.200811241245112.TXT,successful,5591
EPBLWXP.200811241245122.TXT,successful,2
EPBNMCP.200811241245162.TXT,successful,437
EPBPCPP.200811241245292.TXT,successful,177
EPBRDRP.200811241245302.TXT,successful,133
EPBRDSP.200811241245312.TXT,successful,2439
EPBRDSP1.200811241245352.TXT,successful,603
EPBRDSP2.200811241245412.TXT,successful,2439
EPBRDWP.200811241245442.TXT,successful,504
EPBRMJP.200811241245462.TXT,successful,1
EPBSERP.200811241245492.TXT,successful,29212
EPBTCPP.200811241245552.TXT,successful,14
EPBUAPP.200811241245592.TXT,successful,2211
EPCBBMP.200811241246002.TXT,successful,195041
EPCBBPP.200811241246072.TXT,successful,768
EPCBBWP.200811241246122.TXT,successful,86
EPCBCLP.200811241246132.TXT,successful,615
EPCBCLP1.200811241246172.TXT,successful,615
EPCBLFP.200811241246202.TXT,successful,961
EPCBMHP.200811241246262.TXT,successful,5
EPCBSTP.200811241246282.TXT,successful,9126
EPCCMAP.200811241246312.TXT,successful,729
EPCCMHP.200811241246352.TXT,successful,746
EPCCMJP.200811241246382.TXT,successful,7
EPCCMJP1.200811241246422.TXT,successful,7
EPCCSMP.200811241246462.TXT,successful,20773
EPCFDJP.200811241246492.TXT,successful,1514
EPCFMSP.200811241246532.TXT,successful,10020
EPCFWAP.200811241246542.TXT,successful,83
EPCHGPP.200811241247082.TXT,successful,21697
EPCHPMP.200811241247092.TXT,successful,21586
EPCHWAP.200811241247102.TXT,successful,104
EPCLAUP.200811241247282.TXT,successful,122688
EPCLUSP.200811241247292.TXT,successful,4388
EPCLWAP.200811241247302.TXT,successful,15
EPCMSTP.200811241247312.TXT,successful,3662854
EPCNBBP.200811241247332.TXT,successful,160
EPCON2P.200811241247432.TXT,successful,67190
EPCON2P5.200811241247452.TXT,successful,46279
EPCON2PD.200811241247462.TXT,successful,157300
EPCON2PD5.200811241248062.TXT,successful,157300
EPCSRNP.200811241248402.TXT,successful,1702
EPCSRQP.200811241248532.TXT,successful,14
EPCUWAP.200811241249012.TXT,successful,96560
EPDANSP.200811241249052.TXT,successful,2594
EPDBSCP.200811241249162.TXT,successful,102914
EPDBSCP5.200811241249242.TXT,successful,102914
EPDCCBP.200811241250252.TXT,successful,2
EPDCCPP.200811241250382.TXT,successful,117
EPDCDHP.200811241250442.TXT,successful,20788
EPDCDJP.200811241250542.TXT,successful,717
EPDCDJP1.200811241251142.TXT,successful,717
EPDCDSP.200811241251362.TXT,successful,2031
EPDCHSP.200811241251462.TXT,successful,682848
EPDCMSP.200811241251472.TXT,successful,27417
EPDCOEP.200811241251512.TXT,successful,9
EPDCSTP.200811241252012.TXT,successful,97894
EPDCSTP2.200811241252182.TXT,successful,69346
EPDCWAP.200811241252372.TXT,successful,360
EPDCWAP1.200811241252472.TXT,successful,360
EPDITIP.200811241252552.TXT,successful,170
EPDIUIP.200811241253072.TXT,successful,1190
EPDLWAP.200811241253092.TXT,successful,564
EPDOUIP.200811241253192.TXT,successful,1359
EPDPDCP.200811241253202.TXT,successful,277
EPDPITP.200811241253302.TXT,successful,41304
EPDPITP1.200811241253312.TXT,successful,43486
EPDPMSP.200811241253502.TXT,successful,32014
EPDPWAP.200811241253522.TXT,successful,86
EPDSCRP.200811241254052.TXT,successful,1442
EPDSWAP.200811241254112.TXT,successful,7
EPDTCPP.200811241254212.TXT,successful,3
EPDVCLP.200811241254222.TXT,successful,15
EPEBLFP.200811241254232.TXT,successful,1182
EPECILP.200811241254332.TXT,successful,7
EPECILP1.200811241254352.TXT,successful,7
EPEDCFP.200811241254362.TXT,successful,737
EPEMRDP.200811241254372.TXT,successful,236290
EPEMRQP.200811241254452.TXT,successful,176934
EPFEXSP.200811241254462.TXT,successful,4783
EPFSIDP.200811241254472.TXT,successful,168839
EPFSIDP1.200811241255002.TXT,successful,15849
EPFSIDP2.200811241255142.TXT,successful,193038
EPGECPP.200811241255222.TXT,successful,21
EPGFPRPT.200811241255352.TXT,successful,12362
EPGFXPP.200811241255472.TXT,successful,4724
EPGIPRPT.200811241255512.TXT,successful,24758
EPGMSCP.200811241255542.TXT,successful,3467
EPGMSHP.200811241256002.TXT,successful,363
EPGMSJP.200811241256012.TXT,successful,28
EPGMSJP1.200811241256062.TXT,successful,28
EPGPRDPT.200811241256072.TXT,successful,12362
EPHDRIP.200811241256112.TXT,successful,120
EPHITFP.200811241256122.TXT,successful,1837
EPHITMP1.200811241256182.TXT,successful,9
EPIBLFP.200811241256302.TXT,successful,197
EPICMCP.200811241256362.TXT,successful,98444
EPICMSP.200811241256372.TXT,successful,35864
EPIDCFP.200811241256412.TXT,successful,60
EPINAJP.200811241256422.TXT,successful,38
EPINAJP1.200811241256522.TXT,successful,38
EPINGSP.200811241256532.TXT,successful,417
EPLNDFP.200811241256542.TXT,successful,48
EPLTCPP.200811241257052.TXT,successful,4
EPMDCDP.200811241257072.TXT,successful,1
EPMDCDP1.200811241257082.TXT,successful,1
EPOCTDP.200811241257162.TXT,successful,1589
EPOCTNPN.200811241257202.TXT,successful,895
EPOMNCP.200811241257212.TXT,successful,1
EPPCMHP.200811241257312.TXT,successful,746
EPPCMJP.200811241257322.TXT,successful,7
EPPCMJP1.200811241257342.TXT,successful,7
EPPDCPP.200811241257442.TXT,successful,22
EPPDUEP.200811241257452.TXT,successful,48
EPPLLKP.200811241257462.TXT,successful,224
EPPRQCP.200811241257542.TXT,successful,10
EPSAAWP.200811241257572.TXT,successful,30
EPSADAP.200811241257592.TXT,successful,383
EPSADJP.200811241258052.TXT,successful,16
EPSCWAP.200811241258132.TXT,successful,16595
EPSENTP.200811241258172.TXT,successful,2595
EPSENTP1.200811241258202.TXT,successful,2519
EPSENTP2.200811241258282.TXT,successful,23066
EPSPINP.200811241258342.TXT,successful,23353
EPSPNCP.200811241258492.TXT,successful,3425
EPSRCFP.200811241258522.TXT,successful,99
EPSRCPP.200811241258582.TXT,successful,102
EPSTSRP.200811241259012.TXT,successful,55265
EPSTSRP1.200811241259052.TXT,successful,54226
EPSYCPP.200811241259082.TXT,successful,1
EPTATPP.200811241259182.TXT,successful,1302
EPTLFCP.200811241259242.TXT,successful,66
EPTRCLP.200811241259292.TXT,successful,412707
EPTRDCP.200811241259312.TXT,successful,4910
EPUPCLP.200811241259342.TXT,successful,224940
EPUPGPP.200811241259422.TXT,successful,5304
EPUPIFP.200811241259502.TXT,successful,284746
EPXDCCP.200811241300002.TXT,successful,2307
EPXTCLP.200811241300012.TXT,successful,1333
EPXTIFP.200811241300132.TXT,successful,591
EWALRDP.200811241300142.TXT,successful,8
EWARFLP.200811241300152.TXT,successful,58
EWBHBCP.200811241300252.TXT,successful,31
EWBHFWP.200811241300262.TXT,successful,103
EWBHGAP1.200811241300282.TXT,successful,37
EWBHGIP.200811241300382.TXT,successful,46
EWBHGMP.200811241300392.TXT,successful,46
EWBHJAP1.200811241300402.TXT,successful,103
EWBHJIP.200811241300442.TXT,successful,104
EWBHJMP.200811241300502.TXT,successful,104
EWCCSNWP.200811241300512.TXT,successful,21532
EWCCSNWSP.200811241300522.TXT,successful,14023
EWCHNPP.200811241300552.TXT,successful,74
EWCLSDT.200811241300572.TXT,successful,21
EWCMIDP.200811241301002.TXT,successful,1
EWCPYFP.200811241301112.TXT,successful,107
EWCPYSP.200811241301122.TXT,successful,4
EWCRMCP.200811241301142.TXT,successful,15
EWDCMMP.200811241301192.TXT,successful,109
EWDEXTP.200811241301202.TXT,successful,29010
EWHSSADXP1.200811241301242.TXT,successful,98412
EWLEXPP.200811241301252.TXT,successful,455480
EWMCONDP9.200811241301262.TXT,successful,12670
EWMEXTP.200811241301272.TXT,successful,138473
EWOARARP9.200811241301312.TXT,successful,233
EWOORGP9.200811241301342.TXT,successful,4785
EWPOCUMAP.200811241301402.TXT,successful,1
EWSBUSMP.200811241301432.TXT,successful,12698
EWSBUSP.200811241301492.TXT,successful,14009
EWSDCPP.200811241301502.TXT,successful,63
EWSDLSP.200811241302002.TXT,successful,41
EWSEXPP.200811241302052.TXT,successful,1981
EWSLDSTP.200811241302072.TXT,successful,304699
EWSLFLP.200811241302122.TXT,successful,26
EWSTDPP.200811241302202.TXT,successful,1706
EWSYCPP.200811241302262.TXT,successful,1
EWTRCDP.200811241302322.TXT,successful,2
EWUEXPP1.200811241302382.TXT,successful,2
EWUSRDEL.200811241302432.TXT,successful,100
EWUSRMAP.200811241302492.TXT,successful,6458
EWWRCLP.200811241302502.TXT,successful,60
EWWSDLSP.200811241302542.TXT,successful,57
EWWTRIDP.200811241303002.TXT,successful,1
FICNTPF.200811241303012.TXT,successful,4
GCCVLMP.200811241303052.TXT,successful,3
GCCVMIP.200811241303122.TXT,successful,5
GHACMSP.200811241303132.TXT,successful,196858
GHACMSPD.200811241303162.TXT,successful,195694
GHALSFP.200811241303172.TXT,successful,21726
GHALSFPD.200811241303242.TXT,successful,12888
GHBCHCP.200811241303472.TXT,successful,164
GHBDIFP.200811241303492.TXT,successful,29
GHBDIFP1.200811241303592.TXT,successful,31
GHBDIFP9.200811241304002.TXT,successful,31
GHBDIWP.200811241304092.TXT,successful,52
GHBDIWP9.200811241304112.TXT,successful,52
GHBSP1P.200811241304182.TXT,successful,56076
GHCLMTP.200811241304202.TXT,successful,1765
GHCLMTP7.200811241304212.TXT,successful,253
GHCLMTP8.200811241304312.TXT,successful,489
GHCLMTPD.200811241304322.TXT,successful,1745
GHCLMTPD7.200811241304382.TXT,successful,257
GHCLMTPD8.200811241304412.TXT,successful,490
GHCON2P7.200811241304452.TXT,successful,145000
GHCON2P8.200811241304482.TXT,successful,12537
GHCON2P9.200811241304492.TXT,successful,21171
GHCON2PD7.200811241304502.TXT,successful,148687
GHCON2PD8.200811241304522.TXT,successful,12575
GHCON2PH.200811241304532.TXT,successful,38
GHCON3P.200811241305052.TXT,successful,67063
GHCON3P9.200811241305122.TXT,successful,56059
GHCPFCP.200811241305172.TXT,successful,11746
GHCPFCP2.200811241305212.TXT,successful,12587
GHCPFCP3.200811241305312.TXT,successful,12587
GHCPFCPD.200811241305322.TXT,successful,11364
GHCPFCPD2.200811241305362.TXT,successful,12202
GHCPFCPD3.200811241305372.TXT,successful,12202
GHCPFGP.200811241305452.TXT,successful,11746
GHCPFGPD.200811241305462.TXT,successful,11364
GHCSHRP.200811241305522.TXT,successful,4701
GHCUSTP.200811241305532.TXT,successful,101437
GHCUSTP3.200811241305592.TXT,successful,6924
GHCUSTPD.200811241306002.TXT,successful,100419
GHDTARP.200811241306052.TXT,successful,6
GHEPJNP.200811241306132.TXT,successful,1
GHEPJNPD.200811241306172.TXT,successful,1
GHIEAWP.200811241306252.TXT,successful,11734
GHIEISP.200811241306282.TXT,successful,6786
GHIERSP.200811241306402.TXT,successful,925
GHIETNP.200811241306422.TXT,successful,14149
GHIETNP1.200811241306432.TXT,successful,14149
GHIETNP9.200811241306512.TXT,successful,33194
GHIPJNP.200811241306522.TXT,successful,1
GHIPJNPD.200811241306552.TXT,successful,1
GHLMTRP.200811241306562.TXT,successful,35
GHLMTRP1.200811241307052.TXT,successful,35
GHLMTRPD.200811241307072.TXT,successful,35
GHLMTRPD1.200811241307082.TXT,successful,35
GHPIEIP.200811241307102.TXT,successful,7266
GHPIEIP1.200811241307152.TXT,successful,7266
GHPIEIP9.200811241307192.TXT,successful,20964
GHPYMIP.200811241307202.TXT,successful,12507
GHPYMIP1.200811241307212.TXT,successful,12507
GHPYMIP9.200811241307292.TXT,successful,76257
GHSECHP.200811241307322.TXT,successful,4730
GHSECHPD.200811241307362.TXT,successful,4723
GHTNJNP.200811241307372.TXT,successful,6449
GHTNJNP9.200811241307382.TXT,successful,8294
GHTNJNPD9.200811241307392.TXT,successful,6449
GLACMJP.200811241307452.TXT,successful,5489
GLACMSP.200811241307482.TXT,successful,10055
GLANCLP.200811241307492.TXT,successful,973
GLATCLP.200811241307532.TXT,successful,726
GLBDINP.200811241307542.TXT,successful,1
GLCBPCP.200811241307552.TXT,successful,2221
GLCBPTP.200811241307582.TXT,successful,21469
GLCBPTPY.200811241307592.TXT,successful,20139
GLCHACP.200811241308052.TXT,successful,4822
GLDRACP.200811241308072.TXT,successful,840
GLEXDLP.200811241308082.TXT,successful,9772
GLEXSTP.200811241308092.TXT,successful,9772
GLLBBEP.200811241308102.TXT,successful,10961
GLNACLP.200811241308142.TXT,successful,1
GLNAIFP.200811241308152.TXT,successful,84
GLNAREP.200811241308182.TXT,successful,27
GLOACJP.200811241308192.TXT,successful,98
GLOAJNP.200811241308232.TXT,successful,302
GLOPADP.200811241308242.TXT,successful,737
GLOPIAP.200811241308252.TXT,successful,195
GLOPICP.200811241308262.TXT,successful,178
GLOPISP.200811241308272.TXT,successful,2185
GLORDJP.200811241308282.TXT,successful,447
GLSAMJP.200811241308322.TXT,successful,8
GLSBACP.200811241308352.TXT,successful,13039
GLSBATP.200811241308362.TXT,successful,13032
GLSBATP1.200811241308372.TXT,successful,13032
GLSBSCP.200811241308382.TXT,successful,30145
GLSSCLP.200811241308392.TXT,successful,1
GLSTATP.200811241308412.TXT,successful,10047
GLSTATP1.200811241308442.TXT,successful,10047
GLSTAUP.200811241308502.TXT,successful,31677
GLSYCLP.200811241308512.TXT,successful,2
GLTNJNP.200811241308542.TXT,successful,3179904
GLTRSTP.200811241308552.TXT,successful,21456
GLTRSTP1.200811241308562.TXT,successful,21402
GRALINP.200811241308572.TXT,successful,690
GRALLCP.200811241309012.TXT,successful,69
GRAPCLP.200811241309042.TXT,successful,379
GRBDBWP.200811241309092.TXT,successful,12
GRBDGWP.200811241309102.TXT,successful,12
GRBDIDP.200811241309122.TXT,successful,42
GRBDIFP.200811241309152.TXT,successful,20
GRBDIFP0.200811241309162.TXT,successful,20
GRBDIFP1.200811241309172.TXT,successful,20
GRBDIMP.200811241309212.TXT,successful,20
GRBDSTP.200811241309222.TXT,successful,29
GRBDSTP0.200811241309232.TXT,successful,29
GRBDSUP.200811241309262.TXT,successful,45
GRCSIEP.200811241309282.TXT,successful,789
GRDCBPP.200811241309292.TXT,successful,1692
GRFEIGP.200811241309322.TXT,successful,1135
GRFEIGP0.200811241309332.TXT,successful,1135
GRFEIIP.200811241309342.TXT,successful,1135
GRFEIIP0.200811241309382.TXT,successful,1135
GRGLIEP.200811241309392.TXT,successful,106
GRGPCLP.200811241309402.TXT,successful,7
GRIGDWP1.200811241309432.TXT,successful,18
GRLMTYP.200811241309472.TXT,successful,12
GRLQINP.200811241309482.TXT,successful,399
GRLQLCP.200811241309492.TXT,successful,42
GRRTCLP.200811241309502.TXT,successful,64
GRRTNMP.200811241309512.TXT,successful,74
GRRTTHP.200811241309552.TXT,successful,30
GRRTTPP.200811241309582.TXT,successful,18
GRRTTPP7.200811241309592.TXT,successful,2
GRSYCLP.200811241310012.TXT,successful,2
GRTEIDP.200811241310022.TXT,successful,88
GRTRAEP.200811241310032.TXT,successful,184
GRUODIP.200811241310062.TXT,successful,14
GRUODIP1.200811241310102.TXT,successful,14
GRUODSP.200811241310112.TXT,successful,427
GRUODSP0.200811241310162.TXT,successful,427
GXCNSPP.200811241310242.TXT,successful,12
GXCTLJP.200811241310252.TXT,successful,4
GXCTLPP.200811241310292.TXT,successful,6
GXGRCAP.200811241310322.TXT,successful,365
GXGRCJP.200811241310332.TXT,successful,4
GXLOGPP.200811241310342.TXT,successful,71535
GXPRFTP.200811241310352.TXT,successful,718
HEACIGP.200811241310372.TXT,successful,1029
HEACIMP.200811241310402.TXT,successful,28
HEACNMP.200811241310432.TXT,successful,460
HEIIEXP.200811241310452.TXT,successful,1135598
HEINCLP.200811241310482.TXT,successful,9
HEMGCLP.200811241310492.TXT,successful,124
HEMGEHP.200811241310502.TXT,successful,61
HEMGERP.200811241310542.TXT,successful,17
HEMICLP.200811241310572.TXT,successful,20481
HEMIINP.200811241311012.TXT,successful,20478
HEMIREP.200811241311022.TXT,successful,2732
HEMOCLP.200811241311052.TXT,successful,8819
HEMOREP.200811241311072.TXT,successful,4328
HEMRDTP.200811241311152.TXT,successful,278265
HEMRECP.200811241311162.TXT,successful,2
HEPINSP.200811241311202.TXT,successful,35
HESYRCP.200811241311232.TXT,successful,1
HETRSNP.200811241311292.TXT,successful,2910
HFBKIDP.200811241311322.TXT,successful,1
HFCYCPP.200811241311332.TXT,successful,25
HFEXUSP.200811241311352.TXT,successful,1
HOACTLP.200811241311402.TXT,successful,6
HOOUTLP.200811241311442.TXT,successful,134
HOPLCPP.200811241311452.TXT,successful,1
HS@ACMSP.200811241312182.TXT,successful,280
HS@ACTP.200811241312342.TXT,successful,244
HS@AHDP.200811241312462.TXT,successful,307
HS@ALCP.200811241312472.TXT,successful,52
HS@ALFP.200811241312482.TXT,successful,4355
HS@ALSP.200811241312542.TXT,successful,106
HS@ANCP.200811241312582.TXT,successful,55
HS@ANFP.200811241312592.TXT,successful,6376
HS@ANSP.200811241313012.TXT,successful,105
HS@APSP.200811241313102.TXT,successful,305
HS@APSP1.200811241313112.TXT,successful,305
HS@APSP2.200811241313122.TXT,successful,310
HS@ASBP.200811241313232.TXT,successful,52919
HS@BKFP.200811241313352.TXT,successful,376
HS@CEFP.200811241315022.TXT,successful,14
HS@CIFP.200811241316392.TXT,successful,46
HS@CMAP.200811241316442.TXT,successful,3
HS@CNSP.200811241316462.TXT,successful,3
HS@CPFP.200811241317152.TXT,successful,1645
HS@CTJP.200811241317222.TXT,successful,3814
HS@DMFP.200811241317522.TXT,successful,703
HS@DWFP.200811241318052.TXT,successful,53
HS@ENTFP.200811241318072.TXT,successful,38
HS@HDMP.200811241318432.TXT,successful,233
HS@HDMP1.200811241318462.TXT,successful,233
HS@INSP.200811241319122.TXT,successful,16376
HS@INTFP.200811241319152.TXT,successful,92
HS@INTTP.200811241319172.TXT,successful,92
HS@ITNP.200811241319272.TXT,successful,55
HS@MDRP.200811241319392.TXT,successful,180
HS@MKPP.200811241319452.TXT,successful,81098
HS@MPJP.200811241319482.TXT,successful,19
HS@MPMP.200811241319502.TXT,successful,15
HS@MSJP.200811241319512.TXT,successful,25
HS@MSMP.200811241319592.TXT,successful,21
HS@MSSP.200811241320012.TXT,successful,21
HS@PORTFP.200811241320202.TXT,successful,13512
HS@QRYP.200811241320352.TXT,successful,15
HS@RCBP.200811241320362.TXT,successful,26414
HS@RCBP1.200811241320372.TXT,successful,1051
HS@RDNP.200811241321202.TXT,successful,18
HS@RDTP.200811241322162.TXT,successful,1309
HS@RMBP.200811241322292.TXT,successful,378
HS@RMXP.200811241322362.TXT,successful,180
HS@SCIP.200811241322492.TXT,successful,147009
HS@SCIP1.200811241322542.TXT,successful,6062
HS@SCMSP.200811241323012.TXT,successful,3
HS@SCRP.200811241323072.TXT,successful,612
HS@SCXP.200811241323122.TXT,successful,5519
HS@SECFP.200811241323132.TXT,successful,112
HS@SMAP.200811241323242.TXT,successful,4
HS@STNP.200811241323472.TXT,successful,82
HS@TOTFP.200811241323582.TXT,successful,1951
HS@WHTP.200811241324072.TXT,successful,7277
HSAASCP.200811241311462.TXT,successful,1749
HSAASJP.200811241311522.TXT,successful,3
HSACADP.200811241311552.TXT,successful,1681
HSACAEP.200811241311572.TXT,successful,7777
HSACATP.200811241312002.TXT,successful,1269
HSACHDP.200811241312052.TXT,successful,5283
HSACHJP9.200811241312072.TXT,successful,2823
HSACIMP.200811241312082.TXT,successful,16
HSACMAP.200811241312092.TXT,successful,27
HSACMSP.200811241312122.TXT,successful,10083
HSACMVP.200811241312192.TXT,successful,1929
HSACPSP.200811241312202.TXT,successful,4544
HSACRAP.200811241312242.TXT,successful,239
HSACSPP.200811241312302.TXT,successful,2838
HSACSTP.200811241312312.TXT,successful,2425
HSAGNTP.200811241312352.TXT,successful,2
HSAHCAP.200811241312412.TXT,successful,3
HSAHCGP.200811241312442.TXT,successful,926
HSALVLP.200811241312572.TXT,successful,401
HSAOAAP.200811241313052.TXT,successful,12
HSAOACP.200811241313092.TXT,successful,9256
HSASAAP.200811241313162.TXT,successful,10
HSASACP.200811241313212.TXT,successful,8934
HSAVPCP.200811241313242.TXT,successful,355
HSAVRHP.200811241313252.TXT,successful,40
HSAVRHP2.200811241313262.TXT,successful,27
HSAVRHP3.200811241313342.TXT,successful,3858
HSCALWP.200811241313362.TXT,successful,388
HSCDHWP.200811241313382.TXT,successful,380
HSCDSLP.200811241313432.TXT,successful,376
HSCDSNP.200811241314122.TXT,successful,27
HSCEAAP.200811241314162.TXT,successful,208
HSCEABP.200811241314172.TXT,successful,887
HSCEAHP.200811241314182.TXT,successful,801
HSCEANP.200811241314192.TXT,successful,945
HSCEARP.200811241314202.TXT,successful,374
HSCEBAP.200811241314242.TXT,successful,208
HSCEBBP.200811241314272.TXT,successful,889
HSCEBHP.200811241314282.TXT,successful,11130
HSCEBJP.200811241314302.TXT,successful,1
HSCEBJP9.200811241314312.TXT,successful,10
HSCECAP.200811241314322.TXT,successful,3
HSCECCP.200811241314382.TXT,successful,37
HSCECHP.200811241314412.TXT,successful,3791
HSCEDAP.200811241314422.TXT,successful,1
HSCEDDP.200811241314432.TXT,successful,26
HSCEDHP.200811241314472.TXT,successful,477
HSCEDJP9.200811241314522.TXT,successful,2
HSCEEAP.200811241314542.TXT,successful,3
HSCEEHP.200811241314552.TXT,successful,3692
HSCEETP.200811241315002.TXT,successful,37
HSCEMAP.200811241315052.TXT,successful,3
HSCEMJP.200811241315072.TXT,successful,2141
HSCEMRP.200811241315082.TXT,successful,1949
HSCENAP.200811241315122.TXT,successful,5537
HSCENHP.200811241315132.TXT,successful,35283
HSCENJP9.200811241315142.TXT,successful,396
HSCEPMP2.200811241315182.TXT,successful,3
HSCERCP.200811241315192.TXT,successful,776
HSCESAP.200811241315432.TXT,successful,2
HSCESJP9.200811241315492.TXT,successful,4
HSCESTP.200811241315502.TXT,successful,52
HSCETAP.200811241315512.TXT,successful,27667
HSCETHP.200811241315522.TXT,successful,13239
HSCETNP.200811241315532.TXT,successful,1827
HSCETYP.200811241315572.TXT,successful,24
HSCEVAP.200811241316042.TXT,successful,25
HSCEVHP.200811241316072.TXT,successful,1471
HSCEVJP9.200811241316082.TXT,successful,9
HSCEVPP.200811241316092.TXT,successful,203
HSCEXAP.200811241316102.TXT,successful,48
HSCEXJP9.200811241316112.TXT,successful,48
HSCEYAP.200811241316172.TXT,successful,1
HSCEYBP.200811241316212.TXT,successful,1
HSCEYJP9.200811241316222.TXT,successful,1
HSCGALP.200811241316232.TXT,successful,2
HSCGBHP.200811241316242.TXT,successful,1630
HSCGCLP.200811241316252.TXT,successful,462
HSCGCSP.200811241316292.TXT,successful,4
HSCGHDP.200811241316322.TXT,successful,1115
HSCGSTP.200811241316332.TXT,successful,1905
HSCHRGP.200811241316342.TXT,successful,1953
HSCHRNP.200811241316382.TXT,successful,21
HSCLSPP.200811241316422.TXT,successful,2
HSCPCLP.200811241317142.TXT,successful,376
HSCPPTP.200811241317162.TXT,successful,542
HSCPTYP.200811241317192.TXT,successful,279
HSCSRQP.200811241317202.TXT,successful,14
HSCUSTP.200811241317252.TXT,successful,1020
HSDBHCP.200811241317262.TXT,successful,20
HSDBHHP.200811241317272.TXT,successful,1363
HSDFLDP.200811241317312.TXT,successful,205
HSDIEHP.200811241317322.TXT,successful,131755
HSDIRHP.200811241317352.TXT,successful,80391
HSDIRQP.200811241317392.TXT,successful,5
HSDITHP.200811241317402.TXT,successful,80391
HSDITTP.200811241317412.TXT,successful,5
HSDLHSP.200811241317422.TXT,successful,34826
HSDORHP.200811241317532.TXT,successful,18493
HSDORQP.200811241317592.TXT,successful,5
HSESCLP.200811241318102.TXT,successful,2
HSESLMP.200811241318162.TXT,successful,2
HSFSCCP.200811241318172.TXT,successful,3734
HSGASAP.200811241318212.TXT,successful,26
HSGASCP.200811241318262.TXT,successful,1858
HSGDICP.200811241318302.TXT,successful,2
HSGRAMP.200811241318312.TXT,successful,5464
HSGRMAP.200811241318352.TXT,successful,24
HSHDMNP.200811241318382.TXT,successful,1931
HSHDMNP1.200811241318412.TXT,successful,1
HSHDMVP.200811241318492.TXT,successful,1930
HSHDMVP1.200811241318532.TXT,successful,1
HSHLD2PC.200811241318542.TXT,successful,5283
HSHLDHP.200811241318582.TXT,successful,143553
HSIDAPP.200811241319012.TXT,successful,21
HSINFCP.200811241319052.TXT,successful,13
HSINSFP.200811241319062.TXT,successful,1
HSJBDFP.200811241319282.TXT,successful,70
HSLOCTP.200811241319292.TXT,successful,9
HSLOHCP.200811241319372.TXT,successful,6
HSMBCDP.200811241319382.TXT,successful,68
HSMSSCP.200811241320002.TXT,successful,1
HSNIALP.200811241320062.TXT,successful,1
HSNSDYP.200811241320102.TXT,successful,3
HSODCAP.200811241320112.TXT,successful,24
HSODCGP.200811241320122.TXT,successful,3879
HSPAPCP.200811241320162.TXT,successful,9
HSPDTPP.200811241320172.TXT,successful,5
HSPRSCP.200811241320212.TXT,successful,2
HSPRSTP.200811241320252.TXT,successful,7
HSPSHHP.200811241320262.TXT,successful,115
HSPSNHP.200811241320272.TXT,successful,9
HSPSTHP.200811241320302.TXT,successful,725
HSPTCLP.200811241320342.TXT,successful,9
HSRCRFP.200811241320382.TXT,successful,756
HSRDAWP.200811241320442.TXT,successful,20879
HSRDCHP.200811241320452.TXT,successful,919
HSRDCJP.200811241320462.TXT,successful,19
HSRDCJP9.200811241320502.TXT,successful,1296
HSRDCWP.200811241320512.TXT,successful,4161
HSRDGHP.200811241320522.TXT,successful,36233
HSRDHDP.200811241320582.TXT,successful,919
HSRDHHP.200811241320592.TXT,successful,36233
HSRDHJP.200811241321002.TXT,successful,15
HSRDHJP9.200811241321062.TXT,successful,815
HSRDNAP.200811241321082.TXT,successful,1885
HSRDNAP1.200811241321092.TXT,successful,3827
HSRDNHP.200811241321122.TXT,successful,80778
HSRDNJP.200811241321182.TXT,successful,38
HSRDNJP9.200811241321192.TXT,successful,1863
HSRDPHP.200811241321222.TXT,successful,36233
HSRDPJP.200811241321302.TXT,successful,16
HSRDPJP9.200811241321312.TXT,successful,1865
HSRDPYP.200811241321322.TXT,successful,919
HSRDTEP.200811241321422.TXT,successful,84780
HSRDTHP.200811241321452.TXT,successful,36233
HSRDTHPGIB.200811241321472.TXT,successful,33
HSRDTJP.200811241321592.TXT,successful,24
HSRDTJP9.200811241322052.TXT,successful,3504
HSRDTNP.200811241322112.TXT,successful,919
HSRDTNP1.200811241322122.TXT,successful,1749
HSRDWJP9.200811241322232.TXT,successful,2
HSRDWWP.200811241322272.TXT,successful,259
HSREGRP.200811241322282.TXT,successful,5
HSRMPSP.200811241322352.TXT,successful,1675
HSRNCDP.200811241322372.TXT,successful,219
HSSCAAP.200811241322382.TXT,successful,2
HSSCALP.200811241322422.TXT,successful,7683
HSSCIAP.200811241322452.TXT,successful,5
HSSCIJP.200811241322462.TXT,successful,3
HSSCINP.200811241322472.TXT,successful,199
HSSCMAP.200811241322552.TXT,successful,5
HSSCMJP.200811241322572.TXT,successful,3
HSSCMSP.200811241322582.TXT,successful,1988
HSSCPAP.200811241323032.TXT,successful,3
HSSCPCP.200811241323052.TXT,successful,1957
HSSCTYP.200811241323082.TXT,successful,22
HSSEGAP.200811241323142.TXT,successful,4
HSSEGRP.200811241323172.TXT,successful,101
HSSFLJP.200811241323192.TXT,successful,1
HSSFLMP.200811241323202.TXT,successful,111
HSSFMJP.200811241323232.TXT,successful,959
HSSRCAP.200811241323262.TXT,successful,5
HSSRCJP.200811241323292.TXT,successful,3
HSSRDSP.200811241323302.TXT,successful,10056
HSSRMAP.200811241323312.TXT,successful,5
HSSRMJP.200811241323352.TXT,successful,3
HSSRMKP.200811241323362.TXT,successful,3
HSSTBJP.200811241323372.TXT,successful,11217
HSSTBJP1.200811241323402.TXT,successful,16273
HSSTMJP.200811241323412.TXT,successful,11360
HSSTMJP2.200811241323432.TXT,successful,11360
HSSTMJPB.200811241323462.TXT,successful,11360
HSSTPMP.200811241323502.TXT,successful,597
HSSWTQP.200811241323542.TXT,successful,55
HSSYTLP.200811241323572.TXT,successful,1
HSTRSNP.200811241324002.TXT,successful,4992
HSTSFLP.200811241324012.TXT,successful,1439
HSTSTCP.200811241324022.TXT,successful,14
HSUPCLP.200811241324052.TXT,successful,2816
HSXTCLP.200811241324102.TXT,successful,304
HSZACPP.200811241324112.TXT,successful,195739
HSZANSP.200811241324132.TXT,successful,147088
HSZBTOP.200811241324142.TXT,successful,5877
HSZCCAP.200811241324152.TXT,successful,2659
HSZCCMP.200811241324162.TXT,successful,462
HSZCEEP.200811241324192.TXT,successful,484
HSZCESP.200811241324232.TXT,successful,4
HSZCGIP.200811241324262.TXT,successful,4252
HSZCGYP.200811241324272.TXT,successful,2003
HSZCGYP1.200811241324292.TXT,successful,3486
HSZDMGP.200811241324322.TXT,successful,10123
HSZIMDP.200811241324332.TXT,successful,10972
HSZIMRP.200811241324392.TXT,successful,2505
HSZIMSP.200811241324402.TXT,successful,4178
HSZIMTP.200811241324412.TXT,successful,2473
HSZPSTP.200811241324442.TXT,successful,700
HSZRDFP.200811241324482.TXT,successful,127
HSZRDTP.200811241324492.TXT,successful,7936
HSZSASP.200811241324502.TXT,successful,784110
HTALSFP.200811241324512.TXT,successful,8492
HTBCHCP.200811241324522.TXT,successful,13
HTBCHCP5.200811241324562.TXT,successful,13
HTBCHCP9.200811241324592.TXT,successful,30
HTCBBJP.200811241325052.TXT,successful,1158
HTMQLCP.200811241325072.TXT,successful,1
HTTLMJP.200811241325082.TXT,successful,56
HTTLMTP.200811241325092.TXT,successful,502
HTTSLMP.200811241325112.TXT,successful,493
