IBACIDP.200811241325122.TXT,successful,55589
IBACIJP.200811241325172.TXT,successful,91952
IBACSDP.200811241325192.TXT,successful,11095
IBACSJP.200811241325222.TXT,successful,12
IBAHEXP.200811241325232.TXT,successful,2
IBAPJNP.200811241325242.TXT,successful,4522
IBAVRQP.200811241325322.TXT,successful,2
IBAVRQP1.200811241325342.TXT,successful,265
IBCIDRP.200811241325352.TXT,successful,25571
IBCMBJP.200811241325362.TXT,successful,102
IBCMBTP.200811241325442.TXT,successful,13084
IBCMINP.200811241325452.TXT,successful,25411
IBCSJNP.200811241325482.TXT,successful,2
IBCSSTP.200811241325502.TXT,successful,3
IBDCUSP.200811241325512.TXT,successful,5335
IBDLIFP.200811241325542.TXT,successful,11934
IBDLRJP.200811241326002.TXT,successful,5030
IBESMCP.200811241326012.TXT,successful,13549
IBHACLP.200811241326052.TXT,successful,1
IBIWCSP.200811241326072.TXT,successful,2802
IBKEYCP.200811241326082.TXT,successful,1
IBKEYPP.200811241326142.TXT,successful,3
IBMSGJP.200811241326152.TXT,successful,127
IBMSIDP.200811241326182.TXT,successful,23
IBMXMTP2.200811241326222.TXT,successful,70
IBOTPDP.200811241326252.TXT,successful,21
IBOTPFP.200811241326262.TXT,successful,14749
IBPREXP.200811241326302.TXT,successful,2
IBSIEXP.200811241326312.TXT,successful,8
IBSMADP.200811241326342.TXT,successful,17327
IBSMADP1.200811241326352.TXT,successful,3
IBSMAJP.200811241326392.TXT,successful,7
IBSMANP.200811241326402.TXT,successful,7
IBSVBUP.200811241326412.TXT,successful,22
IBTKMIP.200811241326422.TXT,successful,126
IBTNJNP.200811241326462.TXT,successful,22631
IBURADP.200811241326492.TXT,successful,13086
IBURAJP.200811241326502.TXT,successful,156
IBURSJP.200811241326512.TXT,successful,33
IBURSVP.200811241326522.TXT,successful,6994
IEACMSP.200811241326532.TXT,successful,5636
IEASCLP.200811241326552.TXT,successful,428
IEBSCLP.200811241326562.TXT,successful,10723
IECBPCP.200811241327012.TXT,successful,2467
IECBPTP.200811241327052.TXT,successful,64787
IECBPTPY.200811241327062.TXT,successful,57197
IECCDIP.200811241327082.TXT,successful,1253
IECHACP.200811241327092.TXT,successful,728
IECHPRP.200811241327102.TXT,successful,21137
IECMCSP.200811241327112.TXT,successful,14756
IECMCSP1.200811241327122.TXT,successful,14756
IECMCSP9.200811241327202.TXT,successful,34541
IECMSTP.200811241327212.TXT,successful,11552
IECMSTP1.200811241327222.TXT,successful,11552
IECMSTP8.200811241327232.TXT,successful,21310
IECMSTP9.200811241327252.TXT,successful,21714
IEPDIFP.200811241327262.TXT,successful,21628
IEPLBDP.200811241327272.TXT,successful,12089
IEPLBDP1.200811241327282.TXT,successful,12089
IEPLBLP.200811241327362.TXT,successful,4792
IEPLHLP.200811241327372.TXT,successful,1900
IEPLPCP.200811241327402.TXT,successful,2725
IEPLPNP.200811241327412.TXT,successful,446
IESBACP.200811241327422.TXT,successful,64787
IESBAGP.200811241327442.TXT,successful,64787
IESBAGP0.200811241327472.TXT,successful,57197
IESCOCP.200811241327482.TXT,successful,13
IESYCLP.200811241327492.TXT,successful,2
IETNJNP.200811241327502.TXT,successful,1368273
IETRSTP.200811241327512.TXT,successful,1131
IETRSTP1.200811241327522.TXT,successful,1131
IP@BLMP.200811241329082.TXT,successful,2071
IP@LNMP.200811241332002.TXT,successful,2098
IPACLMP.200811241328002.TXT,successful,12562
IPACLMP1.200811241328022.TXT,successful,12562
IPACMHP.200811241328052.TXT,successful,323
IPACMJP.200811241328072.TXT,successful,35
IPACMJP1.200811241328082.TXT,successful,35
IPACMSP.200811241328092.TXT,successful,1288
IPACMSP1.200811241328112.TXT,successful,1288
IPACMSP2.200811241328142.TXT,successful,1288
IPACMSP3.200811241328152.TXT,successful,1288
IPADCPP.200811241328182.TXT,successful,1383
IPALMHP.200811241328202.TXT,successful,2874
IPALMJP.200811241328212.TXT,successful,210
IPALMJP1.200811241328242.TXT,successful,210
IPAPMJP.200811241328252.TXT,successful,1
IPAPMSP.200811241328262.TXT,successful,1
IPAPRPP.200811241328302.TXT,successful,5196
IPAPRPP1.200811241328332.TXT,successful,140
IPBACPP.200811241328342.TXT,successful,125
IPBAWAP.200811241328352.TXT,successful,8
IPBAWAP1.200811241328372.TXT,successful,8
IPBDCCP.200811241328382.TXT,successful,357
IPBDITP.200811241328392.TXT,successful,31
IPBDSCP.200811241328422.TXT,successful,4611
IPBLCBP.200811241328432.TXT,successful,2007
IPBLDHP.200811241328472.TXT,successful,2912
IPBLDJP.200811241328502.TXT,successful,158
IPBLDJP1.200811241328512.TXT,successful,158
IPBLDSP.200811241328522.TXT,successful,298
IPBLDXP.200811241328542.TXT,successful,151
IPBLDXP1.200811241328552.TXT,successful,151
IPBLHSP.200811241328562.TXT,successful,82544
IPBLHXP.200811241329052.TXT,successful,129119
IPBLIHP.200811241329072.TXT,successful,580
IPBLMSP.200811241329092.TXT,successful,2006
IPBLMSP1.200811241329102.TXT,successful,2071
IPBLRRP.200811241329112.TXT,successful,42
IPBLSTP.200811241329192.TXT,successful,9604
IPBLWAP.200811241329202.TXT,successful,256
IPBLWXP.200811241329212.TXT,successful,256
IPBPCPP.200811241329232.TXT,successful,5
IPBSERP.200811241329282.TXT,successful,4222
IPBTCPP.200811241329302.TXT,successful,10
IPCAMHP.200811241329312.TXT,successful,1
IPCCMAP.200811241329322.TXT,successful,297
IPCCMHP.200811241329352.TXT,successful,298
IPCCMJP.200811241329362.TXT,successful,13
IPCCMJP1.200811241329402.TXT,successful,13
IPCCSMP.200811241329412.TXT,successful,4446
IPCHGPP.200811241329422.TXT,successful,3901
IPCHPMP.200811241329462.TXT,successful,3785
IPCHWAP.200811241329472.TXT,successful,29
IPCMSTP.200811241329482.TXT,successful,818705
IPCON2P.200811241329512.TXT,successful,8696
IPCON2P5.200811241329552.TXT,successful,5828
IPCON2PD.200811241329562.TXT,successful,34241
IPCON2PD5.200811241329572.TXT,successful,29591
IPCSRQP.200811241330002.TXT,successful,1
IPDACNHSBC.200811241330122.TXT,successful,15093
IPDBSCP.200811241330142.TXT,successful,11436
IPDBSCP5.200811241330152.TXT,successful,11436
IPDCALP.200811241330232.TXT,successful,2733
IPDCCBP.200811241330282.TXT,successful,2018
IPDCDHP.200811241330322.TXT,successful,840
IPDCDJP.200811241330332.TXT,successful,38
IPDCDJP1.200811241330372.TXT,successful,38
IPDCDSP.200811241330382.TXT,successful,91
IPDCFCP.200811241330392.TXT,successful,774
IPDCHSP.200811241330402.TXT,successful,57862
IPDCMSP.200811241330482.TXT,successful,1892
IPDCMSP1.200811241330492.TXT,successful,1907
IPDCSTP.200811241330552.TXT,successful,6882
IPDCSTP2.200811241330562.TXT,successful,5238
IPDCWAP.200811241330592.TXT,successful,18
IPDCWAP1.200811241331012.TXT,successful,18
IPDLWAP.200811241331072.TXT,successful,327
IPDPITP.200811241331112.TXT,successful,4509
IPDPITP1.200811241331192.TXT,successful,4732
IPDPIWP.200811241331222.TXT,successful,223
IPDSCRP.200811241331242.TXT,successful,16
IPDTCPP.200811241331252.TXT,successful,8
IPFSIDP.200811241331262.TXT,successful,19173
IPFSIDP1.200811241331272.TXT,successful,1529
IPFSIDP2.200811241331302.TXT,successful,21811
IPGECPP.200811241331342.TXT,successful,23
IPGSCPP.200811241331352.TXT,successful,591
IPGSCPP1.200811241331362.TXT,successful,24570
IPHEXAP.200811241331372.TXT,successful,3685
IPHEXBP.200811241331382.TXT,successful,110
IPHEXWP.200811241331402.TXT,successful,22
IPICLXP.200811241331432.TXT,successful,1093
IPLLWAP.200811241331462.TXT,successful,678
IPLMODP.200811241331472.TXT,successful,62
IPLNDHP.200811241331512.TXT,successful,48225
IPLNDJP.200811241331542.TXT,successful,47
IPLNDJP1.200811241331552.TXT,successful,39
IPLNDJP2.200811241331572.TXT,successful,8
IPLNHSP.200811241331582.TXT,successful,161126
IPLNIHP.200811241331592.TXT,successful,51210
IPLNMSP.200811241332072.TXT,successful,1169
IPLNMSP1.200811241332082.TXT,successful,1185
IPLNMSP5.200811241332092.TXT,successful,1021
IPLNSRP.200811241332132.TXT,successful,2760
IPLNWAP.200811241332192.TXT,successful,14
IPLNWAP1.200811241332202.TXT,successful,2
IPLNWAP2.200811241332232.TXT,successful,5
IPLTCPP.200811241332242.TXT,successful,4
IPMSCLP.200811241332262.TXT,successful,194877
IPPCMHP.200811241332312.TXT,successful,298
IPPCMJP.200811241332322.TXT,successful,13
IPPCMJP1.200811241332342.TXT,successful,13
IPPDCPP.200811241332352.TXT,successful,23
IPPDUEP.200811241332362.TXT,successful,48
IPPDUEP1.200811241332422.TXT,successful,1
IPPRGDP.200811241332452.TXT,successful,6123
IPRMBCP.200811241332462.TXT,successful,14
IPSGCBP.200811241332482.TXT,successful,6
IPSGDHP.200811241332492.TXT,successful,10
IPSGDJP.200811241332522.TXT,successful,1
IPSGDJP1.200811241332532.TXT,successful,1
IPSGHSP.200811241332572.TXT,successful,390
IPSGMSP.200811241332582.TXT,successful,9
IPSGMSP1.200811241332592.TXT,successful,10
IPSIGNP.200811241333002.TXT,successful,25
IPSLWAP.200811241333012.TXT,successful,28
IPSTCPP.200811241333042.TXT,successful,1
IPSTDCP.200811241333072.TXT,successful,1806
IPSTWCP.200811241333102.TXT,successful,5055
IPSYCPP.200811241333112.TXT,successful,1
IPTATPP.200811241333122.TXT,successful,205
IPTICAP1.200811241333132.TXT,successful,253
IPWACLP.200811241333152.TXT,successful,24036
IRCBESP.200811241333162.TXT,successful,9
IRCBJNP.200811241333192.TXT,successful,10246
IRCBMSP.200811241333232.TXT,successful,5775
IRDDJNP.200811241333242.TXT,successful,7242
IRDLIXP1.200811241333272.TXT,successful,1051317
IRDLRJP.200811241333302.TXT,successful,526903
IRDMMSP.200811241333312.TXT,successful,3741
IRDPIPP.200811241333392.TXT,successful,6796
IRDPWCP.200811241333452.TXT,successful,1
IRMGSTP.200811241333482.TXT,successful,4751
IRMGSTP2.200811241333492.TXT,successful,4751
IRPDCPP.200811241333512.TXT,successful,6
IRPDCPPO.200811241333562.TXT,successful,6
IRRDCPP.200811241334002.TXT,successful,75
IRRSMSP.200811241334012.TXT,successful,59256
IRRSMSP1.200811241334052.TXT,successful,59256
IRRSMSP2.200811241334092.TXT,successful,55040
IRSHRFP.200811241334102.TXT,successful,4188
IRSPCPP.200811241334232.TXT,successful,75
IRSRCPP.200811241334262.TXT,successful,142
IRSRMJP.200811241334272.TXT,successful,10
IRSTCPP.200811241334312.TXT,successful,411
IRTCCPP.200811241334342.TXT,successful,143
IRTCPPP.200811241334402.TXT,successful,1044
IRTDJNP.200811241334412.TXT,successful,172581
IRTTMSP.200811241334452.TXT,successful,169191
ITABMSP.200811241334462.TXT,successful,62
ITACSLP.200811241334522.TXT,successful,104
ITALDFP.200811241334572.TXT,successful,195
ITALDTP.200811241335072.TXT,successful,23
ITALRSP.200811241335082.TXT,successful,21
ITBINWP.200811241335192.TXT,successful,1
ITCMMSP.200811241335202.TXT,successful,114
ITDCSTP.200811241335302.TXT,successful,9000
ITDCSTP1.200811241335312.TXT,successful,494
ITDCSTP2.200811241335442.TXT,successful,9000
ITINCAP.200811241335452.TXT,successful,4
ITINCSP.200811241335492.TXT,successful,2638
ITINTAP.200811241335572.TXT,successful,1
ITINTWP.200811241335582.TXT,successful,16
ITPRQCP.200811241336012.TXT,successful,99
ITSYCPP.200811241336122.TXT,successful,1
ITTCNAP.200811241336132.TXT,successful,1
LDACMSP1.200811241336142.TXT,successful,238648
LDFDCLP.200811241336222.TXT,successful,1
LDFDESP.200811241336232.TXT,successful,4
LDMSDJP.200811241336342.TXT,successful,4
LDMSDTP.200811241336352.TXT,successful,31
LDSYCLP.200811241336452.TXT,successful,1
LDTMSTP.200811241336462.TXT,successful,1223
LP@3PFP.200811241336592.TXT,successful,30
LP@ACFP.200811241337052.TXT,successful,16
LP@BKJP.200811241337112.TXT,successful,102
LP@CCFP.200811241337172.TXT,successful,97040
LP@CEFP.200811241337232.TXT,successful,1047
LP@CHGP.200811241337332.TXT,successful,580
LP@CHLP.200811241337412.TXT,successful,83
LP@IPHP.200811241337422.TXT,successful,313102
LP@IPJP.200811241337462.TXT,successful,3213
LP@MBRP.200811241337522.TXT,successful,70
LP@OGHP.200811241338052.TXT,successful,380484
LP@OGJP.200811241338512.TXT,successful,4642
LP@OPHP.200811241339422.TXT,successful,510354
LP@OPJP.200811241340112.TXT,successful,5615
LP@PBJP.200811241341242.TXT,successful,176
LSACMCP.200811241341392.TXT,successful,4614
LSACMJP.200811241341562.TXT,successful,4895
LSACMSP.200811241341592.TXT,successful,4614
LSACMWP.200811241342212.TXT,successful,4614
LSARLEP.200811241342222.TXT,successful,14
LSARMEP.200811241342262.TXT,successful,1
LSBSCPP.200811241342362.TXT,successful,107
LSCBPCP.200811241342372.TXT,successful,103845
LSCBPTP.200811241342412.TXT,successful,1507014
LSCHGCP.200811241342492.TXT,successful,20
LSCLPSP.200811241343012.TXT,successful,8
LSCSRQP.200811241343052.TXT,successful,52
LSDLJNP.200811241343122.TXT,successful,13710
LSGFPRPT.200811241343182.TXT,successful,4479
LSGIPRPT.200811241343302.TXT,successful,8958
LSGPRDPT.200811241343382.TXT,successful,4479
LSICSLP.200811241343422.TXT,successful,4691
LSILRJP.200811241343542.TXT,successful,2271
LSILRSP.200811241343582.TXT,successful,4979
LSINACP.200811241344052.TXT,successful,39648
LSINACP9.200811241344092.TXT,successful,660313
LSINSLP.200811241344402.TXT,successful,4691
LSIRBJP.200811241344552.TXT,successful,250
LSIRHFP.200811241345082.TXT,successful,28970
LSLPHSP.200811241345092.TXT,successful,29
LSOIACP.200811241345192.TXT,successful,2944
LSOIACP9.200811241345272.TXT,successful,11381
LSPDCPP.200811241345332.TXT,successful,26
LSPMHSP.200811241345432.TXT,successful,7990
LSPRPJP.200811241345472.TXT,successful,4072
LSRCDHP.200811241345572.TXT,successful,2933
LSRCDTP.200811241345582.TXT,successful,473
LSRHSLP.200811241345592.TXT,successful,67418
LSRHSWP.200811241346092.TXT,successful,3103
LSRPACP.200811241346102.TXT,successful,4872
LSRPJNP.200811241346232.TXT,successful,28441
LSRPSCP.200811241346242.TXT,successful,18
LSRPSLP.200811241346362.TXT,successful,4691
LSSHLCP.200811241346402.TXT,successful,71
LSSHLJP.200811241346412.TXT,successful,5785
LSSMCPP.200811241346492.TXT,successful,4615
LSSPCPP.200811241346522.TXT,successful,77
LSSTMTP.200811241346562.TXT,successful,4614
LSTNJNP.200811241347012.TXT,successful,73636
LSTRJNP.200811241347052.TXT,successful,43593
MGCBAWP.200811241347092.TXT,successful,534
MGCBAWP1.200811241347352.TXT,successful,34
MGCBGCP.200811241347362.TXT,successful,913
MGCBHDP.200811241347482.TXT,successful,47
MGCBMTP.200811241347492.TXT,successful,8
MGCBSNP.200811241348002.TXT,successful,3
MGCBTGP.200811241348012.TXT,successful,601
MKADIDP.200811241348112.TXT,successful,96798
MKASCTP.200811241348142.TXT,successful,7
MKASCTP1.200811241348272.TXT,successful,7
MKAVCZP.200811241348282.TXT,successful,1
MKCMCTP.200811241348362.TXT,successful,7
MKCOCTP.200811241348372.TXT,successful,497
MKCRAIP.200811241348382.TXT,successful,3137045
MKCRCIP.200811241348462.TXT,successful,31541
MKCRDSP.200811241348502.TXT,successful,25
MKCRSAP.200811241349002.TXT,successful,100
MKDCACP.200811241349062.TXT,successful,21239
MKDDACP.200811241349122.TXT,successful,384555
MKDESCP.200811241349292.TXT,successful,562
MKDICTP.200811241349412.TXT,successful,7
MKDMCTP.200811241349522.TXT,successful,18
MKDSCTP.200811241349532.TXT,successful,22
MKELCTP.200811241350062.TXT,successful,7
MKEMCTP.200811241350082.TXT,successful,8
MKGACTP.200811241350182.TXT,successful,35
MKHICTP.200811241350192.TXT,successful,12
MKHOCTP.200811241350202.TXT,successful,7
MKIPCTP.200811241350282.TXT,successful,5
MKJSCTP.200811241350292.TXT,successful,80194
MKLCCTP.200811241350312.TXT,successful,5
MKLCYCP.200811241350322.TXT,successful,2
MKLNCTP.200811241350402.TXT,successful,23
MKLTCTP.200811241350432.TXT,successful,70
MKMCCTP.200811241350452.TXT,successful,676
MKMECTP.200811241350462.TXT,successful,21
MKMGCTP.200811241350522.TXT,successful,6
MKMICTP.200811241350552.TXT,successful,7
MKOCCTP.200811241350562.TXT,successful,17
MKPDCTP.200811241350572.TXT,successful,33
MKPFMHP.200811241351052.TXT,successful,26
MKPICTP.200811241351072.TXT,successful,12
MKRCYCP.200811241351082.TXT,successful,33
MKRICTP.200811241351092.TXT,successful,5
MKRICTP1.200811241351152.TXT,successful,5
MKRICTP2.200811241351162.TXT,successful,5
MKRLCTP.200811241351202.TXT,successful,15
MKROCTP.200811241351212.TXT,successful,15
MKRPCTP.200811241351222.TXT,successful,5
MKSDRKP.200811241351232.TXT,successful,28854
MKSDSTP.200811241351272.TXT,successful,169
MKSYCTP.200811241351282.TXT,successful,1
MKTACTP.200811241351312.TXT,successful,11
MKTCACP.200811241351332.TXT,successful,33588
MKTDACP.200811241351342.TXT,successful,84620
MKTOCTP.200811241351372.TXT,successful,9
MKTRCTP.200811241351382.TXT,successful,4
MKTTCTP.200811241351392.TXT,successful,4
MKUSCTP.200811241351432.TXT,successful,3
MKXTCTP.200811241351492.TXT,successful,14
MKYYMMP.200811241351502.TXT,successful,16
ORADVSP.200811241351512.TXT,successful,19
ORBBCJP.200811241351542.TXT,successful,82
ORBBCPP.200811241351582.TXT,successful,4064
ORBNRFP.200811241351592.TXT,successful,350
ORCBLDP.200811241352002.TXT,successful,39149
ORCHSCP.200811241352042.TXT,successful,18
ORCMGPP.200811241352072.TXT,successful,6
ORCOMSP.200811241352082.TXT,successful,668
ORCQTSP.200811241352112.TXT,successful,1
ORDLJNP.200811241352122.TXT,successful,42451
ORDSMSP.200811241352132.TXT,successful,31260
ORDSMSP1.200811241352172.TXT,successful,31260
ORDSMSP2.200811241352202.TXT,successful,29710
ORDTMSP.200811241352222.TXT,successful,108944
ORFMTSP.200811241352232.TXT,successful,1
ORLVLSP.200811241352312.TXT,successful,142
ORMGSTP.200811241352342.TXT,successful,2801
ORMGSTP2.200811241352352.TXT,successful,2801
ORMSGJP.200811241352372.TXT,successful,664
ORPDCPP.200811241352382.TXT,successful,7
ORPDCPPO.200811241352442.TXT,successful,7
ORRMIPP.200811241352472.TXT,successful,14
ORSAUSP.200811241352482.TXT,successful,3
ORSKJDP.200811241352492.TXT,successful,200
ORSTKJP.200811241352502.TXT,successful,22
ORSTKSP.200811241352522.TXT,successful,179
ORTAUSP.200811241352552.TXT,successful,43
ORTCCPP.200811241352582.TXT,successful,98
ORTCQCP.200811241353002.TXT,successful,541
ORTCQCP1.200811241353012.TXT,successful,7
ORTCQDP.200811241353022.TXT,successful,46
ORTCQTP.200811241353052.TXT,successful,968
PACCARP.200811241353072.TXT,successful,135
PACFGFP.200811241353112.TXT,successful,5
PAMPLGP1.200811241353122.TXT,successful,2180
PBACIDP.200811241353132.TXT,successful,58140
PBACIJP.200811241353142.TXT,successful,217902
PBAVRQP.200811241353182.TXT,successful,864
PBCALLP.200811241353192.TXT,successful,32349
PBCDRLP.200811241353222.TXT,successful,9151
PBCENCP.200811241353242.TXT,successful,1
PBCFCJP.200811241353292.TXT,successful,5910
PBCFCLP.200811241353302.TXT,successful,28948
PBEXRTP.200811241353342.TXT,successful,8
PBINRTP.200811241353352.TXT,successful,9
PHCUSJP.200811241353362.TXT,successful,4
PHFLDPP.200811241353422.TXT,successful,433
PLACMJP.200811241353432.TXT,successful,5197
PLACMSP.200811241353452.TXT,successful,4010
PLAINJP.200811241353462.TXT,successful,1616
PLAINSP.200811241353472.TXT,successful,1189
PLBSCPP.200811241353552.TXT,successful,1036
PLCBPCP.200811241353562.TXT,successful,14284
PLCBPTP.200811241353572.TXT,successful,4010
PLCDSGP.200811241354012.TXT,successful,17
PLCDSJP.200811241354042.TXT,successful,69
PLCMCCP.200811241354072.TXT,successful,12
PLCUDFP.200811241354082.TXT,successful,402
PLCUDJP.200811241354092.TXT,successful,50
PLDLJNP.200811241354102.TXT,successful,3989
PLGSCPP.200811241354112.TXT,successful,1783
PLGSCPP1.200811241354172.TXT,successful,4027
PLGSCPP2.200811241354182.TXT,successful,5754
PLPDCPP.200811241354192.TXT,successful,44
PLSPCPP.200811241354202.TXT,successful,270
PLSTATP.200811241354242.TXT,successful,4010
PLSTATP1.200811241354252.TXT,successful,4010
PLTNJNP.200811241354282.TXT,successful,4680
RPRPDTP.200811241354302.TXT,successful,20
RSMQLCP.200811241354312.TXT,successful,11
RSPAPCP.200811241354322.TXT,successful,1
RSPRCEP.200811241354332.TXT,successful,432
RSSYTLP.200811241354372.TXT,successful,1
RSTCTLP.200811241354382.TXT,successful,1
RXACMJP.200811241354412.TXT,successful,31
RXACMSP.200811241354422.TXT,successful,382
RXADPRP.200811241354432.TXT,successful,9
RXCTHSP.200811241354452.TXT,successful,2210
RXCTLMP.200811241354462.TXT,successful,16
RXCTMSP.200811241354492.TXT,successful,11
RXCTMSPA.200811241354502.TXT,successful,33
RXCTMSPB.200811241354542.TXT,successful,11
RXCYIFP.200811241354552.TXT,successful,33
RXDLJNP.200811241354562.TXT,successful,588
RXEXPLP.200811241354572.TXT,successful,33
RXFMLCP.200811241354582.TXT,successful,15
RXFMLPP.200811241355022.TXT,successful,1
RXFMTPP.200811241355032.TXT,successful,1
RXFTOSP.200811241355062.TXT,successful,5
RXFWDJP.200811241355072.TXT,successful,11
RXGCMSP.200811241355092.TXT,successful,61
RXGCMSP1.200811241355102.TXT,successful,22
RXGCMWP.200811241355112.TXT,successful,22
RXGFPRPT.200811241355142.TXT,successful,16
RXGHALP.200811241355152.TXT,successful,114
RXGHALP0.200811241355172.TXT,successful,114
RXGHALP1.200811241355202.TXT,successful,96
RXGHAUP.200811241355212.TXT,successful,22
RXGHIEP.200811241355222.TXT,successful,246
RXGHIEP0.200811241355232.TXT,successful,246
RXGHIUP.200811241355252.TXT,successful,61
RXGHIUP0.200811241355282.TXT,successful,22
RXGHSTP.200811241355292.TXT,successful,37
RXGIPRPT.200811241355332.TXT,successful,32
RXGPRDPT.200811241355342.TXT,successful,16
RXGTPRPT.200811241355352.TXT,successful,16
RXMREXP.200811241355362.TXT,successful,5
RXPDCPP.200811241355372.TXT,successful,4
RXSENTP.200811241355412.TXT,successful,55
RXSENTP1.200811241355422.TXT,successful,60
RXSENTPA.200811241355452.TXT,successful,120
RXSMCPP.200811241355462.TXT,successful,382
RXSMRCP.200811241355472.TXT,successful,9930
RXSYCLP.200811241355492.TXT,successful,1
SGDBPCP.200811241355502.TXT,successful,1
SGSGDNP.200811241355532.TXT,successful,2973
SGSGUPP.200811241355542.TXT,successful,1208
SGSIGJP.200811241355582.TXT,successful,1226
SGTMSTP.200811241355592.TXT,successful,3261
SGUDPRP.200811241356002.TXT,successful,44
SGUPRQP.200811241356012.TXT,successful,1334
SLPRTLP.200811241356042.TXT,successful,8
SLPRTMP.200811241356112.TXT,successful,152
SMMRCLP.200811241356122.TXT,successful,17
SMSDLSP.200811241356142.TXT,successful,33
SMYMPGP.200811241356152.TXT,successful,10
SS@90WP4.200811241356162.TXT,successful,4648
SS@95WP.200811241356202.TXT,successful,162
SS@ABHP.200811241356222.TXT,successful,9002
SS@BMDP.200811241359052.TXT,successful,24
SS@BMFP.200811241359072.TXT,successful,24
SS@CLHP.200811241402072.TXT,successful,4309
SS@CRGP.200811241403182.TXT,successful,6338
SS@EFJP.200811241404542.TXT,successful,200016
SS@EFTP.200811241404552.TXT,successful,32
SS@ELHP.200811241406202.TXT,successful,48202
SS@ELMP.200811241406212.TXT,successful,40
SS@ELPP.200811241406232.TXT,successful,218
SS@ELRP.200811241406332.TXT,successful,20
SS@ELSP.200811241406342.TXT,successful,245
SS@ELTP.200811241406352.TXT,successful,17097
SS@EMJP.200811241406452.TXT,successful,44
SS@ESJP.200811241407312.TXT,successful,462
SS@FEXP.200811241408092.TXT,successful,1941
SS@HDFP.200811241409592.TXT,successful,7
SS@IDMP.200811241410182.TXT,successful,3201
SS@MXFP.200811241414092.TXT,successful,247055
SS@MXRP.200811241414132.TXT,successful,3636
SS@ODRP.200811241415202.TXT,successful,378
SS@ODTP.200811241415212.TXT,successful,3360
SS@PIJP.200811241416092.TXT,successful,84
SS@PTCP.200811241416332.TXT,successful,40
SS@RDJP.200811241416522.TXT,successful,33865
SS@RHJP.200811241416572.TXT,successful,2729
SS@RSCP.200811241417222.TXT,successful,244
SS@RSDP.200811241417232.TXT,successful,14809
SS@RSHP.200811241417242.TXT,successful,1330
SSABAJP.200811241356212.TXT,successful,71
SSACCPP.200811241356232.TXT,successful,266535
SSACEXP.200811241356242.TXT,successful,15880
SSACEXP2.200811241356282.TXT,successful,1404
SSACEXP3.200811241356292.TXT,successful,21550
SSACINP.200811241356322.TXT,successful,28457
SSACIRP.200811241356332.TXT,successful,676
SSACSTP.200811241356372.TXT,successful,193552
SSACSTP1.200811241356382.TXT,successful,12367
SSACTCP.200811241356392.TXT,successful,34
SSADAYP.200811241356452.TXT,successful,2
SSADCJP.200811241356462.TXT,successful,58
SSADCLP.200811241356472.TXT,successful,12688
SSADD2P.200811241356512.TXT,successful,150363
SSADDHP.200811241356522.TXT,successful,135
SSADDJP.200811241356552.TXT,successful,93086
SSADDJPG.200811241356592.TXT,successful,1
SSADDRP.200811241357002.TXT,successful,154944
SSAECTP.200811241357052.TXT,successful,48
SSAGACP.200811241357072.TXT,successful,2
SSAGARP.200811241357102.TXT,successful,1
SSALBFP.200811241357162.TXT,successful,1603
SSALCFP.200811241357202.TXT,successful,1603
SSALFBP.200811241357212.TXT,successful,329715
SSALGBP1.200811241357272.TXT,successful,13633
SSALGBP3.200811241357302.TXT,successful,11522
SSALGBP7.200811241357362.TXT,successful,14669
SSALHIP.200811241357422.TXT,successful,25415
SSALSFP.200811241357452.TXT,successful,331044
SSALSJP.200811241357512.TXT,successful,1218
SSAPCJP.200811241358052.TXT,successful,1487
SSAPCPP.200811241358162.TXT,successful,207
SSAPTPP.200811241358172.TXT,successful,7
SSARFLP.200811241358252.TXT,successful,276
SSASLJP.200811241358262.TXT,successful,14
SSATTBP.200811241358282.TXT,successful,782
SSATTCP1.200811241358292.TXT,successful,17
SSATTCP2.200811241358372.TXT,successful,9
SSATTCP4.200811241358382.TXT,successful,22
SSATTCP5.200811241358392.TXT,successful,720
SSATTCP6.200811241358402.TXT,successful,2
SSATTCP7.200811241358442.TXT,successful,12
SSAVRPP.200811241358452.TXT,successful,86162
SSBKLJP.200811241358482.TXT,successful,1196
SSBKLJP2.200811241358492.TXT,successful,84
SSBKLJPG.200811241358512.TXT,successful,84
SSBKLSP.200811241358522.TXT,successful,19222
SSBLCFP.200811241358552.TXT,successful,16
SSBLSTP.200811241359012.TXT,successful,276874
SSBRCPP.200811241359082.TXT,successful,93
SSBSACP.200811241359092.TXT,successful,515
SSBSAVP.200811241359152.TXT,successful,515
SSCAIJP.200811241359162.TXT,successful,12
SSCARPP.200811241359172.TXT,successful,5252
SSCBACP.200811241359182.TXT,successful,900
SSCBBHP.200811241359202.TXT,successful,195040
SSCBBKP.200811241359252.TXT,successful,47624
SSCBBKPC.200811241359272.TXT,successful,25575
SSCBBNP.200811241359302.TXT,successful,47642
SSCBBNPC.200811241359492.TXT,successful,25586
SSCBBPP.200811241359512.TXT,successful,242666
SSCBCBP.200811241359542.TXT,successful,152
SSCBCCP.200811241400022.TXT,successful,58324
SSCBCCPC.200811241400062.TXT,successful,30470
SSCBDLP.200811241400192.TXT,successful,4012
SSCBHBP.200811241400202.TXT,successful,1796
SSCBHJP.200811241400312.TXT,successful,1
SSCBKBP.200811241400342.TXT,successful,4
SSCBKUP.200811241400422.TXT,successful,30
SSCBLBP.200811241400462.TXT,successful,2953
SSCBLIP.200811241400542.TXT,successful,43326
SSCBNBP.200811241400572.TXT,successful,4
SSCBNUP.200811241401072.TXT,successful,30
SSCBPCP.200811241401092.TXT,successful,126
SSCBTPP.200811241401192.TXT,successful,271
SSCDTJP.200811241401202.TXT,successful,55
SSCFADP.200811241401212.TXT,successful,4
SSCHCJP.200811241401292.TXT,successful,146
SSCHCLP.200811241401332.TXT,successful,113
SSCHCLP1.200811241401342.TXT,successful,6
SSCHDAP.200811241401422.TXT,successful,116
SSCHDJP.200811241401432.TXT,successful,147
SSCHGCP.200811241401442.TXT,successful,7
SSCHGPP.200811241401452.TXT,successful,5
SSCHPFP.200811241401532.TXT,successful,13
SSCLACP.200811241401552.TXT,successful,76174
SSCLADP.200811241401562.TXT,successful,47
SSCLAJP.200811241401572.TXT,successful,45
SSCLFMP.200811241402052.TXT,successful,25
SSCLMJP.200811241402082.TXT,successful,196819
SSCLMTP.200811241402092.TXT,successful,11608
SSCLSTP.200811241402172.TXT,successful,253898
SSCMFNP.200811241402192.TXT,successful,2
SSCMSRP.200811241402202.TXT,successful,1
SSCPDCP.200811241402262.TXT,successful,12
SSCPFCP.200811241402312.TXT,successful,5512
SSCPFJP.200811241402332.TXT,successful,3588
SSCRADP.200811241402362.TXT,successful,33
SSCRAEP.200811241402442.TXT,successful,425
SSCRAMP.200811241402452.TXT,successful,237092
SSCRASP.200811241402492.TXT,successful,7
SSCRATP.200811241402522.TXT,successful,8
SSCRAYP.200811241402562.TXT,successful,66
SSCRBRP.200811241402592.TXT,successful,94
SSCRCCP.200811241403052.TXT,successful,110
SSCRCDP.200811241403072.TXT,successful,29
SSCRCEP.200811241403082.TXT,successful,536
SSCRCOP.200811241403092.TXT,successful,257
SSCRCTP.200811241403132.TXT,successful,62
SSCRDGP.200811241403162.TXT,successful,94
SSCRDVP.200811241403172.TXT,successful,2
SSCRHSP.200811241403222.TXT,successful,64000
SSCRPGP.200811241403252.TXT,successful,41
SSCRPTP.200811241403262.TXT,successful,58
SSCRRGP.200811241403282.TXT,successful,3
SSCRSCP.200811241403312.TXT,successful,10
SSCRSGP.200811241403372.TXT,successful,40
SSCRSIP.200811241403382.TXT,successful,675
SSCRTCP.200811241403392.TXT,successful,538
SSCRTEP.200811241403402.TXT,successful,823
SSCRTRP.200811241403412.TXT,successful,18241
SSCRTTP.200811241403472.TXT,successful,25
SSCRTYP.200811241403502.TXT,successful,23
SSCRWTP.200811241403522.TXT,successful,2501
SSCUETP.200811241403532.TXT,successful,100708
SSCUSJP.200811241403582.TXT,successful,255785
SSCUSTP.200811241404002.TXT,successful,103299
SSCUWJP.200811241404052.TXT,successful,255804
SSCUWOP.200811241404112.TXT,successful,100708
SSCVFXP.200811241404122.TXT,successful,99
SSCVFXP7.200811241404162.TXT,successful,17
SSCYIFP.200811241404242.TXT,successful,33
SSDATEP.200811241404272.TXT,successful,2
SSDFACP.200811241404292.TXT,successful,99
SSDFUJP.200811241404392.TXT,successful,286
SSDFUUP.200811241404402.TXT,successful,107
SSEDIHP.200811241404412.TXT,successful,17516
SSEDINP.200811241404512.TXT,successful,33923
SSEDTOP.200811241404532.TXT,successful,45
SSEIAJP.200811241404562.TXT,successful,103
SSEIAMP.200811241405062.TXT,successful,935
SSEIAMPB.200811241405082.TXT,successful,952
SSEIAMPZ.200811241405092.TXT,successful,935
SSEIASP.200811241405102.TXT,successful,128320
SSEIASPZ.200811241405182.TXT,successful,128311
SSEICMP.200811241405192.TXT,successful,145682
SSEICMPZ.200811241405212.TXT,successful,145673
SSEIEXP.200811241405422.TXT,successful,29
SSEIEXP8.200811241405522.TXT,successful,29
SSEIMRP.200811241405532.TXT,successful,921
SSEIPCP.200811241405552.TXT,successful,11
SSEIPIP.200811241406052.TXT,successful,23
SSEIRDP.200811241406072.TXT,successful,46
SSEIRIP.200811241406082.TXT,successful,1022
SSEIRJP.200811241406092.TXT,successful,106
SSEISRP.200811241406172.TXT,successful,129227
SSEISRPB.200811241406182.TXT,successful,129267
SSEISRPZ.200811241406192.TXT,successful,129216
SSENQLP.200811241406472.TXT,successful,6220300
SSEPPRP.200811241406522.TXT,successful,29781
SSEPPRP1.200811241406582.TXT,successful,300
SSEPPRP2.200811241407102.TXT,successful,21912
SSEPPRP4.200811241407112.TXT,successful,1064
SSEPPRP5.200811241407122.TXT,successful,4009
SSEPPRP8.200811241407232.TXT,successful,2457
SSEPPRPQ.200811241407242.TXT,successful,39
SSERUSP.200811241407272.TXT,successful,3365
SSESPCP.200811241407322.TXT,successful,2
SSESSCP.200811241407332.TXT,successful,32
SSESSTP.200811241407342.TXT,successful,828
SSESTPP.200811241407352.TXT,successful,6
SSESTTP.200811241407392.TXT,successful,2138
SSEURFP.200811241407422.TXT,successful,9
SSEXMJP.200811241407432.TXT,successful,3689
SSEXMPP.200811241407442.TXT,successful,12759
SSEXMTP.200811241407452.TXT,successful,2124
SSEXPLP.200811241407472.TXT,successful,29
SSEXPLP1.200811241407502.TXT,successful,29
SSEXPSP.200811241407532.TXT,successful,48
SSEXPSP1.200811241407572.TXT,successful,16
SSEXRTP.200811241407582.TXT,successful,10
SSEXTOP.200811241407592.TXT,successful,29
SSFAXRP.200811241408002.TXT,successful,865
SSFAXRP718.200811241408012.TXT,successful,478
SSFBCPP.200811241408052.TXT,successful,1
SSFNMJP.200811241408102.TXT,successful,2559
SSFNRTP.200811241408122.TXT,successful,4069591
SSFPCLP.200811241408132.TXT,successful,278
SSFPCLPPR.200811241408142.TXT,successful,273
SSFRMWP.200811241408172.TXT,successful,120
SSGACCP.200811241408222.TXT,successful,23896
SSGACCP1.200811241408252.TXT,successful,23896
SSGACPP.200811241408262.TXT,successful,68587
SSGBAGP.200811241408302.TXT,successful,7032
SSGBAIP.200811241408382.TXT,successful,319
SSGBCPP.200811241408412.TXT,successful,135985
SSGBCPP1.200811241408422.TXT,successful,102019
SSGBNMP.200811241408482.TXT,successful,5813
SSGBNTP.200811241408492.TXT,successful,179
SSGBPBP.200811241408592.TXT,successful,15330
SSGCCJP.200811241409012.TXT,successful,181
SSGCCTP.200811241409052.TXT,successful,172
SSGHCGP.200811241409142.TXT,successful,110
SSGHCLP.200811241409152.TXT,successful,220
SSGHCUP.200811241409162.TXT,successful,51
SSGMCPP.200811241409172.TXT,successful,2
SSGPBRP.200811241409212.TXT,successful,3
SSGPCLP.200811241409242.TXT,successful,2
SSGPNJP.200811241409252.TXT,successful,44
SSGPNMP.200811241409262.TXT,successful,718
SSGPRJP.200811241409302.TXT,successful,22
SSGPRLP.200811241409332.TXT,successful,1841
SSGSCPP.200811241409352.TXT,successful,18096
SSGSCPP4.200811241409362.TXT,successful,2517
SSGSCPP7.200811241409372.TXT,successful,13636
SSGSCPP8.200811241409432.TXT,successful,1932
SSGSCPPQ.200811241409462.TXT,successful,11
SSGSPDP.200811241409472.TXT,successful,1
SSGTPOP.200811241409532.TXT,successful,179
SSHBODP.200811241409542.TXT,successful,79
SSHCCPP.200811241409552.TXT,successful,4344
SSHDJNP.200811241410002.TXT,successful,7093
SSHDSQP.200811241410052.TXT,successful,21624
SSHOLDP.200811241410072.TXT,successful,952
SSIBRPP.200811241410082.TXT,successful,171
SSICADP.200811241410112.TXT,successful,75405
SSICAJP.200811241410152.TXT,successful,1420699
SSINARP.200811241410192.TXT,successful,207861
SSINARP1.200811241410212.TXT,successful,218955
SSINCIP.200811241410312.TXT,successful,79862
SSINCIP1.200811241411162.TXT,successful,35270
SSINCIP5.200811241411462.TXT,successful,7
SSINCJP.200811241411522.TXT,successful,166407
SSINMJP.200811241411582.TXT,successful,250
SSINRJP.200811241412122.TXT,successful,9710
SSINRTP.200811241412282.TXT,successful,24274
SSIRMDP.200811241412472.TXT,successful,139907
SSIRTRNCNT.200811241412492.TXT,successful,2
SSJAEJP.200811241412592.TXT,successful,1
SSJAEXP.200811241413002.TXT,successful,1
SSLGNJP.200811241413102.TXT,successful,14
SSLGNMP.200811241413112.TXT,successful,199
SSLGRJP.200811241413192.TXT,successful,29
SSLGRLP.200811241413202.TXT,successful,432
SSLIPDP.200811241413222.TXT,successful,23
SSLIPJP.200811241413252.TXT,successful,7
SSLMTRP.200811241413312.TXT,successful,33
SSLMTRPD.200811241413322.TXT,successful,33
SSLOCFP.200811241413332.TXT,successful,26
SSLPDTP.200811241413362.TXT,successful,2
SSLPDTPC.200811241413372.TXT,successful,1
SSLTYPP.200811241413412.TXT,successful,72
SSMCLPP.200811241413422.TXT,successful,354
SSMCLPP1.200811241413482.TXT,successful,354
SSMCLPPM.200811241413492.TXT,successful,354
SSMLCCP.200811241413502.TXT,successful,639
SSMLRCP.200811241413532.TXT,successful,1
SSMLRPP.200811241413552.TXT,successful,311
SSMLTNP.200811241414002.TXT,successful,674
SSMMLJP.200811241414012.TXT,successful,15052
SSMNLPP.200811241414052.TXT,successful,24224
SSMNLPPM.200811241414072.TXT,successful,24224
SSMREXP.200811241414082.TXT,successful,12
SSNAARP.200811241414162.TXT,successful,156
SSNACCTOPN.200811241414192.TXT,successful,14
SSNARAP.200811241414232.TXT,successful,640
SSNARJP.200811241414242.TXT,successful,851
SSNBTDP.200811241414252.TXT,successful,32
SSNICIP.200811241414262.TXT,successful,13207
SSNICJP.200811241414322.TXT,successful,2249
SSNODAP.200811241414352.TXT,successful,7139
SSNODAP1.200811241414362.TXT,successful,209
SSNODAP4.200811241414382.TXT,successful,316
SSNODAP6.200811241414412.TXT,successful,3996
SSNODAP7.200811241414492.TXT,successful,1930
SSNODAP8.200811241414502.TXT,successful,691
SSOCCPP.200811241414512.TXT,successful,154
SSOCPPP.200811241414532.TXT,successful,77
SSODACP.200811241414562.TXT,successful,863
SSODACP1.200811241415002.TXT,successful,40
SSODACP4.200811241415062.TXT,successful,4
SSODACP5.200811241415082.TXT,successful,863
SSODACP6.200811241415092.TXT,successful,296
SSODACP7.200811241415102.TXT,successful,88
SSODACP8.200811241415112.TXT,successful,442
SSODCUP.200811241415172.TXT,successful,138
SSOPACP.200811241415232.TXT,successful,141190
SSOPCMP.200811241415242.TXT,successful,6
SSOPCPP.200811241415272.TXT,successful,1
SSORTRNCNT.200811241415312.TXT,successful,3
SSOUQQP.200811241415322.TXT,successful,695
SSPCUSP.200811241415332.TXT,successful,56016
SSPDTPP.200811241415362.TXT,successful,925
SSPFCLP.200811241415402.TXT,successful,38
SSPFMWP.200811241415442.TXT,successful,2411
SSPFPCP.200811241415452.TXT,successful,86
SSPFPCP1.200811241415492.TXT,successful,86
SSPFPTP.200811241415522.TXT,successful,590
SSPFRJP.200811241415532.TXT,successful,8781
SSPFTBP.200811241415572.TXT,successful,254
SSPFTJP.200811241415582.TXT,successful,18
SSPFULP.200811241416012.TXT,successful,264
SSPIDSP.200811241416052.TXT,successful,4
SSPIRCP.200811241416102.TXT,successful,5
SSPKAJP.200811241416112.TXT,successful,457862
SSPKCMP.200811241416122.TXT,successful,179366
SSPKEVP.200811241416162.TXT,successful,76
SSPNICP.200811241416192.TXT,successful,5945
SSPRJIP.200811241416202.TXT,successful,4241
SSPRJJP.200811241416262.TXT,successful,252
SSPRTAP.200811241416322.TXT,successful,138
SSPTYCP.200811241416392.TXT,successful,399
SSPTYHP.200811241416402.TXT,successful,10
SSPTYTP.200811241416442.TXT,successful,6256
SSRCAPP2.200811241416452.TXT,successful,8
SSRCUJP.200811241416502.TXT,successful,6
SSREXPP.200811241416552.TXT,successful,43
SSRFLSP.200811241416562.TXT,successful,13
SSRLNNP.200811241417032.TXT,successful,11726
SSRLNNP1.200811241417072.TXT,successful,11726
SSRLNPP1.200811241417082.TXT,successful,10917
SSRMSTP.200811241417092.TXT,successful,2516
SSRMSTP1.200811241417102.TXT,successful,6038
SSRPSDP.200811241417182.TXT,successful,6238
SSRPSTP.200811241417192.TXT,successful,19307
SSRPSTPQ.200811241417202.TXT,successful,20160
SSRUDCP.200811241417302.TXT,successful,31363
SSSCCIP.200811241417332.TXT,successful,1028
SSSCCJP.200811241417342.TXT,successful,141
SSSCRJP.200811241417352.TXT,successful,182
SSSCRLP.200811241417362.TXT,successful,161
SSSDCPP.200811241417382.TXT,successful,561
SSSECHP.200811241417412.TXT,successful,29933
SSSECHP2.200811241417442.TXT,successful,29933
SSSECJP.200811241417462.TXT,successful,7239
SSSFATP.200811241417472.TXT,successful,77
SSSLMTP.200811241417482.TXT,successful,3898
SSSMANP.200811241417492.TXT,successful,260
SSSMBCP.200811241417572.TXT,successful,136
SSSMCJP.200811241417582.TXT,successful,1
SSSMCLP.200811241418002.TXT,successful,2
SSSTDPP.200811241418052.TXT,successful,52231
SSSTMRP.200811241418072.TXT,successful,16761
SSSTTCP.200811241418082.TXT,successful,171528
SSSTTCP1.200811241418092.TXT,successful,171528
SSSTTCP2.200811241418102.TXT,successful,235916
SSSTTPP.200811241418202.TXT,successful,2317384
SSTCGSP.200811241418222.TXT,successful,8
SSTFNPP.200811241418232.TXT,successful,14449
SSTIAVP.200811241418242.TXT,successful,1510
SSTICAPQ.200811241418322.TXT,successful,1
SSTIRTP.200811241418352.TXT,successful,157
SSTLFCP.200811241418372.TXT,successful,93
SSTNJNP.200811241418452.TXT,successful,87916
SSTNSTP.200811241418462.TXT,successful,634541
SSTNSTP1.200811241418472.TXT,successful,650613
SSTREUP.200811241419142.TXT,successful,10
SSTREUP2.200811241419272.TXT,successful,2
SSTREXP.200811241419322.TXT,successful,6820
SSTREXP2.200811241419362.TXT,successful,6618
SSTXCPP.200811241419372.TXT,successful,1684
SSTXTHP.200811241419492.TXT,successful,1512
SSUBSTP.200811241420022.TXT,successful,989
SSUCMTP.200811241420052.TXT,successful,10185
SSULMCP.200811241420072.TXT,successful,2
SSUODEP2.200811241420082.TXT,successful,533
SSUSDLP.200811241420142.TXT,successful,51
SSUSERP.200811241420182.TXT,successful,3684
SSUSRJP.200811241420192.TXT,successful,654
SSVCHPP.200811241420202.TXT,successful,7907
SSVCRPP.200811241420262.TXT,successful,502
SSVSKDP.200811241420312.TXT,successful,13325
SSVSKHP.200811241420332.TXT,successful,1029
SSWCCFP.200811241420342.TXT,successful,86712
SSWCMSP.200811241420372.TXT,successful,272
SSWCSVP.200811241420432.TXT,successful,86713
SSWTTCP.200811241420472.TXT,successful,49
SSXBCFP.200811241420502.TXT,successful,86
SSXBCFP1.200811241420582.TXT,successful,86
SSXBTTP.200811241421022.TXT,successful,878
TCACRJP.200811241421102.TXT,successful,19
TCACRSP.200811241421132.TXT,successful,2
TCCFCPP.200811241421212.TXT,successful,1
TCCHGCP.200811241421252.TXT,successful,6
TCINCPP.200811241421262.TXT,successful,2
TCPMHSP.200811241421322.TXT,successful,41889
TCSPCPP.200811241421372.TXT,successful,6
TDACADP.200811241421392.TXT,successful,215
TDACMHP.200811241421492.TXT,successful,129514
TDACMJP.200811241421502.TXT,successful,2758
TDACMSP.200811241421532.TXT,successful,39197
TDAMIJP.200811241422052.TXT,successful,13546
TDBSCPP.200811241422252.TXT,successful,181
TDCBPCP.200811241422372.TXT,successful,6461
TDCBPTP.200811241422502.TXT,successful,39176
TDCSRQP.200811241423052.TXT,successful,705
TDEALJP.200811241423112.TXT,successful,40401
TDMSGJP.200811241423172.TXT,successful,437
TDPDCPP.200811241423292.TXT,successful,20
TDPIRCP.200811241423422.TXT,successful,23
TDPIRJP.200811241423542.TXT,successful,70
TDSPCPP.200811241424052.TXT,successful,81
TDTRNJP.200811241424152.TXT,successful,54497
TMDLIST.200811241424342.TXT,successful,105
TNCRBPP.200811241424452.TXT,successful,1114
TNCRBPP1.200811241424552.TXT,successful,1
TTIRATP.200811241424562.TXT,successful,26
TTLDPDP.200811241425062.TXT,successful,997
TTPDCTP.200811241425092.TXT,successful,146
ZUCAMSP1.200811241425102.TXT,successful,7
