   BEGIN DSRECORD
      Identifier "V1S1"
      DateModified "1899-12-30"
      TimeModified "00.00.01"
      OLEType "CCustomStage"
      Readonly "0"
      Name "output"
      NextID "2"
      InputPins "V1S1P1"
      StageType "PxSequentialFile"
      NLSMapName "GBK"
      AllowColumnMapping "0"
      Properties "CCustomProperty"
      BEGIN DSSUBRECORD
         Name "charset"
         Value "GBK"
      END DSSUBRECORD
      MetaBag "CMetaProperty"
      BEGIN DSSUBRECORD
         Owner "APT"
         Name "Execmode"
      END DSSUBRECORD
      BEGIN DSSUBRECORD
         Owner "APT"
         Name "Preserve"
      END DSSUBRECORD
      BEGIN DSSUBRECORD
         Owner "APT"
         Name "Constraint"
      END DSSUBRECORD
   END DSRECORD
