CKHDLSP
DBLDPDP
DBSTDPP
DGDHDDP
DGDLQUP
DGERRFP
DGEVJWP
DGIPLTP
DGIPPTP
DGIPPTP1
DGNMLNP
DGPDMPP
EXCCRYP
FEFWBTP2
FO046WP
FO054WP1
FO054WP2
FO056AWP
FO056AWP1
FO056AWP9
FO056BWP
FO056BWP1
FO056BWP9
FO056WP
FO056WP1
FO058AWP
FO058BWP
FO059WP
FO061WP
FO061WP1
FO061WP2
FO064WP
FO065WP
FO066WP
FO074WP
FO078WP
FO079WP
FO081WP
FO081WP0
FO081WP1
FO081WP2
FO081WP9
FO082WP
FO082WP0
FO082WP1
FO082WP2
FO082WP9
FO084WP0
FOERATP1
FOERATP2
FOERATP3
FOERATP4
FOERATP5
FOERATP6
FOEXCTP
FOFFMUP
FOFFREP
FOFFREPX
FOFFREPY
FOFFRUP
FOFTPDP
FOFTPLP
FOFUDEP
FOFUDEPX
FOFUDEPY
FOFUDUP
FOFUREP
FOFUREPX
FOFUREPY
FOFURUP
FOFXDUP
FOFXMUP
FOFXRUP
FOIFDEP
FOIFDEPX
FOIFDEPY
FOIFDIP
FOIFDUP
FOIFREP
FOIFREPX
FOIFREPY
FOIFRIP
FOIFRUP
FOMMDUP
FOMMMUP
FOMMRUP
FOMSGJP
FONETUP
FORCCTP
FORCCTP1
FORCEXP
FORCFXP
FORCMMP
FOREXFP
FOREXMP
FOREXNP
FORFMUP
FORFREP
FORFREPX
FORFREPY
FORFRUP
FOSFCTP
FOSJLSP
FOSODCP
FOTWDLP
STTCPJP3
TT533BWP1
TT533BWP1Y
TT533BWP2
TT533BWP2Y
TT536WP1
TTCPIGP
TTRVDSP
TTRVPCP
