AESCTLP
AESDTLP
CILFDDP
CISWTDP
CKCPBWP
CKCPDWP
CKCPEWP
CKCPEXP
CKCPLWP
CKCPOWP
CKCPSWP
CKGLFDP
CKGLFDPD
CKGLFDPY
CKGLFOP
CKOVLMP
CKSBLMP
CKSCRCP
DBALGPP
DEDLDIP
DGEPRQP
DGSWSCP
ETPDGWP
ETXLOGP
FESMDLP
FESMEUP
FESMEUP1
MMLDDRP
MMLDEUP
MMNMBTP
MMSWBTP
MMSWLDP
MMSWSBP
MMSWSHP
MMZCBTP
MPEFWDP
MPMMCPP
MPMNMCP
MPMSWPP
MPMZCPP
MPSWSCP
MRBLOTP
MRBLOTPE
MRBULDP
MRBULDPE
MRBULEP
MRDALDP
MRDALDPE
SECPSIP
SEDLSIP
TTLDPDP
TTLDPDP1
AC418WP
AC418WP2
AC419WP
AC419WP2
ACRACEP
CE620WP
CKSTATP
CKSTATPM
CKSTATPT
CKSTATPY
DEDLDHP
DEDLSHP
ETPDGWPY
EXBLOTPN
FEFWBTPN
FOREQ2P
FOREQ7P
FOREQCP
IE@TNTDP
MMMTMVP
MPESPHP
MPESPJPM
MPMNMHP
MPSWSHP
SEDSIHP
STCCPSP
STPCPSP
TT529WP
TTAFCEP
TTERAHP
TTGADEP
TTGADEP1
TTGSIDP1
TTLDPDPY
APRTLNP
GLTRSTP
HTALSFP
IETRSTP
SSBHPAP
SSCBBPP
SSHLDYP
SSMSFPP
SSRLNNP1
SSRLNPP1
