dpr_orc_prd3 AC418GP
dpr_orc_prd3 AC419GP
dpr_orc_prd3 ACACMAP
dpr_orc_prd3 ACACMHP
dpr_orc_prd3 ACACMJP
dpr_orc_prd3 ACACTAP
dpr_orc_prd3 ACACTGP
dpr_orc_prd3 ACACTGP#1
dpr_orc_prd3 ACCMALP
dpr_orc_prd3 ACCMMAP
dpr_orc_prd3 ACCMMHP
dpr_orc_prd3 ACCMMJP
dpr_orc_prd3 ACDDJ1P
dpr_orc_prd3 ACDDJ1P1
dpr_orc_prd3 ACDDJ2P
dpr_orc_prd3 ACDDJ2P1
dpr_orc_prd3 ACDDSPP
dpr_orc_prd3 ACDDSRP
dpr_orc_prd3 ACDFSTP
dpr_orc_prd3 ACGLJ1P
dpr_orc_prd3 ACGLJ1P1
dpr_orc_prd3 ACGLJ2P
dpr_orc_prd3 ACGLJ2P1
dpr_orc_prd3 ACIEJ1P
dpr_orc_prd3 ACIEJ1P1
dpr_orc_prd3 ACIEJ2P
dpr_orc_prd3 ACIEJ2P1
dpr_orc_prd3 ACJBSTP
dpr_orc_prd3 ACONAEP
dpr_orc_prd3 ACONCTP
dpr_orc_prd3 ACONCWP
dpr_orc_prd3 ACONDTP
dpr_orc_prd3 ACONDWP
dpr_orc_prd3 ACONJTP
dpr_orc_prd3 ACPCMAP
dpr_orc_prd3 ACPCMHP
dpr_orc_prd3 ACPCMJP
dpr_orc_prd3 ACPCTRP
dpr_orc_prd3 ACPDMAP
dpr_orc_prd3 ACPDMHP
dpr_orc_prd3 ACPDMJP
dpr_orc_prd3 ACPDRDP
dpr_orc_prd3 ACPDRGP
dpr_orc_prd3 ACPDRGP#1
dpr_orc_prd3 ACRACEP0
dpr_orc_prd3 ACRACEP1
dpr_orc_prd3 ACRACEP2
dpr_orc_prd3 ACRACEP3
dpr_orc_prd3 ACRACEP4
dpr_orc_prd3 ACRACEP5
dpr_orc_prd3 ACRACEP6
dpr_orc_prd3 ACRACEP7
dpr_orc_prd3 ACRACEP8
dpr_orc_prd3 ACRACEP9
dpr_orc_prd3 ACSAIMP
dpr_orc_prd3 ACXCTJP
dpr_orc_prd3 ACXCTJP1
dpr_orc_prd3 ACXCTJP9
dpr_orc_prd3 AE205WP
dpr_orc_prd3 AE362WP
dpr_orc_prd3 AE365WP
dpr_orc_prd3 AE401WP
dpr_orc_prd3 AEAMTDP
dpr_orc_prd3 AEEXBRP
dpr_orc_prd3 AEEXSTP
dpr_orc_prd3 AESATRP
dpr_orc_prd3 AESLCGP
dpr_orc_prd3 AESQLPP
dpr_orc_prd3 AESQLWP
dpr_orc_prd3 AESTBKP
dpr_orc_prd3 AESTEXP
dpr_orc_prd3 AESTGCP
dpr_orc_prd3 AESTYMP
dpr_orc_prd3 AEXCTAP
dpr_orc_prd3 AEXCTHP
dpr_orc_prd3 AEXCTJP
dpr_orc_prd3 AEXCTPP
dpr_orc_prd3 AM@LAFP6
dpr_orc_prd3 AM@LAFP7
dpr_orc_prd3 AMLMPMNMCP
dpr_orc_prd3 AMLMPMZCPP
dpr_orc_prd3 APRTCLP
dpr_orc_prd3 APRTCLP1
dpr_orc_prd3 APRTCLPC
dpr_orc_prd3 APRTTPP
dpr_orc_prd3 BR301WP
dpr_orc_prd3 BR304WP
dpr_orc_prd3 BR405WP
dpr_orc_prd3 BR414WP
dpr_orc_prd3 BR415WP
dpr_orc_prd3 BRAGMAP
dpr_orc_prd3 BRAGMHP
dpr_orc_prd3 BRAGMJP
dpr_orc_prd3 BRBKAGP
dpr_orc_prd3 BRBKBAP
dpr_orc_prd3 BRBKDGP
dpr_orc_prd3 BRBKDPP
dpr_orc_prd3 BRBKHSP
dpr_orc_prd3 BRBKHSP9
dpr_orc_prd3 BRBKPDP
dpr_orc_prd3 BRBKREP
dpr_orc_prd3 BRBKRPP
dpr_orc_prd3 BRBKRTP
dpr_orc_prd3 BRBKSTP
dpr_orc_prd3 BRBKTBP
dpr_orc_prd3 BRBRCPP
dpr_orc_prd3 BRCTMAP
dpr_orc_prd3 BRCTMHP
dpr_orc_prd3 BRCTMJP
dpr_orc_prd3 BRDGMAP
dpr_orc_prd3 BRDGMHP
dpr_orc_prd3 BRDGMJP
dpr_orc_prd3 BRFUCTP
dpr_orc_prd3 BRFUEQP
dpr_orc_prd3 BRFUEQP1
dpr_orc_prd3 BRGVUPP
dpr_orc_prd3 BRPDMAP
dpr_orc_prd3 BRPDMHP
dpr_orc_prd3 BRPDMJP
dpr_orc_prd3 BRREMAP
dpr_orc_prd3 BRREMHP
dpr_orc_prd3 BRREMJP
dpr_orc_prd3 BRRPMAP
dpr_orc_prd3 BRRPMHP
dpr_orc_prd3 BRRPMJP
dpr_orc_prd3 BRRTMAP
dpr_orc_prd3 BRRTMHP
dpr_orc_prd3 BRRTMJP
dpr_orc_prd3 BRSTPHP
dpr_orc_prd3 BRSYPMP
dpr_orc_prd3 BRTBMAP
dpr_orc_prd3 BRTBMHP
dpr_orc_prd3 BRTBMJP
dpr_orc_prd3 BRXACJP
dpr_orc_prd3 BRXCTJP
dpr_orc_prd3 CBEXTTP
dpr_orc_prd3 CBPDTMP
dpr_orc_prd3 CE601WP
dpr_orc_prd3 CE603WP
dpr_orc_prd3 CE621WP
dpr_orc_prd3 CE622WP
dpr_orc_prd3 CE623WP
dpr_orc_prd3 CE624WP
dpr_orc_prd3 CE630WP
dpr_orc_prd3 CE650WP
dpr_orc_prd3 CE660WP
dpr_orc_prd3 CE661WP
dpr_orc_prd3 CE662WP
dpr_orc_prd3 CE663WP
dpr_orc_prd3 CECRRCP
dpr_orc_prd3 CECRRHP
dpr_orc_prd3 CECRRIP
dpr_orc_prd3 CECRRVP
dpr_orc_prd3 CECRSCP
dpr_orc_prd3 CECRSHP
dpr_orc_prd3 CECRSIP
dpr_orc_prd3 CECRSVP
dpr_orc_prd3 CEILDCP
dpr_orc_prd3 CEILDHP
dpr_orc_prd3 CEILDIP
dpr_orc_prd3 CEILDVP
dpr_orc_prd3 CEIRMCP
dpr_orc_prd3 CEIRMHP
dpr_orc_prd3 CEIRMIP
dpr_orc_prd3 CEIRMVP
dpr_orc_prd3 CEIRPCP
dpr_orc_prd3 CEIRPHP
dpr_orc_prd3 CEIRPIP
dpr_orc_prd3 CEIRPVP
dpr_orc_prd3 CEPXCLP
dpr_orc_prd3 CEPXCRP
dpr_orc_prd3 CESIRCP
dpr_orc_prd3 CESIRHP
dpr_orc_prd3 CESIRIP
dpr_orc_prd3 CESIRVP
dpr_orc_prd3 CF015WP
dpr_orc_prd3 CFBLOTP
dpr_orc_prd3 CFCFTJP
dpr_orc_prd3 CFCFTJP1
dpr_orc_prd3 CFCFTJP2
dpr_orc_prd3 CFCFTJP4
dpr_orc_prd3 CFCFTJP5
dpr_orc_prd3 CFCFTJP6
dpr_orc_prd3 CFCFTJP7
dpr_orc_prd3 CFCLSDP
dpr_orc_prd3 CFCLSWP
dpr_orc_prd3 CFLADDP
dpr_orc_prd3 CFLADDP1
dpr_orc_prd3 CFLADDP2
dpr_orc_prd3 CFNCTAP
dpr_orc_prd3 CFNCTHP
dpr_orc_prd3 CFNCTJP
dpr_orc_prd3 CFNOSCP
dpr_orc_prd3 CFONRDP
dpr_orc_prd3 CFTDJLP
dpr_orc_prd3 CFTDPSP
dpr_orc_prd3 CI114WP
dpr_orc_prd3 CI302WP
dpr_orc_prd3 CI306WP
dpr_orc_prd3 CI410WP
dpr_orc_prd3 CI411WP
dpr_orc_prd3 CIBLOTP1
dpr_orc_prd3 CICFDFP
dpr_orc_prd3 CICFDLP
dpr_orc_prd3 CICFIDP
dpr_orc_prd3 CICMSFP
dpr_orc_prd3 CICPDLP
dpr_orc_prd3 CIDLCIP
dpr_orc_prd3 CIFLOPP
dpr_orc_prd3 CIFXCLP
dpr_orc_prd3 CIFXDHP
dpr_orc_prd3 CIFXDLP
dpr_orc_prd3 CIFXDLPH
dpr_orc_prd3 CIFXHHP
dpr_orc_prd3 CIFXHRP
dpr_orc_prd3 CIFXHRPH
dpr_orc_prd3 CIFXHSP
dpr_orc_prd3 CIFXHSPH
dpr_orc_prd3 CIFXMRP
dpr_orc_prd3 CIFXRHP
dpr_orc_prd3 CIFXSFP
dpr_orc_prd3 CIFXSFPH
dpr_orc_prd3 CIFXSHP
dpr_orc_prd3 CIFXTTP
dpr_orc_prd3 CILFDCP
dpr_orc_prd3 CILFDCP1
dpr_orc_prd3 CILFDDP1
dpr_orc_prd3 CILFPOP
dpr_orc_prd3 CILTRCP
dpr_orc_prd3 CILTRDP
dpr_orc_prd3 CIP101
dpr_orc_prd3 CIPINCP2
dpr_orc_prd3 CIRINCP
dpr_orc_prd3 CIRPTGP
dpr_orc_prd3 CIRPTGP1
dpr_orc_prd3 CISFRTP
dpr_orc_prd3 CISSWPP
dpr_orc_prd3 CISWAPP
dpr_orc_prd3 CISWCLP
dpr_orc_prd3 CISWTCP
dpr_orc_prd3 CISWTCP1
dpr_orc_prd3 CISZNIP
dpr_orc_prd3 CITXLTP
dpr_orc_prd3 CIXACJP
dpr_orc_prd3 CIZCNIP
dpr_orc_prd3 CK245WP
dpr_orc_prd3 CK343WP
dpr_orc_prd3 CK351WP
dpr_orc_prd3 CK351WP1
dpr_orc_prd3 CK351WP2
dpr_orc_prd3 CK351WP3
dpr_orc_prd3 CK352WP
dpr_orc_prd3 CK353WP
dpr_orc_prd3 CK354WP
dpr_orc_prd3 CK354WP2
dpr_orc_prd3 CK355WP
dpr_orc_prd3 CK356WP
dpr_orc_prd3 CK356WP2
dpr_orc_prd3 CK358WP1
dpr_orc_prd3 CK358WP2
dpr_orc_prd3 CK359WP
dpr_orc_prd3 CK359WP1
dpr_orc_prd3 CK360WP
dpr_orc_prd3 CK365WP
dpr_orc_prd3 CK365WP1
dpr_orc_prd3 CK366WP
dpr_orc_prd3 CK367WP
dpr_orc_prd3 CK368WP
dpr_orc_prd3 CK380WP
dpr_orc_prd3 CK381WP
dpr_orc_prd3 CK382WP
dpr_orc_prd3 CK383WP
dpr_orc_prd3 CK407WP
dpr_orc_prd3 CK408WP
dpr_orc_prd3 CK413WP
dpr_orc_prd3 CK418WP
dpr_orc_prd3 CK424WP
dpr_orc_prd3 CK425WP
dpr_orc_prd3 CK753WP
dpr_orc_prd3 CKBLOTP
dpr_orc_prd3 CKBLOTP1
dpr_orc_prd3 CKBLOTP2
dpr_orc_prd3 CKBLOTP3
dpr_orc_prd3 CKBLOTP5
dpr_orc_prd3 CKBLOTP6
dpr_orc_prd3 CKBLOTP9
dpr_orc_prd3 CKBLOTPW
dpr_orc_prd3 CKBSKTP
dpr_orc_prd3 CKCDAJPY
dpr_orc_prd3 CKCDAUP
dpr_orc_prd3 CKCMTMP
dpr_orc_prd3 CKCPAGP
dpr_orc_prd3 CKCPCWP
dpr_orc_prd3 CKCPIWP
dpr_orc_prd3 CKCPTDP
dpr_orc_prd3 CKCRAJP
dpr_orc_prd3 CKCRAJP1
dpr_orc_prd3 CKCRAJPY
dpr_orc_prd3 CKCRBTP
dpr_orc_prd3 CKCRCAP
dpr_orc_prd3 CKCRCHP
dpr_orc_prd3 CKCRCJP
dpr_orc_prd3 CKCRCPP
dpr_orc_prd3 CKCRMJP
dpr_orc_prd3 CKCRMOP
dpr_orc_prd3 CKCRSBP
dpr_orc_prd3 CKCRTJP
dpr_orc_prd3 CKCWMAP
dpr_orc_prd3 CKCWMHP
dpr_orc_prd3 CKCWMJP
dpr_orc_prd3 CKCWTBP
dpr_orc_prd3 CKCYWTP
dpr_orc_prd3 CKDLAJPY
dpr_orc_prd3 CKDSLDP
dpr_orc_prd3 CKDSNCP
dpr_orc_prd3 CKEXCPP
dpr_orc_prd3 CKEXCPP1
dpr_orc_prd3 CKEXCPPT
dpr_orc_prd3 CKEXCPPY
dpr_orc_prd3 CKEXPAP
dpr_orc_prd3 CKEXPDP
dpr_orc_prd3 CKEXPHP
dpr_orc_prd3 CKEXPJP
dpr_orc_prd3 CKEXPLP
dpr_orc_prd3 CKEXPLPY
dpr_orc_prd3 CKFECLP
dpr_orc_prd3 CKFESCP
dpr_orc_prd3 CKFEXJP
dpr_orc_prd3 CKFEXJPT
dpr_orc_prd3 CKGHCLP
dpr_orc_prd3 CKGLALP
dpr_orc_prd3 CKGLECP
dpr_orc_prd3 CKGLEDP
dpr_orc_prd3 CKGLEXP
dpr_orc_prd3 CKGLFBP
dpr_orc_prd3 CKGLFBPD
dpr_orc_prd3 CKGLFBPN
dpr_orc_prd3 CKGLFBPY
dpr_orc_prd3 CKGLFDPN
dpr_orc_prd3 CKGLFOPD
dpr_orc_prd3 CKGLFSP
dpr_orc_prd3 CKGLFSPD
dpr_orc_prd3 CKGLFSPN
dpr_orc_prd3 CKGLFSPY
dpr_orc_prd3 CKGLHCP
dpr_orc_prd3 CKGLHDP
dpr_orc_prd3 CKGLICP
dpr_orc_prd3 CKGLIDP
dpr_orc_prd3 CKGLKCP
dpr_orc_prd3 CKGLKDP
dpr_orc_prd3 CKGLMAP
dpr_orc_prd3 CKGLMCP
dpr_orc_prd3 CKGLMDP
dpr_orc_prd3 CKGLNCP
dpr_orc_prd3 CKGLNDP
dpr_orc_prd3 CKGLOCP
dpr_orc_prd3 CKGLODP
dpr_orc_prd3 CKGLOGP
dpr_orc_prd3 CKGLTCP
dpr_orc_prd3 CKGLTDP
dpr_orc_prd3 CKGLUCP
dpr_orc_prd3 CKGLUDP
dpr_orc_prd3 CKGLXPP
dpr_orc_prd3 CKGRLMP
dpr_orc_prd3 CKGRMAP
dpr_orc_prd3 CKGRMHP
dpr_orc_prd3 CKGRMJP
dpr_orc_prd3 CKGSTDP
dpr_orc_prd3 CKGSTLP
dpr_orc_prd3 CKINFCP
dpr_orc_prd3 CKIRACP
dpr_orc_prd3 CKIRDCP
dpr_orc_prd3 CKIRECP
dpr_orc_prd3 CKIRFJP
dpr_orc_prd3 CKIRGCP
dpr_orc_prd3 CKIRHCP
dpr_orc_prd3 CKIRSJP
dpr_orc_prd3 CKIRSPP
dpr_orc_prd3 CKLMCGP
dpr_orc_prd3 CKLMMAP
dpr_orc_prd3 CKLMMHP
dpr_orc_prd3 CKLMMJP
dpr_orc_prd3 CKMAAGP
dpr_orc_prd3 CKMADAP
dpr_orc_prd3 CKMADHP
dpr_orc_prd3 CKMADJP
dpr_orc_prd3 CKMADLP
dpr_orc_prd3 CKMAHAP
dpr_orc_prd3 CKMAHDP
dpr_orc_prd3 CKMAHHP
dpr_orc_prd3 CKMAHJP
dpr_orc_prd3 CKMPDGP
dpr_orc_prd3 CKNACPP
dpr_orc_prd3 CKNHAAP
dpr_orc_prd3 CKOVMAP
dpr_orc_prd3 CKOVMHP
dpr_orc_prd3 CKOVMJP
dpr_orc_prd3 CKRNCJP
dpr_orc_prd3 CKRSCLP
dpr_orc_prd3 CKSBMAP
dpr_orc_prd3 CKSBMHP
dpr_orc_prd3 CKSBMJP
dpr_orc_prd3 CKSBMJP2
dpr_orc_prd3 CKSCENP
dpr_orc_prd3 CKSCMAP
dpr_orc_prd3 CKSCMHP
dpr_orc_prd3 CKSPHDP
dpr_orc_prd3 CKSPMAP
dpr_orc_prd3 CKSPMHP
dpr_orc_prd3 CKSPMJP
dpr_orc_prd3 CKSSDJP
dpr_orc_prd3 CKSTCKP
dpr_orc_prd3 CKXCTJP
dpr_orc_prd3 CKXCTJP1
dpr_orc_prd3 CKXCTJP2
dpr_orc_prd3 CKXCTJP4
dpr_orc_prd3 CKXCTJP5
dpr_orc_prd3 CKXCTJP6
dpr_orc_prd3 CKXCTJP7
dpr_orc_prd3 CNERATP
dpr_orc_prd3 CNEXBLP
dpr_orc_prd3 CNFDDTWP
dpr_orc_prd3 CNFDDTWPE
dpr_orc_prd3 CNFDSTWP
dpr_orc_prd3 CNFEFWP
dpr_orc_prd3 CNFPRCP
dpr_orc_prd3 CNFTCTP
dpr_orc_prd3 CNFTSTP
dpr_orc_prd3 CNFUEXP
dpr_orc_prd3 CNFUTCP
dpr_orc_prd3 CNIDBTP
dpr_orc_prd3 CNIDCTP
dpr_orc_prd3 CNIRATP
dpr_orc_prd3 CNLDPDP
dpr_orc_prd3 CNMM456WP
dpr_orc_prd3 CNOPEXP
dpr_orc_prd3 CNOPRCP
dpr_orc_prd3 CNOPTCP
dpr_orc_prd3 CNOWTRP
dpr_orc_prd3 CNREMKP
dpr_orc_prd3 CNRPSQP
dpr_orc_prd3 CNSDCPP
dpr_orc_prd3 CNSRATP
dpr_orc_prd3 CNSSSDP1
dpr_orc_prd3 CNSSSDP2
dpr_orc_prd3 CNSTDPP
dpr_orc_prd3 CNTT01WP
dpr_orc_prd3 CNTT05P
dpr_orc_prd3 CNTT05P1
dpr_orc_prd3 CNTT05P402
dpr_orc_prd3 CNTT533WP
dpr_orc_prd3 CNTT533WP1
dpr_orc_prd3 CNTTCYP
dpr_orc_prd3 CNTTPQP
dpr_orc_prd3 CNTTPQP402
dpr_orc_prd3 CNTTSPP
dpr_orc_prd3 CNTTTRP
dpr_orc_prd3 CNTTTVP
dpr_orc_prd3 CNYDCVP
dpr_orc_prd3 CTAXCTP
dpr_orc_prd3 CTAXCTP1
dpr_orc_prd3 CTCBRHP
dpr_orc_prd3 CTCBRJP
dpr_orc_prd3 CTCBRLP
dpr_orc_prd3 CTCBRWP
dpr_orc_prd3 CTCRHAP
dpr_orc_prd3 CTCRHHP
dpr_orc_prd3 CTDBLHP
dpr_orc_prd3 CTDHCTP
dpr_orc_prd3 CTDIAHP
dpr_orc_prd3 CTDIRHP
dpr_orc_prd3 CTDIRLP
dpr_orc_prd3 CTXACJP
dpr_orc_prd3 DB360MP1
dpr_orc_prd3 DB360MP2
dpr_orc_prd3 DB360MP3
dpr_orc_prd3 DB360MP4
dpr_orc_prd3 DB360ZP1
dpr_orc_prd3 DB360ZP2
dpr_orc_prd3 DB360ZP3
dpr_orc_prd3 DB360ZP4
dpr_orc_prd3 DB404WP
dpr_orc_prd3 DB418WP
dpr_orc_prd3 DB419WP
dpr_orc_prd3 DBACSTP
dpr_orc_prd3 DBALDWP
dpr_orc_prd3 DBALDWP1
dpr_orc_prd3 DBALDWPH
dpr_orc_prd3 DBALGLP
dpr_orc_prd3 DBALGMP
dpr_orc_prd3 DBALGMPH
dpr_orc_prd3 DBALGWP
dpr_orc_prd3 DBALGWPH
dpr_orc_prd3 DBCKLMP
dpr_orc_prd3 DBCKLWP
dpr_orc_prd3 DBCOLAP
dpr_orc_prd3 DBCOLWP
dpr_orc_prd3 DBCPIPP
dpr_orc_prd3 DBCSSTP
dpr_orc_prd3 DBDLSTP
dpr_orc_prd3 DBDLSWP
dpr_orc_prd3 DBDMCPP
dpr_orc_prd3 DBDMDPP
dpr_orc_prd3 DBEXBRP
dpr_orc_prd3 DBEXMGP
dpr_orc_prd3 DBEXSTP
dpr_orc_prd3 DBHCRLP
dpr_orc_prd3 DBICEWP
dpr_orc_prd3 DBICEXP
dpr_orc_prd3 DBLMSTP
dpr_orc_prd3 DBNIMAP
dpr_orc_prd3 DBNMSTP
dpr_orc_prd3 DBNMSTPOLD
dpr_orc_prd3 DBNZSTP
dpr_orc_prd3 DBNZSTPOLD
dpr_orc_prd3 DBPCTRP
dpr_orc_prd3 DBPDCTP
dpr_orc_prd3 DBSPTMP
dpr_orc_prd3 DDDAMEP
dpr_orc_prd3 DDPDCPP
dpr_orc_prd3 DDPPJNP
dpr_orc_prd3 DDPPJSP
dpr_orc_prd3 DDPPJZP
dpr_orc_prd3 DE070WP
dpr_orc_prd3 DE074WP
dpr_orc_prd3 DE074WP1
dpr_orc_prd3 DE074WP2
dpr_orc_prd3 DE088WP
dpr_orc_prd3 DE090WP
dpr_orc_prd3 DE302WP
dpr_orc_prd3 DE304WP1
dpr_orc_prd3 DE304WP2
dpr_orc_prd3 DE305WP
dpr_orc_prd3 DE306WP
dpr_orc_prd3 DE308WP
dpr_orc_prd3 DE309WP
dpr_orc_prd3 DE310WP
dpr_orc_prd3 DE311WP
dpr_orc_prd3 DE403WP
dpr_orc_prd3 DE404WP
dpr_orc_prd3 DEACTJP
dpr_orc_prd3 DEAPFFP
dpr_orc_prd3 DEBSCFP
dpr_orc_prd3 DECAMFP
dpr_orc_prd3 DECAMJP
dpr_orc_prd3 DECDIFP
dpr_orc_prd3 DECDIJP
dpr_orc_prd3 DECMPFP
dpr_orc_prd3 DECPMFP
dpr_orc_prd3 DECSDIP
dpr_orc_prd3 DECSDJP
dpr_orc_prd3 DEDDMAP
dpr_orc_prd3 DEDDMHP
dpr_orc_prd3 DEDDMJP
dpr_orc_prd3 DEDFDVP
dpr_orc_prd3 DEDIMAP
dpr_orc_prd3 DEDIMHP
dpr_orc_prd3 DEDIMJP
dpr_orc_prd3 DEDLBFP
dpr_orc_prd3 DEDLBHP
dpr_orc_prd3 DEDLSIP
dpr_orc_prd3 DEDSAGP
dpr_orc_prd3 DEDSIPP
dpr_orc_prd3 DEDVCTP
dpr_orc_prd3 DEDVTJP
dpr_orc_prd3 DEEUCFP
dpr_orc_prd3 DEEXERP
dpr_orc_prd3 DEFMTFP
dpr_orc_prd3 DEFTCRP
dpr_orc_prd3 DEFTFRP
dpr_orc_prd3 DEFTIFP
dpr_orc_prd3 DEFTIRP
dpr_orc_prd3 DEFTPIP
dpr_orc_prd3 DEFTPOP
dpr_orc_prd3 DEFTPRP
dpr_orc_prd3 DEFTSEP
dpr_orc_prd3 DEHOPRP
dpr_orc_prd3 DEINPFP
dpr_orc_prd3 DEISOFP
dpr_orc_prd3 DELBAFP
dpr_orc_prd3 DELBDFP
dpr_orc_prd3 DELBPFP
dpr_orc_prd3 DEMFTPP
dpr_orc_prd3 DEMSESP
dpr_orc_prd3 DEOMCHP
dpr_orc_prd3 DEOMCJP
dpr_orc_prd3 DEOMSCP
dpr_orc_prd3 DEOMSCP1
dpr_orc_prd3 DEOMSFP
dpr_orc_prd3 DEOMSHP
dpr_orc_prd3 DEOMSJP
dpr_orc_prd3 DEOSDIP
dpr_orc_prd3 DEOSDJP
dpr_orc_prd3 DEPRTFP
dpr_orc_prd3 DEQENTP
dpr_orc_prd3 DEQEVP
dpr_orc_prd3 DEQREP
dpr_orc_prd3 DESCMFP
dpr_orc_prd3 DESESFP
dpr_orc_prd3 DESTPFP
dpr_orc_prd3 DESTPHP
dpr_orc_prd3 DETBCP
dpr_orc_prd3 DEULBFP
dpr_orc_prd3 DGDHDCP
dpr_orc_prd3 DGDHDSP
dpr_orc_prd3 DGEPTXP1
dpr_orc_prd3 DGIPDTP
dpr_orc_prd3 DGIPECP
dpr_orc_prd3 DGIPTFP
dpr_orc_prd3 DGMAPIP
dpr_orc_prd3 DGMAPTP
dpr_orc_prd3 DGSDMAP
dpr_orc_prd3 DGSDMHP
dpr_orc_prd3 DGSDMJP
dpr_orc_prd3 DGSSYAP
dpr_orc_prd3 DGSSYCP
dpr_orc_prd3 DGSSYSP
dpr_orc_prd3 DI170WP
dpr_orc_prd3 DI252WP
dpr_orc_prd3 DI452WP
dpr_orc_prd3 DI701WP
dpr_orc_prd3 DI709WP
dpr_orc_prd3 DI711WP
dpr_orc_prd3 DI711WP1
dpr_orc_prd3 DI718WP
dpr_orc_prd3 DI718WP1
dpr_orc_prd3 DI752WP
dpr_orc_prd3 DI802WP1
dpr_orc_prd3 DI802WP2
dpr_orc_prd3 DI803WP
dpr_orc_prd3 DI803WP9
dpr_orc_prd3 DI804WP
dpr_orc_prd3 DI804WP9
dpr_orc_prd3 DIHSCFP
dpr_orc_prd3 DIHSCFP1
dpr_orc_prd3 DIHSCIP
dpr_orc_prd3 DIHSDIP
dpr_orc_prd3 DIHSDLP
dpr_orc_prd3 DIHSLGP
dpr_orc_prd3 DIHSLIP
dpr_orc_prd3 DIHSPDP
dpr_orc_prd3 DIHSPIP
dpr_orc_prd3 DIHSPMP
dpr_orc_prd3 DIMCACP
dpr_orc_prd3 DIMNZCP
dpr_orc_prd3 DIMSTLP
dpr_orc_prd3 DINMRSP
dpr_orc_prd3 DINZLNP
dpr_orc_prd3 DINZRSP
dpr_orc_prd3 DIREUJP
dpr_orc_prd3 DIRMDNP
dpr_orc_prd3 DIRNI2P
dpr_orc_prd3 DIRNI2PH
dpr_orc_prd3 DIRNIJP
dpr_orc_prd3 DIRSMTP
dpr_orc_prd3 DIRXRFP
dpr_orc_prd3 DITRFJP
dpr_orc_prd3 DITRFJPH
dpr_orc_prd3 EPSYCPP
dpr_orc_prd3 ET003WP
dpr_orc_prd3 ET401W0001
dpr_orc_prd3 ET401WP
dpr_orc_prd3 ET401WP1
dpr_orc_prd3 ET401WP1Z
dpr_orc_prd3 ET402W0001
dpr_orc_prd3 ET402WP
dpr_orc_prd3 ET402WP1
dpr_orc_prd3 ET402WP1Z
dpr_orc_prd3 ET403W0001
dpr_orc_prd3 ET403WP
dpr_orc_prd3 ET403WP1
dpr_orc_prd3 ET403WP1Z
dpr_orc_prd3 ET404AWP
dpr_orc_prd3 ET404BWP
dpr_orc_prd3 ET404CWP
dpr_orc_prd3 ET404DWP
dpr_orc_prd3 ET404W0001
dpr_orc_prd3 ET404WP1
dpr_orc_prd3 ET404WP1Z
dpr_orc_prd3 ET405AWP
dpr_orc_prd3 ET405BWP
dpr_orc_prd3 ET405CWP
dpr_orc_prd3 ET405DWP
dpr_orc_prd3 ET405EWP
dpr_orc_prd3 ET406W0001
dpr_orc_prd3 ET406WP
dpr_orc_prd3 ET406WP1
dpr_orc_prd3 ET406WP1Z
dpr_orc_prd3 ET408W0001
dpr_orc_prd3 ET408WP
dpr_orc_prd3 ET408WP1
dpr_orc_prd3 ET408WP1Z
dpr_orc_prd3 ET409W0001
dpr_orc_prd3 ET409WP
dpr_orc_prd3 ET409WP1
dpr_orc_prd3 ET409WP1Z
dpr_orc_prd3 ET411W0001
dpr_orc_prd3 ET411WP
dpr_orc_prd3 ET411WP1
dpr_orc_prd3 ET411WP1Z
dpr_orc_prd3 ET411X0001
dpr_orc_prd3 ET411XP
dpr_orc_prd3 ET411XP1
dpr_orc_prd3 ET411XP1Z
dpr_orc_prd3 ET417W0001
dpr_orc_prd3 ET417WP
dpr_orc_prd3 ET417WP1
dpr_orc_prd3 ET417WP1Z
dpr_orc_prd3 ET418W0001
dpr_orc_prd3 ET418WP
dpr_orc_prd3 ET418WP1
dpr_orc_prd3 ET418WP1Z
dpr_orc_prd3 ET419W0001
dpr_orc_prd3 ET419WP
dpr_orc_prd3 ET419WP1
dpr_orc_prd3 ET419WP1Z
dpr_orc_prd3 ETBSKTP
dpr_orc_prd3 ETBSKTPY
dpr_orc_prd3 ETCPIPP
dpr_orc_prd3 ETCPIPPY
dpr_orc_prd3 ETCPSIP
dpr_orc_prd3 ETCPSIPY
dpr_orc_prd3 ETCRATP
dpr_orc_prd3 ETDEALP
dpr_orc_prd3 ETDEALPY
dpr_orc_prd3 ETDLTBP
dpr_orc_prd3 ETDLTBPY
dpr_orc_prd3 ETDSLMP
dpr_orc_prd3 ETDSLMPY
dpr_orc_prd3 ETDSLUP
dpr_orc_prd3 ETDSLUPY
dpr_orc_prd3 ETERATP
dpr_orc_prd3 ETERATPY
dpr_orc_prd3 ETFTPLP
dpr_orc_prd3 ETFXALP
dpr_orc_prd3 ETFXALPY
dpr_orc_prd3 ETFXEJP
dpr_orc_prd3 ETFXEJP9
dpr_orc_prd3 ETFXEMP
dpr_orc_prd3 ETHLDCP
dpr_orc_prd3 ETLDPDP
dpr_orc_prd3 ETLDPDPY
dpr_orc_prd3 ETMMKFP
dpr_orc_prd3 ETMMKFPY
dpr_orc_prd3 ETOVLMP
dpr_orc_prd3 ETOVLMPY
dpr_orc_prd3 ETOVLUP
dpr_orc_prd3 ETOVLUPY
dpr_orc_prd3 ETSBLMP
dpr_orc_prd3 ETSBLMPY
dpr_orc_prd3 ETSBLUP
dpr_orc_prd3 ETSBLUPY
dpr_orc_prd3 ETSPHDP
dpr_orc_prd3 ETSPHDPY
dpr_orc_prd3 ETSUPDP
dpr_orc_prd3 ETSUPDPY
dpr_orc_prd3 ETTENRP
dpr_orc_prd3 ETTENRPY
dpr_orc_prd3 ETXDFPP
dpr_orc_prd3 ETXHDRP
dpr_orc_prd3 ETXSTSP
dpr_orc_prd3 EX203WP
dpr_orc_prd3 EX203WP2
dpr_orc_prd3 EX304WP
dpr_orc_prd3 EX403WP
dpr_orc_prd3 EX407WP
dpr_orc_prd3 EX408WP
dpr_orc_prd3 EX503WP
dpr_orc_prd3 EXBLOTP
dpr_orc_prd3 EXBLOTP1
dpr_orc_prd3 EXBLOTP2
dpr_orc_prd3 EXBLOTP3
dpr_orc_prd3 EXBLOTP4
dpr_orc_prd3 EXBLOTP5
dpr_orc_prd3 EXBLOTP6
dpr_orc_prd3 EXBLOTP9
dpr_orc_prd3 EXBLTWP
dpr_orc_prd3 EXDLMAP
dpr_orc_prd3 EXDLMHP
dpr_orc_prd3 EXDLMJP
dpr_orc_prd3 EXDLTBP
dpr_orc_prd3 EXDLTBP0
dpr_orc_prd3 EXDLTBP1
dpr_orc_prd3 EXDLTBP2
dpr_orc_prd3 EXMTMSP
dpr_orc_prd3 EXMTMVP
dpr_orc_prd3 EXPLDLP
dpr_orc_prd3 EXRDYBP
dpr_orc_prd3 EXRDYPP
dpr_orc_prd3 EXRMBTP
dpr_orc_prd3 EXRMBTP1
dpr_orc_prd3 EXRMDTP
dpr_orc_prd3 EXRMPLP
dpr_orc_prd3 EXRMRYP
dpr_orc_prd3 EXSLADP
dpr_orc_prd3 EXXCTJP
dpr_orc_prd3 EXXCTJP1
dpr_orc_prd3 FE005WP
dpr_orc_prd3 FE005WP1
dpr_orc_prd3 FE008WP
dpr_orc_prd3 FE504WP
dpr_orc_prd3 FEFBTWP
dpr_orc_prd3 FEFWBTP
dpr_orc_prd3 FEFWBTP1
dpr_orc_prd3 FEFWBTPT
dpr_orc_prd3 FEFWBTPY
dpr_orc_prd3 FEFWBTQ1
dpr_orc_prd3 FEFWDLP
dpr_orc_prd3 FEFWEUP
dpr_orc_prd3 FEFWEUP1
dpr_orc_prd3 FEFWTJP
dpr_orc_prd3 FEFWTJP1
dpr_orc_prd3 FO042WP
dpr_orc_prd3 FOEPTXP
dpr_orc_prd3 FOERATP
dpr_orc_prd3 FOFDRQP
dpr_orc_prd3 FOFPRCP
dpr_orc_prd3 FOFPRUP
dpr_orc_prd3 FOFWDLP
dpr_orc_prd3 FOHDLSP
dpr_orc_prd3 FOIPTXP
dpr_orc_prd3 FOIRATP
dpr_orc_prd3 FOREQ1P
dpr_orc_prd3 FOREQ3P
dpr_orc_prd3 FOREQ4P
dpr_orc_prd3 FOREQ5P
dpr_orc_prd3 FOREQ5P1
dpr_orc_prd3 FOREQ6P
dpr_orc_prd3 FOREQ8P
dpr_orc_prd3 FOREQ9P
dpr_orc_prd3 FOREQAP
dpr_orc_prd3 FOREQDP
dpr_orc_prd3 FOREQEP
dpr_orc_prd3 FOREQFP
dpr_orc_prd3 FOREQGP
dpr_orc_prd3 FOREQHP
dpr_orc_prd3 FOREQIP
dpr_orc_prd3 FOREQKP
dpr_orc_prd3 FOREQLP
dpr_orc_prd3 FOREQMP
dpr_orc_prd3 FOREQNP
dpr_orc_prd3 FOREQOP
dpr_orc_prd3 FOREQPP
dpr_orc_prd3 FOREQQP
dpr_orc_prd3 FORMPLP
dpr_orc_prd3 FORMSGP
dpr_orc_prd3 FOSPDLP
dpr_orc_prd3 FOSRATP
dpr_orc_prd3 FOTCSTP
dpr_orc_prd3 FU408WP
dpr_orc_prd3 FU409WP
dpr_orc_prd3 FUCOLLP
dpr_orc_prd3 FUEXCHP
dpr_orc_prd3 FUEXMAP
dpr_orc_prd3 FUEXMHP
dpr_orc_prd3 FUEXMJP
dpr_orc_prd3 FUFCMAP
dpr_orc_prd3 FUFCMHP
dpr_orc_prd3 FUFCMJP
dpr_orc_prd3 FUFEMAP
dpr_orc_prd3 FUFEMHP
dpr_orc_prd3 FUFEMJP
dpr_orc_prd3 FUFLMAP
dpr_orc_prd3 FUFLMHP
dpr_orc_prd3 FUFLMJP
dpr_orc_prd3 FUFUBTP
dpr_orc_prd3 FUFUBTPM
dpr_orc_prd3 FUFUBTPN
dpr_orc_prd3 FUFUEXP
dpr_orc_prd3 FUFUEXPT
dpr_orc_prd3 FUFUEXPY
dpr_orc_prd3 FUFULMP
dpr_orc_prd3 FUFULQP
dpr_orc_prd3 FUFUTCP
dpr_orc_prd3 FUFUTJP
dpr_orc_prd3 FUGLMAP
dpr_orc_prd3 FUGLMHP
dpr_orc_prd3 FUGLMJP
dpr_orc_prd3 FUGPLMP
dpr_orc_prd3 FUISMAP
dpr_orc_prd3 FUISMHP
dpr_orc_prd3 FUISMJP
dpr_orc_prd3 FUISPRP
dpr_orc_prd3 FULADDP
dpr_orc_prd3 FUOCMAP
dpr_orc_prd3 FUOCMHP
dpr_orc_prd3 FUOCMJP
dpr_orc_prd3 FUOEMAP
dpr_orc_prd3 FUOEMHP
dpr_orc_prd3 FUOEMJP
dpr_orc_prd3 FUOPBTP
dpr_orc_prd3 FUOPBTPM
dpr_orc_prd3 FUOPEXP
dpr_orc_prd3 FUOPLQP
dpr_orc_prd3 FUOPTCP
dpr_orc_prd3 FUOPTJP
dpr_orc_prd3 FUPARMP
dpr_orc_prd3 FUPARMP1
dpr_orc_prd3 FUPMMAP
dpr_orc_prd3 FUPMMHP
dpr_orc_prd3 FUPMMJP
dpr_orc_prd3 FUSETJP
dpr_orc_prd3 FUSETMP
dpr_orc_prd3 FX@TTSFP
dpr_orc_prd3 GI002WP
dpr_orc_prd3 GI012WP
dpr_orc_prd3 GIFXCNP
dpr_orc_prd3 GIFXCNP1
dpr_orc_prd3 GITMDPP
dpr_orc_prd3 GITMDPP1
dpr_orc_prd3 GLPPJNP
dpr_orc_prd3 GLPPJSP
dpr_orc_prd3 GLPPJZP
dpr_orc_prd3 GLTNARP1
dpr_orc_prd3 GLTRSTP1
dpr_orc_prd3 GLTRSTPM
dpr_orc_prd3 GRTR1WP
dpr_orc_prd3 GRTR2WP
dpr_orc_prd3 GSBRDFP
dpr_orc_prd3 GSCASHP
dpr_orc_prd3 GSCPGMP
dpr_orc_prd3 GSCPGNP
dpr_orc_prd3 GSCSHMP
dpr_orc_prd3 GSCSHWP
dpr_orc_prd3 GSETPAP
dpr_orc_prd3 GSSTTLP
dpr_orc_prd3 GSSTTMP
dpr_orc_prd3 GSSTTWP
dpr_orc_prd3 HTBCHCP
dpr_orc_prd3 HTBCHCP1
dpr_orc_prd3 HTBCHCP2
dpr_orc_prd3 HTBCHCP5
dpr_orc_prd3 HTBCHCP9
dpr_orc_prd3 HTBDTCP
dpr_orc_prd3 HTCBBJP
dpr_orc_prd3 HTHCKJP
dpr_orc_prd3 HTSKIPP
dpr_orc_prd3 HTTSLMP
dpr_orc_prd3 HXREQ1P
dpr_orc_prd3 HXREQ2P
dpr_orc_prd3 IECHACP
dpr_orc_prd3 IENPDIP
dpr_orc_prd3 IEPPJNP
dpr_orc_prd3 IEPPJSP
dpr_orc_prd3 IEPPJZP
dpr_orc_prd3 IEPRDIP
dpr_orc_prd3 IETNARP1
dpr_orc_prd3 IF003WP
dpr_orc_prd3 IFEVJLP
dpr_orc_prd3 IFEVJLP1
dpr_orc_prd3 IFEVPCP
dpr_orc_prd3 IK407WP
dpr_orc_prd3 IKIREBP
dpr_orc_prd3 IKIRELP
dpr_orc_prd3 IKIRELP1
dpr_orc_prd3 IKIRLTP
dpr_orc_prd3 IKIRTJP
dpr_orc_prd3 IKIRTJP1
dpr_orc_prd3 IKLTMAP
dpr_orc_prd3 IKLTMHP
dpr_orc_prd3 IKLTMJP
dpr_orc_prd3 IKPCMAP
dpr_orc_prd3 IKPCMHP
dpr_orc_prd3 IKPCMJP
dpr_orc_prd3 IKPSCYP
dpr_orc_prd3 IKRPTWP
dpr_orc_prd3 IPSYCPP
dpr_orc_prd3 IS409WP
dpr_orc_prd3 IS410WP
dpr_orc_prd3 IS411WP
dpr_orc_prd3 IS414WP1
dpr_orc_prd3 IS414WP2
dpr_orc_prd3 IS414WP3
dpr_orc_prd3 IS414WP4
dpr_orc_prd3 IS414WP5
dpr_orc_prd3 IS414WP6
dpr_orc_prd3 IS415WP
dpr_orc_prd3 IS416WP
dpr_orc_prd3 IS417WP
dpr_orc_prd3 IS418WP
dpr_orc_prd3 IS418WP1
dpr_orc_prd3 IS418WP2
dpr_orc_prd3 IS418WP3
dpr_orc_prd3 IS419WP
dpr_orc_prd3 IS420WP
dpr_orc_prd3 IS421WP
dpr_orc_prd3 IS421WP1
dpr_orc_prd3 ISCPSAP
dpr_orc_prd3 ISCPSCP
dpr_orc_prd3 ISCPSHP
dpr_orc_prd3 ISCPSIP
dpr_orc_prd3 ISCPSJP
dpr_orc_prd3 ISNBFRP
dpr_orc_prd3 ISNMMAP
dpr_orc_prd3 ISNMMHP
dpr_orc_prd3 ISNMMIP
dpr_orc_prd3 ISNMMJP
dpr_orc_prd3 ISNMMSP
dpr_orc_prd3 ISNMMSPH
dpr_orc_prd3 ISNMMSPT
dpr_orc_prd3 ISNMMSPX
dpr_orc_prd3 ISNMMSPY
dpr_orc_prd3 ISNMPAP
dpr_orc_prd3 ISNMPCP
dpr_orc_prd3 ISNMPCPH
dpr_orc_prd3 ISNMPHP
dpr_orc_prd3 ISNMPJP
dpr_orc_prd3 ISNMPTP
dpr_orc_prd3 ISNMSAP
dpr_orc_prd3 ISNMSDP
dpr_orc_prd3 ISNMSDPY
dpr_orc_prd3 ISNMSHP
dpr_orc_prd3 ISNMSIP
dpr_orc_prd3 ISNMSJP
dpr_orc_prd3 ISNMSTP
dpr_orc_prd3 ISNZMSP
dpr_orc_prd3 ISNZMSPH
dpr_orc_prd3 ISNZPCP
dpr_orc_prd3 ISNZPCPH
dpr_orc_prd3 ISNZPJP
dpr_orc_prd3 ISNZSDP
dpr_orc_prd3 ISNZSTP
dpr_orc_prd3 ISPCLGP
dpr_orc_prd3 MM051WP
dpr_orc_prd3 MM056WP
dpr_orc_prd3 MM056WP1
dpr_orc_prd3 MM066WP
dpr_orc_prd3 MM408WP1
dpr_orc_prd3 MM430WP
dpr_orc_prd3 MM436WP
dpr_orc_prd3 MM446WP
dpr_orc_prd3 MM450RP
dpr_orc_prd3 MM457WP
dpr_orc_prd3 MM461WP
dpr_orc_prd3 MM469WP
dpr_orc_prd3 MM470WP
dpr_orc_prd3 MM472WP
dpr_orc_prd3 MM474WP
dpr_orc_prd3 MM475WP
dpr_orc_prd3 MM476WP
dpr_orc_prd3 MM478WP
dpr_orc_prd3 MM481WP
dpr_orc_prd3 MM484WP
dpr_orc_prd3 MM485WP
dpr_orc_prd3 MM487WP
dpr_orc_prd3 MM488WP
dpr_orc_prd3 MM488WP2
dpr_orc_prd3 MM490WP1
dpr_orc_prd3 MM490WP2
dpr_orc_prd3 MM490WP3
dpr_orc_prd3 MM491WP
dpr_orc_prd3 MM491WP1
dpr_orc_prd3 MM494WP1
dpr_orc_prd3 MM494WP2
dpr_orc_prd3 MMBDEAP
dpr_orc_prd3 MMBDEHP
dpr_orc_prd3 MMBDEJP
dpr_orc_prd3 MMBDPMP
dpr_orc_prd3 MMBNFBP
dpr_orc_prd3 MMBNFJP
dpr_orc_prd3 MMCABTP
dpr_orc_prd3 MMCABTP1
dpr_orc_prd3 MMCABTPY
dpr_orc_prd3 MMCATJP
dpr_orc_prd3 MMCODFP
dpr_orc_prd3 MMDLPSP
dpr_orc_prd3 MMDLPSP1
dpr_orc_prd3 MMDPMAP
dpr_orc_prd3 MMDPMHP
dpr_orc_prd3 MMDPMJP
dpr_orc_prd3 MMFCTDP
dpr_orc_prd3 MMFEEUP
dpr_orc_prd3 MMFELDP
dpr_orc_prd3 MMFRBTP
dpr_orc_prd3 MMFRBTPN
dpr_orc_prd3 MMFRBTPY
dpr_orc_prd3 MMFRMAP
dpr_orc_prd3 MMFRMHP
dpr_orc_prd3 MMFRMJP
dpr_orc_prd3 MMFRRTP
dpr_orc_prd3 MMFRRTPT
dpr_orc_prd3 MMFRRTPX
dpr_orc_prd3 MMFRRTPY
dpr_orc_prd3 MMFRTJP
dpr_orc_prd3 MMGSMAP
dpr_orc_prd3 MMGSMHP
dpr_orc_prd3 MMGSMJP
dpr_orc_prd3 MMGSPDP
dpr_orc_prd3 MMGSPDPT
dpr_orc_prd3 MMGSPDPY
dpr_orc_prd3 MMLDDRP1
dpr_orc_prd3 MMLDEUP1
dpr_orc_prd3 MMMADFP
dpr_orc_prd3 MMMADJP
dpr_orc_prd3 MMMCHAP
dpr_orc_prd3 MMMCHHP
dpr_orc_prd3 MMMCHJP
dpr_orc_prd3 MMMCHSP
dpr_orc_prd3 MMMTMSP
dpr_orc_prd3 MMNMASP
dpr_orc_prd3 MMNMASP_1
dpr_orc_prd3 MMNMASP_2
dpr_orc_prd3 MMNMASPM
dpr_orc_prd3 MMNMBTP1
dpr_orc_prd3 MMNMBTP_1
dpr_orc_prd3 MMNMBTP_2
dpr_orc_prd3 MMNMBTPH
dpr_orc_prd3 MMNMBTPL
dpr_orc_prd3 MMNMBTPM
dpr_orc_prd3 MMNMEPP
dpr_orc_prd3 MMNMHAP
dpr_orc_prd3 MMNMHHP
dpr_orc_prd3 MMNMHJP
dpr_orc_prd3 MMNMHSP
dpr_orc_prd3 MMNMLNP
dpr_orc_prd3 MMNMLNP1
dpr_orc_prd3 MMNMLNP_1
dpr_orc_prd3 MMNMLNP_2
dpr_orc_prd3 MMNMLNP_BK
dpr_orc_prd3 MMNMLNPH
dpr_orc_prd3 MMNMLNPM
dpr_orc_prd3 MMNMLNPN
dpr_orc_prd3 MMNMPBP
dpr_orc_prd3 MMNMPBPY
dpr_orc_prd3 MMNMRAP
dpr_orc_prd3 MMNMRHP
dpr_orc_prd3 MMNMRJP
dpr_orc_prd3 MMNMRTP
dpr_orc_prd3 MMNMRTPT
dpr_orc_prd3 MMNMRTPX
dpr_orc_prd3 MMNMRTPY
dpr_orc_prd3 MMNMTJP
dpr_orc_prd3 MMNMZEP
dpr_orc_prd3 MMNRMAP
dpr_orc_prd3 MMNRMHP
dpr_orc_prd3 MMNRMJP
dpr_orc_prd3 MMNSECP
dpr_orc_prd3 MMNZASP
dpr_orc_prd3 MMNZASPM
dpr_orc_prd3 MMNZBTP
dpr_orc_prd3 MMNZBTP1
dpr_orc_prd3 MMNZBTPH
dpr_orc_prd3 MMNZBTPL
dpr_orc_prd3 MMNZBTPM
dpr_orc_prd3 MMNZBTPN
dpr_orc_prd3 MMNZHAP
dpr_orc_prd3 MMNZHHP
dpr_orc_prd3 MMNZHJP
dpr_orc_prd3 MMNZHSP
dpr_orc_prd3 MMNZHWP
dpr_orc_prd3 MMNZLNP
dpr_orc_prd3 MMNZLNP1
dpr_orc_prd3 MMNZLNP2
dpr_orc_prd3 MMNZLNPH
dpr_orc_prd3 MMNZLNPM
dpr_orc_prd3 MMNZLNPN
dpr_orc_prd3 MMNZLNPY
dpr_orc_prd3 MMNZRTP
dpr_orc_prd3 MMNZRTPT
dpr_orc_prd3 MMNZRTPY
dpr_orc_prd3 MMNZTJP
dpr_orc_prd3 MMPCMPP
dpr_orc_prd3 MMPOSMP
dpr_orc_prd3 MMPOSMPM
dpr_orc_prd3 MMPOSZP
dpr_orc_prd3 MMPOSZPM
dpr_orc_prd3 MMRESCP
dpr_orc_prd3 MMSCPOP
dpr_orc_prd3 MMSCTFP
dpr_orc_prd3 MMSDEUP
dpr_orc_prd3 MMSETJP
dpr_orc_prd3 MMSETMP
dpr_orc_prd3 MMSKPNP
dpr_orc_prd3 MMSLEUP
dpr_orc_prd3 MMSLMAP
dpr_orc_prd3 MMSLMHP
dpr_orc_prd3 MMSLMJP
dpr_orc_prd3 MMSOHAP
dpr_orc_prd3 MMSOHHP
dpr_orc_prd3 MMSOHJP
dpr_orc_prd3 MMSOHPP
dpr_orc_prd3 MMSSMAP
dpr_orc_prd3 MMSSMHP
dpr_orc_prd3 MMSSMJP
dpr_orc_prd3 MMSSPDP
dpr_orc_prd3 MMSSPDPT
dpr_orc_prd3 MMSSPDPY
dpr_orc_prd3 MMSTFBP
dpr_orc_prd3 MMSTFJP
dpr_orc_prd3 MMSWBTP1
dpr_orc_prd3 MMSWBTP2
dpr_orc_prd3 MMSWBTPL
dpr_orc_prd3 MMSWBTPM
dpr_orc_prd3 MMSWBTPP1
dpr_orc_prd3 MMSWBTPP2
dpr_orc_prd3 MMSWBTPP3
dpr_orc_prd3 MMSWBTPP4
dpr_orc_prd3 MMSWBTPP5
dpr_orc_prd3 MMSWBTPP6
dpr_orc_prd3 MMSWDLP
dpr_orc_prd3 MMSWLMP
dpr_orc_prd3 MMSWTJP
dpr_orc_prd3 MMTDMPP
dpr_orc_prd3 MMTDRLP
dpr_orc_prd3 MMTDRPP
dpr_orc_prd3 MMYCMAP
dpr_orc_prd3 MMYCMHP
dpr_orc_prd3 MMYCMJP
dpr_orc_prd3 MMYDCVP
dpr_orc_prd3 MMYDCVP3
dpr_orc_prd3 MMYDCVPT
dpr_orc_prd3 MMYDCVPY
dpr_orc_prd3 MMZCBTPM
dpr_orc_prd3 MMZCTJP
dpr_orc_prd3 MP271WP
dpr_orc_prd3 MP272WP
dpr_orc_prd3 MP274WP
dpr_orc_prd3 MP275WP
dpr_orc_prd3 MP339WP
dpr_orc_prd3 MP446WP
dpr_orc_prd3 MP446WPA
dpr_orc_prd3 MP450WP
dpr_orc_prd3 MP451WP
dpr_orc_prd3 MP456WP
dpr_orc_prd3 MP469WP
dpr_orc_prd3 MP470WP
dpr_orc_prd3 MP471WP
dpr_orc_prd3 MP484WP
dpr_orc_prd3 MP485WP
dpr_orc_prd3 MP487WP
dpr_orc_prd3 MP501WP
dpr_orc_prd3 MP503WP
dpr_orc_prd3 MP515RP
dpr_orc_prd3 MPBRKCP
dpr_orc_prd3 MPBRKWP
dpr_orc_prd3 MPBTBIP
dpr_orc_prd3 MPCLBDP
dpr_orc_prd3 MPCLBHP
dpr_orc_prd3 MPCLBJP
dpr_orc_prd3 MPCLBJP1
dpr_orc_prd3 MPCUCDP
dpr_orc_prd3 MPCUCJP
dpr_orc_prd3 MPCYTBP
dpr_orc_prd3 MPDLMHP
dpr_orc_prd3 MPDLMHPY
dpr_orc_prd3 MPDLPPP
dpr_orc_prd3 MPDLTKP
dpr_orc_prd3 MPECMGP
dpr_orc_prd3 MPECMGP1
dpr_orc_prd3 MPECMGPY
dpr_orc_prd3 MPEFWDP9
dpr_orc_prd3 MPEFWDPM
dpr_orc_prd3 MPEFWDPT
dpr_orc_prd3 MPEFWHP
dpr_orc_prd3 MPEFWJP
dpr_orc_prd3 MPEFWJP1
dpr_orc_prd3 MPESPJP
dpr_orc_prd3 MPESPJP1
dpr_orc_prd3 MPESPTP
dpr_orc_prd3 MPESPTP9
dpr_orc_prd3 MPESPTPM
dpr_orc_prd3 MPEXAUP
dpr_orc_prd3 MPEXSCP
dpr_orc_prd3 MPFFUHP
dpr_orc_prd3 MPFFUJP
dpr_orc_prd3 MPFFUJPM
dpr_orc_prd3 MPFFUTP
dpr_orc_prd3 MPFLACP
dpr_orc_prd3 MPFLAUP
dpr_orc_prd3 MPFLSCP
dpr_orc_prd3 MPFOPHP
dpr_orc_prd3 MPFOPJP
dpr_orc_prd3 MPFOPJPM
dpr_orc_prd3 MPFOPTP
dpr_orc_prd3 MPFRCTP
dpr_orc_prd3 MPFRCTP1
dpr_orc_prd3 MPHPMAP
dpr_orc_prd3 MPHPMHP
dpr_orc_prd3 MPHPMJP
dpr_orc_prd3 MPHPMJPM
dpr_orc_prd3 MPIDCOP
dpr_orc_prd3 MPIDCPP
dpr_orc_prd3 MPIDDWP1
dpr_orc_prd3 MPIDLHP
dpr_orc_prd3 MPIDSGP
dpr_orc_prd3 MPIDTXP
dpr_orc_prd3 MPIDTXP1
dpr_orc_prd3 MPIDXDP
dpr_orc_prd3 MPMCAHP
dpr_orc_prd3 MPMCAJP
dpr_orc_prd3 MPMCAJP1
dpr_orc_prd3 MPMCAJPM
dpr_orc_prd3 MPMCALP
dpr_orc_prd3 MPMCALP1
dpr_orc_prd3 MPMCALPM
dpr_orc_prd3 MPMCALPY
dpr_orc_prd3 MPMFRAP
dpr_orc_prd3 MPMFRAPM
dpr_orc_prd3 MPMFRAPY
dpr_orc_prd3 MPMFRHP
dpr_orc_prd3 MPMFRJP
dpr_orc_prd3 MPMFRJP1
dpr_orc_prd3 MPMFRJPM
dpr_orc_prd3 MPMMCHP
dpr_orc_prd3 MPMMCJP
dpr_orc_prd3 MPMMCJP1
dpr_orc_prd3 MPMMCJPM
dpr_orc_prd3 MPMMCPP1
dpr_orc_prd3 MPMNMCP@07
dpr_orc_prd3 MPMNMCP1
dpr_orc_prd3 MPMNMCP_1
dpr_orc_prd3 MPMNMCP_2
dpr_orc_prd3 MPMNMJP
dpr_orc_prd3 MPMNMJP1
dpr_orc_prd3 MPMNMJPM
dpr_orc_prd3 MPMNZCP
dpr_orc_prd3 MPMNZCP1
dpr_orc_prd3 MPMNZCP2
dpr_orc_prd3 MPMNZCPY
dpr_orc_prd3 MPMNZHP
dpr_orc_prd3 MPMNZJP
dpr_orc_prd3 MPMNZJP1
dpr_orc_prd3 MPMNZJPM
dpr_orc_prd3 MPMSWHP
dpr_orc_prd3 MPMSWJP
dpr_orc_prd3 MPMSWJP1
dpr_orc_prd3 MPMSWPP1
dpr_orc_prd3 MPMSWPP2
dpr_orc_prd3 MPMSWPPY
dpr_orc_prd3 MPMZCHP
dpr_orc_prd3 MPMZCJP
dpr_orc_prd3 MPMZCJP1
dpr_orc_prd3 MPMZCPP@07
dpr_orc_prd3 MPMZCPP1
dpr_orc_prd3 MPNTFAP
dpr_orc_prd3 MPNTFBP
dpr_orc_prd3 MPNTFHP
dpr_orc_prd3 MPNTFJP
dpr_orc_prd3 MPNTMAP
dpr_orc_prd3 MPNTMHP
dpr_orc_prd3 MPNTMJP
dpr_orc_prd3 MPORSCP
dpr_orc_prd3 MPORSHP
dpr_orc_prd3 MPORSJP
dpr_orc_prd3 MPORSJP1
dpr_orc_prd3 MPORSLP
dpr_orc_prd3 MPP261
dpr_orc_prd3 MPSFLAP
dpr_orc_prd3 MPSFLCP
dpr_orc_prd3 MPSFLHP
dpr_orc_prd3 MPSFLJP
dpr_orc_prd3 MPSTKCP
dpr_orc_prd3 MPSWSCP1
dpr_orc_prd3 MR004WP
dpr_orc_prd3 MR220WP
dpr_orc_prd3 MR428WP
dpr_orc_prd3 MR429WP
dpr_orc_prd3 MR941WP
dpr_orc_prd3 MRBLOIP
dpr_orc_prd3 MRBLOTP1
dpr_orc_prd3 MRBLOWP
dpr_orc_prd3 MRBUEWP
dpr_orc_prd3 MRBULEPE
dpr_orc_prd3 MRBULIP
dpr_orc_prd3 MRBULWP
dpr_orc_prd3 MRBULWP2
dpr_orc_prd3 MRBUMPP
dpr_orc_prd3 MRDALWP
dpr_orc_prd3 MRDALWP2
dpr_orc_prd3 MRDFCCP
dpr_orc_prd3 MRDFCCP_BK
dpr_orc_prd3 MRDFCCP_BX
dpr_orc_prd3 MRDFCDP
dpr_orc_prd3 MRDFCDP_BK
dpr_orc_prd3 MRDFCDP_BX
dpr_orc_prd3 MRDFICP
dpr_orc_prd3 MRDFIDP
dpr_orc_prd3 MRDFLCP
dpr_orc_prd3 MRDFLCP1
dpr_orc_prd3 MRDFLCP_BK
dpr_orc_prd3 MRDFLCP_BX
dpr_orc_prd3 MRDFLCPC
dpr_orc_prd3 MRDFLCPT
dpr_orc_prd3 MRDFLCPX
dpr_orc_prd3 MRDFLCPY
dpr_orc_prd3 MRDFLDP
dpr_orc_prd3 MRDFLDP1
dpr_orc_prd3 MRDFLDP_BK
dpr_orc_prd3 MRDFLDP_BX
dpr_orc_prd3 MRDFLDPC
dpr_orc_prd3 MRDFLDPT
dpr_orc_prd3 MRDFLDPX
dpr_orc_prd3 MRDFLDPY
dpr_orc_prd3 MRDLBFP
dpr_orc_prd3 MRDLBNP
dpr_orc_prd3 MRDSKCP
dpr_orc_prd3 MRDSKDP
dpr_orc_prd3 MRECMGP
dpr_orc_prd3 MRFACTP
dpr_orc_prd3 MRGDKCP
dpr_orc_prd3 MRGDKDP
dpr_orc_prd3 MRGDLMP
dpr_orc_prd3 MRHRBTP
dpr_orc_prd3 MRHREWP
dpr_orc_prd3 MRHRIPP
dpr_orc_prd3 MRHRMXP
dpr_orc_prd3 MRHRUDP
dpr_orc_prd3 MRMLMAP
dpr_orc_prd3 MRMLMHP
dpr_orc_prd3 MRMLMJP
dpr_orc_prd3 MRMRLMP
dpr_orc_prd3 MRORPMP
dpr_orc_prd3 MRPDGPP
dpr_orc_prd3 MRPDGPWP
dpr_orc_prd3 MRPXCLP
dpr_orc_prd3 MRSYPMP
dpr_orc_prd3 MRWSNDP
dpr_orc_prd3 MRXCTJP
dpr_orc_prd3 MRXCTJP4
dpr_orc_prd3 MRXCTJP6
dpr_orc_prd3 MRXCTJP7
dpr_orc_prd3 MRXCTJPZ
dpr_orc_prd3 MRYCMPP
dpr_orc_prd3 MRYCUSP
dpr_orc_prd3 MRYCUSWP
dpr_orc_prd3 MRYCUSWP2
dpr_orc_prd3 ORBBCPP
dpr_orc_prd3 RC402RP
dpr_orc_prd3 RCAUDJP
dpr_orc_prd3 RCBPTJP
dpr_orc_prd3 RCBPTTP
dpr_orc_prd3 RCCYTJP
dpr_orc_prd3 RCCYTLP
dpr_orc_prd3 RCEEDJP
dpr_orc_prd3 RCEEDLP
dpr_orc_prd3 RCFXPCP
dpr_orc_prd3 RCFXPDP
dpr_orc_prd3 RCPPRCP
dpr_orc_prd3 RCPPRJP
dpr_orc_prd3 RCPROFP
dpr_orc_prd3 RCRFRJP
dpr_orc_prd3 RCRFRTP
dpr_orc_prd3 SCSXRGP
dpr_orc_prd3 SE009WP
dpr_orc_prd3 SE015WP
dpr_orc_prd3 SE017WP
dpr_orc_prd3 SE039WP
dpr_orc_prd3 SE314WP
dpr_orc_prd3 SE431WP
dpr_orc_prd3 SE432WP
dpr_orc_prd3 SEBRMAP
dpr_orc_prd3 SEBRMHP
dpr_orc_prd3 SEBRMJP
dpr_orc_prd3 SEBRSIP
dpr_orc_prd3 SECPMAP
dpr_orc_prd3 SECPMHP
dpr_orc_prd3 SECPMJP
dpr_orc_prd3 SECPMJP1
dpr_orc_prd3 SECPNDP
dpr_orc_prd3 SECPSDP
dpr_orc_prd3 SECPSIP1
dpr_orc_prd3 SEDFSIP
dpr_orc_prd3 SEECCLP
dpr_orc_prd3 SEECEXP
dpr_orc_prd3 SEECLMP
dpr_orc_prd3 SEECNBP
dpr_orc_prd3 SEECSHP
dpr_orc_prd3 SEECSTP
dpr_orc_prd3 SEECSYP
dpr_orc_prd3 SEFAIAP
dpr_orc_prd3 SEFAIHP
dpr_orc_prd3 SEFAIJP
dpr_orc_prd3 SEFTSDP
dpr_orc_prd3 SELCSIP1
dpr_orc_prd3 SEMFDTP
dpr_orc_prd3 SENETBP
dpr_orc_prd3 SENETBP1
dpr_orc_prd3 SENETBP2
dpr_orc_prd3 SENETMP
dpr_orc_prd3 SENODHP
dpr_orc_prd3 SEOSBDP
dpr_orc_prd3 SEOSBPP
dpr_orc_prd3 SEOSMAP
dpr_orc_prd3 SEOSMHP
dpr_orc_prd3 SEOSMJP
dpr_orc_prd3 SESIRBP1
dpr_orc_prd3 SESIRJP
dpr_orc_prd3 SETTDTP
dpr_orc_prd3 SETXPCP1
dpr_orc_prd3 SETXPFP1
dpr_orc_prd3 SS694WP
dpr_orc_prd3 SSACEXP
dpr_orc_prd3 SSADAYP
dpr_orc_prd3 SSAFNAP
dpr_orc_prd3 SSAFNJP
dpr_orc_prd3 SSAFNPP
dpr_orc_prd3 SSARFLP
dpr_orc_prd3 SSAUAPP
dpr_orc_prd3 SSBCDFP
dpr_orc_prd3 SSBHBCP
dpr_orc_prd3 SSBHBCP9
dpr_orc_prd3 SSBHFWP
dpr_orc_prd3 SSBHGAP
dpr_orc_prd3 SSBHGAP1
dpr_orc_prd3 SSBHGCP
dpr_orc_prd3 SSBHGCP1
dpr_orc_prd3 SSBHGIP
dpr_orc_prd3 SSBHGIP1
dpr_orc_prd3 SSBHGMP
dpr_orc_prd3 SSBHGMP1
dpr_orc_prd3 SSBHGPP
dpr_orc_prd3 SSBHGVP
dpr_orc_prd3 SSBHJAP
dpr_orc_prd3 SSBHJAP1
dpr_orc_prd3 SSBHJCP
dpr_orc_prd3 SSBHJCP1
dpr_orc_prd3 SSBHJIP
dpr_orc_prd3 SSBHJIP1
dpr_orc_prd3 SSBHJMP
dpr_orc_prd3 SSBHJMP1
dpr_orc_prd3 SSBHJPP
dpr_orc_prd3 SSBHJVP
dpr_orc_prd3 SSBHLWP
dpr_orc_prd3 SSBHMWP
dpr_orc_prd3 SSBRCPP
dpr_orc_prd3 SSCBACP
dpr_orc_prd3 SSCBBHP
dpr_orc_prd3 SSCBBNP
dpr_orc_prd3 SSCBCBP
dpr_orc_prd3 SSCBHBP
dpr_orc_prd3 SSCBHBP1
dpr_orc_prd3 SSCBKBP
dpr_orc_prd3 SSCBLBP
dpr_orc_prd3 SSCBNBP
dpr_orc_prd3 SSCBPCP
dpr_orc_prd3 SSCBPRP
dpr_orc_prd3 SSCMFNP
dpr_orc_prd3 SSCOMWP1
dpr_orc_prd3 SSCOMWP2
dpr_orc_prd3 SSCOMWP3
dpr_orc_prd3 SSCTMHP
dpr_orc_prd3 SSCTMHP1
dpr_orc_prd3 SSCVFNP
dpr_orc_prd3 SSCVSTP
dpr_orc_prd3 SSCYIFP
dpr_orc_prd3 SSCYIFPY
dpr_orc_prd3 SSCYIJP
dpr_orc_prd3 SSDATAP
dpr_orc_prd3 SSDATE0001
dpr_orc_prd3 SSDATE0002
dpr_orc_prd3 SSDATEP
dpr_orc_prd3 SSDATEPC
dpr_orc_prd3 SSDATHP
dpr_orc_prd3 SSDATJP
dpr_orc_prd3 SSDLPWP
dpr_orc_prd3 SSERSSP
dpr_orc_prd3 SSERUSP
dpr_orc_prd3 SSEXPSP
dpr_orc_prd3 SSEXRSP
dpr_orc_prd3 SSEXRTP
dpr_orc_prd3 SSFILEP
dpr_orc_prd3 SSFNCLP
dpr_orc_prd3 SSGEXFP
dpr_orc_prd3 SSGHCLP
dpr_orc_prd3 SSGMCPP
dpr_orc_prd3 SS@GRRFP
dpr_orc_prd3 SSGSWPP
dpr_orc_prd3 SSHDYJP
dpr_orc_prd3 SSHLDGP
dpr_orc_prd3 SSHLDGP#1
dpr_orc_prd3 SSINCRP
dpr_orc_prd3 SSLPDTP
dpr_orc_prd3 SSMCLPP
dpr_orc_prd3 SSMNCLP
dpr_orc_prd3 SSMNLPP
dpr_orc_prd3 SSPGSTP
dpr_orc_prd3 SSPWEXP
dpr_orc_prd3 SSPWRDP
dpr_orc_prd3 SSPWRJP
dpr_orc_prd3 SSREXPP
dpr_orc_prd3 SSRLNNP
dpr_orc_prd3 SSRLNPP
dpr_orc_prd3 SSRLNWP
dpr_orc_prd3 SSRPAPP
dpr_orc_prd3 SS@RPATP
dpr_orc_prd3 SSRPDTP
dpr_orc_prd3 SSRPDTPZ
dpr_orc_prd3 SSRPRPP
dpr_orc_prd3 SSSDCPP
dpr_orc_prd3 SSTICAP
dpr_orc_prd3 SS@TRSFP
dpr_orc_prd3 SS@TSACP
dpr_orc_prd3 SSULMCP
dpr_orc_prd3 SSUSERP
dpr_orc_prd3 SSUSRAP
dpr_orc_prd3 SSWSCAP
dpr_orc_prd3 SSWSCJP
dpr_orc_prd3 SSWSCPP
dpr_orc_prd3 ST103WP
dpr_orc_prd3 ST104WP
dpr_orc_prd3 ST105WP
dpr_orc_prd3 ST110WP
dpr_orc_prd3 ST113WP
dpr_orc_prd3 ST118WP
dpr_orc_prd3 STCCPSPM
dpr_orc_prd3 STCPETP
dpr_orc_prd3 STFRTOP
dpr_orc_prd3 STPCPSP1
dpr_orc_prd3 STTCPJP1
dpr_orc_prd3 STTCPJP2
dpr_orc_prd3 STXCTJP
dpr_orc_prd3 TCPDCPP
dpr_orc_prd3 TDPDCPP
dpr_orc_prd3 TFRSPLFWP
dpr_orc_prd3 TI072WP
dpr_orc_prd3 TI073WP
dpr_orc_prd3 TI074WP
dpr_orc_prd3 TI080WP
dpr_orc_prd3 TI906AWP
dpr_orc_prd3 TI906WP
dpr_orc_prd3 TI906WP1
dpr_orc_prd3 TI920WP
dpr_orc_prd3 TI941WP
dpr_orc_prd3 TI943WP
dpr_orc_prd3 TI949WP1
dpr_orc_prd3 TI949WP2
dpr_orc_prd3 TI960WP1
dpr_orc_prd3 TI960WP2
dpr_orc_prd3 TI962WP1
dpr_orc_prd3 TI962WP2
dpr_orc_prd3 TI964WP1
dpr_orc_prd3 TI964WP2
dpr_orc_prd3 TIBLRJP
dpr_orc_prd3 TIBLRLP
dpr_orc_prd3 TIBLRMP
dpr_orc_prd3 TIBUDJP1
dpr_orc_prd3 TIDLXJP1
dpr_orc_prd3 TIDLXJPY
dpr_orc_prd3 TIDWLCP
dpr_orc_prd3 TIEVHMP
dpr_orc_prd3 TIEVXJP1
dpr_orc_prd3 TIEVXJP2
dpr_orc_prd3 TIEVXJPY
dpr_orc_prd3 TIFEXJPY
dpr_orc_prd3 TIFLXJPY
dpr_orc_prd3 TIFTPLP
dpr_orc_prd3 TIFTPMP
dpr_orc_prd3 TIHLTBP
dpr_orc_prd3 TILGXJPY
dpr_orc_prd3 TINSDJPY
dpr_orc_prd3 TIOCYGP
dpr_orc_prd3 TIRBKDP
dpr_orc_prd3 TIRBKDP1
dpr_orc_prd3 TIRBKFP
dpr_orc_prd3 TIRBKWP
dpr_orc_prd3 TIRDLDP
dpr_orc_prd3 TIRDLDP1
dpr_orc_prd3 TIRDLFP
dpr_orc_prd3 TIRECIP
dpr_orc_prd3 TIREGNP
dpr_orc_prd3 TIRTASP
dpr_orc_prd3 TIRTAXP
dpr_orc_prd3 TIRTBMP
dpr_orc_prd3 TIRTCCP
dpr_orc_prd3 TIRTCMP
dpr_orc_prd3 TIRTEXP
dpr_orc_prd3 TIRTIDP
dpr_orc_prd3 TIRTPDP
dpr_orc_prd3 TIRTPWP
dpr_orc_prd3 TIRTPWP1
dpr_orc_prd3 TIRTPWP2
dpr_orc_prd3 TIRTPWPT
dpr_orc_prd3 TIRTSDP
dpr_orc_prd3 TISTDPP
dpr_orc_prd3 TISYDTP
dpr_orc_prd3 TISYSDP
dpr_orc_prd3 TITRXJPY
dpr_orc_prd3 TIXCTJP
dpr_orc_prd3 TIXCTJP2
dpr_orc_prd3 TIXCTJP4
dpr_orc_prd3 TIXCTJP6
dpr_orc_prd3 TIXCTJP8
dpr_orc_prd3 TIXCTJP9
dpr_orc_prd3 TIXCTJPA
dpr_orc_prd3 TLDRATP
dpr_orc_prd3 TNBANJP
dpr_orc_prd3 TNBANJP1
dpr_orc_prd3 TNBANOP
dpr_orc_prd3 TNBTCHP
dpr_orc_prd3 TNCASHP
dpr_orc_prd3 TNCPGNP
dpr_orc_prd3 TNEXCHP
dpr_orc_prd3 TNINTRP
dpr_orc_prd3 TNSTTLP
dpr_orc_prd3 TNTIMEP
dpr_orc_prd3 TNTIMJP
dpr_orc_prd3 TNTIMJP1
dpr_orc_prd3 TO315WP
dpr_orc_prd3 TO316WP
dpr_orc_prd3 TO316WPZ
dpr_orc_prd3 TO630WP
dpr_orc_prd3 TOBECPP
dpr_orc_prd3 TOCMGFP
dpr_orc_prd3 TOCMGFPY
dpr_orc_prd3 TOCPPJP
dpr_orc_prd3 TOCPPJPY
dpr_orc_prd3 TOCRLGP
dpr_orc_prd3 TOEXCLP
dpr_orc_prd3 TOFTPCP
dpr_orc_prd3 TOJOBCP
dpr_orc_prd3 TRCFFDP
dpr_orc_prd3 TRCPIPP
dpr_orc_prd3 TRFLAGP
dpr_orc_prd3 TRTGMDP
dpr_orc_prd3 TRTMTBP
dpr_orc_prd3 TRTXPCP
dpr_orc_prd3 TRTXPFP
dpr_orc_prd3 TT058WP
dpr_orc_prd3 TT058WP1
dpr_orc_prd3 TT058WP2
dpr_orc_prd3 TT096WP1
dpr_orc_prd3 TT096WP2
dpr_orc_prd3 TT323WP
dpr_orc_prd3 TT339WP
dpr_orc_prd3 TT357WP1
dpr_orc_prd3 TT357WP2
dpr_orc_prd3 TT357WP3
dpr_orc_prd3 TT357WP4
dpr_orc_prd3 TT358WP1
dpr_orc_prd3 TT358WP2
dpr_orc_prd3 TT358WP3
dpr_orc_prd3 TT358WP4
dpr_orc_prd3 TT372WP
dpr_orc_prd3 TT429WP
dpr_orc_prd3 TT430WP
dpr_orc_prd3 TT527WP
dpr_orc_prd3 TT533WP
dpr_orc_prd3 TT533WP1
dpr_orc_prd3 TT536WP
dpr_orc_prd3 TT545WP
dpr_orc_prd3 TT551WP
dpr_orc_prd3 TT552WP
dpr_orc_prd3 TT553WP
dpr_orc_prd3 TT554WP
dpr_orc_prd3 TT555WP
dpr_orc_prd3 TT556WP
dpr_orc_prd3 TT557WP
dpr_orc_prd3 TT558WP
dpr_orc_prd3 TT561WP
dpr_orc_prd3 TT579WP
dpr_orc_prd3 TT581WP
dpr_orc_prd3 TT582AWP
dpr_orc_prd3 TT582BWP
dpr_orc_prd3 TT582DWP
dpr_orc_prd3 TT582TWP
dpr_orc_prd3 TT582WP
dpr_orc_prd3 TT582WP1
dpr_orc_prd3 TT662WP
dpr_orc_prd3 TT694WP1
dpr_orc_prd3 TT694WP2
dpr_orc_prd3 TT906AP
dpr_orc_prd3 TT906TP
dpr_orc_prd3 TT956WP
dpr_orc_prd3 TT965WP1
dpr_orc_prd3 TT965WP2
dpr_orc_prd3 TTABCTP
dpr_orc_prd3 TTABDCP
dpr_orc_prd3 TTABPMP
dpr_orc_prd3 TTADTHP
dpr_orc_prd3 TTALSFP
dpr_orc_prd3 TTALSFP#1
dpr_orc_prd3 TTALSFPZ
dpr_orc_prd3 TTAMIDP
dpr_orc_prd3 TTBCDUP
dpr_orc_prd3 TTBCMAP
dpr_orc_prd3 TTBCMHP
dpr_orc_prd3 TTBCMJP
dpr_orc_prd3 TTBDMAP
dpr_orc_prd3 TTBDMHP
dpr_orc_prd3 TTBDMJP
dpr_orc_prd3 TTBKSPP
dpr_orc_prd3 TTBRATP
dpr_orc_prd3 TTBSPPP
dpr_orc_prd3 TTBUDCP1
dpr_orc_prd3 TTBUDDP1
dpr_orc_prd3 TTCAPMP
dpr_orc_prd3 TTCARWP
dpr_orc_prd3 TTCARWP1
dpr_orc_prd3 TTCAWTP
dpr_orc_prd3 TTCCPLP
dpr_orc_prd3 TTCDCD0001
dpr_orc_prd3 TTCDCDP
dpr_orc_prd3 TTCEPDP
dpr_orc_prd3 TTCLSMP
dpr_orc_prd3 TTCLSYP
dpr_orc_prd3 TTCMPTP
dpr_orc_prd3 TTCPAAP
dpr_orc_prd3 TTCPADP
dpr_orc_prd3 TTCPAHP
dpr_orc_prd3 TTCPAJP
dpr_orc_prd3 TTCPIPPN
dpr_orc_prd3 TTCPMAP
dpr_orc_prd3 TTCPMHP
dpr_orc_prd3 TTCPMIP
dpr_orc_prd3 TTCPMJP
dpr_orc_prd3 TTCPPCP
dpr_orc_prd3 TTCPR1P
dpr_orc_prd3 TTCPR2P
dpr_orc_prd3 TTCPYFP
dpr_orc_prd3 TTCRATP
dpr_orc_prd3 TTCRATPT
dpr_orc_prd3 TTCRATPY
dpr_orc_prd3 TTCRCFP
dpr_orc_prd3 TTCRMAP
dpr_orc_prd3 TTCRMHP
dpr_orc_prd3 TTCRMJP
dpr_orc_prd3 TTCTREP
dpr_orc_prd3 TTCYIFP
dpr_orc_prd3 TTDFCAP
dpr_orc_prd3 TTDFCCP
dpr_orc_prd3 TTDFCHP
dpr_orc_prd3 TTDFCJP
dpr_orc_prd3 TTDGDFP
dpr_orc_prd3 TTDGMAP
dpr_orc_prd3 TTDGMHP
dpr_orc_prd3 TTDGMJP
dpr_orc_prd3 TTDPEXP
dpr_orc_prd3 TTDSPJP
dpr_orc_prd3 TTEMUPP
dpr_orc_prd3 TTEPAVP
dpr_orc_prd3 TTEPFMP
dpr_orc_prd3 TTEPWKP
dpr_orc_prd3 TTERAGP
dpr_orc_prd3 TTERAGP#1
dpr_orc_prd3 TTERATP
dpr_orc_prd3 TTERATPT
dpr_orc_prd3 TTERATPX
dpr_orc_prd3 TTERATPY
dpr_orc_prd3 TTERFSP
dpr_orc_prd3 TTERMAP
dpr_orc_prd3 TTERMHP
dpr_orc_prd3 TTERMJP
dpr_orc_prd3 TTESDCP
dpr_orc_prd3 TTESTDP
dpr_orc_prd3 TTEURRP
dpr_orc_prd3 TTEXPCP
dpr_orc_prd3 TTFAMAP
dpr_orc_prd3 TTFAMHP
dpr_orc_prd3 TTFAMJP
dpr_orc_prd3 TTFEBCP
dpr_orc_prd3 TTFFDSP
dpr_orc_prd3 TTFLPCP
dpr_orc_prd3 TTFPMAP
dpr_orc_prd3 TTFPMHP
dpr_orc_prd3 TTFPMJP
dpr_orc_prd3 TTFPRCP
dpr_orc_prd3 TTFPRCP1
dpr_orc_prd3 TTFPRCPT
dpr_orc_prd3 TTFPRCPX
dpr_orc_prd3 TTFPRCPY
dpr_orc_prd3 TTFTCD0001
dpr_orc_prd3 TTFTCDP
dpr_orc_prd3 TTFTCDP@HL
dpr_orc_prd3 TTFTHT0001
dpr_orc_prd3 TTFTHTP
dpr_orc_prd3 TTFTLG0001
dpr_orc_prd3 TTFTLGP
dpr_orc_prd3 TTFTPLP
dpr_orc_prd3 TTFURDP
dpr_orc_prd3 TTFURDPT
dpr_orc_prd3 TTFURDPY
dpr_orc_prd3 TTFXFGP
dpr_orc_prd3 TTFXFGPH
dpr_orc_prd3 TTFXFHP
dpr_orc_prd3 TTFXFIP
dpr_orc_prd3 TTFXFLP
dpr_orc_prd3 TTFXFNP
dpr_orc_prd3 TTFXFOP
dpr_orc_prd3 TTFXFRP
dpr_orc_prd3 TTFXNCP
dpr_orc_prd3 TTFXNRP
dpr_orc_prd3 TTFXSYP
dpr_orc_prd3 TTGBDPP
dpr_orc_prd3 TTGBNSP
dpr_orc_prd3 TTGCDCP
dpr_orc_prd3 TTGCDCP#1
dpr_orc_prd3 TTGCDCPZ
dpr_orc_prd3 TTGCDPP
dpr_orc_prd3 TTGCDPPY
dpr_orc_prd3 TTGDCDP
dpr_orc_prd3 TTGDCDP#1
dpr_orc_prd3 TTGDCDPZ
dpr_orc_prd3 TTGDLSP
dpr_orc_prd3 TTGGCDP
dpr_orc_prd3 TTGGLDP
dpr_orc_prd3 TTGMCDP
dpr_orc_prd3 TTGMCDP#1
dpr_orc_prd3 TTGMCDPZ
dpr_orc_prd3 TTGMEIP
dpr_orc_prd3 TTGRELP
dpr_orc_prd3 TTGSICP
dpr_orc_prd3 TTGSICP1
dpr_orc_prd3 TTGSIDP
dpr_orc_prd3 TTGSPCP
dpr_orc_prd3 TTGSPCP1
dpr_orc_prd3 TTGSTCP
dpr_orc_prd3 TTGWMAP
dpr_orc_prd3 TTGWMHP
dpr_orc_prd3 TTGWMJP
dpr_orc_prd3 TTGXFPP
dpr_orc_prd3 TTHASKP
dpr_orc_prd3 TTHBACP
dpr_orc_prd3 TTHBAGP
dpr_orc_prd3 TTHBRMP
dpr_orc_prd3 TTHCMJP
dpr_orc_prd3 TTHCRLP
dpr_orc_prd3 TTHSARP
dpr_orc_prd3 TTHSPDP
dpr_orc_prd3 TTIDRAP
dpr_orc_prd3 TTIDRHP
dpr_orc_prd3 TTIDRJP
dpr_orc_prd3 TTIDRTP
dpr_orc_prd3 TTIMCRP
dpr_orc_prd3 TTIPACP
dpr_orc_prd3 TTIPAVP
dpr_orc_prd3 TTIPDIP
dpr_orc_prd3 TTIPECP
dpr_orc_prd3 TTIPECP1
dpr_orc_prd3 TTIPFMP
dpr_orc_prd3 TTIPWKP
dpr_orc_prd3 TTIPWKP1
dpr_orc_prd3 TTIRATP
dpr_orc_prd3 TTIRATPX
dpr_orc_prd3 TTIRFSP
dpr_orc_prd3 TTIRMAP
dpr_orc_prd3 TTIRMHP
dpr_orc_prd3 TTIRMJP
dpr_orc_prd3 TTLCPLP
dpr_orc_prd3 TTLDPDPT
dpr_orc_prd3 TTMBKCP
dpr_orc_prd3 TTMKSDP
dpr_orc_prd3 TTMRATP
dpr_orc_prd3 TTNFWCFP
dpr_orc_prd3 TTNFWCJP
dpr_orc_prd3 TTOCTLP
dpr_orc_prd3 TTOFECP
dpr_orc_prd3 TTOFMAP
dpr_orc_prd3 TTOFMHP
dpr_orc_prd3 TTOFMJP
dpr_orc_prd3 TTOFMKP
dpr_orc_prd3 TTOFOTP
dpr_orc_prd3 TTOFQYP
dpr_orc_prd3 TTOPMAP
dpr_orc_prd3 TTOPMHP
dpr_orc_prd3 TTOPMJP
dpr_orc_prd3 TTOPRCP
dpr_orc_prd3 TTOPRCP1
dpr_orc_prd3 TTOPRCPT
dpr_orc_prd3 TTOPRCPX
dpr_orc_prd3 TTOPRCPY
dpr_orc_prd3 TTORMAP
dpr_orc_prd3 TTORMHP
dpr_orc_prd3 TTORMJP
dpr_orc_prd3 TTPCPLP
dpr_orc_prd3 TTPDCGP
dpr_orc_prd3 TTPDCTP
dpr_orc_prd3 TTPDEXP
dpr_orc_prd3 TTPDGWP
dpr_orc_prd3 TTPDMAP
dpr_orc_prd3 TTPDMHP
dpr_orc_prd3 TTPDMJP
dpr_orc_prd3 TTPDMPP
dpr_orc_prd3 TTPDSPP
dpr_orc_prd3 TTPLPPP
dpr_orc_prd3 TTQRYFP
dpr_orc_prd3 TTQRYFP@SS
dpr_orc_prd3 TTREFWP
dpr_orc_prd3 TTRPDPP
dpr_orc_prd3 TTRTCPP
dpr_orc_prd3 TTRXRBP
dpr_orc_prd3 TTSBDTP
dpr_orc_prd3 TTSDCPP
dpr_orc_prd3 TTSOBJD
dpr_orc_prd3 TTSPICP
dpr_orc_prd3 TTSPLFP
dpr_orc_prd3 TTSPMAP
dpr_orc_prd3 TTSPMHP
dpr_orc_prd3 TTSPMJP
dpr_orc_prd3 TTSQDJP
dpr_orc_prd3 TTSRATP
dpr_orc_prd3 TTSRATPT
dpr_orc_prd3 TTSRATPX
dpr_orc_prd3 TTSRATPY
dpr_orc_prd3 TTSRMAP
dpr_orc_prd3 TTSRMHP
dpr_orc_prd3 TTSRMJP
dpr_orc_prd3 TTSTDPP
dpr_orc_prd3 TTSWCLP
dpr_orc_prd3 TTTMSFP
dpr_orc_prd3 TTTRBHP
dpr_orc_prd3 TTTRBRP
dpr_orc_prd3 TTTRCCP
dpr_orc_prd3 TTTRDSP
dpr_orc_prd3 TTTRUDP
dpr_orc_prd3 TTTTTVP
dpr_orc_prd3 TTUSRPP
dpr_orc_prd3 TTXCTSP
dpr_orc_prd3 TTXDFPP
dpr_orc_prd3 TTXSTSP
dpr_orc_prd3 WSCCR1P
dpr_orc_prd3 ZHDGNCP
dpr_orc_prd3 ZHDGSPP
dpr_orc_prd3 SSSTDPP
dpr_orc_prd3 TTCPIPP
dpr_orc_prd3 TTCPIPPT
dpr_orc_prd3 IFMSGFP
