dpr_orc_prd2 ADADCOP
dpr_orc_prd2 ADADPCP
dpr_orc_prd2 ADADPP
dpr_orc_prd2 ADADPRP
dpr_orc_prd2 ADADPTP
dpr_orc_prd2 ADAPTINFPR
dpr_orc_prd2 ADAPTMSGP
dpr_orc_prd2 ADBALFP
dpr_orc_prd2 ADBALFP0
dpr_orc_prd2 ADBCDJP
dpr_orc_prd2 ADBCDTP
dpr_orc_prd2 ADBCHDP
dpr_orc_prd2 ADBCHJP
dpr_orc_prd2 ADBEDCP
dpr_orc_prd2 ADBEDJP
dpr_orc_prd2 ADBEHCP
dpr_orc_prd2 ADBEHJP
dpr_orc_prd2 ADCHRGP
dpr_orc_prd2 ADENTJP
dpr_orc_prd2 ADENTRP
dpr_orc_prd2 ADEXASP
dpr_orc_prd2 ADEXGLP
dpr_orc_prd2 ADFAMJP
dpr_orc_prd2 ADFAMSP
dpr_orc_prd2 ADFAMVP
dpr_orc_prd2 ADFAXFP
dpr_orc_prd2 ADFAXJP
dpr_orc_prd2 ADFAXJP1
dpr_orc_prd2 ADFMANP
dpr_orc_prd2 ADGRDTP
dpr_orc_prd2 ADGRHDP
dpr_orc_prd2 ADIPDTP
dpr_orc_prd2 ADIPHDP
dpr_orc_prd2 ADITMCP
dpr_orc_prd2 ADMACJP
dpr_orc_prd2 ADMACLP
dpr_orc_prd2 ADONRQP
dpr_orc_prd2 ADPHLDP
dpr_orc_prd2 ADPODJP
dpr_orc_prd2 ADPODTP
dpr_orc_prd2 ADPOHDP
dpr_orc_prd2 ADPOHJP
dpr_orc_prd2 ADPOIJP
dpr_orc_prd2 ADPOINP
dpr_orc_prd2 ADPTYCP
dpr_orc_prd2 ADPTYJP
dpr_orc_prd2 ADSCPJP
dpr_orc_prd2 ADSCPTP
dpr_orc_prd2 ADSRBCP
dpr_orc_prd2 ADSRBJP
dpr_orc_prd2 ADSUCRP
dpr_orc_prd2 ADSUPCP
dpr_orc_prd2 ADSUPJP
dpr_orc_prd2 ADSYCLP
dpr_orc_prd2 ADTICKP
dpr_orc_prd2 ADTNFAP
dpr_orc_prd2 ADTNRVP
dpr_orc_prd2 AFADDRP
dpr_orc_prd2 AFADEJP
dpr_orc_prd2 AFADESP
dpr_orc_prd2 AFADMSP
dpr_orc_prd2 AFADPTP
dpr_orc_prd2 AFAFEJP
dpr_orc_prd2 AFAFERP
dpr_orc_prd2 AFAFESP
dpr_orc_prd2 AFAFMSP
dpr_orc_prd2 AFAFSTP
dpr_orc_prd2 AFAMHRP
dpr_orc_prd2 AFAOEJP
dpr_orc_prd2 AFAOESP
dpr_orc_prd2 AFAOMSP
dpr_orc_prd2 AFASEJP
dpr_orc_prd2 AFASESP
dpr_orc_prd2 AFASMSP
dpr_orc_prd2 AFDBACP
dpr_orc_prd2 AFDBXCP
dpr_orc_prd2 AFDDCPP
dpr_orc_prd2 AFGCMSP
dpr_orc_prd2 AFHBEJP
dpr_orc_prd2 AFHBIJP
dpr_orc_prd2 AFHBWFP
dpr_orc_prd2 AFLVPWP
dpr_orc_prd2 AFMSTPP
dpr_orc_prd2 AFSDMSP
dpr_orc_prd2 AFSGACP
dpr_orc_prd2 AFSIADP
dpr_orc_prd2 AFSIBMP
dpr_orc_prd2 AFSICPP
dpr_orc_prd2 AFSIMSP
dpr_orc_prd2 AFSIRAP
dpr_orc_prd2 AFSTGDP
dpr_orc_prd2 AFSTMSP
dpr_orc_prd2 AFSTRAP
dpr_orc_prd2 AFSWAJP
dpr_orc_prd2 AFSWATP
dpr_orc_prd2 AICRDFP
dpr_orc_prd2 AM@LAFP1
dpr_orc_prd2 AM@LAFP12
dpr_orc_prd2 AM@LAFP2
dpr_orc_prd2 AM@LAFP21
dpr_orc_prd2 AM@LAFP2B
dpr_orc_prd2 AM@LAFP2B1
dpr_orc_prd2 AM@LAFP3
dpr_orc_prd2 AM@LAFP4
dpr_orc_prd2 AM@LAFP5
dpr_orc_prd2 AM@SPFP1
dpr_orc_prd2 AM@SPFP10
dpr_orc_prd2 AM@SPFP11
dpr_orc_prd2 AM@SPFP12
dpr_orc_prd2 AM@SPFP13
dpr_orc_prd2 AM@SPFP13B
dpr_orc_prd2 AM@SPFP14
dpr_orc_prd2 AM@SPFP1B
dpr_orc_prd2 AM@SPFP2
dpr_orc_prd2 AM@SPFP3
dpr_orc_prd2 AM@SPFP3B
dpr_orc_prd2 AM@SPFP4
dpr_orc_prd2 AM@SPFP51
dpr_orc_prd2 AM@SPFP52
dpr_orc_prd2 AM@SPFP52B
dpr_orc_prd2 AM@SPFP6
dpr_orc_prd2 AM@SPFP7
dpr_orc_prd2 AM@SPFP9
dpr_orc_prd2 AT@LAFP1
dpr_orc_prd2 AT@LAFP2
dpr_orc_prd2 AT@LAFP3
dpr_orc_prd2 AT@LAFP4
dpr_orc_prd2 AT@SPFP2
dpr_orc_prd2 AT@SPFP5
dpr_orc_prd2 AW@SPFP14
dpr_orc_prd2 BA@SMSP
dpr_orc_prd2 BAABLCP
dpr_orc_prd2 BAACBCP
dpr_orc_prd2 BAACIGP
dpr_orc_prd2 BAACRGP
dpr_orc_prd2 BAACRTP
dpr_orc_prd2 BAACRWP
dpr_orc_prd2 BAALRBP
dpr_orc_prd2 BAASRBP
dpr_orc_prd2 BABPRPP
dpr_orc_prd2 BABPSPP
dpr_orc_prd2 BACSEXP
dpr_orc_prd2 BADCPBP
dpr_orc_prd2 BADDEXP
dpr_orc_prd2 BAFSTSP
dpr_orc_prd2 BAFTCPP
dpr_orc_prd2 BAFTPCP
dpr_orc_prd2 BAFXCNP
dpr_orc_prd2 BAHVPWP
dpr_orc_prd2 BAIMAHP
dpr_orc_prd2 BAIMECP
dpr_orc_prd2 BAIMGTP
dpr_orc_prd2 BAIMPHP
dpr_orc_prd2 BAIMTHP
dpr_orc_prd2 BAIOBCP
dpr_orc_prd2 BAIOQFP
dpr_orc_prd2 BAIREXP
dpr_orc_prd2 BAIRPEP
dpr_orc_prd2 BAITSTP
dpr_orc_prd2 BANADDP
dpr_orc_prd2 BANATJP
dpr_orc_prd2 BANATKP
dpr_orc_prd2 BAODCJP
dpr_orc_prd2 BAODCSP
dpr_orc_prd2 BAOMGCP
dpr_orc_prd2 BAOMGTP
dpr_orc_prd2 BAOMPHP
dpr_orc_prd2 BAOMTHP
dpr_orc_prd2 BAOREXP
dpr_orc_prd2 BAOWERP
dpr_orc_prd2 BAPECPP
dpr_orc_prd2 BAPEIGP
dpr_orc_prd2 BAPEQLP
dpr_orc_prd2 BAPESDP
dpr_orc_prd2 BAPSLCP
dpr_orc_prd2 BAPTACP
dpr_orc_prd2 BAREPCP
dpr_orc_prd2 BARLSCP
dpr_orc_prd2 BARRPJP
dpr_orc_prd2 BASAINP
dpr_orc_prd2 BASAISP
dpr_orc_prd2 BASAMSP
dpr_orc_prd2 BASSAFP
dpr_orc_prd2 BASSMSP
dpr_orc_prd2 BAXCACP
dpr_orc_prd2 BS@CIFP
dpr_orc_prd2 CHBKSRP
dpr_orc_prd2 CHBKTRP
dpr_orc_prd2 CHCABSP
dpr_orc_prd2 CHCIDCP
dpr_orc_prd2 CHCLMTP
dpr_orc_prd2 CHCUSTP
dpr_orc_prd2 CN@IDIP
dpr_orc_prd2 CN@IDJP
dpr_orc_prd2 CNALINP
dpr_orc_prd2 CNBPCSP
dpr_orc_prd2 CNBPGCP
dpr_orc_prd2 CNBPSDP
dpr_orc_prd2 CNFDSMP
dpr_orc_prd2 CNFDSWP
dpr_orc_prd2 CPACLHP
dpr_orc_prd2 CPACLHP1
dpr_orc_prd2 CPACLHP9
dpr_orc_prd2 CPACM1P
dpr_orc_prd2 CPACM2P
dpr_orc_prd2 CPACM3P
dpr_orc_prd2 CPACMCP
dpr_orc_prd2 CPADDRP
dpr_orc_prd2 CPAVACP
dpr_orc_prd2 CPBCPCP
dpr_orc_prd2 CPCBRCP
dpr_orc_prd2 CPCBRCP1
dpr_orc_prd2 CPCBRJP
dpr_orc_prd2 CPCBRJP1
dpr_orc_prd2 CPCDACP
dpr_orc_prd2 CPCDCCP
dpr_orc_prd2 CPCDCCP1
dpr_orc_prd2 CPCDM1P
dpr_orc_prd2 CPCDM2P
dpr_orc_prd2 CPCDM3P
dpr_orc_prd2 CPCDMCP
dpr_orc_prd2 CPCDMCP1
dpr_orc_prd2 CPCDSTP
dpr_orc_prd2 CPCDTSP
dpr_orc_prd2 CPCDTSP1
dpr_orc_prd2 CPCGEXP
dpr_orc_prd2 CPCGEXP1
dpr_orc_prd2 CPCGEXP2
dpr_orc_prd2 CPCGEXPA
dpr_orc_prd2 CPCLMJP
dpr_orc_prd2 CPCLMTP
dpr_orc_prd2 CPCLMTP1
dpr_orc_prd2 CPCMPMP
dpr_orc_prd2 CPCMPMP1
dpr_orc_prd2 CPCMPMP2
dpr_orc_prd2 CPCMPMP3
dpr_orc_prd2 CPCMPMP4
dpr_orc_prd2 CPCPGNP
dpr_orc_prd2 CPCPOPP
dpr_orc_prd2 CPCRIDP
dpr_orc_prd2 CPCSRQP
dpr_orc_prd2 CPCUSTP
dpr_orc_prd2 CPFEAIP
dpr_orc_prd2 CPFECHP
dpr_orc_prd2 CPFECSP
dpr_orc_prd2 CPFECUP
dpr_orc_prd2 CPFEPKP
dpr_orc_prd2 CPFEVRP
dpr_orc_prd2 CPGINLPT
dpr_orc_prd2 CPGTPOP
dpr_orc_prd2 CPHVPDP
dpr_orc_prd2 CPHVPHP
dpr_orc_prd2 CPHVPRP
dpr_orc_prd2 CPINCIP
dpr_orc_prd2 CPMAC1P
dpr_orc_prd2 CPMAC2P
dpr_orc_prd2 CPMAC3P
dpr_orc_prd2 CPMACCP
dpr_orc_prd2 CPOASTP
dpr_orc_prd2 CPOASTP1
dpr_orc_prd2 CPOBPMP
dpr_orc_prd2 CPOUQQP
dpr_orc_prd2 CPPAPDP
dpr_orc_prd2 CPPDMAP
dpr_orc_prd2 CPPDMPP
dpr_orc_prd2 CPPLIFP
dpr_orc_prd2 CPPLIFP1
dpr_orc_prd2 CPPMQIP
dpr_orc_prd2 CPPODFP
dpr_orc_prd2 CPPODXP
dpr_orc_prd2 CPSCPGP
dpr_orc_prd2 CPSMRCP
dpr_orc_prd2 CPSMRCP1
dpr_orc_prd2 CPSNPRP
dpr_orc_prd2 CPSSTDP
dpr_orc_prd2 CPTPBCP
dpr_orc_prd2 CPTPCJP
dpr_orc_prd2 CPTPCJP2
dpr_orc_prd2 CPTPCNP
dpr_orc_prd2 CPUAAMP
dpr_orc_prd2 CPUAAMPA
dpr_orc_prd2 CPUAENP
dpr_orc_prd2 CPUAENPA
dpr_orc_prd2 CPWHTEP
dpr_orc_prd2 CPWHTXP
dpr_orc_prd2 CR@AMAP
dpr_orc_prd2 CR@BSNP
dpr_orc_prd2 CR@CBFP
dpr_orc_prd2 CR@CBFP1
dpr_orc_prd2 CR@CFIP
dpr_orc_prd2 CR@CFIP1
dpr_orc_prd2 CR@CFOP
dpr_orc_prd2 CR@CFOP1
dpr_orc_prd2 CR@CRLP
dpr_orc_prd2 CR@CRLP1
dpr_orc_prd2 CR@FDFP
dpr_orc_prd2 CR@LNFP
dpr_orc_prd2 CR@LYFP
dpr_orc_prd2 CR@RTCP
dpr_orc_prd2 CR@TTFP
dpr_orc_prd2 CR@TTWP
dpr_orc_prd2 CR@TTWP1
dpr_orc_prd2 CRBSCYP
dpr_orc_prd2 CRBSEWP
dpr_orc_prd2 CRBSEWP1
dpr_orc_prd2 CRBSNMP
dpr_orc_prd2 CRBSNTP
dpr_orc_prd2 CRBSPBP
dpr_orc_prd2 CRBSPBP1
dpr_orc_prd2 CRBSPCP
dpr_orc_prd2 CS@LPGP
dpr_orc_prd2 CSAAMSP
dpr_orc_prd2 CSAMBDP
dpr_orc_prd2 CSAMGBP
dpr_orc_prd2 CSAMGDP
dpr_orc_prd2 CSCDPDP
dpr_orc_prd2 CSCDPEP
dpr_orc_prd2 CSEMIDP
dpr_orc_prd2 CSFNCCP
dpr_orc_prd2 CSMBCCP
dpr_orc_prd2 CSMCBPP
dpr_orc_prd2 CSPDTAP
dpr_orc_prd2 CSPDTJP
dpr_orc_prd2 CSPDTMP
dpr_orc_prd2 DCACMSP
dpr_orc_prd2 DCCRMNP
dpr_orc_prd2 DCDRICP
dpr_orc_prd2 DCPDCPP
dpr_orc_prd2 DCPLCCP
dpr_orc_prd2 DCUOEXP
dpr_orc_prd2 DD@CIWP
dpr_orc_prd2 DD@DIWP
dpr_orc_prd2 DDACADP
dpr_orc_prd2 DDACESP
dpr_orc_prd2 DDACMCP
dpr_orc_prd2 DDACMSP
dpr_orc_prd2 DDACMSP1
dpr_orc_prd2 DDADPMSGP
dpr_orc_prd2 DDBCRQP
dpr_orc_prd2 DDBIAVP
dpr_orc_prd2 DDBSCLP
dpr_orc_prd2 DDCBPCP
dpr_orc_prd2 DDCBPTP
dpr_orc_prd2 DDCBPTPY
dpr_orc_prd2 DDCISPP
dpr_orc_prd2 DDCNOWP
dpr_orc_prd2 DDCQALP
dpr_orc_prd2 DDCQBKP
dpr_orc_prd2 DDCQCLP
dpr_orc_prd2 DDCQIFP
dpr_orc_prd2 DDCQOIP
dpr_orc_prd2 DDCQORP
dpr_orc_prd2 DDCQRCP
dpr_orc_prd2 DDCQRQP
dpr_orc_prd2 DDCQSTP
dpr_orc_prd2 DDCRCPP
dpr_orc_prd2 DDCRINP
dpr_orc_prd2 DDCRINP0
dpr_orc_prd2 DDCRINP1
dpr_orc_prd2 DDCSRQP
dpr_orc_prd2 DDCSRQP1
dpr_orc_prd2 DDCSRQPF
dpr_orc_prd2 DDCTKUP
dpr_orc_prd2 DDERINP
dpr_orc_prd2 DDGCTTP
dpr_orc_prd2 DDGICWP
dpr_orc_prd2 DDGIOCP
dpr_orc_prd2 DDGLVLP
dpr_orc_prd2 DDGMAMP
dpr_orc_prd2 DDGMAPP
dpr_orc_prd2 DDGMASP
dpr_orc_prd2 DDGMESP
dpr_orc_prd2 DDGNBLP
dpr_orc_prd2 DDGPCLP
dpr_orc_prd2 DDGPOLP
dpr_orc_prd2 DDGPOLP1
dpr_orc_prd2 DDGS1BP
dpr_orc_prd2 DDGSAMP
dpr_orc_prd2 DDGSAPP
dpr_orc_prd2 DDGSASP
dpr_orc_prd2 DDGXAIP
dpr_orc_prd2 DDIAMJP
dpr_orc_prd2 DDICINP
dpr_orc_prd2 DDICMOP
dpr_orc_prd2 DDICMVP
dpr_orc_prd2 DDICMVP1
dpr_orc_prd2 DDICMVP2
dpr_orc_prd2 DDICRQP
dpr_orc_prd2 DDICRQP1
dpr_orc_prd2 DDICVLP
dpr_orc_prd2 DDINACP
dpr_orc_prd2 DDINACP1
dpr_orc_prd2 DDINAVP
dpr_orc_prd2 DDINSRP
dpr_orc_prd2 DDIPORP
dpr_orc_prd2 DDIVCLP
dpr_orc_prd2 DDIVPSP
dpr_orc_prd2 DDIVSCP
dpr_orc_prd2 DDLBBEP
dpr_orc_prd2 DDMSCMP
dpr_orc_prd2 DDNAADP
dpr_orc_prd2 DDOTKUP
dpr_orc_prd2 DDPASTP
dpr_orc_prd2 DDPASTP1
dpr_orc_prd2 DDPBUDP
dpr_orc_prd2 DDPDCPP
dpr_orc_prd2 DDPGLPP
dpr_orc_prd2 DDPICIP
dpr_orc_prd2 DDPIRCP
dpr_orc_prd2 DDRAACP
dpr_orc_prd2 DDRAAMP
dpr_orc_prd2 DDRAAMP1
dpr_orc_prd2 DDRHXQP
dpr_orc_prd2 DDRHXQP1
dpr_orc_prd2 DDSAMDP
dpr_orc_prd2 DDSAMSP
dpr_orc_prd2 DDSAPDP
dpr_orc_prd2 DDSMCJP
dpr_orc_prd2 DDSMCPP
dpr_orc_prd2 DDSPCPP
dpr_orc_prd2 DDSPCQP
dpr_orc_prd2 DDSTMTP
dpr_orc_prd2 DDSTMTPPR
dpr_orc_prd2 DDSVSTP
dpr_orc_prd2 DDSVSTP1
dpr_orc_prd2 DDSVSTPZ
dpr_orc_prd2 DDSWCLP
dpr_orc_prd2 DDSWCLP1
dpr_orc_prd2 DDSWPNP
dpr_orc_prd2 DDTRNDP
dpr_orc_prd2 DDUWINP
dpr_orc_prd2 DDUWRTP
dpr_orc_prd2 DDVLBLP
dpr_orc_prd2 DDVLBLP1
dpr_orc_prd2 DDVLBOP
dpr_orc_prd2 DDWRCPP
dpr_orc_prd2 DDWRSTP
dpr_orc_prd2 DNCLAWP
dpr_orc_prd2 DNDDFFP
dpr_orc_prd2 DNFXTRP
dpr_orc_prd2 DNMIAAP
dpr_orc_prd2 DNMIACP
dpr_orc_prd2 DNMIACP1
dpr_orc_prd2 DNMIACP2
dpr_orc_prd2 DNMIACPB
dpr_orc_prd2 DNMIACPC
dpr_orc_prd2 DNMIACPCB
dpr_orc_prd2 DNMIACPD
dpr_orc_prd2 DNMIACPE
dpr_orc_prd2 DNMICLP
dpr_orc_prd2 DNMICSP
dpr_orc_prd2 DNMICSP1
dpr_orc_prd2 DNMICSPB
dpr_orc_prd2 DNMILGP
dpr_orc_prd2 DNMIRCP
dpr_orc_prd2 DNNADPP
dpr_orc_prd2 DNNADPP1
dpr_orc_prd2 DNNADXP
dpr_orc_prd2 DNODAWP
dpr_orc_prd2 DNPIFPP
dpr_orc_prd2 DNPIFPP1
dpr_orc_prd2 DNPIFWP
dpr_orc_prd2 DNPIFXP
dpr_orc_prd2 DNSCGBP
dpr_orc_prd2 DNSCGJP
dpr_orc_prd2 DNSTCWP
dpr_orc_prd2 DNSTTWP
dpr_orc_prd2 EB@CUAP
dpr_orc_prd2 EB@CUJP
dpr_orc_prd2 EB@CUTP
dpr_orc_prd2 EBAECLP
dpr_orc_prd2 EBAEMMP
dpr_orc_prd2 EBAERQP
dpr_orc_prd2 EBAPINP
dpr_orc_prd2 EBATMAP
dpr_orc_prd2 EBBPINP
dpr_orc_prd2 EBBPINP1
dpr_orc_prd2 EBCPINP
dpr_orc_prd2 EBCQBRP
dpr_orc_prd2 EBCRSTP
dpr_orc_prd2 EBCUAAP
dpr_orc_prd2 EBCUADP
dpr_orc_prd2 EBCUARP
dpr_orc_prd2 EBCUSTP
dpr_orc_prd2 EBCUSTP9
dpr_orc_prd2 EBCUSTPH
dpr_orc_prd2 EBCUSTPT
dpr_orc_prd2 EBDCNOP
dpr_orc_prd2 EBEMRQP
dpr_orc_prd2 EBFMARP
dpr_orc_prd2 EBFMBYP
dpr_orc_prd2 EBFMCUP
dpr_orc_prd2 EBFMNAP
dpr_orc_prd2 EBGMADP
dpr_orc_prd2 EBGMCJP
dpr_orc_prd2 EBLREFP
dpr_orc_prd2 EBMHIFP
dpr_orc_prd2 EBMIEXP
dpr_orc_prd2 EBMIEXP1
dpr_orc_prd2 EBMIEXP2
dpr_orc_prd2 EBMIEXP3
dpr_orc_prd2 EBMIEXP4
dpr_orc_prd2 EBPDPYP
dpr_orc_prd2 EBPLCPP
dpr_orc_prd2 EBSCCPP
dpr_orc_prd2 EBTRSTP
dpr_orc_prd2 EOEXTCFP
dpr_orc_prd2 EOMNLPP
dpr_orc_prd2 EOMNLPPM
dpr_orc_prd2 EOSQLSFP
dpr_orc_prd2 EP@BLMP
dpr_orc_prd2 EPABAJP
dpr_orc_prd2 EPACLMP
dpr_orc_prd2 EPACLMP1
dpr_orc_prd2 EPACLPP
dpr_orc_prd2 EPACMSP
dpr_orc_prd2 EPACTFP
dpr_orc_prd2 EPADCLP
dpr_orc_prd2 EPADCPP
dpr_orc_prd2 EPADCTP
dpr_orc_prd2 EPADCTP1
dpr_orc_prd2 EPADCTP2
dpr_orc_prd2 EPADCTPV
dpr_orc_prd2 EPADINP1
dpr_orc_prd2 EPADINPV
dpr_orc_prd2 EPADMCP
dpr_orc_prd2 EPADPRPN
dpr_orc_prd2 EPADPRPV
dpr_orc_prd2 EPADRFP
dpr_orc_prd2 EPALSFP
dpr_orc_prd2 EPASMSP
dpr_orc_prd2 EPASMSP1
dpr_orc_prd2 EPASMSP2
dpr_orc_prd2 EPATMTP
dpr_orc_prd2 EPBACPP
dpr_orc_prd2 EPBAT1P
dpr_orc_prd2 EPBAT2P
dpr_orc_prd2 EPBAT3P
dpr_orc_prd2 EPBATBP
dpr_orc_prd2 EPBATPP
dpr_orc_prd2 EPBCRQP
dpr_orc_prd2 EPBCRQP1
dpr_orc_prd2 EPBDCCP
dpr_orc_prd2 EPBDRPP
dpr_orc_prd2 EPBEFCP
dpr_orc_prd2 EPBGCPP
dpr_orc_prd2 EPBIAPP
dpr_orc_prd2 EPBLATP
dpr_orc_prd2 EPBLCBP
dpr_orc_prd2 EPBLDSP
dpr_orc_prd2 EPBLDXP
dpr_orc_prd2 EPBLEXP
dpr_orc_prd2 EPBLHXP
dpr_orc_prd2 EPBLIHP
dpr_orc_prd2 EPBLMSP
dpr_orc_prd2 EPBLMSP1
dpr_orc_prd2 EPBLMSP9
dpr_orc_prd2 EPBLMSPZ
dpr_orc_prd2 EPBLMXP
dpr_orc_prd2 EPBLRCP
dpr_orc_prd2 EPBLRCP1
dpr_orc_prd2 EPBLSFP
dpr_orc_prd2 EPBLSTP
dpr_orc_prd2 EPBLSTP1
dpr_orc_prd2 EPBLTFP
dpr_orc_prd2 EPBLTOP
dpr_orc_prd2 EPBLTOP1
dpr_orc_prd2 EPBLTOP2
dpr_orc_prd2 EPBLWAP
dpr_orc_prd2 EPBLWXP
dpr_orc_prd2 EPBNMCP
dpr_orc_prd2 EPBPCPP
dpr_orc_prd2 EPBRDRP
dpr_orc_prd2 EPBRDSP
dpr_orc_prd2 EPBRDSP1
dpr_orc_prd2 EPBRDSP2
dpr_orc_prd2 EPBRDWP
dpr_orc_prd2 EPBSAPP
dpr_orc_prd2 EPBSCPP
dpr_orc_prd2 EPBSERP
dpr_orc_prd2 EPBTAVP
dpr_orc_prd2 EPBTAVP1
dpr_orc_prd2 EPBUAPP
dpr_orc_prd2 EPCBBMP
dpr_orc_prd2 EPCBBPP
dpr_orc_prd2 EPCBBWP
dpr_orc_prd2 EPCBCLP
dpr_orc_prd2 EPCBCLP1
dpr_orc_prd2 EPCBLFP
dpr_orc_prd2 EPCBSTP
dpr_orc_prd2 EPCCMAP
dpr_orc_prd2 EPCCSMP
dpr_orc_prd2 EPCFDJP
dpr_orc_prd2 EPCFMAP
dpr_orc_prd2 EPCFMSP
dpr_orc_prd2 EPCFTRP
dpr_orc_prd2 EPCFWAP
dpr_orc_prd2 EPCHGPP
dpr_orc_prd2 EPCHHYP
dpr_orc_prd2 EPCHPMP
dpr_orc_prd2 EPCHWAP
dpr_orc_prd2 EPCLAUP
dpr_orc_prd2 EPCLUSP
dpr_orc_prd2 EPCLWAP
dpr_orc_prd2 EPCMSTP
dpr_orc_prd2 EPCNBBP
dpr_orc_prd2 EPCNWAP
dpr_orc_prd2 EPCON2P
dpr_orc_prd2 EPCON2P5
dpr_orc_prd2 EPCON2PD
dpr_orc_prd2 EPCON2PD5
dpr_orc_prd2 EPCON2PDS
dpr_orc_prd2 EPCON2PS
dpr_orc_prd2 EPCSRNP
dpr_orc_prd2 EPCSRNP1
dpr_orc_prd2 EPCSRQP
dpr_orc_prd2 EPCSRQP1
dpr_orc_prd2 EPCTLPP
dpr_orc_prd2 EPCUWAP
dpr_orc_prd2 EPDANSP
dpr_orc_prd2 EPDBSCP
dpr_orc_prd2 EPDBSCP1
dpr_orc_prd2 EPDBSCP5
dpr_orc_prd2 EPDBSTP
dpr_orc_prd2 EPDBSTP1
dpr_orc_prd2 EPDBSTP5
dpr_orc_prd2 EPDCATP
dpr_orc_prd2 EPDCCBP
dpr_orc_prd2 EPDCCPP
dpr_orc_prd2 EPDCDSP
dpr_orc_prd2 EPDCEXP
dpr_orc_prd2 EPDCMSP
dpr_orc_prd2 EPDCMSP3
dpr_orc_prd2 EPDCMSP9
dpr_orc_prd2 EPDCMSPZ
dpr_orc_prd2 EPDCNAP
dpr_orc_prd2 EPDCOEP
dpr_orc_prd2 EPDCSTP
dpr_orc_prd2 EPDCSTP1
dpr_orc_prd2 EPDCSTP2
dpr_orc_prd2 EPDCTFP
dpr_orc_prd2 EPDICSP
dpr_orc_prd2 EPDIGSP
dpr_orc_prd2 EPDITIP
dpr_orc_prd2 EPDIUIP
dpr_orc_prd2 EPDLWAP
dpr_orc_prd2 EPDOUIP
dpr_orc_prd2 EPDPDCP
dpr_orc_prd2 EPDPIFP
dpr_orc_prd2 EPDPITP
dpr_orc_prd2 EPDPITP1
dpr_orc_prd2 EPDPMSP
dpr_orc_prd2 EPDPTFP
dpr_orc_prd2 EPDPWAP
dpr_orc_prd2 EPDSCRP
dpr_orc_prd2 EPDSWAP
dpr_orc_prd2 EPDTMTP
dpr_orc_prd2 EPDVCLP
dpr_orc_prd2 EPEBLFP
dpr_orc_prd2 EPECILP
dpr_orc_prd2 EPECILP1
dpr_orc_prd2 EPEDAWP
dpr_orc_prd2 EPEDCFP
dpr_orc_prd2 EPEDIBP
dpr_orc_prd2 EPEDIHP
dpr_orc_prd2 EPEDIRP
dpr_orc_prd2 EPEDMSP
dpr_orc_prd2 EPEDPQP
dpr_orc_prd2 EPEDRCP
dpr_orc_prd2 EPEDRDP
dpr_orc_prd2 EPEDRPP
dpr_orc_prd2 EPEMAIP
dpr_orc_prd2 EPEMRDP
dpr_orc_prd2 EPEMRQP
dpr_orc_prd2 EPEXMPP
dpr_orc_prd2 EPEXMPP1
dpr_orc_prd2 EPEXTPP
dpr_orc_prd2 EPFEXSP
dpr_orc_prd2 EPFSIDP
dpr_orc_prd2 EPFSIDP1
dpr_orc_prd2 EPFSIDP2
dpr_orc_prd2 EPFTRWP
dpr_orc_prd2 EPGECPP
dpr_orc_prd2 EPGFPRPT
dpr_orc_prd2 EPGFXPP
dpr_orc_prd2 EPGIPRPT
dpr_orc_prd2 EPGMSAP
dpr_orc_prd2 EPGMSCP
dpr_orc_prd2 EPGPRDPT
dpr_orc_prd2 EPGQFWPT
dpr_orc_prd2 EPHDRIP
dpr_orc_prd2 EPHITMP
dpr_orc_prd2 EPHITMP1
dpr_orc_prd2 EPHWSPP
dpr_orc_prd2 EPIBLFP
dpr_orc_prd2 EPICMCP
dpr_orc_prd2 EPICMCP1
dpr_orc_prd2 EPICMSP
dpr_orc_prd2 EPICMTP
dpr_orc_prd2 EPIDCFP
dpr_orc_prd2 EPINAJP
dpr_orc_prd2 EPINAJP1
dpr_orc_prd2 EPINGSP
dpr_orc_prd2 EPISGFP
dpr_orc_prd2 EPJCL
dpr_orc_prd2 EPLNAPP
dpr_orc_prd2 EPLNDFP
dpr_orc_prd2 EPLOCDP
dpr_orc_prd2 EPMBERP
dpr_orc_prd2 EPMBLOP
dpr_orc_prd2 EPMBRQP
dpr_orc_prd2 EPMBSTP
dpr_orc_prd2 EPMDCDP
dpr_orc_prd2 EPMDCDP1
dpr_orc_prd2 EPOCTDP
dpr_orc_prd2 EPODMAP
dpr_orc_prd2 EPODMSP
dpr_orc_prd2 EPODWAP
dpr_orc_prd2 EPOHINP
dpr_orc_prd2 EPOMNCP
dpr_orc_prd2 EPPDCPP
dpr_orc_prd2 EPPDUEP
dpr_orc_prd2 EPPLLKP
dpr_orc_prd2 EPPLMTP
dpr_orc_prd2 EPPOMSP
dpr_orc_prd2 EPPOWAP
dpr_orc_prd2 EPPRQCP
dpr_orc_prd2 EPQBRDP
dpr_orc_prd2 EPREPTP
dpr_orc_prd2 EPREPTP1
dpr_orc_prd2 EPREPTP2
dpr_orc_prd2 EPRLNPP
dpr_orc_prd2 EPRODLP
dpr_orc_prd2 EPRXRNP
dpr_orc_prd2 EPSAAWP
dpr_orc_prd2 EPSBCHP
dpr_orc_prd2 EPSCWAP
dpr_orc_prd2 EPSENTP
dpr_orc_prd2 EPSENTP1
dpr_orc_prd2 EPSENTP2
dpr_orc_prd2 EPSGEXP
dpr_orc_prd2 EPSIMSP
dpr_orc_prd2 EPSIWAP
dpr_orc_prd2 EPSIWIP
dpr_orc_prd2 EPSPINP
dpr_orc_prd2 EPSPMSP
dpr_orc_prd2 EPSPNCP
dpr_orc_prd2 EPSPWAP
dpr_orc_prd2 EPSPWIP
dpr_orc_prd2 EPSRCFP
dpr_orc_prd2 EPSRCPP
dpr_orc_prd2 EPSRDFP
dpr_orc_prd2 EPSTMSP
dpr_orc_prd2 EPSTSRP
dpr_orc_prd2 EPSTSRP1
dpr_orc_prd2 EPSTWAP
dpr_orc_prd2 EPSVPRP
dpr_orc_prd2 EPSYCPP
dpr_orc_prd2 EPTATPP
dpr_orc_prd2 EPTLFCP
dpr_orc_prd2 EPTRCLP
dpr_orc_prd2 EPTRDCP
dpr_orc_prd2 EPTTCWP
dpr_orc_prd2 EPTXRNP
dpr_orc_prd2 EPUPCHP
dpr_orc_prd2 EPUPCLP
dpr_orc_prd2 EPUPCTP
dpr_orc_prd2 EPUPGPP
dpr_orc_prd2 EPUPIFP
dpr_orc_prd2 EPWIPSP
dpr_orc_prd2 EPWSDQP
dpr_orc_prd2 EPXDCCP
dpr_orc_prd2 EPXMTHP
dpr_orc_prd2 EPXTCLP
dpr_orc_prd2 EPXTCLP1
dpr_orc_prd2 EPXTCLP2
dpr_orc_prd2 EPXTIFP
dpr_orc_prd2 HD@PODP
dpr_orc_prd2 HD@POSP
dpr_orc_prd2 HD@PRFP
dpr_orc_prd2 HD@SMPCP
dpr_orc_prd2 HD@SMPRP
dpr_orc_prd2 HEACHCP
dpr_orc_prd2 HEACHCP1
dpr_orc_prd2 HEACIGP
dpr_orc_prd2 HEACIGP1
dpr_orc_prd2 HEACIMP
dpr_orc_prd2 HEACNMP
dpr_orc_prd2 HEBPCLP
dpr_orc_prd2 HEBPDTP
dpr_orc_prd2 HEBPSHP
dpr_orc_prd2 HEIIEXP
dpr_orc_prd2 HEINCLP
dpr_orc_prd2 HEMGCLP
dpr_orc_prd2 HEMGERP
dpr_orc_prd2 HEMHIFP
dpr_orc_prd2 HEMICLP
dpr_orc_prd2 HEMICLP1
dpr_orc_prd2 HEMIINP
dpr_orc_prd2 HEMINRP
dpr_orc_prd2 HEMIREP
dpr_orc_prd2 HEMOCLP
dpr_orc_prd2 HEMOREP
dpr_orc_prd2 HEMPRDP
dpr_orc_prd2 HEMRDTP
dpr_orc_prd2 HEMRECP
dpr_orc_prd2 HEPINKP
dpr_orc_prd2 HEPINSP
dpr_orc_prd2 HERPRQP
dpr_orc_prd2 HERPRWP
dpr_orc_prd2 HERPRWP1
dpr_orc_prd2 HERTLGP
dpr_orc_prd2 HESYRCP
dpr_orc_prd2 HFBKIDP
dpr_orc_prd2 HFCYCPP
dpr_orc_prd2 HFELOGP
dpr_orc_prd2 HFEXUSP
dpr_orc_prd2 HLACCIP
dpr_orc_prd2 HLACOIP
dpr_orc_prd2 HLCLMTP
dpr_orc_prd2 HLCSACP
dpr_orc_prd2 HLCUSIP
dpr_orc_prd2 HLCYIFP
dpr_orc_prd2 HLINSIP
dpr_orc_prd2 HLODEXP
dpr_orc_prd2 HLRATEP
dpr_orc_prd2 HLSCRLP
dpr_orc_prd2 HLSECHP
dpr_orc_prd2 HLTCPCP
dpr_orc_prd2 HOACTLP
dpr_orc_prd2 HODYXLP
dpr_orc_prd2 HOMIEXP
dpr_orc_prd2 HOMIRPP
dpr_orc_prd2 HOOUTLP
dpr_orc_prd2 HOPLCPP
dpr_orc_prd2 HS@ACMSP
dpr_orc_prd2 HS@ACTP
dpr_orc_prd2 HS@AHDP
dpr_orc_prd2 HS@ALCP
dpr_orc_prd2 HS@ALFP
dpr_orc_prd2 HS@ALSP
dpr_orc_prd2 HS@ANCP
dpr_orc_prd2 HS@ANFP
dpr_orc_prd2 HS@ANSP
dpr_orc_prd2 HS@APSP
dpr_orc_prd2 HS@APSP1
dpr_orc_prd2 HS@APSP2
dpr_orc_prd2 HS@ASBP
dpr_orc_prd2 HS@BKFP
dpr_orc_prd2 HS@CEFP
dpr_orc_prd2 HS@CIFP
dpr_orc_prd2 HS@CMAP
dpr_orc_prd2 HS@CNSP
dpr_orc_prd2 HS@CPFP
dpr_orc_prd2 HS@CTJP
dpr_orc_prd2 HS@DIRAP
dpr_orc_prd2 HS@DIRQP
dpr_orc_prd2 HS@DIRQP1
dpr_orc_prd2 HS@DMFP
dpr_orc_prd2 HS@DMVP
dpr_orc_prd2 HS@DTFP
dpr_orc_prd2 HS@DWFP
dpr_orc_prd2 HS@ENTFP
dpr_orc_prd2 HS@HDMP
dpr_orc_prd2 HS@HDMP1
dpr_orc_prd2 HS@HDMP2
dpr_orc_prd2 HS@HDMP3
dpr_orc_prd2 HS@INSP
dpr_orc_prd2 HS@INTFP
dpr_orc_prd2 HS@INTTP
dpr_orc_prd2 HS@ITNP
dpr_orc_prd2 HS@MDRP
dpr_orc_prd2 HS@MKPP
dpr_orc_prd2 HS@MPMP
dpr_orc_prd2 HS@MSJP
dpr_orc_prd2 HS@MSMP
dpr_orc_prd2 HS@MSSP
dpr_orc_prd2 HS@PORTFP
dpr_orc_prd2 HS@QD1P
dpr_orc_prd2 HS@QFIP
dpr_orc_prd2 HS@QFMP
dpr_orc_prd2 HS@QFXP
dpr_orc_prd2 HS@QRYP
dpr_orc_prd2 HS@RCBP
dpr_orc_prd2 HS@RCBP1
dpr_orc_prd2 HS@RDAP
dpr_orc_prd2 HS@RDNP
dpr_orc_prd2 HS@RDTP
dpr_orc_prd2 HS@RMBP
dpr_orc_prd2 HS@RMTP
dpr_orc_prd2 HS@SCIP
dpr_orc_prd2 HS@SCIP1
dpr_orc_prd2 HS@SCMSP
dpr_orc_prd2 HS@SCRP
dpr_orc_prd2 HS@SECFP
dpr_orc_prd2 HS@SMAP
dpr_orc_prd2 HS@STNP
dpr_orc_prd2 HS@TOTFP
dpr_orc_prd2 HS@USIP
dpr_orc_prd2 HS@WHTP
dpr_orc_prd2 HSAAOUP
dpr_orc_prd2 HSAASAP
dpr_orc_prd2 HSAASCP
dpr_orc_prd2 HSAASCP1
dpr_orc_prd2 HSACAAP
dpr_orc_prd2 HSACADP
dpr_orc_prd2 HSACAEP
dpr_orc_prd2 HSACAEP1
dpr_orc_prd2 HSACARP
dpr_orc_prd2 HSACAWP
dpr_orc_prd2 HSACCIP
dpr_orc_prd2 HSACCIP1
dpr_orc_prd2 HSACHDP
dpr_orc_prd2 HSACHDP1
dpr_orc_prd2 HSACIMP
dpr_orc_prd2 HSACMAP
dpr_orc_prd2 HSACMSP
dpr_orc_prd2 HSACMVP
dpr_orc_prd2 HSACMVP1
dpr_orc_prd2 HSACMVP2
dpr_orc_prd2 HSACPLP
dpr_orc_prd2 HSACPSP
dpr_orc_prd2 HSACRAP
dpr_orc_prd2 HSACRGP
dpr_orc_prd2 HSACRGP1
dpr_orc_prd2 HSACSPP
dpr_orc_prd2 HSACSTP
dpr_orc_prd2 HSACSTP1
dpr_orc_prd2 HSAGLAP
dpr_orc_prd2 HSAGLCP
dpr_orc_prd2 HSAGNAP
dpr_orc_prd2 HSAGNTP
dpr_orc_prd2 HSAGPWP
dpr_orc_prd2 HSAHCAP
dpr_orc_prd2 HSAHCGP
dpr_orc_prd2 HSAHCGP1
dpr_orc_prd2 HSALVLP
dpr_orc_prd2 HSALVLP1
dpr_orc_prd2 HSALVLP2
dpr_orc_prd2 HSALVLP4
dpr_orc_prd2 HSAMCAP
dpr_orc_prd2 HSAMCDP
dpr_orc_prd2 HSAMCDP1
dpr_orc_prd2 HSAOAAP
dpr_orc_prd2 HSAOACP
dpr_orc_prd2 HSAOSAP
dpr_orc_prd2 HSAOSCP
dpr_orc_prd2 HSAPSAP
dpr_orc_prd2 HSAPYAP
dpr_orc_prd2 HSAPYDP
dpr_orc_prd2 HSAPYDP1
dpr_orc_prd2 HSASAAP
dpr_orc_prd2 HSASACP
dpr_orc_prd2 HSASACP1
dpr_orc_prd2 HSATCWP
dpr_orc_prd2 HSATLGP
dpr_orc_prd2 HSAVAHP
dpr_orc_prd2 HSAVAHP1
dpr_orc_prd2 HSAVAHP2
dpr_orc_prd2 HSAVAHP3
dpr_orc_prd2 HSAVAHP4
dpr_orc_prd2 HSAVAHP5
dpr_orc_prd2 HSAVBQP
dpr_orc_prd2 HSAVBQP1
dpr_orc_prd2 HSAVCAP
dpr_orc_prd2 HSAVDAP
dpr_orc_prd2 HSAVPAP
dpr_orc_prd2 HSAVPCP
dpr_orc_prd2 HSAVRCP
dpr_orc_prd2 HSAVRCP3
dpr_orc_prd2 HSAVRHP
dpr_orc_prd2 HSAVRHP1
dpr_orc_prd2 HSAVRHP2
dpr_orc_prd2 HSAVRHP3
dpr_orc_prd2 HSAVRHP5
dpr_orc_prd2 HSBAMAP
dpr_orc_prd2 HSBAMCP
dpr_orc_prd2 HSBCHAP
dpr_orc_prd2 HSBCHCP
dpr_orc_prd2 HSBCHDP
dpr_orc_prd2 HSBCRAP
dpr_orc_prd2 HSBCRTP
dpr_orc_prd2 HSBCRTP1
dpr_orc_prd2 HSBCVLP
dpr_orc_prd2 HSBCVLP9
dpr_orc_prd2 HSBDRAP
dpr_orc_prd2 HSBDRQP
dpr_orc_prd2 HSBDRQP1
dpr_orc_prd2 HSBSRAP
dpr_orc_prd2 HSBSRQP
dpr_orc_prd2 HSBSRQP9
dpr_orc_prd2 HSBWAAP
dpr_orc_prd2 HSBWAGP
dpr_orc_prd2 HSCALWP
dpr_orc_prd2 HSCBPAP
dpr_orc_prd2 HSCCPWP
dpr_orc_prd2 HSCCSTP
dpr_orc_prd2 HSCDCAP
dpr_orc_prd2 HSCDCCP
dpr_orc_prd2 HSCDCCP1
dpr_orc_prd2 HSCDCCP2
dpr_orc_prd2 HSCDFAP
dpr_orc_prd2 HSCDFSP
dpr_orc_prd2 HSCDFSP1
dpr_orc_prd2 HSCDHWP
dpr_orc_prd2 HSCDHWP1
dpr_orc_prd2 HSCDSAP
dpr_orc_prd2 HSCDSLP
dpr_orc_prd2 HSCDSNP
dpr_orc_prd2 HSCDTXP
dpr_orc_prd2 HSCEAAP
dpr_orc_prd2 HSCEABP
dpr_orc_prd2 HSCEABP1
dpr_orc_prd2 HSCEAHP
dpr_orc_prd2 HSCEANP
dpr_orc_prd2 HSCEARP
dpr_orc_prd2 HSCEATP
dpr_orc_prd2 HSCEBAP
dpr_orc_prd2 HSCEBBP
dpr_orc_prd2 HSCEBBP1
dpr_orc_prd2 HSCEBBP2
dpr_orc_prd2 HSCEBBP3
dpr_orc_prd2 HSCECAP
dpr_orc_prd2 HSCECCP
dpr_orc_prd2 HSCECCP1
dpr_orc_prd2 HSCECCP2
dpr_orc_prd2 HSCECRP
dpr_orc_prd2 HSCECTP
dpr_orc_prd2 HSCECTP1
dpr_orc_prd2 HSCEDAP
dpr_orc_prd2 HSCEDDP
dpr_orc_prd2 HSCEDDP1
dpr_orc_prd2 HSCEEAP
dpr_orc_prd2 HSCEETP
dpr_orc_prd2 HSCEETP1
dpr_orc_prd2 HSCEETP2
dpr_orc_prd2 HSCEETP3
dpr_orc_prd2 HSCEIAP
dpr_orc_prd2 HSCEIFP
dpr_orc_prd2 HSCEIJP
dpr_orc_prd2 HSCEIJP1
dpr_orc_prd2 HSCEIJP9
dpr_orc_prd2 HSCEISP
dpr_orc_prd2 HSCEISP1
dpr_orc_prd2 HSCEKAP
dpr_orc_prd2 HSCEKHP
dpr_orc_prd2 HSCEKHP1
dpr_orc_prd2 HSCELAP
dpr_orc_prd2 HSCELJP
dpr_orc_prd2 HSCELJP1
dpr_orc_prd2 HSCELJP9
dpr_orc_prd2 HSCELRP
dpr_orc_prd2 HSCEMAP
dpr_orc_prd2 HSCEMJP
dpr_orc_prd2 HSCEMRP
dpr_orc_prd2 HSCENAP
dpr_orc_prd2 HSCENAP1
dpr_orc_prd2 HSCEOAP
dpr_orc_prd2 HSCEOJP
dpr_orc_prd2 HSCEOJP1
dpr_orc_prd2 HSCEOJP9
dpr_orc_prd2 HSCEORP
dpr_orc_prd2 HSCEPAP
dpr_orc_prd2 HSCEPCP
dpr_orc_prd2 HSCEPCP1
dpr_orc_prd2 HSCEPMP
dpr_orc_prd2 HSCEPMP1
dpr_orc_prd2 HSCEPMP2
dpr_orc_prd2 HSCEQAP
dpr_orc_prd2 HSCEQLP
dpr_orc_prd2 HSCERAP
dpr_orc_prd2 HSCERCP
dpr_orc_prd2 HSCERCP2
dpr_orc_prd2 HSCERTP
dpr_orc_prd2 HSCERTP1
dpr_orc_prd2 HSCERTP2
dpr_orc_prd2 HSCESAP
dpr_orc_prd2 HSCESTP
dpr_orc_prd2 HSCESTP1
dpr_orc_prd2 HSCESTP2
dpr_orc_prd2 HSCESTP9
dpr_orc_prd2 HSCETAP
dpr_orc_prd2 HSCETNP
dpr_orc_prd2 HSCETYP
dpr_orc_prd2 HSCETYP1
dpr_orc_prd2 HSCEUAP
dpr_orc_prd2 HSCEUBP
dpr_orc_prd2 HSCEUBP1
dpr_orc_prd2 HSCEVAP
dpr_orc_prd2 HSCEVPP
dpr_orc_prd2 HSCEVPP1
dpr_orc_prd2 HSCEXAP
dpr_orc_prd2 HSCEXBP
dpr_orc_prd2 HSCEXCP
dpr_orc_prd2 HSCEXEP
dpr_orc_prd2 HSCEXRP
dpr_orc_prd2 HSCEYAP
dpr_orc_prd2 HSCEYBP
dpr_orc_prd2 HSCEYCP
dpr_orc_prd2 HSCEYCP1
dpr_orc_prd2 HSCEYDP
dpr_orc_prd2 HSCEYDP1
dpr_orc_prd2 HSCGALP
dpr_orc_prd2 HSCGARP
dpr_orc_prd2 HSCGARP1
dpr_orc_prd2 HSCGCAP
dpr_orc_prd2 HSCGCJP
dpr_orc_prd2 HSCGCJP1
dpr_orc_prd2 HSCGCLP
dpr_orc_prd2 HSCGCLP1
dpr_orc_prd2 HSCGCSP
dpr_orc_prd2 HSCGHAP
dpr_orc_prd2 HSCGHDP
dpr_orc_prd2 HSCGHDP1
dpr_orc_prd2 HSCGHJP
dpr_orc_prd2 HSCGHJP1
dpr_orc_prd2 HSCGLAP
dpr_orc_prd2 HSCGSAP
dpr_orc_prd2 HSCGSTP
dpr_orc_prd2 HSCHRAP
dpr_orc_prd2 HSCHRNP
dpr_orc_prd2 HSCHRNP1
dpr_orc_prd2 HSCIEAP
dpr_orc_prd2 HSCIEHP
dpr_orc_prd2 HSCISGP
dpr_orc_prd2 HSCIUAP
dpr_orc_prd2 HSCIUCP
dpr_orc_prd2 HSCIUEP
dpr_orc_prd2 HSCLSAP
dpr_orc_prd2 HSCLSJP
dpr_orc_prd2 HSCLSJP1
dpr_orc_prd2 HSCLSPP
dpr_orc_prd2 HSCPAAP
dpr_orc_prd2 HSCPARP
dpr_orc_prd2 HSCPCAP
dpr_orc_prd2 HSCPCJP
dpr_orc_prd2 HSCPCJP1
dpr_orc_prd2 HSCPCLP
dpr_orc_prd2 HSCPIAP
dpr_orc_prd2 HSCPIJP
dpr_orc_prd2 HSCPIJP1
dpr_orc_prd2 HSCPITP
dpr_orc_prd2 HSCPMAP
dpr_orc_prd2 HSCPMLP
dpr_orc_prd2 HSCPPAP
dpr_orc_prd2 HSCPPTP
dpr_orc_prd2 HSCPRAP
dpr_orc_prd2 HSCPRJP
dpr_orc_prd2 HSCPRJP1
dpr_orc_prd2 HSCPRJP9
dpr_orc_prd2 HSCPRQP
dpr_orc_prd2 HSCPRQP1
dpr_orc_prd2 HSCPSAP
dpr_orc_prd2 HSCPSCP
dpr_orc_prd2 HSCPTAP
dpr_orc_prd2 HSCPTYP
dpr_orc_prd2 HSCPTYP1
dpr_orc_prd2 HSCPTYP2
dpr_orc_prd2 HSCR00P
dpr_orc_prd2 HSCRORP
dpr_orc_prd2 HSCRQCP
dpr_orc_prd2 HSCRQCP1
dpr_orc_prd2 HSCRQDP
dpr_orc_prd2 HSCRQDP1
dpr_orc_prd2 HSCSEXP
dpr_orc_prd2 HSCSPAP
dpr_orc_prd2 HSCSPJP
dpr_orc_prd2 HSCSPJP1
dpr_orc_prd2 HSCSPJP9
dpr_orc_prd2 HSCSPQP
dpr_orc_prd2 HSCSRQP
dpr_orc_prd2 HSCSUAP
dpr_orc_prd2 HSCSUPP
dpr_orc_prd2 HSCSUPP1
dpr_orc_prd2 HSCTRAP
dpr_orc_prd2 HSCTREP
dpr_orc_prd2 HSCTREP1
dpr_orc_prd2 HSCTRJP
dpr_orc_prd2 HSCTRJP1
dpr_orc_prd2 HSCUSAP
dpr_orc_prd2 HSCUSAPB
dpr_orc_prd2 HSCUSTP
dpr_orc_prd2 HSCUSTP1
dpr_orc_prd2 HSCUSTPB
dpr_orc_prd2 HSCXBAP
dpr_orc_prd2 HSCXCAP
dpr_orc_prd2 HSCXEAP
dpr_orc_prd2 HSDBHAP
dpr_orc_prd2 HSDBHCP
dpr_orc_prd2 HSDBHCP1
dpr_orc_prd2 HSDEILP
dpr_orc_prd2 HSDFLDP
dpr_orc_prd2 HSDFTWP
dpr_orc_prd2 HSDIACP
dpr_orc_prd2 HSDIADP
dpr_orc_prd2 HSDICAP
dpr_orc_prd2 HSDICHP
dpr_orc_prd2 HSDICQP
dpr_orc_prd2 HSDIDAP
dpr_orc_prd2 HSDIDHP
dpr_orc_prd2 HSDIDQP
dpr_orc_prd2 HSDIEAP
dpr_orc_prd2 HSDIEHP
dpr_orc_prd2 HSDIEQP
dpr_orc_prd2 HSDIEQP2
dpr_orc_prd2 HSDIHCP
dpr_orc_prd2 HSDIKAP
dpr_orc_prd2 HSDIKHP
dpr_orc_prd2 HSDIKMP
dpr_orc_prd2 HSDIMCP
dpr_orc_prd2 HSDIMDP
dpr_orc_prd2 HSDINAP
dpr_orc_prd2 HSDINQP
dpr_orc_prd2 HSDINQP1
dpr_orc_prd2 HSDINQP2
dpr_orc_prd2 HSDIRAP
dpr_orc_prd2 HSDIRHP
dpr_orc_prd2 HSDIRHP1
dpr_orc_prd2 HSDIRQP
dpr_orc_prd2 HSDIRQP1
dpr_orc_prd2 HSDIRQP2
dpr_orc_prd2 HSDISAP
dpr_orc_prd2 HSDISHP
dpr_orc_prd2 HSDISQP
dpr_orc_prd2 HSDITAP
dpr_orc_prd2 HSDITHP
dpr_orc_prd2 HSDITTP
dpr_orc_prd2 HSDITTP1
dpr_orc_prd2 HSDIXAP
dpr_orc_prd2 HSDIXQP
dpr_orc_prd2 HSDIXQP2
dpr_orc_prd2 HSDLARP
dpr_orc_prd2 HSDLJNP
dpr_orc_prd2 HSDLKCP
dpr_orc_prd2 HSDLMCP
dpr_orc_prd2 HSDOACP
dpr_orc_prd2 HSDOADP
dpr_orc_prd2 HSDOMCP
dpr_orc_prd2 HSDOMDP
dpr_orc_prd2 HSDORAP
dpr_orc_prd2 HSDORHP
dpr_orc_prd2 HSDORHP1
dpr_orc_prd2 HSDORQP
dpr_orc_prd2 HSDORQP1
dpr_orc_prd2 HSDOTAP
dpr_orc_prd2 HSDOTTP
dpr_orc_prd2 HSDOTTP1
dpr_orc_prd2 HSDPTAP
dpr_orc_prd2 HSDPTLP
dpr_orc_prd2 HSDYSLP
dpr_orc_prd2 HSENRAP
dpr_orc_prd2 HSENRPP
dpr_orc_prd2 HSENRPP1
dpr_orc_prd2 HSESCLP
dpr_orc_prd2 HSESLGP
dpr_orc_prd2 HSESLMP
dpr_orc_prd2 HSESNAP
dpr_orc_prd2 HSESNRP
dpr_orc_prd2 HSESNRP1
dpr_orc_prd2 HSESPQP
dpr_orc_prd2 HSESRQP
dpr_orc_prd2 HSEVTAP
dpr_orc_prd2 HSEVTLP
dpr_orc_prd2 HSEXCTP
dpr_orc_prd2 HSEXCTP1
dpr_orc_prd2 HSEXMAP
dpr_orc_prd2 HSEXMTP
dpr_orc_prd2 HSEXRTP
dpr_orc_prd2 HSFNCTP
dpr_orc_prd2 HSFSCCP
dpr_orc_prd2 HSFSCCP1
dpr_orc_prd2 HSFSCCP2
dpr_orc_prd2 HSGASAP
dpr_orc_prd2 HSGASCP
dpr_orc_prd2 HSGASJP
dpr_orc_prd2 HSGASJP1
dpr_orc_prd2 HSGDIAP
dpr_orc_prd2 HSGDICP
dpr_orc_prd2 HSGDICP1
dpr_orc_prd2 HSGDIJP
dpr_orc_prd2 HSGDIJP1
dpr_orc_prd2 HSGMNSP
dpr_orc_prd2 HSGMNSP1
dpr_orc_prd2 HSGRAMP
dpr_orc_prd2 HSGRAMP1
dpr_orc_prd2 HSGRMAP
dpr_orc_prd2 HSHCRNP
dpr_orc_prd2 HSHCRNP1
dpr_orc_prd2 HSHDMNP
dpr_orc_prd2 HSHDMNP1
dpr_orc_prd2 HSHDMNP3
dpr_orc_prd2 HSHDMVP
dpr_orc_prd2 HSHDMVP1
dpr_orc_prd2 HSHDMVP2
dpr_orc_prd2 HSHDMVP3
dpr_orc_prd2 HSHDPSP
dpr_orc_prd2 HSHDRCP
dpr_orc_prd2 HSHLD2PC
dpr_orc_prd2 HSHLDAP
dpr_orc_prd2 HSHLDRP
dpr_orc_prd2 HSHLDSP
dpr_orc_prd2 HSHPEAP
dpr_orc_prd2 HSHPEWP
dpr_orc_prd2 HSIAOLP
dpr_orc_prd2 HSIDAPP
dpr_orc_prd2 HSIMGTP
dpr_orc_prd2 HSIMTAP
dpr_orc_prd2 HSIMTHP
dpr_orc_prd2 HSINFAP
dpr_orc_prd2 HSINFCP
dpr_orc_prd2 HSINFCP1
dpr_orc_prd2 HSINSAP
dpr_orc_prd2 HSINSFP
dpr_orc_prd2 HSJBDFP
dpr_orc_prd2 HSLCCAP
dpr_orc_prd2 HSLCCEP
dpr_orc_prd2 HSLCCJP
dpr_orc_prd2 HSLOCAP
dpr_orc_prd2 HSLOCTP
dpr_orc_prd2 HSLOHAP
dpr_orc_prd2 HSLOHCP
dpr_orc_prd2 HSMBCDP
dpr_orc_prd2 HSMBCDP1
dpr_orc_prd2 HSMISWP
dpr_orc_prd2 HSMSSAP
dpr_orc_prd2 HSMSSCP
dpr_orc_prd2 HSNIALP
dpr_orc_prd2 HSNSCAP
dpr_orc_prd2 HSNSDAP
dpr_orc_prd2 HSNSDYP
dpr_orc_prd2 HSODCAP
dpr_orc_prd2 HSODCGP
dpr_orc_prd2 HSOMGCP
dpr_orc_prd2 HSOMGCP1
dpr_orc_prd2 HSOMGCP2
dpr_orc_prd2 HSOMGCP3
dpr_orc_prd2 HSOMGTP1
dpr_orc_prd2 HSOMGTP2
dpr_orc_prd2 HSOMGTP3
dpr_orc_prd2 HSPAPAP
dpr_orc_prd2 HSPAPCP
dpr_orc_prd2 HSPAPCP1
dpr_orc_prd2 HSPAPPP
dpr_orc_prd2 HSPAPPP1
dpr_orc_prd2 HSPDTPP
dpr_orc_prd2 HSPRSAP
dpr_orc_prd2 HSPRSCP
dpr_orc_prd2 HSPRSTP
dpr_orc_prd2 HSPTCAP
dpr_orc_prd2 HSPTCLP
dpr_orc_prd2 HSPUCLP
dpr_orc_prd2 HSPXSAP
dpr_orc_prd2 HSPXSTP
dpr_orc_prd2 HSQYILP
dpr_orc_prd2 HSRCFAP
dpr_orc_prd2 HSRCFDP
dpr_orc_prd2 HSRCFDP3
dpr_orc_prd2 HSRCFHP
dpr_orc_prd2 HSRCFLP
dpr_orc_prd2 HSRCHAP
dpr_orc_prd2 HSRCHDP
dpr_orc_prd2 HSRCHHP
dpr_orc_prd2 HSRCHLP
dpr_orc_prd2 HSRCRFP
dpr_orc_prd2 HSRDATP
dpr_orc_prd2 HSRDAWP
dpr_orc_prd2 HSRDBTP
dpr_orc_prd2 HSRDCWP
dpr_orc_prd2 HSRDEXP
dpr_orc_prd2 HSRDILP
dpr_orc_prd2 HSRDOAP
dpr_orc_prd2 HSRDODP
dpr_orc_prd2 HSRDOHP
dpr_orc_prd2 HSRDPCP
dpr_orc_prd2 HSRDWWP
dpr_orc_prd2 HSRDWWP1
dpr_orc_prd2 HSREGAP
dpr_orc_prd2 HSREGRP
dpr_orc_prd2 HSRFDWP
dpr_orc_prd2 HSRGBTP
dpr_orc_prd2 HSRGBTP1
dpr_orc_prd2 HSRGCHP
dpr_orc_prd2 HSRGCHP1
dpr_orc_prd2 HSRGCTP
dpr_orc_prd2 HSRGCTP1
dpr_orc_prd2 HSRGDNP
dpr_orc_prd2 HSRGDNP1
dpr_orc_prd2 HSRGHDP
dpr_orc_prd2 HSRGHDP1
dpr_orc_prd2 HSRGNAP
dpr_orc_prd2 HSRGNAP1
dpr_orc_prd2 HSRHXCP
dpr_orc_prd2 HSRHXCP1
dpr_orc_prd2 HSRHXDP
dpr_orc_prd2 HSRHXDP1
dpr_orc_prd2 HSRHXTP
dpr_orc_prd2 HSRHXTP1
dpr_orc_prd2 HSRMPSP
dpr_orc_prd2 HSRNAAP
dpr_orc_prd2 HSRNAVP
dpr_orc_prd2 HSRNCAP
dpr_orc_prd2 HSRNCDP
dpr_orc_prd2 HSRTALP
dpr_orc_prd2 HSSAODP
dpr_orc_prd2 HSSAPOP
dpr_orc_prd2 HSSBEWP
dpr_orc_prd2 HSSBMWP
dpr_orc_prd2 HSSBPWP
dpr_orc_prd2 HSSCAAP
dpr_orc_prd2 HSSCALP
dpr_orc_prd2 HSSCALP1
dpr_orc_prd2 HSSCIAP
dpr_orc_prd2 HSSCINP
dpr_orc_prd2 HSSCMAP
dpr_orc_prd2 HSSCMSP
dpr_orc_prd2 HSSCMSP1
dpr_orc_prd2 HSSCMSP2
dpr_orc_prd2 HSSCMSPB
dpr_orc_prd2 HSSCPAP
dpr_orc_prd2 HSSCPCP
dpr_orc_prd2 HSSCRCP
dpr_orc_prd2 HSSCTAP
dpr_orc_prd2 HSSCTYP
dpr_orc_prd2 HSSDTAR001
dpr_orc_prd2 HSSEAS0505
dpr_orc_prd2 HSSEASP
dpr_orc_prd2 HSSEBS0505
dpr_orc_prd2 HSSEBSP
dpr_orc_prd2 HSSEGAP
dpr_orc_prd2 HSSEGRP
dpr_orc_prd2 HSSEMS0505
dpr_orc_prd2 HSSEMSP
dpr_orc_prd2 HSSEOSP
dpr_orc_prd2 HSSEPFP
dpr_orc_prd2 HSSETSP
dpr_orc_prd2 HSSEZZP
dpr_orc_prd2 HSSFAAP
dpr_orc_prd2 HSSFALP
dpr_orc_prd2 HSSFCSP
dpr_orc_prd2 HSSFEXP
dpr_orc_prd2 HSSFLAP
dpr_orc_prd2 HSSFLMP
dpr_orc_prd2 HSSFRAP
dpr_orc_prd2 HSSFRQP
dpr_orc_prd2 HSSFRQP1
dpr_orc_prd2 HSSFSTP
dpr_orc_prd2 HSSHALP
dpr_orc_prd2 HSSIMPP
dpr_orc_prd2 HSSIMPP1
dpr_orc_prd2 HSSINAP
dpr_orc_prd2 HSSINPP
dpr_orc_prd2 HSSINPP1
dpr_orc_prd2 HSSLPFP
dpr_orc_prd2 HSSRCAP
dpr_orc_prd2 HSSRDMP
dpr_orc_prd2 HSSRDSP
dpr_orc_prd2 HSSRMAP
dpr_orc_prd2 HSSRMKP
dpr_orc_prd2 HSSTCAP
dpr_orc_prd2 HSSTCCP
dpr_orc_prd2 HSSTPAP
dpr_orc_prd2 HSSTPMP
dpr_orc_prd2 HSSTPTP
dpr_orc_prd2 HSSTRAP
dpr_orc_prd2 HSSTRQP
dpr_orc_prd2 HSSTRQP1
dpr_orc_prd2 HSSTSAP
dpr_orc_prd2 HSSTSIP
dpr_orc_prd2 HSSTSIP1
dpr_orc_prd2 HSSWTAP
dpr_orc_prd2 HSSWTQP
dpr_orc_prd2 HSSYTAP
dpr_orc_prd2 HSSYTLP
dpr_orc_prd2 HSTAALP
dpr_orc_prd2 HSTICKP
dpr_orc_prd2 HSTMEXP
dpr_orc_prd2 HSTSMFP
dpr_orc_prd2 HSTSTAP
dpr_orc_prd2 HSTXBAP
dpr_orc_prd2 HSTXBTP
dpr_orc_prd2 HSTXFNP
dpr_orc_prd2 HSUNTAP
dpr_orc_prd2 HSUNTCP
dpr_orc_prd2 HSUPCLP
dpr_orc_prd2 HSUPLAP
dpr_orc_prd2 HSUPLCP
dpr_orc_prd2 HSUPRAP
dpr_orc_prd2 HSUPRDP
dpr_orc_prd2 HSUTCAP
dpr_orc_prd2 HSUTDCP
dpr_orc_prd2 HSUTDEP
dpr_orc_prd2 HSUTICP
dpr_orc_prd2 HSUTIEP
dpr_orc_prd2 HSUTSCP
dpr_orc_prd2 HSUTSEP
dpr_orc_prd2 HSUTSIP
dpr_orc_prd2 HSUTSWP
dpr_orc_prd2 HSVCALP
dpr_orc_prd2 HSVCATP
dpr_orc_prd2 HSVCBAP
dpr_orc_prd2 HSVCBDP
dpr_orc_prd2 HSVCBTP
dpr_orc_prd2 HSVCBTP1
dpr_orc_prd2 HSVCMAP
dpr_orc_prd2 HSVCMBP
dpr_orc_prd2 HSVCMBP1
dpr_orc_prd2 HSWHTAP
dpr_orc_prd2 HSWHTXP
dpr_orc_prd2 HSWHTXP1
dpr_orc_prd2 HSXTCLP
dpr_orc_prd2 HSXTCLP1
dpr_orc_prd2 HSXTCLP2
dpr_orc_prd2 HSXTMMP
dpr_orc_prd2 HSXTMTP
dpr_orc_prd2 HSXTTAP
dpr_orc_prd2 HSXTTHP
dpr_orc_prd2 HSZACPP
dpr_orc_prd2 HSZACPP1
dpr_orc_prd2 HSZANSP
dpr_orc_prd2 HSZANSP1
dpr_orc_prd2 HSZBTOP
dpr_orc_prd2 HSZBTOP1
dpr_orc_prd2 HSZCBAP
dpr_orc_prd2 HSZCBSP
dpr_orc_prd2 HSZCCAP
dpr_orc_prd2 HSZCCMP
dpr_orc_prd2 HSZCECP
dpr_orc_prd2 HSZCECP1
dpr_orc_prd2 HSZCEDP
dpr_orc_prd2 HSZCEDP1
dpr_orc_prd2 HSZCEEP
dpr_orc_prd2 HSZCEEP1
dpr_orc_prd2 HSZCESP
dpr_orc_prd2 HSZCESP1
dpr_orc_prd2 HSZCGIP
dpr_orc_prd2 HSZCGIP1
dpr_orc_prd2 HSZCGYP
dpr_orc_prd2 HSZCGYP1
dpr_orc_prd2 HSZCICP
dpr_orc_prd2 HSZCICP1
dpr_orc_prd2 HSZCSPP
dpr_orc_prd2 HSZCSPP1
dpr_orc_prd2 HSZCTDP
dpr_orc_prd2 HSZCTDP1
dpr_orc_prd2 HSZDMGP
dpr_orc_prd2 HSZDMGP1
dpr_orc_prd2 HSZIMDP
dpr_orc_prd2 HSZIMDP1
dpr_orc_prd2 HSZIMRP
dpr_orc_prd2 HSZIMRP1
dpr_orc_prd2 HSZIMSP
dpr_orc_prd2 HSZIMSP1
dpr_orc_prd2 HSZIMTP
dpr_orc_prd2 HSZIMTP1
dpr_orc_prd2 HSZMSAP
dpr_orc_prd2 HSZMSTP
dpr_orc_prd2 HSZPSTP
dpr_orc_prd2 HSZRDFP
dpr_orc_prd2 HSZRDFP1
dpr_orc_prd2 HSZRDTP
dpr_orc_prd2 HSZRFDP
dpr_orc_prd2 HSZRFDP1
dpr_orc_prd2 HSZRGTP
dpr_orc_prd2 HSZSASP
dpr_orc_prd2 HSZSASP1
dpr_orc_prd2 HTALSFP
dpr_orc_prd2 HTBCHCP
dpr_orc_prd2 HTBCHCP5
dpr_orc_prd2 HTBCHCP9
dpr_orc_prd2 HTMQLCP
dpr_orc_prd2 HTONCLP
dpr_orc_prd2 HTONCLPZ
dpr_orc_prd2 HTONELP
dpr_orc_prd2 HTONELPZ
dpr_orc_prd2 HTONJQP
dpr_orc_prd2 HTSKIPP
dpr_orc_prd2 HTTLMTP
dpr_orc_prd2 HTTSLMP
dpr_orc_prd2 LDACMSP
dpr_orc_prd2 LDACMSP1
dpr_orc_prd2 LDACMSP2
dpr_orc_prd2 LDAPICP
dpr_orc_prd2 LDAPICP1
dpr_orc_prd2 LDAPICP2
dpr_orc_prd2 LDAPICP3
dpr_orc_prd2 LDAPISP
dpr_orc_prd2 LDCUSTP
dpr_orc_prd2 LDCUSTP1
dpr_orc_prd2 LDCUSTP2
dpr_orc_prd2 LDFDCLP
dpr_orc_prd2 LDFDESP
dpr_orc_prd2 LDMSDSP
dpr_orc_prd2 LDMSDTP
dpr_orc_prd2 LDSYCLP
dpr_orc_prd2 LDTMSTP
dpr_orc_prd2 LP@3PFP
dpr_orc_prd2 LP@ACFP
dpr_orc_prd2 LP@BNFP
dpr_orc_prd2 LP@CCFP
dpr_orc_prd2 LP@CEFP
dpr_orc_prd2 LP@CHGP
dpr_orc_prd2 LP@CHLP
dpr_orc_prd2 LP@MBRP
dpr_orc_prd2 LP@PBJP
dpr_orc_prd2 LP@VASP
dpr_orc_prd2 LSACCFP
dpr_orc_prd2 LSACMCP
dpr_orc_prd2 LSACMSP
dpr_orc_prd2 LSACMWP
dpr_orc_prd2 LSARLEP
dpr_orc_prd2 LSARMEP
dpr_orc_prd2 LSBCRQP
dpr_orc_prd2 LSBSCPP
dpr_orc_prd2 LSCBPCP
dpr_orc_prd2 LSCBPTP
dpr_orc_prd2 LSCFACP
dpr_orc_prd2 LSCHGCP
dpr_orc_prd2 LSCLPSP
dpr_orc_prd2 LSCQJNP
dpr_orc_prd2 LSCSRQP
dpr_orc_prd2 LSDCACP
dpr_orc_prd2 LSEXATP
dpr_orc_prd2 LSGFPRPT
dpr_orc_prd2 LSGIPRPT
dpr_orc_prd2 LSGPRDCP
dpr_orc_prd2 LSGPRDPT
dpr_orc_prd2 LSGPRFPT
dpr_orc_prd2 LSICSLP
dpr_orc_prd2 LSICSLP1
dpr_orc_prd2 LSILRJP
dpr_orc_prd2 LSILRSP
dpr_orc_prd2 LSINACP
dpr_orc_prd2 LSINACP1
dpr_orc_prd2 LSINACP9
dpr_orc_prd2 LSINSLP
dpr_orc_prd2 LSINSLP1
dpr_orc_prd2 LSOFACP
dpr_orc_prd2 LSOIACP
dpr_orc_prd2 LSOIACP1
dpr_orc_prd2 LSOIACP9
dpr_orc_prd2 LSPCLMP
dpr_orc_prd2 LSPDCPP
dpr_orc_prd2 LSRCDHP
dpr_orc_prd2 LSRCDTP
dpr_orc_prd2 LSRHCAP
dpr_orc_prd2 LSRHUCP
dpr_orc_prd2 LSRHYCP
dpr_orc_prd2 LSRPACP
dpr_orc_prd2 LSRPJNP
dpr_orc_prd2 LSRPSCP
dpr_orc_prd2 LSRPSLP
dpr_orc_prd2 LSRPSLP1
dpr_orc_prd2 LSSHLCP
dpr_orc_prd2 LSSMCPP
dpr_orc_prd2 LSSPCPP
dpr_orc_prd2 LSSTMTP
dpr_orc_prd2 LSTRJNP
dpr_orc_prd2 MGCBAWP
dpr_orc_prd2 MGCBAWP1
dpr_orc_prd2 MGCBHDP
dpr_orc_prd2 MGCBIDC
dpr_orc_prd2 MGCBMTP
dpr_orc_prd2 MGCBSNP
dpr_orc_prd2 MGCBTGP
dpr_orc_prd2 MKADIDP
dpr_orc_prd2 MKARDTP
dpr_orc_prd2 MKARDTP0
dpr_orc_prd2 MKARDTP1
dpr_orc_prd2 MKASCTP
dpr_orc_prd2 MKASCTP1
dpr_orc_prd2 MKAVCZP
dpr_orc_prd2 MKBDAJP
dpr_orc_prd2 MKBZMAP
dpr_orc_prd2 MKCCACP
dpr_orc_prd2 MKCCRDP
dpr_orc_prd2 MKCCRDP1
dpr_orc_prd2 MKCDMCQ1
dpr_orc_prd2 MKCDMSP
dpr_orc_prd2 MKCMCTP
dpr_orc_prd2 MKCOCTP
dpr_orc_prd2 MKCPACQ1
dpr_orc_prd2 MKCPCCP
dpr_orc_prd2 MKCPMCQ1
dpr_orc_prd2 MKCPRTP
dpr_orc_prd2 MKCRAIP
dpr_orc_prd2 MKCRAIP0
dpr_orc_prd2 MKCRAIP1
dpr_orc_prd2 MKCRCIP
dpr_orc_prd2 MKCRCIP0
dpr_orc_prd2 MKCRDAP
dpr_orc_prd2 MKCRDSP
dpr_orc_prd2 MKCRSAP
dpr_orc_prd2 MKCRSAP0
dpr_orc_prd2 MKCRSAP1
dpr_orc_prd2 MKDCACP
dpr_orc_prd2 MKDCACP0
dpr_orc_prd2 MKDCACP1
dpr_orc_prd2 MKDDACP
dpr_orc_prd2 MKDDACQ1
dpr_orc_prd2 MKDESCP
dpr_orc_prd2 MKDICTP
dpr_orc_prd2 MKDLRCP
dpr_orc_prd2 MKDMCTP
dpr_orc_prd2 MKDSCTP
dpr_orc_prd2 MKECMCP
dpr_orc_prd2 MKECMDP
dpr_orc_prd2 MKECUSP
dpr_orc_prd2 MKELCTP
dpr_orc_prd2 MKEMCTP
dpr_orc_prd2 MKFMAPP
dpr_orc_prd2 MKGACTP
dpr_orc_prd2 MKHHFMP
dpr_orc_prd2 MKHICTP
dpr_orc_prd2 MKHOCTP
dpr_orc_prd2 MKIPCTP
dpr_orc_prd2 MKJSCTP
dpr_orc_prd2 MKJSCTP0
dpr_orc_prd2 MKLCCTP
dpr_orc_prd2 MKLCYCP
dpr_orc_prd2 MKLIACP
dpr_orc_prd2 MKLIACP1
dpr_orc_prd2 MKLIACQ1
dpr_orc_prd2 MKLNCTP
dpr_orc_prd2 MKLNMAP
dpr_orc_prd2 MKLTCTP
dpr_orc_prd2 MKMCCTP
dpr_orc_prd2 MKMECTP
dpr_orc_prd2 MKMGCTP
dpr_orc_prd2 MKMICTP
dpr_orc_prd2 MKMLCTP
dpr_orc_prd2 MKMMAPP
dpr_orc_prd2 MKMRMAP
dpr_orc_prd2 MKMSCTP
dpr_orc_prd2 MKMSSTP
dpr_orc_prd2 MKOCCTP
dpr_orc_prd2 MKPDCTP
dpr_orc_prd2 MKPFMHP
dpr_orc_prd2 MKPFMHP0
dpr_orc_prd2 MKPFMPP
dpr_orc_prd2 MKPICTP
dpr_orc_prd2 MKPKACP
dpr_orc_prd2 MKPRJIQ1
dpr_orc_prd2 MKPRTDP
dpr_orc_prd2 MKRCYCP
dpr_orc_prd2 MKRICTP
dpr_orc_prd2 MKRICTP1
dpr_orc_prd2 MKRICTP2
dpr_orc_prd2 MKRLCTP
dpr_orc_prd2 MKROCTP
dpr_orc_prd2 MKRPCTP
dpr_orc_prd2 MKRTFMP
dpr_orc_prd2 MKRTFMP0
dpr_orc_prd2 MKRTFMQ1
dpr_orc_prd2 MKSBCTP
dpr_orc_prd2 MKSDCTP
dpr_orc_prd2 MKSDRKP
dpr_orc_prd2 MKSDRKP0
dpr_orc_prd2 MKSDSTP
dpr_orc_prd2 MKSYCTP
dpr_orc_prd2 MKTACTP
dpr_orc_prd2 MKTCACP
dpr_orc_prd2 MKTCACP0
dpr_orc_prd2 MKTCACP1
dpr_orc_prd2 MKTCACQ1
dpr_orc_prd2 MKTCCTP
dpr_orc_prd2 MKTCLSP
dpr_orc_prd2 MKTCLSP1
dpr_orc_prd2 MKTCLSP2
dpr_orc_prd2 MKTDACP
dpr_orc_prd2 MKTDACQ1
dpr_orc_prd2 MKTOCTP
dpr_orc_prd2 MKTRCTP
dpr_orc_prd2 MKTTCTP
dpr_orc_prd2 MKUSCTP
dpr_orc_prd2 MKXCMCP
dpr_orc_prd2 MKXTCTP
dpr_orc_prd2 MKYYMMP
dpr_orc_prd2 MKYYMMP0
dpr_orc_prd2 ORADVSP
dpr_orc_prd2 ORBBCJP
dpr_orc_prd2 ORBBCPP
dpr_orc_prd2 ORBNRFP
dpr_orc_prd2 ORCBLDP
dpr_orc_prd2 ORCBRLP
dpr_orc_prd2 ORCHSCP
dpr_orc_prd2 ORCMGPP
dpr_orc_prd2 ORCOMSP
dpr_orc_prd2 ORCOUSP
dpr_orc_prd2 ORCQTSP
dpr_orc_prd2 ORCTCPP
dpr_orc_prd2 ORCVDMP
dpr_orc_prd2 ORDAFCP
dpr_orc_prd2 ORDSMSP
dpr_orc_prd2 ORDSMSP1
dpr_orc_prd2 ORDSMSP2
dpr_orc_prd2 ORDSMSPZ
dpr_orc_prd2 ORDTMSP
dpr_orc_prd2 ORFMTSP
dpr_orc_prd2 ORLCCPP
dpr_orc_prd2 ORLVLSP
dpr_orc_prd2 ORMGSTP
dpr_orc_prd2 ORMGSTP2
dpr_orc_prd2 ORMGSTPZ
dpr_orc_prd2 ORMSGJP
dpr_orc_prd2 ORPDCPP
dpr_orc_prd2 ORPDCPPO
dpr_orc_prd2 ORRCCMP
dpr_orc_prd2 ORRMIPP
dpr_orc_prd2 ORRTCBP
dpr_orc_prd2 ORRTGIP
dpr_orc_prd2 ORRTTDP
dpr_orc_prd2 ORSAUSP
dpr_orc_prd2 ORSCOMP
dpr_orc_prd2 ORSCOMP1
dpr_orc_prd2 ORSKJDP
dpr_orc_prd2 ORSTKJP
dpr_orc_prd2 ORSTKSP
dpr_orc_prd2 ORTAUSP
dpr_orc_prd2 ORTCCIP
dpr_orc_prd2 ORTCCOP
dpr_orc_prd2 ORTCCPP
dpr_orc_prd2 ORTCQDP
dpr_orc_prd2 PACCARP
dpr_orc_prd2 PACFGFP
dpr_orc_prd2 PAMPLGP1
dpr_orc_prd2 PAOMPRP
dpr_orc_prd2 PAREGEP
dpr_orc_prd2 PBACIDP
dpr_orc_prd2 PBAVRQP
dpr_orc_prd2 PBCALLP
dpr_orc_prd2 PBCDRLP
dpr_orc_prd2 PBCENCP
dpr_orc_prd2 PBCFCLP
dpr_orc_prd2 PBCRIDP
dpr_orc_prd2 PBCRIUP
dpr_orc_prd2 PBCRPMP
dpr_orc_prd2 PBDT2LP
dpr_orc_prd2 PBETCLP
dpr_orc_prd2 PBETIDP
dpr_orc_prd2 PBEXRTP
dpr_orc_prd2 PBICSDP
dpr_orc_prd2 PBICSMP
dpr_orc_prd2 PBICSMP1
dpr_orc_prd2 PBINRTP
dpr_orc_prd2 PBJCLJP
dpr_orc_prd2 PBJCLPP
dpr_orc_prd2 PBPPBRP
dpr_orc_prd2 PBPYARP
dpr_orc_prd2 PBUTMJP
dpr_orc_prd2 PBVQANP
dpr_orc_prd2 PBVQCLP
dpr_orc_prd2 PGMINREF
dpr_orc_prd2 PHACMSP
dpr_orc_prd2 PHCUSTP
dpr_orc_prd2 PHDLMPP
dpr_orc_prd2 PHFLDPP
dpr_orc_prd2 PLACMSP
dpr_orc_prd2 PLAINSP
dpr_orc_prd2 PLBCRQP
dpr_orc_prd2 PLBSCPP
dpr_orc_prd2 PLCBPCP
dpr_orc_prd2 PLCBPTP
dpr_orc_prd2 PLCDSGP
dpr_orc_prd2 PLCMCCP
dpr_orc_prd2 PLCSRQP
dpr_orc_prd2 PLCSRQPF
dpr_orc_prd2 PLCUDFP
dpr_orc_prd2 PLDMGDP
dpr_orc_prd2 PLGSCPP
dpr_orc_prd2 PLGSCPP1
dpr_orc_prd2 PLGSCPP2
dpr_orc_prd2 PLPDCPP
dpr_orc_prd2 PLSETIP
dpr_orc_prd2 PLSPCPP
dpr_orc_prd2 PLSTATP
dpr_orc_prd2 PLSTATP1
dpr_orc_prd2 PLSTATPZ
dpr_orc_prd2 PLTRNDP
dpr_orc_prd2 RPRPDTP
dpr_orc_prd2 RSBKEAP
dpr_orc_prd2 RSBKERP
dpr_orc_prd2 RSBKERP2
dpr_orc_prd2 RSBKINP
dpr_orc_prd2 RSBKINP1
dpr_orc_prd2 RSBKINP2
dpr_orc_prd2 RSBKINP3
dpr_orc_prd2 RSBSSAP
dpr_orc_prd2 RSBSSCP
dpr_orc_prd2 RSBSSIP
dpr_orc_prd2 RSBSSXP
dpr_orc_prd2 RSBSSXP1
dpr_orc_prd2 RSCCFRP
dpr_orc_prd2 RSDACAP
dpr_orc_prd2 RSDACTP
dpr_orc_prd2 RSDCTAP
dpr_orc_prd2 RSDCTLP
dpr_orc_prd2 RSDLPYP
dpr_orc_prd2 RSDTRAP
dpr_orc_prd2 RSDTRTP
dpr_orc_prd2 RSIFSTP
dpr_orc_prd2 RSIRMAP
dpr_orc_prd2 RSIRMGP
dpr_orc_prd2 RSMQLCP
dpr_orc_prd2 RSPAPCP
dpr_orc_prd2 RSPBERP
dpr_orc_prd2 RSPRCEP
dpr_orc_prd2 RSPRSAP
dpr_orc_prd2 RSPRSHP
dpr_orc_prd2 RSPRSJP
dpr_orc_prd2 RSPRSPP
dpr_orc_prd2 RSPSARP
dpr_orc_prd2 RSPSASP
dpr_orc_prd2 RSPSASP1
dpr_orc_prd2 RSPSASP2
dpr_orc_prd2 RSPSDGP
dpr_orc_prd2 RSPSDJP
dpr_orc_prd2 RSPSRAP
dpr_orc_prd2 RSPSRGP
dpr_orc_prd2 RSPSRGP1
dpr_orc_prd2 RSRDEXP
dpr_orc_prd2 RSRDEXP1
dpr_orc_prd2 RSSHCAP
dpr_orc_prd2 RSSHCTP
dpr_orc_prd2 RSSYTAP
dpr_orc_prd2 RSSYTLP
dpr_orc_prd2 RSTCTAP
dpr_orc_prd2 RSTCTLP
dpr_orc_prd2 RSTHCAP
dpr_orc_prd2 RSTHCTP
dpr_orc_prd2 RSTTELP
dpr_orc_prd2 RXACMSP
dpr_orc_prd2 RXBCRQP
dpr_orc_prd2 RXCFWKP
dpr_orc_prd2 RXCSRQP
dpr_orc_prd2 RXCTLMP
dpr_orc_prd2 RXCTMSP
dpr_orc_prd2 RXCTMSPA
dpr_orc_prd2 RXCTMSPB
dpr_orc_prd2 RXCTMSPC1
dpr_orc_prd2 RXCTMSPC2
dpr_orc_prd2 RXCYIFP
dpr_orc_prd2 RXDAWAP
dpr_orc_prd2 RXDSLMP
dpr_orc_prd2 RXDSLMPZ
dpr_orc_prd2 RXEADPP
dpr_orc_prd2 RXEXPLP
dpr_orc_prd2 RXFMLCP
dpr_orc_prd2 RXFMLCPZ
dpr_orc_prd2 RXFMLPP
dpr_orc_prd2 RXFMLPPZ
dpr_orc_prd2 RXFMTPP
dpr_orc_prd2 RXFTOSP
dpr_orc_prd2 RXGCMSP
dpr_orc_prd2 RXGCMSP1
dpr_orc_prd2 RXGCMWP
dpr_orc_prd2 RXGFPRPT
dpr_orc_prd2 RXGHALP
dpr_orc_prd2 RXGHALP0
dpr_orc_prd2 RXGHALP1
dpr_orc_prd2 RXGHAUP
dpr_orc_prd2 RXGHIEP
dpr_orc_prd2 RXGHIEP0
dpr_orc_prd2 RXGHIEP1
dpr_orc_prd2 RXGHIEP2
dpr_orc_prd2 RXGHIUP
dpr_orc_prd2 RXGHIUP0
dpr_orc_prd2 RXGHSTP
dpr_orc_prd2 RXGIPRPT
dpr_orc_prd2 RXGPRDPT
dpr_orc_prd2 RXGQFWPT
dpr_orc_prd2 RXGTPRPT
dpr_orc_prd2 RXHOLDP
dpr_orc_prd2 RXMREXP
dpr_orc_prd2 RXMREXPZ
dpr_orc_prd2 RXPDCPP
dpr_orc_prd2 RXSENTP
dpr_orc_prd2 RXSENTP1
dpr_orc_prd2 RXSENTP2
dpr_orc_prd2 RXSENTPA
dpr_orc_prd2 RXSMCPP
dpr_orc_prd2 RXSMPRP
dpr_orc_prd2 RXSMRCP
dpr_orc_prd2 RXSMRCP1
dpr_orc_prd2 RXSYCLP
dpr_orc_prd2 SGDBPCP
dpr_orc_prd2 SGMSDSP
dpr_orc_prd2 SGSGDNP
dpr_orc_prd2 SGSGEXP
dpr_orc_prd2 SGSGUPP
dpr_orc_prd2 SGSGUPP1
dpr_orc_prd2 SGSGUPP2
dpr_orc_prd2 SGSIGDP1
dpr_orc_prd2 SGTMSTP
dpr_orc_prd2 SGUDPRP
dpr_orc_prd2 SGUPRQP
dpr_orc_prd2 SLPRTLP
dpr_orc_prd2 SLPRTMP
dpr_orc_prd2 SMMRCLP
dpr_orc_prd2 SMSDLSP
dpr_orc_prd2 SMYMPGP
dpr_orc_prd2 SS@231BP
dpr_orc_prd2 SS@233AP
dpr_orc_prd2 SS@233BP
dpr_orc_prd2 SS@59AP
dpr_orc_prd2 SS@59BP
dpr_orc_prd2 SS@59WP
dpr_orc_prd2 SS@69WP
dpr_orc_prd2 SS@84WP
dpr_orc_prd2 SS@87WP1
dpr_orc_prd2 SS@87WP2
dpr_orc_prd2 SS@90WP1
dpr_orc_prd2 SS@90WP2
dpr_orc_prd2 SS@90WP3
dpr_orc_prd2 SS@90WP4
dpr_orc_prd2 SS@90WP7
dpr_orc_prd2 SS@90WPA
dpr_orc_prd2 SS@91WP2
dpr_orc_prd2 SS@91WP5
dpr_orc_prd2 SS@91WP6
dpr_orc_prd2 SS@91WP7
dpr_orc_prd2 SS@91WP8
dpr_orc_prd2 SS@91WP9
dpr_orc_prd2 SS@93WP
dpr_orc_prd2 SS@95WP
dpr_orc_prd2 SS@ADJFP
dpr_orc_prd2 SS@ADJFP16
dpr_orc_prd2 SS@BMDP
dpr_orc_prd2 SS@BMFP
dpr_orc_prd2 SS@BRCXP
dpr_orc_prd2 SS@BRSP
dpr_orc_prd2 SS@CMJFP
dpr_orc_prd2 SS@CRGP
dpr_orc_prd2 SS@DFAP
dpr_orc_prd2 SS@DFBP
dpr_orc_prd2 SS@DNSP
dpr_orc_prd2 SS@EBRP
dpr_orc_prd2 SS@EFTP
dpr_orc_prd2 SS@ELDP
dpr_orc_prd2 SS@ELMP
dpr_orc_prd2 SS@ELPP
dpr_orc_prd2 SS@ELRP
dpr_orc_prd2 SS@ELSP
dpr_orc_prd2 SS@EXEXP
dpr_orc_prd2 SS@EXPSP
dpr_orc_prd2 SS@EXPSP1
dpr_orc_prd2 SS@EXTOP
dpr_orc_prd2 SS@EXTUP
dpr_orc_prd2 SS@EXTUP1
dpr_orc_prd2 SS@FEXP
dpr_orc_prd2 SS@FFXP
dpr_orc_prd2 SS@FSOP
dpr_orc_prd2 SS@FSRP
dpr_orc_prd2 SS@FSTP
dpr_orc_prd2 SS@FXBFP
dpr_orc_prd2 SS@GLFP
dpr_orc_prd2 SS@GRRFP
dpr_orc_prd2 SS@GRRFP2
dpr_orc_prd2 SS@HDFP
dpr_orc_prd2 SS@IDMP
dpr_orc_prd2 SS@INSP
dpr_orc_prd2 SS@IPLP
dpr_orc_prd2 SS@MXFP
dpr_orc_prd2 SS@MXRP
dpr_orc_prd2 SS@NBFP
dpr_orc_prd2 SS@ODRP
dpr_orc_prd2 SS@ODTP
dpr_orc_prd2 SS@OFFP
dpr_orc_prd2 SS@OUQP
dpr_orc_prd2 SS@PBDRP
dpr_orc_prd2 SS@PBOCSP1
dpr_orc_prd2 SS@PBOCSP2
dpr_orc_prd2 SS@PIJP
dpr_orc_prd2 SS@PIMP
dpr_orc_prd2 SS@PLQP
dpr_orc_prd2 SS@PMICP
dpr_orc_prd2 SS@PMRP
dpr_orc_prd2 SS@PMRP1
dpr_orc_prd2 SS@PMRP2
dpr_orc_prd2 SS@PTCP
dpr_orc_prd2 SS@PTJP
dpr_orc_prd2 SS@PTJP1
dpr_orc_prd2 SS@PXASP
dpr_orc_prd2 SS@RDJP
dpr_orc_prd2 SS@RSCP
dpr_orc_prd2 SS@RSDP
dpr_orc_prd2 SS@RSHP
dpr_orc_prd2 SS@SAFD1
dpr_orc_prd2 SS@SAFD2
dpr_orc_prd2 SS@SAFM1
dpr_orc_prd2 SS@SAFM2
dpr_orc_prd2 SS@SAFM3
dpr_orc_prd2 SS@SAFM4
dpr_orc_prd2 SS@SAFS1
dpr_orc_prd2 SS@SAFS2
dpr_orc_prd2 SS@SAFW1
dpr_orc_prd2 SS@SAFW2
dpr_orc_prd2 SS@SDPRP
dpr_orc_prd2 SS@SFWBP
dpr_orc_prd2 SS@SFWP
dpr_orc_prd2 SS@SOMP
dpr_orc_prd2 SS@SWRP
dpr_orc_prd2 SS@TCQP
dpr_orc_prd2 SS@TRSFP
dpr_orc_prd2 SS@TRSFP2
dpr_orc_prd2 SS@TSACP
dpr_orc_prd2 SS@TSACP2
dpr_orc_prd2 SSABAJP
dpr_orc_prd2 SSABAJPQ
dpr_orc_prd2 SSACCPP
dpr_orc_prd2 SSACINP
dpr_orc_prd2 SSACIRP
dpr_orc_prd2 SSACSTP
dpr_orc_prd2 SSACSTP1
dpr_orc_prd2 SSACTCP
dpr_orc_prd2 SSADAYP
dpr_orc_prd2 SSADCLP
dpr_orc_prd2 SSADD2P
dpr_orc_prd2 SSADDHP
dpr_orc_prd2 SSADDRP
dpr_orc_prd2 SSAECTP
dpr_orc_prd2 SSAFIFP
dpr_orc_prd2 SSAFRTP
dpr_orc_prd2 SSAGAAP
dpr_orc_prd2 SSAGACP
dpr_orc_prd2 SSAGACP1
dpr_orc_prd2 SSAGACP2
dpr_orc_prd2 SSAGACP3
dpr_orc_prd2 SSAGACP4
dpr_orc_prd2 SSAGAHP
dpr_orc_prd2 SSAGAPP
dpr_orc_prd2 SSAGAPP1
dpr_orc_prd2 SSAGARP
dpr_orc_prd2 SSAGARP1
dpr_orc_prd2 SSALBFP
dpr_orc_prd2 SSALCFP
dpr_orc_prd2 SSALCFPQ
dpr_orc_prd2 SSALFBP
dpr_orc_prd2 SSALGBP
dpr_orc_prd2 SSALGBP1
dpr_orc_prd2 SSALGBP3
dpr_orc_prd2 SSALGBP4
dpr_orc_prd2 SSALGBP5
dpr_orc_prd2 SSALGBP6
dpr_orc_prd2 SSALGBP7
dpr_orc_prd2 SSALHIP
dpr_orc_prd2 SSALINP
dpr_orc_prd2 SSAPCJP
dpr_orc_prd2 SSAPCPP
dpr_orc_prd2 SSAPPHP
dpr_orc_prd2 SSAPTPP
dpr_orc_prd2 SSARFLP
dpr_orc_prd2 SSASLBP
dpr_orc_prd2 SSATGAP
dpr_orc_prd2 SSATOCP
dpr_orc_prd2 SSATTBP
dpr_orc_prd2 SSATTCP
dpr_orc_prd2 SSATTCP1
dpr_orc_prd2 SSATTCP2
dpr_orc_prd2 SSATTCP3
dpr_orc_prd2 SSATTCP4
dpr_orc_prd2 SSATTCP5
dpr_orc_prd2 SSATTCP6
dpr_orc_prd2 SSATTCP7
dpr_orc_prd2 SSAVANP
dpr_orc_prd2 SSAVAPP
dpr_orc_prd2 SSAVRPP
dpr_orc_prd2 SSAVRPPQ
dpr_orc_prd2 SSBCPRP
dpr_orc_prd2 SSBCPRP1
dpr_orc_prd2 SSBCPRP2
dpr_orc_prd2 SSBCPRP3
dpr_orc_prd2 SSBCPRP4
dpr_orc_prd2 SSBCPRP7
dpr_orc_prd2 SSBCPRP8
dpr_orc_prd2 SSBCPRP9
dpr_orc_prd2 SSBCPRPG
dpr_orc_prd2 SSBCPRPM
dpr_orc_prd2 SSBCSMP
dpr_orc_prd2 SSBKLSP
dpr_orc_prd2 SSBLCFP
dpr_orc_prd2 SSBLCRP
dpr_orc_prd2 SSBLSTP
dpr_orc_prd2 SSBRCPP
dpr_orc_prd2 SSBSACP
dpr_orc_prd2 SSBSAVP
dpr_orc_prd2 SSCAIFP
dpr_orc_prd2 SSCARPP
dpr_orc_prd2 SSCBACP
dpr_orc_prd2 SSCBATP
dpr_orc_prd2 SSCBBHP
dpr_orc_prd2 SSCBBKP
dpr_orc_prd2 SSCBBKPC
dpr_orc_prd2 SSCBBNP
dpr_orc_prd2 SSCBBNPC
dpr_orc_prd2 SSCBBPP
dpr_orc_prd2 SSCBCBP
dpr_orc_prd2 SSCBCCP
dpr_orc_prd2 SSCBCCPC
dpr_orc_prd2 SSCBDLP
dpr_orc_prd2 SSCBHBP
dpr_orc_prd2 SSCBHBPQ
dpr_orc_prd2 SSCBKBP
dpr_orc_prd2 SSCBKUP
dpr_orc_prd2 SSCBLBP
dpr_orc_prd2 SSCBLIP
dpr_orc_prd2 SSCBNBP
dpr_orc_prd2 SSCBNUP
dpr_orc_prd2 SSCBPCP
dpr_orc_prd2 SSCBPRP
dpr_orc_prd2 SSCBPTP
dpr_orc_prd2 SSCBSDP
dpr_orc_prd2 SSCBSPP
dpr_orc_prd2 SSCBTPP
dpr_orc_prd2 SSCCLGP
dpr_orc_prd2 SSCHCLP
dpr_orc_prd2 SSCHCLP1
dpr_orc_prd2 SSCHCWP
dpr_orc_prd2 SSCHDAP
dpr_orc_prd2 SSCHDTP
dpr_orc_prd2 SSCHGCP
dpr_orc_prd2 SSCHGPP
dpr_orc_prd2 SSCHPFP
dpr_orc_prd2 SSCLACP
dpr_orc_prd2 SSCLADP
dpr_orc_prd2 SSCLCCP
dpr_orc_prd2 SSCLFMP
dpr_orc_prd2 SSCLFMP2
dpr_orc_prd2 SSCLGHP
dpr_orc_prd2 SSCLMTP
dpr_orc_prd2 SSCLSTP
dpr_orc_prd2 SSCLSTP1
dpr_orc_prd2 SSCMFNP
dpr_orc_prd2 SSCMLMP
dpr_orc_prd2 SSCMSRP
dpr_orc_prd2 SSCMSRPF
dpr_orc_prd2 SSCPACP
dpr_orc_prd2 SSCPAMP
dpr_orc_prd2 SSCPDCP
dpr_orc_prd2 SSCPFCP
dpr_orc_prd2 SSCPTRP
dpr_orc_prd2 SSCRADP
dpr_orc_prd2 SSCRAEP
dpr_orc_prd2 SSCRAMP
dpr_orc_prd2 SSCRASP
dpr_orc_prd2 SSCRATP
dpr_orc_prd2 SSCRAYP
dpr_orc_prd2 SSCRBRP
dpr_orc_prd2 SSCRCCP
dpr_orc_prd2 SSCRCDP
dpr_orc_prd2 SSCRCOP
dpr_orc_prd2 SSCRCTP
dpr_orc_prd2 SSCRDGP
dpr_orc_prd2 SSCRDVP
dpr_orc_prd2 SSCRHSP
dpr_orc_prd2 SSCRNGP
dpr_orc_prd2 SSCRPGP
dpr_orc_prd2 SSCRPTP
dpr_orc_prd2 SSCRRGP
dpr_orc_prd2 SSCRSCP
dpr_orc_prd2 SSCRSGP
dpr_orc_prd2 SSCRSIP
dpr_orc_prd2 SSCRTCP
dpr_orc_prd2 SSCRTTP
dpr_orc_prd2 SSCSASP
dpr_orc_prd2 SSCSCLP
dpr_orc_prd2 SSCSDCP
dpr_orc_prd2 SSCSDDP
dpr_orc_prd2 SSCSRQP
dpr_orc_prd2 SSCLSIP
dpr_orc_prd2 SSSECJP
dpr_orc_prd2 SSCPFJP
dpr_orc_prd2 SSACEXP3
dpr_orc_prd2 SSACEXP
dpr_orc_prd2 SSTREXP2
dpr_orc_prd2 SSTREXP
dpr_orc_prd2 SSCTMHP
dpr_orc_prd2 SSCUETP
dpr_orc_prd2 SSCUSTP
dpr_orc_prd2 SSCUWOP
dpr_orc_prd2 SSCVFXP
dpr_orc_prd2 SSCVFXP0
dpr_orc_prd2 SSCVFXP2
dpr_orc_prd2 SSCVFXP3
dpr_orc_prd2 SSCVFXP4
dpr_orc_prd2 SSCVFXP7
dpr_orc_prd2 SSCVFXP8
dpr_orc_prd2 SSCVFXPM
dpr_orc_prd2 SSCWRDP
dpr_orc_prd2 SSCYIFP
dpr_orc_prd2 SSCYIJP
dpr_orc_prd2 SSDFACP
dpr_orc_prd2 SSDFUUP
dpr_orc_prd2 SSEANFP
dpr_orc_prd2 SSEDIHP
dpr_orc_prd2 SSEDINP
dpr_orc_prd2 SSEDTOP
dpr_orc_prd2 SSEIAMP
dpr_orc_prd2 SSEIAMPA
dpr_orc_prd2 SSEIAMPB
dpr_orc_prd2 SSEIAMPZ
dpr_orc_prd2 SSEIASP
dpr_orc_prd2 SSEIASPA
dpr_orc_prd2 SSEIASPZ
dpr_orc_prd2 SSEICMP
dpr_orc_prd2 SSEICMP1
dpr_orc_prd2 SSEICMPA
dpr_orc_prd2 SSEICMPZ
dpr_orc_prd2 SSEIEXP
dpr_orc_prd2 SSEIEXP1
dpr_orc_prd2 SSEIEXP2
dpr_orc_prd2 SSEIEXP3
dpr_orc_prd2 SSEIEXP8
dpr_orc_prd2 SSEIEXP8A
dpr_orc_prd2 SSEIEXPQ
dpr_orc_prd2 SSEIMRP
dpr_orc_prd2 SSEIPCP
dpr_orc_prd2 SSEIPIP
dpr_orc_prd2 SSEIRDP
dpr_orc_prd2 SSEIRIP
dpr_orc_prd2 SSEIRJP
dpr_orc_prd2 SSEISRP
dpr_orc_prd2 SSEISRPA
dpr_orc_prd2 SSEISRPB
dpr_orc_prd2 SSEISRPZ
dpr_orc_prd2 SSEPPRP
dpr_orc_prd2 SSEPPRP1
dpr_orc_prd2 SSEPPRP2
dpr_orc_prd2 SSEPPRP3
dpr_orc_prd2 SSEPPRP4
dpr_orc_prd2 SSEPPRP5
dpr_orc_prd2 SSEPPRP8
dpr_orc_prd2 SSEPPRP9
dpr_orc_prd2 SSEPPRPM
dpr_orc_prd2 SSEPPRPQ
dpr_orc_prd2 SSERSSP
dpr_orc_prd2 SSERUSP
dpr_orc_prd2 SSESPCP
dpr_orc_prd2 SSESPCP9
dpr_orc_prd2 SSESRQP
dpr_orc_prd2 SSESSCP
dpr_orc_prd2 SSESSTP
dpr_orc_prd2 SSESSTP9
dpr_orc_prd2 SSESTPP
dpr_orc_prd2 SSEURFP
dpr_orc_prd2 SSEXMPP
dpr_orc_prd2 SSEXMTP
dpr_orc_prd2 SSEXPLP
dpr_orc_prd2 SSEXPLP1
dpr_orc_prd2 SSEXPSP
dpr_orc_prd2 SSEXPSP1
dpr_orc_prd2 SSEXRJP
dpr_orc_prd2 SSEXRSP
dpr_orc_prd2 SSEXRTP
dpr_orc_prd2 SSEXTOP
dpr_orc_prd2 SSFAXRP
dpr_orc_prd2 SSFAXRP2
dpr_orc_prd2 SSFAXRP3
dpr_orc_prd2 SSFAXRP718
dpr_orc_prd2 SSFAXRP8
dpr_orc_prd2 SSFAXRPB
dpr_orc_prd2 SSFBCPP
dpr_orc_prd2 SSFCCLP
dpr_orc_prd2 SSFNRTP
dpr_orc_prd2 SSFPCLPPR
dpr_orc_prd2 SSFRCCP
dpr_orc_prd2 SSFRCCP1
dpr_orc_prd2 SSFRCCPZ
dpr_orc_prd2 SSFRMWP
dpr_orc_prd2 SSGACCP
dpr_orc_prd2 SSGACCP1
dpr_orc_prd2 SSGACCPZ
dpr_orc_prd2 SSGACPP
dpr_orc_prd2 SSGAWKP
dpr_orc_prd2 SSGBAGP
dpr_orc_prd2 SSGBAIP
dpr_orc_prd2 SSGBCPP
dpr_orc_prd2 SSGBCPP1
dpr_orc_prd2 SSGBCYP
dpr_orc_prd2 SSGBNMP
dpr_orc_prd2 SSGBNTP
dpr_orc_prd2 SSGBPBP
dpr_orc_prd2 SSGCCJP
dpr_orc_prd2 SSGCCTP
dpr_orc_prd2 SSGHCGP
dpr_orc_prd2 SSGHCLP
dpr_orc_prd2 SSGHCUP
dpr_orc_prd2 SSGMCPP
dpr_orc_prd2 SSGPBRP
dpr_orc_prd2 SSGPCLP
dpr_orc_prd2 SSGPNMP
dpr_orc_prd2 SSGPR1P
dpr_orc_prd2 SSGPR2P
dpr_orc_prd2 SSGPRLP
dpr_orc_prd2 SSGRRPP
dpr_orc_prd2 SSGSCPP
dpr_orc_prd2 SSGSCPP1
dpr_orc_prd2 SSGSCPP2
dpr_orc_prd2 SSGSCPP3
dpr_orc_prd2 SSGSCPP4
dpr_orc_prd2 SSGSCPP7
dpr_orc_prd2 SSGSCPP8
dpr_orc_prd2 SSGSCPPM
dpr_orc_prd2 SSGSCPPQ
dpr_orc_prd2 SSGSPDP
dpr_orc_prd2 SSGTPOP
dpr_orc_prd2 SSGWDLP
dpr_orc_prd2 SSHBCLP
dpr_orc_prd2 SSHBCLP1
dpr_orc_prd2 SSHBODP
dpr_orc_prd2 SSHBODP1
dpr_orc_prd2 SSHCCPP
dpr_orc_prd2 SSHDSQP
dpr_orc_prd2 SSHFDEP
dpr_orc_prd2 SSHFDEP1
dpr_orc_prd2 SSHLDRWDWN
dpr_orc_prd2 SSHOLDP
dpr_orc_prd2 SSIBKPP
dpr_orc_prd2 SSIBRPP
dpr_orc_prd2 SSICADP
dpr_orc_prd2 SSIFXRP
dpr_orc_prd2 SSIGADP
dpr_orc_prd2 SSIMPLP
dpr_orc_prd2 SSINARP
dpr_orc_prd2 SSINARP1
dpr_orc_prd2 SSINCIP
dpr_orc_prd2 SSINCIP1
dpr_orc_prd2 SSINCIP5
dpr_orc_prd2 SSINCRP
dpr_orc_prd2 SSINRTP
dpr_orc_prd2 SSIRMDP
dpr_orc_prd2 SSIRTRNCNT
dpr_orc_prd2 SSJAEXP
dpr_orc_prd2 SSLGNMP
dpr_orc_prd2 SSLGRLP
dpr_orc_prd2 SSLGRLQ1
dpr_orc_prd2 SSLIACP
dpr_orc_prd2 SSLIFIP
dpr_orc_prd2 SSLIHSP
dpr_orc_prd2 SSLIPDP
dpr_orc_prd2 SSLIPJP
dpr_orc_prd2 SSLMTRP
dpr_orc_prd2 SSLMTRPD
dpr_orc_prd2 SSLNERP
dpr_orc_prd2 SSLNSLP
dpr_orc_prd2 SSLOANP
dpr_orc_prd2 SSLOCFP
dpr_orc_prd2 SSLPDTP
dpr_orc_prd2 SSLPDTPC
dpr_orc_prd2 SSLTYPP
dpr_orc_prd2 SSMCLPP
dpr_orc_prd2 SSMCLPP1
dpr_orc_prd2 SSMCLPPM
dpr_orc_prd2 SSMGRAP
dpr_orc_prd2 SSMGRCP
dpr_orc_prd2 SSMGRTP
dpr_orc_prd2 SSMIDSP
dpr_orc_prd2 SSMLCCP
dpr_orc_prd2 SSMLCCP1
dpr_orc_prd2 SSMLLCP
dpr_orc_prd2 SSMLPMP
dpr_orc_prd2 SSMLRCP
dpr_orc_prd2 SSMLRPP
dpr_orc_prd2 SSMLRPP1
dpr_orc_prd2 SSMLTNP
dpr_orc_prd2 SSMMLJP
dpr_orc_prd2 SSMNLPP
dpr_orc_prd2 SSMNLPPM
dpr_orc_prd2 SSMREXP
dpr_orc_prd2 SSMTXMP
dpr_orc_prd2 SSNAARP
dpr_orc_prd2 SSNACCTOPN
dpr_orc_prd2 SSNARAP
dpr_orc_prd2 SSNCEXP
dpr_orc_prd2 SSNHMLACCT
dpr_orc_prd2 SSNICIP
dpr_orc_prd2 SSNICIP5
dpr_orc_prd2 SSNODAP
dpr_orc_prd2 SSNODAP1
dpr_orc_prd2 SSNODAP3
dpr_orc_prd2 SSNODAP4
dpr_orc_prd2 SSNODAP6
dpr_orc_prd2 SSNODAP7
dpr_orc_prd2 SSNODAP8
dpr_orc_prd2 SSNODAPQ
dpr_orc_prd2 SSNPLNACCT
dpr_orc_prd2 SSOCCPP
dpr_orc_prd2 SSOCPPP
dpr_orc_prd2 SSODACP
dpr_orc_prd2 SSODACP1
dpr_orc_prd2 SSODACP3
dpr_orc_prd2 SSODACP4
dpr_orc_prd2 SSODACP5
dpr_orc_prd2 SSODACP6
dpr_orc_prd2 SSODACP7
dpr_orc_prd2 SSODACP8
dpr_orc_prd2 SSODACPQ
dpr_orc_prd2 SSODACQ2
dpr_orc_prd2 SSODCUP
dpr_orc_prd2 SSODCUPQ
dpr_orc_prd2 SSODUEP
dpr_orc_prd2 SSODUEP1
dpr_orc_prd2 SSOFRAP
dpr_orc_prd2 SSOFRCP
dpr_orc_prd2 SSOFRTP
dpr_orc_prd2 SSOLMEP
dpr_orc_prd2 SSOLMEP1
dpr_orc_prd2 SSOPACP
dpr_orc_prd2 SSOPACP1
dpr_orc_prd2 SSOPCMP
dpr_orc_prd2 SSOPCPP
dpr_orc_prd2 SSORTRNCNT
dpr_orc_prd2 SSOUQQP
dpr_orc_prd2 SSPASLP
dpr_orc_prd2 SSPCAPP
dpr_orc_prd2 SSPCHIP
dpr_orc_prd2 SSPCNTP
dpr_orc_prd2 SSPCUSP
dpr_orc_prd2 SSPDTPP
dpr_orc_prd2 SSPEXWP
dpr_orc_prd2 SSPFCLP
dpr_orc_prd2 SSPFMWP
dpr_orc_prd2 SSPFPCP
dpr_orc_prd2 SSPFPCP1
dpr_orc_prd2 SSPFPTP
dpr_orc_prd2 SSPFTBP
dpr_orc_prd2 SSPFULP
dpr_orc_prd2 SSPIDSP
dpr_orc_prd2 SSPIRCP
dpr_orc_prd2 SSPKAJP
dpr_orc_prd2 SSPKAWP
dpr_orc_prd2 SSPKCMP
dpr_orc_prd2 SSPKCMP9
dpr_orc_prd2 SSPKEVP
dpr_orc_prd2 SSPLDRWDWN
dpr_orc_prd2 SSPNICP
dpr_orc_prd2 SSPPRJP
dpr_orc_prd2 SSPRJIP
dpr_orc_prd2 SSPRMGP
dpr_orc_prd2 SSPRTAP
dpr_orc_prd2 SSPTYCP
dpr_orc_prd2 SSPTYGP
dpr_orc_prd2 SSPTYHP
dpr_orc_prd2 SSPTYTP
dpr_orc_prd2 SSRAMGP
dpr_orc_prd2 SSRAUCP
dpr_orc_prd2 SSRCAPP
dpr_orc_prd2 SSRCAPP0
dpr_orc_prd2 SSRCAPP1
dpr_orc_prd2 SSRCAPP2
dpr_orc_prd2 SSRCAPP3
dpr_orc_prd2 SSRCAPP4
dpr_orc_prd2 SSRCAPP7
dpr_orc_prd2 SSRCAPP8
dpr_orc_prd2 SSRCUSP
dpr_orc_prd2 SSREXPP
dpr_orc_prd2 SSRFLSP
dpr_orc_prd2 SSRLNNP
dpr_orc_prd2 SSRLNNP1
dpr_orc_prd2 SSRLNNPM
dpr_orc_prd2 SSRLNPP
dpr_orc_prd2 SSRLNPP1
dpr_orc_prd2 SSRMSTP
dpr_orc_prd2 SSRMSTP1
dpr_orc_prd2 SSRPSDP
dpr_orc_prd2 SSRPSTP
dpr_orc_prd2 SSRPSTPQ
dpr_orc_prd2 SSRPWKP
dpr_orc_prd2 SSRUDCP
dpr_orc_prd2 SSSCCIP
dpr_orc_prd2 SSSCRLP
dpr_orc_prd2 SSSCRLQ4
dpr_orc_prd2 SSSDCPP
dpr_orc_prd2 SSSECHP
dpr_orc_prd2 SSSECHP1
dpr_orc_prd2 SSSECHP2
dpr_orc_prd2 SSSFATP
dpr_orc_prd2 SSSLMTP
dpr_orc_prd2 SSSMANP
dpr_orc_prd2 SSSMBCP
dpr_orc_prd2 SSSMCLP
dpr_orc_prd2 SSSMFIP
dpr_orc_prd2 SSSMLMP
dpr_orc_prd2 SSSMPSP
dpr_orc_prd2 SSSPVAP
dpr_orc_prd2 SSSPVCP
dpr_orc_prd2 SSSPVTP
dpr_orc_prd2 SSSTMRP
dpr_orc_prd2 SSSTMRP1
dpr_orc_prd2 SSSTTCP
dpr_orc_prd2 SSSTTCP1
dpr_orc_prd2 SSSTTCP2
dpr_orc_prd2 SSSTTCPZ
dpr_orc_prd2 SSSTTPP
dpr_orc_prd2 SSTCGSP
dpr_orc_prd2 SSTFNPP
dpr_orc_prd2 SSTIAVP
dpr_orc_prd2 SSTIRJP
dpr_orc_prd2 SSTIRTP
dpr_orc_prd2 SSTLFCP
dpr_orc_prd2 SSTLRCP
dpr_orc_prd2 SSTLRTP
dpr_orc_prd2 SSTNJBP
dpr_orc_prd2 SSTNJBPQ
dpr_orc_prd2 SSTNSTP
dpr_orc_prd2 SSTRBIP
dpr_orc_prd2 SSTRFJP
dpr_orc_prd2 SSTRM1P
dpr_orc_prd2 SSTRM2P
dpr_orc_prd2 SSTRM3P
dpr_orc_prd2 SSTRM4P
dpr_orc_prd2 SSTRM5P
dpr_orc_prd2 SSTRM6P
dpr_orc_prd2 SSTRM7P
dpr_orc_prd2 SSTTINCCN1
dpr_orc_prd2 SSTTINCCNT
dpr_orc_prd2 SSTTONCCN1
dpr_orc_prd2 SSTTONCCNT
dpr_orc_prd2 SSTXCPP
dpr_orc_prd2 SSTXCPPH
dpr_orc_prd2 SSTXTHP
dpr_orc_prd2 SSUCMTP
dpr_orc_prd2 SSULMCP
dpr_orc_prd2 SSUODEP
dpr_orc_prd2 SSUODEP1
dpr_orc_prd2 SSUODEP2
dpr_orc_prd2 SSUSDLP
dpr_orc_prd2 SSUSERP
dpr_orc_prd2 SSVCRPP
dpr_orc_prd2 SSVSKDP
dpr_orc_prd2 SSVSKHP
dpr_orc_prd2 SSWACPP
dpr_orc_prd2 SSWAINP
dpr_orc_prd2 SSWAIWP
dpr_orc_prd2 SSWARJP
dpr_orc_prd2 SSWARRP
dpr_orc_prd2 SSWCCFP
dpr_orc_prd2 SSWCCFP2
dpr_orc_prd2 SSWCMSP
dpr_orc_prd2 SSWCSVP
dpr_orc_prd2 SSWCSVP2
dpr_orc_prd2 SSWOCLP
dpr_orc_prd2 SSWOCLP1
dpr_orc_prd2 SSWOCLP2
dpr_orc_prd2 SSWOMSP
dpr_orc_prd2 SSWONCP
dpr_orc_prd2 SSWORPP
dpr_orc_prd2 SSWTTCP
dpr_orc_prd2 SSXBICP
dpr_orc_prd2 SSXGLMP
dpr_orc_prd2 TCABLHP
dpr_orc_prd2 TCACMSP
dpr_orc_prd2 TCACMSP1
dpr_orc_prd2 TCACMSPA
dpr_orc_prd2 TCACMWP
dpr_orc_prd2 TCACRJP
dpr_orc_prd2 TCACRSP
dpr_orc_prd2 TCACRSPA
dpr_orc_prd2 TCACRXP
dpr_orc_prd2 TCAINSP
dpr_orc_prd2 TCAINSPA
dpr_orc_prd2 TCBCRQP
dpr_orc_prd2 TCBSCPP
dpr_orc_prd2 TCCBPCP
dpr_orc_prd2 TCCBPTP
dpr_orc_prd2 TCCFCPP
dpr_orc_prd2 TCCHGCP
dpr_orc_prd2 TCCRIHP
dpr_orc_prd2 TCCSRQP
dpr_orc_prd2 TCCSRQPF
dpr_orc_prd2 TCINACP
dpr_orc_prd2 TCINACP1
dpr_orc_prd2 TCINACP2
dpr_orc_prd2 TCINCPP
dpr_orc_prd2 TCINRTP
dpr_orc_prd2 TCINSRP
dpr_orc_prd2 TCISACP
dpr_orc_prd2 TCISPCP
dpr_orc_prd2 TCISPCP9
dpr_orc_prd2 TCISTRP
dpr_orc_prd2 TCMAPJP
dpr_orc_prd2 TCMAPSP
dpr_orc_prd2 TCOIACP
dpr_orc_prd2 TCOIACP1
dpr_orc_prd2 TCOIACP2
dpr_orc_prd2 TCPDCPP
dpr_orc_prd2 TCSMCPP
dpr_orc_prd2 TCSPCPP
dpr_orc_prd2 TCSTMTP
dpr_orc_prd2 TCSTMTPPR
dpr_orc_prd2 TCTRNDP
dpr_orc_prd2 TDACADP
dpr_orc_prd2 TDACMSP
dpr_orc_prd2 TDACSDP
dpr_orc_prd2 TDBCRQP
dpr_orc_prd2 TDBSCPP
dpr_orc_prd2 TDCBPCP
dpr_orc_prd2 TDCBPTP
dpr_orc_prd2 TDCSRQP
dpr_orc_prd2 TDCSRQPF
dpr_orc_prd2 TDINT2P
dpr_orc_prd2 TDPDCPP
dpr_orc_prd2 TDPIRCP
dpr_orc_prd2 TDSDMSP
dpr_orc_prd2 TDSDPYP
dpr_orc_prd2 TDSLMDP
dpr_orc_prd2 TDSPCPP
dpr_orc_prd2 TDTRNDP
dpr_orc_prd2 TDTRNEP
dpr_orc_prd2 TDVOFSP
dpr_orc_prd2 TMDLIST
dpr_orc_prd2 TNCRBPP
dpr_orc_prd2 TNCRBPP1
dpr_orc_prd2 TREXTIP
dpr_orc_prd2 TRHUBDP
dpr_orc_prd2 TRHUBIP
dpr_orc_prd2 TRPOCDP
dpr_orc_prd2 TRPOCIP
dpr_orc_prd2 TTERATP
dpr_orc_prd2 TTIRATP
dpr_orc_prd2 TTLDPDP
dpr_orc_prd2 TTPDCTP
dpr_orc_prd2 VT6IEPJP
dpr_orc_prd2 VTACCLP
dpr_orc_prd2 VTCCAPP
dpr_orc_prd2 VTCCTCP
dpr_orc_prd2 VTCLNCP
dpr_orc_prd2 VTCTGCP
dpr_orc_prd2 VTGLPJP
dpr_orc_prd2 VTMCNTP
dpr_orc_prd2 VTPAYCP
dpr_orc_prd2 VTPYHCP
dpr_orc_prd2 VTRAWTP
dpr_orc_prd2 VTRETNP
dpr_orc_prd2 VTSFLCP
dpr_orc_prd2 VTSHRDP
dpr_orc_prd2 VTSHRTP
dpr_orc_prd2 VTSTAAP
dpr_orc_prd2 VTSTATP
dpr_orc_prd2 VTSTEXTP
dpr_orc_prd2 VTSYSCP
dpr_orc_prd2 VTTRNAP
dpr_orc_prd2 VTVCPYP
dpr_orc_prd2 ZUACCTP
dpr_orc_prd2 ZUATCTP
dpr_orc_prd2 ZUBDTFP
dpr_orc_prd2 ZUCAD2P
dpr_orc_prd2 ZUCADRP
dpr_orc_prd2 ZUCAMSP
dpr_orc_prd2 ZUCAMSP1
dpr_orc_prd2 ZUCECPP
dpr_orc_prd2 ZUCEXTP
dpr_orc_prd2 ZUCEXTP1
dpr_orc_prd2 ZUCLCPP
dpr_orc_prd2 ZUCLCYP
dpr_orc_prd2 ZUCOLSP
dpr_orc_prd2 ZUCRPTP
dpr_orc_prd2 ZUCTATP
dpr_orc_prd2 ZUHLDYP
dpr_orc_prd2 IRDLRJP
dpr_orc_prd2 LSIRHFP
dpr_orc_prd2 BAIMGCP
dpr_orc_prd2 DDTNJNP
dpr_orc_prd2 SSENQLP
dpr_orc_prd2 DDDLJNP
dpr_orc_prd2 SSICAJP
dpr_orc_prd2 LP@OGHP
dpr_orc_prd2 CNFDDWPA
dpr_orc_prd2 BAOMGHP
dpr_orc_prd2 BAIMGJP
dpr_orc_prd2 CPMPPXP
dpr_orc_prd2 CSDSPJP
dpr_orc_prd2 CSDSPWP
dpr_orc_prd2 LP@OPHP
dpr_orc_prd2 SSCUWJP
dpr_orc_prd2 SSCUSJP
dpr_orc_prd2 SSINCJP
dpr_orc_prd2 BS@OPHP
dpr_orc_prd2 PBACIJP
dpr_orc_prd2 DDACMJP
dpr_orc_prd2 SSCLMJP
dpr_orc_prd2 CNFDDWMPE
dpr_orc_prd2 CNFDDWPE
dpr_orc_prd2 SSADDJP
dpr_orc_prd2 IBACIJP
dpr_orc_prd2 SS@EFJP
dpr_orc_prd2 HSRDTEP
dpr_orc_prd2 SSCAIJP
dpr_orc_prd2 BS@IPHP
dpr_orc_prd2 HSDINHP
dpr_orc_prd2 HS@DIRHP
dpr_orc_prd2 EBPGRJP
dpr_orc_prd2 DDMSCJP
dpr_orc_prd2 AFASMJP
dpr_orc_prd2 HSDLHSP
dpr_orc_prd2 IBTNJNP
dpr_orc_prd2 EPALMHP
dpr_orc_prd2 IPLNDHP
dpr_orc_prd2 EPBLDHP
dpr_orc_prd2 EBCUSJP
dpr_orc_prd2 TCPMHSP
dpr_orc_prd2 GLACMJP
dpr_orc_prd2 IBURAJP
dpr_orc_prd2 EPDCDHP
dpr_orc_prd2 IBCMBJP
dpr_orc_prd2 LSDLJNP
dpr_orc_prd2 HSRDNJP9
dpr_orc_prd2 SSCLSJP
dpr_orc_prd2 HSACHJP9
dpr_orc_prd2 SS@ABHP
dpr_orc_prd2 SSINRJP
dpr_orc_prd2 IPALMHP
dpr_orc_prd2 IBURSJP
dpr_orc_prd2 LSSHLJP
dpr_orc_prd2 HSRDPJP9
dpr_orc_prd2 TDACMJP
dpr_orc_prd2 SSCHDJP
dpr_orc_prd2 SSCHCJP
dpr_orc_prd2 LSACMJP
dpr_orc_prd2 CNFDDWPD
dpr_orc_prd2 DDMSGJP
dpr_orc_prd2 RXCTHSP
dpr_orc_prd2 PLACMJP
dpr_orc_prd2 HSRDCJP9
dpr_orc_prd2 SSHDJNP
dpr_orc_prd2 PBCFCJP
dpr_orc_prd2 IBACSJP
dpr_orc_prd2 SS@CLHP
dpr_orc_prd2 LP@OGJP
dpr_orc_prd2 PLDLJNP
dpr_orc_prd2 SSPRJJP
dpr_orc_prd2 HD@TNHP
dpr_orc_prd2 LSPRPJP
dpr_orc_prd2 SSEXMJP
dpr_orc_prd2 CPFINJP
dpr_orc_prd2 LP@OPJP
dpr_orc_prd2 SSNICJP
dpr_orc_prd2 IPBLDHP
dpr_orc_prd2 HSRDHJP9
dpr_orc_prd2 CNFDDWPC
dpr_orc_prd2 LSPMHSP
dpr_orc_prd2 BS@OPJP
dpr_orc_prd2 DCACMJP
dpr_orc_prd2 LP@IPJP
dpr_orc_prd2 LP@VAJP
dpr_orc_prd2 SSDFUJP
dpr_orc_prd2 EBPDPJP
dpr_orc_prd2 DDUWIJP
dpr_orc_prd2 EPACMHP
dpr_orc_prd2 HSDBHHP
dpr_orc_prd2 SSBKLJP
dpr_orc_prd2 IBAPJNP
dpr_orc_prd2 EPSADAP
dpr_orc_prd2 DDCQBJP
dpr_orc_prd2 SSUBSTP
dpr_orc_prd2 PLAINJP
dpr_orc_prd2 EPCCMHP
dpr_orc_prd2 EPPCMHP
dpr_orc_prd2 CPFADJP
dpr_orc_prd2 HSCENJP9
dpr_orc_prd2 SSUSRJP
dpr_orc_prd2 HSRDTJP
dpr_orc_prd2 HSRDTJP9
dpr_orc_prd2 IRCBJNP
dpr_orc_prd2 IRDDJNP
dpr_orc_prd2 IRTDJNP
dpr_orc_prd2 ORDLJNP
dpr_orc_prd2 RXDLJNP
dpr_orc_prd2 TDAMIJP
dpr_orc_prd2 TDEALJP
dpr_orc_prd2 EBDCNJP
dpr_orc_prd2 BAIMGHP
dpr_orc_prd2 HSRDNHP
dpr_orc_prd2 TDACMHP
dpr_orc_prd2 EPHITFP
dpr_orc_prd2 HSRDGHP
dpr_orc_prd2 HSRDHHP
dpr_orc_prd2 HSRDPHP
dpr_orc_prd2 HSRDTHP
dpr_orc_prd2 LSRHSLP
dpr_orc_prd2 HSCENHP
dpr_orc_prd2 ADTRANP
dpr_orc_prd2 HSCETHP
dpr_orc_prd2 IBDLIFP
dpr_orc_prd2 HSCEBHP
dpr_orc_prd2 IBDLRJP
dpr_orc_prd2 HSPSTHP
dpr_orc_prd2 HSCEEHP
dpr_orc_prd2 HSCECHP
dpr_orc_prd2 SSVCHPP
dpr_orc_prd2 HSCIUHP
dpr_orc_prd2 SSPFRJP
dpr_orc_prd2 HSTRSNP
dpr_orc_prd2 HSCEVHP
dpr_orc_prd2 SSESTTP
dpr_orc_prd2 LSRHSWP
dpr_orc_prd2 DDIRHFP
dpr_orc_prd2 HETRSNP
dpr_orc_prd2 HD@HOLP
dpr_orc_prd2 DDIAJHP
dpr_orc_prd2 EPBAWAP
dpr_orc_prd2 HSRDTNP1
dpr_orc_prd2 IPBAWAP
dpr_orc_prd2 IPDCWAP
dpr_orc_prd2 IE@TNHDP2
dpr_orc_prd2 SS@SAFEP
dpr_orc_prd2 IE@TNTDP2
dpr_orc_prd2 IRDLIFP
dpr_orc_prd2 DDTNJXP
dpr_orc_prd2 LP@IPHP
dpr_orc_prd2 BASSTNP
dpr_orc_prd2 SS@ELHP
dpr_orc_prd2 AFASTJP
dpr_orc_prd2 SS@ELTP
dpr_orc_prd2 SSCRTRP
dpr_orc_prd2 SS@SAFEP1
dpr_orc_prd2 AFSITJP
dpr_orc_prd2 SS@TMFP1
dpr_orc_prd2 SS@PBOCDP
dpr_orc_prd2 SS@TMFP
dpr_orc_prd2 DD@TNJNP
dpr_orc_prd2 GLTNJNP
dpr_orc_prd2 IETNJNP
dpr_orc_prd2 LSTNJNP
dpr_orc_prd2 PLTNJNP
dpr_orc_prd2 TDTRNJP
dpr_orc_prd2 EBSVJNP
dpr_orc_prd2 EPBLHSP
dpr_orc_prd2 EPDCHSP
dpr_orc_prd2 IPLNHSP
dpr_orc_prd2 IPBLHSP
dpr_orc_prd2 IPDCHSP
dpr_orc_prd2 SSFXCSP
dpr_orc_prd2 HSHLDHP
dpr_orc_prd2 HSSTBJP1
dpr_orc_prd2 HSSTMJP
dpr_orc_prd2 HSSTMJP2
dpr_orc_prd2 HSSTMJPB
dpr_orc_prd2 HSSTBJP
dpr_orc_prd2 HS@SCXP
dpr_orc_prd2 SS@RHJP
dpr_orc_prd2 HSCHRGP
dpr_orc_prd2 EWALRDP
dpr_orc_prd2 EWARFLP
dpr_orc_prd2 EWAULDP
dpr_orc_prd2 EWBALPTRCP
dpr_orc_prd2 EWBHBCP
dpr_orc_prd2 EWBHFWP
dpr_orc_prd2 EWBHGAP
dpr_orc_prd2 EWBHGAP1
dpr_orc_prd2 EWBHGCP
dpr_orc_prd2 EWBHGCP1
dpr_orc_prd2 EWBHGIP
dpr_orc_prd2 EWBHGMP
dpr_orc_prd2 EWBHGPP
dpr_orc_prd2 EWBHJAP
dpr_orc_prd2 EWBHJAP1
dpr_orc_prd2 EWBHJCP
dpr_orc_prd2 EWBHJCP1
dpr_orc_prd2 EWBHJIP
dpr_orc_prd2 EWBHJMP
dpr_orc_prd2 EWBHJPP
dpr_orc_prd2 EWBOAULP
dpr_orc_prd2 EWBOCMLP
dpr_orc_prd2 EWCCAWPC
dpr_orc_prd2 EWCCAWPP
dpr_orc_prd2 EWCCAWPT
dpr_orc_prd2 EWCCCWPC
dpr_orc_prd2 EWCCCWPP
dpr_orc_prd2 EWCCCWPT
dpr_orc_prd2 EWCCLCP
dpr_orc_prd2 EWCCSNWP
dpr_orc_prd2 EWCCSNWSP
dpr_orc_prd2 EWCCUSP
dpr_orc_prd2 EWCHNPP
dpr_orc_prd2 EWCLSDT
dpr_orc_prd2 EWCMIDP
dpr_orc_prd2 EWCMLDP
dpr_orc_prd2 EWCPYCTP
dpr_orc_prd2 EWCPYFP
dpr_orc_prd2 EWCPYSP
dpr_orc_prd2 EWCRDWPC
dpr_orc_prd2 EWCRDWPP
dpr_orc_prd2 EWCRDWPT
dpr_orc_prd2 EWCRMCP
dpr_orc_prd2 EWDCMMP
dpr_orc_prd2 EWDEXTP
dpr_orc_prd2 EWDVCLP
dpr_orc_prd2 EWEAMSP
dpr_orc_prd2 EWEAMSP1
dpr_orc_prd2 EWECDWPC
dpr_orc_prd2 EWECDWPP
dpr_orc_prd2 EWECDWPT
dpr_orc_prd2 EWECMSP
dpr_orc_prd2 EWETARP
dpr_orc_prd2 EWEXAWPC
dpr_orc_prd2 EWEXAWPP
dpr_orc_prd2 EWEXAWPT
dpr_orc_prd2 EWEXCWPC
dpr_orc_prd2 EWEXCWPP
dpr_orc_prd2 EWEXCWPT
dpr_orc_prd2 EWEXTCUP
dpr_orc_prd2 EWEXTCUP1
dpr_orc_prd2 EWEXTDP
dpr_orc_prd2 EWEXTIP
dpr_orc_prd2 EWEXTIXP
dpr_orc_prd2 EWEXTIXT
dpr_orc_prd2 EWHSSADXP1
dpr_orc_prd2 EWHSSMSXP
dpr_orc_prd2 EWHSSMSXT
dpr_orc_prd2 EWHUBAP
dpr_orc_prd2 EWHUBDP
dpr_orc_prd2 EWICACMSP
dpr_orc_prd2 EWICACRFP
dpr_orc_prd2 EWICACSMP
dpr_orc_prd2 EWICALSFP
dpr_orc_prd2 EWICASMSP
dpr_orc_prd2 EWICCBPSP
dpr_orc_prd2 EWICCDMSP
dpr_orc_prd2 EWICDLASP
dpr_orc_prd2 EWICDLNQP
dpr_orc_prd2 EWICPDCPP
dpr_orc_prd2 EWICREPGP
dpr_orc_prd2 EWICSTDPP
dpr_orc_prd2 EWICSTTCP
dpr_orc_prd2 EWICTPCNP
dpr_orc_prd2 EWIETNWP
dpr_orc_prd2 EWIETNWP1
dpr_orc_prd2 EWIETNWP2
dpr_orc_prd2 EWIHPASLP
dpr_orc_prd2 EWIHPCAPP
dpr_orc_prd2 EWIHPCAPPB
dpr_orc_prd2 EWIHPCNTP
dpr_orc_prd2 EWIHPCNTPB
dpr_orc_prd2 EWLEXPP
dpr_orc_prd2 EWMCMMP1
dpr_orc_prd2 EWMCMMP9
dpr_orc_prd2 EWMCONCTP1
dpr_orc_prd2 EWMCONCTP9
dpr_orc_prd2 EWMCONDP9
dpr_orc_prd2 EWMCONTP1
dpr_orc_prd2 EWMCONTP9
dpr_orc_prd2 EWMEXTP
dpr_orc_prd2 EWMEXTP1
dpr_orc_prd2 EWMREFP1
dpr_orc_prd2 EWMREFP9
dpr_orc_prd2 EWOACARP9
dpr_orc_prd2 EWOADRP9
dpr_orc_prd2 EWOARARP9
dpr_orc_prd2 EWOARIPP9
dpr_orc_prd2 EWOARP9
dpr_orc_prd2 EWOCAARP9
dpr_orc_prd2 EWOCCARP9
dpr_orc_prd2 EWOCCSMP9
dpr_orc_prd2 EWOCSTP9
dpr_orc_prd2 EWOEMPEP9
dpr_orc_prd2 EWOIDDPP9
dpr_orc_prd2 EWOIDVP9
dpr_orc_prd2 EWOIIPP9
dpr_orc_prd2 EWOIPALTP9
dpr_orc_prd2 EWOIPEMAP9
dpr_orc_prd2 EWOIPP9
dpr_orc_prd2 EWOIPTELP9
dpr_orc_prd2 EWOORGP9
dpr_orc_prd2 EWOPDARP9
dpr_orc_prd2 EWOPDCLMP9
dpr_orc_prd2 EWOPDP9
dpr_orc_prd2 EWOPDXSLP9
dpr_orc_prd2 EWOSVARP9
dpr_orc_prd2 EWPOCUMAP
dpr_orc_prd2 EWPOCUMMP
dpr_orc_prd2 EWPPCPP
dpr_orc_prd2 EWPRDITMCP
dpr_orc_prd2 EWSBUSMP
dpr_orc_prd2 EWSBUSP
dpr_orc_prd2 EWSDCPP
dpr_orc_prd2 EWSDLSP
dpr_orc_prd2 EWSEXPP
dpr_orc_prd2 EWSIPALTP
dpr_orc_prd2 EWSIPEMAP
dpr_orc_prd2 EWSIPP
dpr_orc_prd2 EWSLDSTP
dpr_orc_prd2 EWSLDSTP1
dpr_orc_prd2 EWSLDSTP9
dpr_orc_prd2 EWSLFLP
dpr_orc_prd2 EWSLSTP
dpr_orc_prd2 EWSLSTP1
dpr_orc_prd2 EWSTDPP
dpr_orc_prd2 EWSYCPP
dpr_orc_prd2 EWTPRDP
dpr_orc_prd2 EWTPRIP
dpr_orc_prd2 EWTRCDP
dpr_orc_prd2 EWUEXPP
dpr_orc_prd2 EWUEXPP1
dpr_orc_prd2 EWUEXPP9
dpr_orc_prd2 EWUSRDEL
dpr_orc_prd2 EWUSRMAP
dpr_orc_prd2 EWWDATEP
dpr_orc_prd2 EWWPETRIDP
dpr_orc_prd2 EWWRCLP
dpr_orc_prd2 EWWSDLSP
dpr_orc_prd2 EWWTCAINWP
dpr_orc_prd2 EWWTRIDP
dpr_orc_prd2 FICNTPF
dpr_orc_prd2 GBCINFP
dpr_orc_prd2 GBCTYPP
dpr_orc_prd2 GBSTDPP
dpr_orc_prd2 GBSTDPP2
dpr_orc_prd2 GCCVLMP
dpr_orc_prd2 GCCVMIP
dpr_orc_prd2 GHACMSP
dpr_orc_prd2 GHACMSPD
dpr_orc_prd2 GHALHIQ1
dpr_orc_prd2 GHALSFP
dpr_orc_prd2 GHALSFP1
dpr_orc_prd2 GHALSFPD
dpr_orc_prd2 GHALSFQ1
dpr_orc_prd2 GHALSFQ2
dpr_orc_prd2 GHBCHCP
dpr_orc_prd2 GHBDIFP
dpr_orc_prd2 GHBDIFP1
dpr_orc_prd2 GHBDIFP9
dpr_orc_prd2 GHBDIWP
dpr_orc_prd2 GHBDIWP9
dpr_orc_prd2 GHBDIWPQ
dpr_orc_prd2 GHBSP1P
dpr_orc_prd2 GHBSP2P
dpr_orc_prd2 GHCLMTP
dpr_orc_prd2 GHCLMTP7
dpr_orc_prd2 GHCLMTP8
dpr_orc_prd2 GHCLMTPD
dpr_orc_prd2 GHCLMTPD7
dpr_orc_prd2 GHCLMTPD8
dpr_orc_prd2 GHCNISP
dpr_orc_prd2 GHCNISPD
dpr_orc_prd2 GHCON2P
dpr_orc_prd2 GHCON2P7
dpr_orc_prd2 GHCON2P8
dpr_orc_prd2 GHCON2P9
dpr_orc_prd2 GHCON2PD
dpr_orc_prd2 GHCON2PD7
dpr_orc_prd2 GHCON2PD8
dpr_orc_prd2 GHCON2PD9
dpr_orc_prd2 GHCON2PH
dpr_orc_prd2 GHCON3P
dpr_orc_prd2 GHCON3P1
dpr_orc_prd2 GHCON3P9
dpr_orc_prd2 GHCPFCP
dpr_orc_prd2 GHCPFCP2
dpr_orc_prd2 GHCPFCP3
dpr_orc_prd2 GHCPFCPD
dpr_orc_prd2 GHCPFCPD2
dpr_orc_prd2 GHCPFCPD3
dpr_orc_prd2 GHCPFGP
dpr_orc_prd2 GHCPFGPD
dpr_orc_prd2 GHCSHRP
dpr_orc_prd2 GHCUSTP
dpr_orc_prd2 GHCUSTP3
dpr_orc_prd2 GHCUSTPD
dpr_orc_prd2 GHDTARP
dpr_orc_prd2 GHEPJNP
dpr_orc_prd2 GHIEAWP
dpr_orc_prd2 GHIEAWPA
dpr_orc_prd2 GHIEAWPM
dpr_orc_prd2 GHIEISP
dpr_orc_prd2 GHIERSP
dpr_orc_prd2 GHIETNP
dpr_orc_prd2 GHIPJNP
dpr_orc_prd2 GHLMTRP
dpr_orc_prd2 GHLMTRP1
dpr_orc_prd2 GHLMTRPD
dpr_orc_prd2 GHLMTRPD1
dpr_orc_prd2 GHPIEIP
dpr_orc_prd2 GHPIEIP1
dpr_orc_prd2 GHPIEIP9
dpr_orc_prd2 GHPYMIP
dpr_orc_prd2 GHPYMIP1
dpr_orc_prd2 GHPYMIP9
dpr_orc_prd2 GHSCR1P
dpr_orc_prd2 GHSCRLP
dpr_orc_prd2 GHSECHP
dpr_orc_prd2 GHSECHPD
dpr_orc_prd2 GHTCRSP
dpr_orc_prd2 GL@ACCQP
dpr_orc_prd2 GLACMSP
dpr_orc_prd2 GLACMSP1
dpr_orc_prd2 GLADAJP
dpr_orc_prd2 GLANCLP
dpr_orc_prd2 GLATCLP
dpr_orc_prd2 GLBDINP
dpr_orc_prd2 GLBDINP8
dpr_orc_prd2 GLCBPCP
dpr_orc_prd2 GLCBPTP
dpr_orc_prd2 GLCBPTPY
dpr_orc_prd2 GLCHACP
dpr_orc_prd2 GLDRACP
dpr_orc_prd2 GLEXDLP
dpr_orc_prd2 GLEXSTP
dpr_orc_prd2 GLEXTXP
dpr_orc_prd2 GLLBBEP
dpr_orc_prd2 GLNACLP
dpr_orc_prd2 GLNAIFP
dpr_orc_prd2 GLNAREP
dpr_orc_prd2 GLOACJP
dpr_orc_prd2 GLOAJNP
dpr_orc_prd2 GLOPADP
dpr_orc_prd2 GLOPIAP
dpr_orc_prd2 GLOPICP
dpr_orc_prd2 GLOPISP
dpr_orc_prd2 GLORDJP
dpr_orc_prd2 GLSBACP
dpr_orc_prd2 GLSBATP
dpr_orc_prd2 GLSBATP1
dpr_orc_prd2 GLSBATPZ
dpr_orc_prd2 GLSBSCP
dpr_orc_prd2 GLSSCLP
dpr_orc_prd2 GLSTATP
dpr_orc_prd2 GLSTATP1
dpr_orc_prd2 GLSTATPZ
dpr_orc_prd2 GLSTAUP
dpr_orc_prd2 GLSURCP
dpr_orc_prd2 GLSYCLP
dpr_orc_prd2 GLTRNDP
dpr_orc_prd2 GLTRSTP
dpr_orc_prd2 GLTRSTP1
dpr_orc_prd2 GRALINP
dpr_orc_prd2 GRALINP1
dpr_orc_prd2 GRALINP2
dpr_orc_prd2 GRALLCP
dpr_orc_prd2 GRAPCLP
dpr_orc_prd2 GRBDAIP
dpr_orc_prd2 GRBDAIP0
dpr_orc_prd2 GRBDAMP
dpr_orc_prd2 GRBDBWP
dpr_orc_prd2 GRBDGWP
dpr_orc_prd2 GRBDIDP
dpr_orc_prd2 GRBDIFP
dpr_orc_prd2 GRBDIFP0
dpr_orc_prd2 GRBDIFP1
dpr_orc_prd2 GRBDIMP
dpr_orc_prd2 GRBDSTP
dpr_orc_prd2 GRBDSTP0
dpr_orc_prd2 GRBDSUP
dpr_orc_prd2 GRBDXWP
dpr_orc_prd2 GRCLMTP
dpr_orc_prd2 GRCSIEP
dpr_orc_prd2 GRDCBPP
dpr_orc_prd2 GRFEIGP
dpr_orc_prd2 GRFEIGP0
dpr_orc_prd2 GRFEIIP
dpr_orc_prd2 GRFEIIP0
dpr_orc_prd2 GRFXTHP
dpr_orc_prd2 GRFXTHP0
dpr_orc_prd2 GRFXTHP7
dpr_orc_prd2 GRGLIEP
dpr_orc_prd2 GRGPCLP
dpr_orc_prd2 GRIGDWP
dpr_orc_prd2 GRIGDWP1
dpr_orc_prd2 GRINEPP
dpr_orc_prd2 GRINEPP1
dpr_orc_prd2 GRINEPPZ
dpr_orc_prd2 GRIRRWP
dpr_orc_prd2 GRIRRWP1
dpr_orc_prd2 GRIRRWP2
dpr_orc_prd2 GRIRRWP3
dpr_orc_prd2 GRIRRWP4
dpr_orc_prd2 GRLMTYP
dpr_orc_prd2 GRLQINP
dpr_orc_prd2 GRLQLCP
dpr_orc_prd2 GRRTCLP
dpr_orc_prd2 GRRTNMP
dpr_orc_prd2 GRRTTHP
dpr_orc_prd2 GRRTTHP7
dpr_orc_prd2 GRRTTPP
dpr_orc_prd2 GRRTTPP7
dpr_orc_prd2 GRSYCLP
dpr_orc_prd2 GRTEIDP
dpr_orc_prd2 GRTRAEP
dpr_orc_prd2 GRUODIP
dpr_orc_prd2 GRUODIP1
dpr_orc_prd2 GRUODSP
dpr_orc_prd2 GRUODSP0
dpr_orc_prd2 GXCLMTP
dpr_orc_prd2 GXCNSPP
dpr_orc_prd2 GXCRPCP
dpr_orc_prd2 GXCTLPP
dpr_orc_prd2 GXGRCAP
dpr_orc_prd2 GXLOGPP
dpr_orc_prd2 GXPRFTP
dpr_orc_prd2 IB2TPFP
dpr_orc_prd2 IBACIDP
dpr_orc_prd2 IBACSDP
dpr_orc_prd2 IBAFERP
dpr_orc_prd2 IBAHEXP
dpr_orc_prd2 IBAMSGP
dpr_orc_prd2 IBAVONP
dpr_orc_prd2 IBAVRQP
dpr_orc_prd2 IBAVRQP1
dpr_orc_prd2 IBBPSHP
dpr_orc_prd2 IBCAMSP
dpr_orc_prd2 IBCBIDP
dpr_orc_prd2 IBCIDRP
dpr_orc_prd2 IBCMBTP
dpr_orc_prd2 IBCMEJP
dpr_orc_prd2 IBCMEWP
dpr_orc_prd2 IBCMINP
dpr_orc_prd2 IBCRIUP
dpr_orc_prd2 IBCSSTP
dpr_orc_prd2 IBDCUSP
dpr_orc_prd2 IBDOTTP
dpr_orc_prd2 IBESMCP
dpr_orc_prd2 IBHACLP
dpr_orc_prd2 IBHRSFP
dpr_orc_prd2 IBINAWP
dpr_orc_prd2 IBINAWP1
dpr_orc_prd2 IBIWCSP
dpr_orc_prd2 IBIWERP
dpr_orc_prd2 IBIWERPA
dpr_orc_prd2 IBIWERPB
dpr_orc_prd2 IBIWPTP
dpr_orc_prd2 IBKEYCP
dpr_orc_prd2 IBKEYPP
dpr_orc_prd2 IBMGBKP
dpr_orc_prd2 IBMGBKPA
dpr_orc_prd2 IBMGBKPB
dpr_orc_prd2 IBMSIDP
dpr_orc_prd2 IBMXMTP2
dpr_orc_prd2 IBOTPDP
dpr_orc_prd2 IBOTPFP
dpr_orc_prd2 IBPAIFP
dpr_orc_prd2 IBPBKDP
dpr_orc_prd2 IBPDEXP
dpr_orc_prd2 IBPREXP
dpr_orc_prd2 IBSIEXP
dpr_orc_prd2 IBSIGJP
dpr_orc_prd2 IBSLEXP
dpr_orc_prd2 IBSMAAP
dpr_orc_prd2 IBSMADP
dpr_orc_prd2 IBSMADP1
dpr_orc_prd2 IBSMANP
dpr_orc_prd2 IBSMANP1
dpr_orc_prd2 IBSMBPP
dpr_orc_prd2 IBSMBPP1
dpr_orc_prd2 IBSMETP
dpr_orc_prd2 IBSVBUP
dpr_orc_prd2 IBTDEXP
dpr_orc_prd2 IBTDEXP1
dpr_orc_prd2 IBTKCSP
dpr_orc_prd2 IBTKEXP
dpr_orc_prd2 IBTKEXP0
dpr_orc_prd2 IBTKMIP
dpr_orc_prd2 IBURADP
dpr_orc_prd2 IBURADP1
dpr_orc_prd2 IBURSVP
dpr_orc_prd2 IBURSVP1
dpr_orc_prd2 IE@RECWP
dpr_orc_prd2 IE@TNJNP
dpr_orc_prd2 IEACMSP
dpr_orc_prd2 IEASCLP
dpr_orc_prd2 IEBSCLP
dpr_orc_prd2 IECBPCP
dpr_orc_prd2 IECBPTP
dpr_orc_prd2 IECBPTPY
dpr_orc_prd2 IECCDIP
dpr_orc_prd2 IECHACP
dpr_orc_prd2 IECHPRP
dpr_orc_prd2 IECMCSP
dpr_orc_prd2 IECMCSP1
dpr_orc_prd2 IECMCSP9
dpr_orc_prd2 IECMCSP91
dpr_orc_prd2 IECMCSPZ
dpr_orc_prd2 IECMSTP
dpr_orc_prd2 IECMSTP1
dpr_orc_prd2 IECMSTP8
dpr_orc_prd2 IECMSTP81
dpr_orc_prd2 IECMSTP9
dpr_orc_prd2 IECMSTPZ
dpr_orc_prd2 IEDPACP
dpr_orc_prd2 IEDPACP1
dpr_orc_prd2 IEPDIFP
dpr_orc_prd2 IEPLBDP
dpr_orc_prd2 IEPLBDP1
dpr_orc_prd2 IEPLBLP
dpr_orc_prd2 IEPLHLP
dpr_orc_prd2 IEPLPCP
dpr_orc_prd2 IEPLPNP
dpr_orc_prd2 IESBACP
dpr_orc_prd2 IESBAGP
dpr_orc_prd2 IESBAGP0
dpr_orc_prd2 IESCOCP
dpr_orc_prd2 IESTMRP
dpr_orc_prd2 IESTMRP1
dpr_orc_prd2 IESYCLP
dpr_orc_prd2 IETRSTP
dpr_orc_prd2 IETRSTP1
dpr_orc_prd2 IETRSTPZ
dpr_orc_prd2 ILCBCLP
dpr_orc_prd2 ILHCLPP
dpr_orc_prd2 ILHRPPP
dpr_orc_prd2 ILICLPP
dpr_orc_prd2 ILICLRP
dpr_orc_prd2 ILICMPP
dpr_orc_prd2 ILIRIPP
dpr_orc_prd2 ILOUIPP
dpr_orc_prd2 ILSFTPP
dpr_orc_prd2 ILSPTPP
dpr_orc_prd2 ILSSTPP
dpr_orc_prd2 ILTVMPP
dpr_orc_prd2 IP@BLMP
dpr_orc_prd2 IP@LNMP
dpr_orc_prd2 IPABAJP
dpr_orc_prd2 IPACLMP
dpr_orc_prd2 IPACLMP1
dpr_orc_prd2 IPACMJP
dpr_orc_prd2 IPACMJP1
dpr_orc_prd2 IPACMJP1B
dpr_orc_prd2 IPACMSP
dpr_orc_prd2 IPACMSP1
dpr_orc_prd2 IPACMSP2
dpr_orc_prd2 IPACMSP3
dpr_orc_prd2 IPACMSPZ
dpr_orc_prd2 IPACTFP
dpr_orc_prd2 IPADCPP
dpr_orc_prd2 IPAPMSP
dpr_orc_prd2 IPAPRPP
dpr_orc_prd2 IPAPRPP1
dpr_orc_prd2 IPBACPP
dpr_orc_prd2 IPBCRQP
dpr_orc_prd2 IPBCRQP1
dpr_orc_prd2 IPBDCCP
dpr_orc_prd2 IPBDINP
dpr_orc_prd2 IPBDITP
dpr_orc_prd2 IPBDSCP
dpr_orc_prd2 IPBLATP
dpr_orc_prd2 IPBLCBP
dpr_orc_prd2 IPBLDSP
dpr_orc_prd2 IPBLDXP
dpr_orc_prd2 IPBLHXP
dpr_orc_prd2 IPBLIHP
dpr_orc_prd2 IPBLMDP
dpr_orc_prd2 IPBLMSP
dpr_orc_prd2 IPBLMSP1
dpr_orc_prd2 IPBLMSP9
dpr_orc_prd2 IPBLMSPZ
dpr_orc_prd2 IPBLMSQ1
dpr_orc_prd2 IPBLMSQ3
dpr_orc_prd2 IPBLMXP
dpr_orc_prd2 IPBLRGP
dpr_orc_prd2 IPBLRGP1
dpr_orc_prd2 IPBLRRP
dpr_orc_prd2 IPBLRRP1
dpr_orc_prd2 IPBLSTP
dpr_orc_prd2 IPBLSTP1
dpr_orc_prd2 IPBLWAP
dpr_orc_prd2 IPBLWXP
dpr_orc_prd2 IPBPCPP
dpr_orc_prd2 IPBSCPP
dpr_orc_prd2 IPBSERP
dpr_orc_prd2 IPCAARP
dpr_orc_prd2 IPCACQP
dpr_orc_prd2 IPCCSMP
dpr_orc_prd2 IPCFTRP
dpr_orc_prd2 IPCHGPP
dpr_orc_prd2 IPCHHYP
dpr_orc_prd2 IPCHPMP
dpr_orc_prd2 IPCHWAP
dpr_orc_prd2 IPCLWAP
dpr_orc_prd2 IPCMSTP
dpr_orc_prd2 IPCNWAP
dpr_orc_prd2 IPCON2P
dpr_orc_prd2 IPCON2P5
dpr_orc_prd2 IPCON2PD
dpr_orc_prd2 IPCON2PD5
dpr_orc_prd2 IPCON2PDS
dpr_orc_prd2 IPCON2PS
dpr_orc_prd2 IPCSRQP
dpr_orc_prd2 IPCSRQP1
dpr_orc_prd2 IPDACNHBCB
dpr_orc_prd2 IPDACNHBSH
dpr_orc_prd2 IPDACNHSBC
dpr_orc_prd2 IPDARDP
dpr_orc_prd2 IPDBSCP
dpr_orc_prd2 IPDBSCP1
dpr_orc_prd2 IPDBSCP5
dpr_orc_prd2 IPDBSTP
dpr_orc_prd2 IPDBSTP1
dpr_orc_prd2 IPDBSTP5
dpr_orc_prd2 IPDCAAP
dpr_orc_prd2 IPDCALP
dpr_orc_prd2 IPDCATP
dpr_orc_prd2 IPDCCBP
dpr_orc_prd2 IPDCDJP
dpr_orc_prd2 IPDCDJP1
dpr_orc_prd2 IPDCDSP
dpr_orc_prd2 IPDCFCP
dpr_orc_prd2 IPDCMSP
dpr_orc_prd2 IPDCMSP1
dpr_orc_prd2 IPDCMSP9
dpr_orc_prd2 IPDCMSPZ
dpr_orc_prd2 IPDCSTP
dpr_orc_prd2 IPDCSTP1
dpr_orc_prd2 IPDCSTP2
dpr_orc_prd2 IPDICSP
dpr_orc_prd2 IPDIGSP
dpr_orc_prd2 IPDLWAP
dpr_orc_prd2 IPDPIFP
dpr_orc_prd2 IPDPITP
dpr_orc_prd2 IPDPITP1
dpr_orc_prd2 IPDPIWP
dpr_orc_prd2 IPDPTFP
dpr_orc_prd2 IPDSCRP
dpr_orc_prd2 IPEDIBHP
dpr_orc_prd2 IPEDIBP
dpr_orc_prd2 IPEDICHP
dpr_orc_prd2 IPEDICP
dpr_orc_prd2 IPEDIDHP
dpr_orc_prd2 IPEDIDP
dpr_orc_prd2 IPEDISHP
dpr_orc_prd2 IPEDISP
dpr_orc_prd2 IPFSIDP
dpr_orc_prd2 IPFSIDP1
dpr_orc_prd2 IPFSIDP2
dpr_orc_prd2 IPGECPP
dpr_orc_prd2 IPGSCPP
dpr_orc_prd2 IPGSCPP1
dpr_orc_prd2 IPHEXAP
dpr_orc_prd2 IPHEXBP
dpr_orc_prd2 IPHEXWP
dpr_orc_prd2 IPICLXP
dpr_orc_prd2 IPINGSP
dpr_orc_prd2 IPLGSPP
dpr_orc_prd2 IPLGSPP1
dpr_orc_prd2 IPLLWAP
dpr_orc_prd2 IPLMODP
dpr_orc_prd2 IPLNCSP
dpr_orc_prd2 IPLNIHP
dpr_orc_prd2 IPLNMSP
dpr_orc_prd2 IPLNMSP1
dpr_orc_prd2 IPLNMSP2
dpr_orc_prd2 IPLNMSP5
dpr_orc_prd2 IPLNMSPZ
dpr_orc_prd2 IPLNSRP
dpr_orc_prd2 IPLNWAP
dpr_orc_prd2 IPLNWAP1
dpr_orc_prd2 IPLNWAP2
dpr_orc_prd2 IPLTCPP
dpr_orc_prd2 IPMSCLP
dpr_orc_prd2 IPPDCPP
dpr_orc_prd2 IPPDUEP
dpr_orc_prd2 IPPDUEP1
dpr_orc_prd2 IPPLLKP
dpr_orc_prd2 IPPRGDP
dpr_orc_prd2 IPPRWAP
dpr_orc_prd2 IPREPTP
dpr_orc_prd2 IPREPTP1
dpr_orc_prd2 IPREPTP2
dpr_orc_prd2 IPRMBCP
dpr_orc_prd2 IPRMBDP
dpr_orc_prd2 IPSBCHP
dpr_orc_prd2 IPSBWAP
dpr_orc_prd2 IPSETIP
dpr_orc_prd2 IPSETIP1
dpr_orc_prd2 IPSGATP
dpr_orc_prd2 IPSGCBP
dpr_orc_prd2 IPSGHSP
dpr_orc_prd2 IPSGMSP
dpr_orc_prd2 IPSGMSP1
dpr_orc_prd2 IPSGMSPZ
dpr_orc_prd2 IPSGRTP
dpr_orc_prd2 IPSGWAP
dpr_orc_prd2 IPSGWAP1
dpr_orc_prd2 IPSHADP
dpr_orc_prd2 IPSHAJP
dpr_orc_prd2 IPSIGDP
dpr_orc_prd2 IPSIGNP
dpr_orc_prd2 IPSLWAP
dpr_orc_prd2 IPSTDCP
dpr_orc_prd2 IPSTDFP
dpr_orc_prd2 IPSTMTP
dpr_orc_prd2 IPSTRQP
dpr_orc_prd2 IPSTWCP
dpr_orc_prd2 IPSYCPP
dpr_orc_prd2 IPWACLP
dpr_orc_prd2 IPXMTHP
dpr_orc_prd2 IPZZZZP
dpr_orc_prd2 IRCBESP
dpr_orc_prd2 IRCBMSP
dpr_orc_prd2 IRCBMSP1
dpr_orc_prd2 IRDLIXP
dpr_orc_prd2 IRDLWDP
dpr_orc_prd2 IRDMMSP
dpr_orc_prd2 IRDMMSP1
dpr_orc_prd2 IRDPIPP
dpr_orc_prd2 IRDPWCP
dpr_orc_prd2 IRHICPP
dpr_orc_prd2 IRMGSTP
dpr_orc_prd2 IRMGSTP2
dpr_orc_prd2 IRMGSTPZ
dpr_orc_prd2 IRPDCPP
dpr_orc_prd2 IRPDCPPO
dpr_orc_prd2 IRRBDCP
dpr_orc_prd2 IRRBDJP
dpr_orc_prd2 IRRDCPP
dpr_orc_prd2 IRRDCSP
dpr_orc_prd2 IRRDSJP
dpr_orc_prd2 IRRSMSP
dpr_orc_prd2 IRRSMSP1
dpr_orc_prd2 IRRSMSP2
dpr_orc_prd2 IRRSMSPZ
dpr_orc_prd2 IRSHRFP
dpr_orc_prd2 IRSHRFP1
dpr_orc_prd2 IRSPCPP
dpr_orc_prd2 IRSRCPP
dpr_orc_prd2 IRSTCPP
dpr_orc_prd2 IRTCCPP
dpr_orc_prd2 IRTCPPP
dpr_orc_prd2 IRTTMSP
dpr_orc_prd2 IRTTMSP1
dpr_orc_prd2 ITABMSP
dpr_orc_prd2 ITACSLP
dpr_orc_prd2 ITALDFP
dpr_orc_prd2 ITALDTP
dpr_orc_prd2 ITALRSP
dpr_orc_prd2 ITBEIIP
dpr_orc_prd2 ITBEIOP
dpr_orc_prd2 ITBINAP
dpr_orc_prd2 ITBINWP
dpr_orc_prd2 ITCMMSP
dpr_orc_prd2 ITDCSTP
dpr_orc_prd2 ITDCSTP1
dpr_orc_prd2 ITDCSTP2
dpr_orc_prd2 ITDGMDP
dpr_orc_prd2 ITDPITP
dpr_orc_prd2 ITDPITP1
dpr_orc_prd2 ITESRRP
dpr_orc_prd2 ITESRRP1
dpr_orc_prd2 ITIIBEP
dpr_orc_prd2 ITIIBWP
dpr_orc_prd2 ITINCAP
dpr_orc_prd2 ITINCSP
dpr_orc_prd2 ITINCSP1
dpr_orc_prd2 ITINTAP
dpr_orc_prd2 ITINTWP
dpr_orc_prd2 ITINTWP1
dpr_orc_prd2 ITPOMAP
dpr_orc_prd2 ITPOMSP
dpr_orc_prd2 ITPRQCP
dpr_orc_prd2 ITRELPP
dpr_orc_prd2 ITSCFAP
dpr_orc_prd2 ITSCSFP
dpr_orc_prd2 ITSYCPP
dpr_orc_prd2 ITTCAWP
dpr_orc_prd2 ITTCAWP1
dpr_orc_prd2 ITTCNAP
