dpr_orc_prd2 ADBALFP
dpr_orc_prd2 ADENTJP
dpr_orc_prd2 ADENTRP
dpr_orc_prd2 ADEXASP
dpr_orc_prd2 ADEXGLP
dpr_orc_prd2 ADFAMJP
dpr_orc_prd2 ADFAMSP
dpr_orc_prd2 ADFAMVP
dpr_orc_prd2 ADFAXFP
dpr_orc_prd2 ADFAXJP
dpr_orc_prd2 ADFMANP
dpr_orc_prd2 ADIPDTP
dpr_orc_prd2 ADIPHDP
dpr_orc_prd2 ADITMCP
dpr_orc_prd2 ADMACJP
dpr_orc_prd2 ADMACLP
dpr_orc_prd2 ADPHLDP
dpr_orc_prd2 ADPTYCP
dpr_orc_prd2 ADPTYJP
dpr_orc_prd2 ADSUCRP
dpr_orc_prd2 ADSUPCP
dpr_orc_prd2 ADSUPJP
dpr_orc_prd2 ADTNFAP
dpr_orc_prd2 AFADDRP
dpr_orc_prd2 AFAFEJP
dpr_orc_prd2 AFAFESP
dpr_orc_prd2 AFAFMSP
dpr_orc_prd2 AFAFSTP
dpr_orc_prd2 AFAOEJP
dpr_orc_prd2 AFASEJP
dpr_orc_prd2 AFASESP
dpr_orc_prd2 AFASMSP
dpr_orc_prd2 AFGCMSP
dpr_orc_prd2 AFSIADP
dpr_orc_prd2 AFSICPP
dpr_orc_prd2 AFSIMSP
dpr_orc_prd2 AFSIRAP
dpr_orc_prd2 AFSTMSP
dpr_orc_prd2 AICRDFP
dpr_orc_prd2 AM@LAFP1
dpr_orc_prd2 AM@LAFP2
dpr_orc_prd2 AM@LAFP21
dpr_orc_prd2 AM@LAFP2B
dpr_orc_prd2 AM@LAFP3
dpr_orc_prd2 AM@LAFP4
dpr_orc_prd2 AM@LAFP5
dpr_orc_prd2 AM@SPFP1
dpr_orc_prd2 AM@SPFP10
dpr_orc_prd2 AM@SPFP11
dpr_orc_prd2 AM@SPFP12
dpr_orc_prd2 AM@SPFP13
dpr_orc_prd2 AM@SPFP13B
dpr_orc_prd2 AM@SPFP14
dpr_orc_prd2 AM@SPFP1B
dpr_orc_prd2 AM@SPFP2
dpr_orc_prd2 AM@SPFP3
dpr_orc_prd2 AM@SPFP3B
dpr_orc_prd2 AM@SPFP4
dpr_orc_prd2 AM@SPFP51
dpr_orc_prd2 AM@SPFP52
dpr_orc_prd2 AM@SPFP52B
dpr_orc_prd2 AM@SPFP6
dpr_orc_prd2 AM@SPFP7
dpr_orc_prd2 AM@SPFP9
dpr_orc_prd2 AT@LAFP1
dpr_orc_prd2 AT@LAFP2
dpr_orc_prd2 AT@LAFP3
dpr_orc_prd2 AT@LAFP4
dpr_orc_prd2 AT@SPFP2
dpr_orc_prd2 AT@SPFP5
dpr_orc_prd2 BAABLCP
dpr_orc_prd2 BAACIGP
dpr_orc_prd2 BABPRPP
dpr_orc_prd2 BABPSPP
dpr_orc_prd2 BADCPBP
dpr_orc_prd2 BAIMAHP
dpr_orc_prd2 BAIMECP
dpr_orc_prd2 BAIMGTP
dpr_orc_prd2 BAIMPHP
dpr_orc_prd2 BAIMTHP
dpr_orc_prd2 BAIOBCP
dpr_orc_prd2 BAOMGCP
dpr_orc_prd2 BAOMPHP
dpr_orc_prd2 BAOMTHP
dpr_orc_prd2 BAPEIGP
dpr_orc_prd2 BAPTACP
dpr_orc_prd2 BASAINP
dpr_orc_prd2 BASAMSP
dpr_orc_prd2 BA@SMSP
dpr_orc_prd2 BASSAFP
dpr_orc_prd2 BASSMSP
dpr_orc_prd2 BS@CIFP
dpr_orc_prd2 CHBKTRP
dpr_orc_prd2 CHCABSP
dpr_orc_prd2 CHCIDCP
dpr_orc_prd2 CHCLMTP
dpr_orc_prd2 CHCUSTP
dpr_orc_prd2 CNALINP
dpr_orc_prd2 CNBPCSP
dpr_orc_prd2 CNFDSMP
dpr_orc_prd2 CN@IDIP
dpr_orc_prd2 CN@IDJP
dpr_orc_prd2 CPCBRCP
dpr_orc_prd2 CPCGEXP
dpr_orc_prd2 CPCGEXP2
dpr_orc_prd2 CPCUSTP
dpr_orc_prd2 CPMACCP
dpr_orc_prd2 CPOASTP1
dpr_orc_prd2 CPSSTDP
dpr_orc_prd2 CPTPCNP
dpr_orc_prd2 CRBSEWP
dpr_orc_prd2 CRBSEWP1
dpr_orc_prd2 CRBSNMP
dpr_orc_prd2 CR@BSNP
dpr_orc_prd2 CRBSNTP
dpr_orc_prd2 CRBSPBP
dpr_orc_prd2 CRBSPBP1
dpr_orc_prd2 CRBSPCP
dpr_orc_prd2 CR@CFIP
dpr_orc_prd2 CR@CFIP1
dpr_orc_prd2 CR@CFOP1
dpr_orc_prd2 CR@CRLP
dpr_orc_prd2 CR@TTWP1
dpr_orc_prd2 CSAAMSP
dpr_orc_prd2 CSAMGDP
dpr_orc_prd2 CS@LPGP
dpr_orc_prd2 CSMCBPP
dpr_orc_prd2 DCACMSP
dpr_orc_prd2 DCCRMNP
dpr_orc_prd2 DCDRICP
dpr_orc_prd2 DCPDCPP
dpr_orc_prd2 DCUOEXP
dpr_orc_prd2 DDACADP
dpr_orc_prd2 DDACESP
dpr_orc_prd2 DDACMCP
dpr_orc_prd2 DDACMSP
dpr_orc_prd2 DDBSCLP
dpr_orc_prd2 DDCBPCP
dpr_orc_prd2 DDCBPTP
dpr_orc_prd2 DDCISPP
dpr_orc_prd2 DDCNOWP
dpr_orc_prd2 DDCQALP
dpr_orc_prd2 DDCQBKP
dpr_orc_prd2 DDCQIFP
dpr_orc_prd2 DDCQSTP
dpr_orc_prd2 DDCRCPP
dpr_orc_prd2 DDCRINP
dpr_orc_prd2 DDCTKUP
dpr_orc_prd2 DDERINP
dpr_orc_prd2 DDGCTTP
dpr_orc_prd2 DDGMAPP
dpr_orc_prd2 DDGMASP
dpr_orc_prd2 DDGS1BP
dpr_orc_prd2 DDGSAPP
dpr_orc_prd2 DDGSASP
dpr_orc_prd2 DDIAMJP
dpr_orc_prd2 DDINACP
dpr_orc_prd2 DDINAVP
dpr_orc_prd2 DDINSRP
dpr_orc_prd2 DDLBBEP
dpr_orc_prd2 DDMSCMP
dpr_orc_prd2 DDOTKUP
dpr_orc_prd2 DDPASTP
dpr_orc_prd2 DDPDCPP
dpr_orc_prd2 DDPIRCP
dpr_orc_prd2 DDRAACP
dpr_orc_prd2 DDRAAMP
dpr_orc_prd2 DDRHXQP
dpr_orc_prd2 DDSMCJP
dpr_orc_prd2 DDSMCPP
dpr_orc_prd2 DDSPCPP
dpr_orc_prd2 DDSPCQP
dpr_orc_prd2 DDSTMTP
dpr_orc_prd2 DDSVSTP
dpr_orc_prd2 DDSWCLP
dpr_orc_prd2 DDUWINP
dpr_orc_prd2 DDVLBLP
dpr_orc_prd2 DNMIAAP
dpr_orc_prd2 DNMIACP
dpr_orc_prd2 DNMICSP
dpr_orc_prd2 DNNADPP
dpr_orc_prd2 EBAECLP
dpr_orc_prd2 EBAEMMP
dpr_orc_prd2 EBAERQP
dpr_orc_prd2 EBAPINP
dpr_orc_prd2 EBBPINP
dpr_orc_prd2 EBCPINP
dpr_orc_prd2 EBCQBRP
dpr_orc_prd2 EBCRSTP
dpr_orc_prd2 EBCUAAP
dpr_orc_prd2 EBCUADP
dpr_orc_prd2 EBCUARP
dpr_orc_prd2 EBCUSTP
dpr_orc_prd2 EBDCNOP
dpr_orc_prd2 EBEMRQP
dpr_orc_prd2 EBFMARP
dpr_orc_prd2 EBFMCUP
dpr_orc_prd2 EBFMNAP
dpr_orc_prd2 EBGMADP
dpr_orc_prd2 EBGMCJP
dpr_orc_prd2 EBLREFP
dpr_orc_prd2 EBMIEXP
dpr_orc_prd2 EBPDPYP
dpr_orc_prd2 EBTRSTP
dpr_orc_prd2 EOMNLPPM
dpr_orc_prd2 EPABAJP
dpr_orc_prd2 EPACLMP
dpr_orc_prd2 EPACLMP1
dpr_orc_prd2 EPACLPP
dpr_orc_prd2 EPACMSP
dpr_orc_prd2 EPALSFP
dpr_orc_prd2 EPASMSP
dpr_orc_prd2 EPBDCCP
dpr_orc_prd2 EPBEFCP
dpr_orc_prd2 EPBLCBP
dpr_orc_prd2 EPBLDSP
dpr_orc_prd2 EPBLDXP
dpr_orc_prd2 EPBLHXP
dpr_orc_prd2 EPBLIHP
dpr_orc_prd2 EP@BLMP
dpr_orc_prd2 EPBLMSP
dpr_orc_prd2 EPBLRCP
dpr_orc_prd2 EPBLSFP
dpr_orc_prd2 EPBLSTP
dpr_orc_prd2 EPBLTOP
dpr_orc_prd2 EPBLWAP
dpr_orc_prd2 EPBLWXP
dpr_orc_prd2 EPBPCPP
dpr_orc_prd2 EPBRDRP
dpr_orc_prd2 EPBRDSP
dpr_orc_prd2 EPBRDWP
dpr_orc_prd2 EPBUAPP
dpr_orc_prd2 EPCBBMP
dpr_orc_prd2 EPCBCLP
dpr_orc_prd2 EPCBLFP
dpr_orc_prd2 EPCBSTP
dpr_orc_prd2 EPCCSMP
dpr_orc_prd2 EPCFDJP
dpr_orc_prd2 EPCFMAP
dpr_orc_prd2 EPCFMSP
dpr_orc_prd2 EPCFWAP
dpr_orc_prd2 EPCHGPP
dpr_orc_prd2 EPCHPMP
dpr_orc_prd2 EPCHWAP
dpr_orc_prd2 EPCLAUP
dpr_orc_prd2 EPCLUSP
dpr_orc_prd2 EPCMSTP
dpr_orc_prd2 EPCNBBP
dpr_orc_prd2 EPCNWAP
dpr_orc_prd2 EPCON2P
dpr_orc_prd2 EPCSRNP
dpr_orc_prd2 EPCTLPP
dpr_orc_prd2 EPCUWAP
dpr_orc_prd2 EPDANSP
dpr_orc_prd2 EPDBSCP
dpr_orc_prd2 EPDBSTP
dpr_orc_prd2 EPDCCBP
dpr_orc_prd2 EPDCCPP
dpr_orc_prd2 EPDCDSP
dpr_orc_prd2 EPDCMSP
dpr_orc_prd2 EPDCSTP
dpr_orc_prd2 EPDLWAP
dpr_orc_prd2 EPDPDCP
dpr_orc_prd2 EPDPITP
dpr_orc_prd2 EPDPMSP
dpr_orc_prd2 EPDPWAP
dpr_orc_prd2 EPDSCRP
dpr_orc_prd2 EPDSWAP
dpr_orc_prd2 EPEBLFP
dpr_orc_prd2 EPECILP
dpr_orc_prd2 EPEDCFP
dpr_orc_prd2 EPEMRDP
dpr_orc_prd2 EPEMRQP
dpr_orc_prd2 EPFEXSP
dpr_orc_prd2 EPFSIDP
dpr_orc_prd2 EPGECPP
dpr_orc_prd2 EPGFPRPT
dpr_orc_prd2 EPGFXPP
dpr_orc_prd2 EPGIPRPT
dpr_orc_prd2 EPGMSCP
dpr_orc_prd2 EPGPRDPT
dpr_orc_prd2 EPHDRIP
dpr_orc_prd2 EPHITMP
dpr_orc_prd2 EPIBLFP
dpr_orc_prd2 EPICMCP
dpr_orc_prd2 EPICMSP
dpr_orc_prd2 EPIDCFP
dpr_orc_prd2 EPINAJP
dpr_orc_prd2 EPINGSP
dpr_orc_prd2 EPISGFP
dpr_orc_prd2 EPLNDFP
dpr_orc_prd2 EPMDCDP
dpr_orc_prd2 EPOCTDP
dpr_orc_prd2 EPODMAP
dpr_orc_prd2 EPODMSP
dpr_orc_prd2 EPODWAP
dpr_orc_prd2 EPPDCPP
dpr_orc_prd2 EPPDUEP
dpr_orc_prd2 EPPLLKP
dpr_orc_prd2 EPPOWAP
dpr_orc_prd2 EPQBRDP
dpr_orc_prd2 EPSAAWP
dpr_orc_prd2 EPSCWAP
dpr_orc_prd2 EPSENTP
dpr_orc_prd2 EPSIMSP
dpr_orc_prd2 EPSIWAP
dpr_orc_prd2 EPSPINP
dpr_orc_prd2 EPSPMSP
dpr_orc_prd2 EPSPNCP
dpr_orc_prd2 EPSPWAP
dpr_orc_prd2 EPSPWIP
dpr_orc_prd2 EPSTMSP
dpr_orc_prd2 EPSTSRP
dpr_orc_prd2 EPSTWAP
dpr_orc_prd2 EPSVPRP
dpr_orc_prd2 EPSYCPP
dpr_orc_prd2 EPTATPP
dpr_orc_prd2 EPTLFCP
dpr_orc_prd2 EPTRCLP
dpr_orc_prd2 EPTRDCP
dpr_orc_prd2 EPTXRNP
dpr_orc_prd2 EPXDCCP
dpr_orc_prd2 EPXMTHP
dpr_orc_prd2 EPXTCLP
dpr_orc_prd2 EPXTIFP
dpr_orc_prd2 HD@PODP
dpr_orc_prd2 HD@POSP
dpr_orc_prd2 HD@PRFP
dpr_orc_prd2 HOACTLP
dpr_orc_prd2 HOOUTLP
dpr_orc_prd2 HSAAOUP
dpr_orc_prd2 HSAASCP
dpr_orc_prd2 HSACADP
dpr_orc_prd2 HSACAEP
dpr_orc_prd2 HSACAWP
dpr_orc_prd2 HSACHDP
dpr_orc_prd2 HSACIMP
dpr_orc_prd2 HSACMSP
dpr_orc_prd2 HS@ACMSP
dpr_orc_prd2 HSACMVP
dpr_orc_prd2 HSACPSP
dpr_orc_prd2 HSACSPP
dpr_orc_prd2 HSACSTP
dpr_orc_prd2 HS@ACTP
dpr_orc_prd2 HSAHCGP
dpr_orc_prd2 HS@AHDP
dpr_orc_prd2 HS@ALCP
dpr_orc_prd2 HS@ALFP
dpr_orc_prd2 HS@ALSP
dpr_orc_prd2 HSALVLP
dpr_orc_prd2 HS@ANCP
dpr_orc_prd2 HS@ANFP
dpr_orc_prd2 HS@ANSP
dpr_orc_prd2 HSAOACP
dpr_orc_prd2 HS@APSP
dpr_orc_prd2 HSASACP
dpr_orc_prd2 HS@ASBP
dpr_orc_prd2 HSATCWP
dpr_orc_prd2 HSAVBQP
dpr_orc_prd2 HSAVRHP
dpr_orc_prd2 HS@BKFP
dpr_orc_prd2 HSCALWP
dpr_orc_prd2 HSCDHWP
dpr_orc_prd2 HSCDSLP
dpr_orc_prd2 HSCDSNP
dpr_orc_prd2 HSCEABP
dpr_orc_prd2 HSCEAHP
dpr_orc_prd2 HSCEANP
dpr_orc_prd2 HSCEARP
dpr_orc_prd2 HSCEBBP
dpr_orc_prd2 HSCECCP
dpr_orc_prd2 HSCEDDP
dpr_orc_prd2 HSCEETP
dpr_orc_prd2 HS@CEFP
dpr_orc_prd2 HSCEIFP
dpr_orc_prd2 HSCEIJP
dpr_orc_prd2 HSCELJP
dpr_orc_prd2 HSCELRP
dpr_orc_prd2 HSCEMJP
dpr_orc_prd2 HSCEMRP
dpr_orc_prd2 HSCENAP
dpr_orc_prd2 HSCEOJP
dpr_orc_prd2 HSCEORP
dpr_orc_prd2 HSCEPMP
dpr_orc_prd2 HSCEQLP
dpr_orc_prd2 HSCERCP
dpr_orc_prd2 HSCESTP
dpr_orc_prd2 HSCETNP
dpr_orc_prd2 HSCETYP
dpr_orc_prd2 HSCEUBP
dpr_orc_prd2 HSCEVPP
dpr_orc_prd2 HSCEXRP
dpr_orc_prd2 HSCEYBP
dpr_orc_prd2 HSCEYCP
dpr_orc_prd2 HSCEYDP
dpr_orc_prd2 HSCGALP
dpr_orc_prd2 HSCGCLP
dpr_orc_prd2 HSCGHDP
dpr_orc_prd2 HSCGHJP
dpr_orc_prd2 HSCGSTP
dpr_orc_prd2 HSCIEHP
dpr_orc_prd2 HS@CIFP
dpr_orc_prd2 HSCISGP
dpr_orc_prd2 HSCIUCP
dpr_orc_prd2 HSCIUEP
dpr_orc_prd2 HS@CMAP
dpr_orc_prd2 HS@CNSP
dpr_orc_prd2 HSCPCJP
dpr_orc_prd2 HSCPCLP
dpr_orc_prd2 HS@CPFP
dpr_orc_prd2 HSCPPTP
dpr_orc_prd2 HSCPTYP
dpr_orc_prd2 HSCRQCP
dpr_orc_prd2 HSCSRQP
dpr_orc_prd2 HS@CTJP
dpr_orc_prd2 HSCUSTP
dpr_orc_prd2 HSDBHCP
dpr_orc_prd2 HSDFTWP
dpr_orc_prd2 HSDICHP
dpr_orc_prd2 HSDICQP
dpr_orc_prd2 HSDIDHP
dpr_orc_prd2 HSDIDQP
dpr_orc_prd2 HSDIEHP
dpr_orc_prd2 HSDIEQP
dpr_orc_prd2 HSDINQP
dpr_orc_prd2 HS@DIRQP
dpr_orc_prd2 HSDISHP
dpr_orc_prd2 HSDISQP
dpr_orc_prd2 HSDITHP
dpr_orc_prd2 HSDITTP
dpr_orc_prd2 HSDIXQP
dpr_orc_prd2 HSDLARP
dpr_orc_prd2 HSDLJNP
dpr_orc_prd2 HS@DMFP
dpr_orc_prd2 HS@DMVP
dpr_orc_prd2 HSDORHP
dpr_orc_prd2 HSDORQP
dpr_orc_prd2 HSDOTTP
dpr_orc_prd2 HS@DTFP
dpr_orc_prd2 HS@DWFP
dpr_orc_prd2 HSENRPP
dpr_orc_prd2 HS@ENTFP
dpr_orc_prd2 HSESLGP
dpr_orc_prd2 HSESPQP
dpr_orc_prd2 HSESRQP
dpr_orc_prd2 HSEXCTP
dpr_orc_prd2 HSFNCTP
dpr_orc_prd2 HSFSCCP
dpr_orc_prd2 HSGASCP
dpr_orc_prd2 HSGASJP
dpr_orc_prd2 HSGMNSP
dpr_orc_prd2 HSGRAMP
dpr_orc_prd2 HSHDMNP
dpr_orc_prd2 HS@HDMP
dpr_orc_prd2 HSHDMVP
dpr_orc_prd2 HSHLD2PC
dpr_orc_prd2 HSHLDRP
dpr_orc_prd2 HSHPEWP
dpr_orc_prd2 HSIAOLP
dpr_orc_prd2 HSINFCP
dpr_orc_prd2 HS@INSP
dpr_orc_prd2 HS@INTFP
dpr_orc_prd2 HS@INTTP
dpr_orc_prd2 HSMBCDP
dpr_orc_prd2 HS@MDRP
dpr_orc_prd2 HS@MKPP
dpr_orc_prd2 HS@MPMP
dpr_orc_prd2 HS@MSJP
dpr_orc_prd2 HS@MSMP
dpr_orc_prd2 HS@MSSP
dpr_orc_prd2 HSNIALP
dpr_orc_prd2 HSODCGP
dpr_orc_prd2 HSOMGCP
dpr_orc_prd2 HSPAPCP
dpr_orc_prd2 HS@PORTFP
dpr_orc_prd2 HS@QD1P
dpr_orc_prd2 HS@QFIP
dpr_orc_prd2 HS@QFMP
dpr_orc_prd2 HS@QFXP
dpr_orc_prd2 HS@QRYP
dpr_orc_prd2 HS@RCBP
dpr_orc_prd2 HS@RDAP
dpr_orc_prd2 HSRDAWP
dpr_orc_prd2 HSRDCWP
dpr_orc_prd2 HSRDILP
dpr_orc_prd2 HS@RDNP
dpr_orc_prd2 HS@RDTP
dpr_orc_prd2 HSRDWWP
dpr_orc_prd2 HSRHXCP
dpr_orc_prd2 HSRHXDP
dpr_orc_prd2 HSRHXTP
dpr_orc_prd2 HS@RMBP
dpr_orc_prd2 HSRMPSP
dpr_orc_prd2 HSRTALP
dpr_orc_prd2 HSSCALP
dpr_orc_prd2 HSSCINP
dpr_orc_prd2 HS@SCIP
dpr_orc_prd2 HSSCMSP
dpr_orc_prd2 HSSCPCP
dpr_orc_prd2 HS@SCRP
dpr_orc_prd2 HSSCTYP
dpr_orc_prd2 HSSEGRP
dpr_orc_prd2 HSSFLMP
dpr_orc_prd2 HS@SMAP
dpr_orc_prd2 HSSRDMP
dpr_orc_prd2 HSSRDSP
dpr_orc_prd2 HSSRMKP
dpr_orc_prd2 HS@STNP
dpr_orc_prd2 HSTAALP
dpr_orc_prd2 HSTICKP
dpr_orc_prd2 HS@TOTFP
dpr_orc_prd2 HSTXBTP
dpr_orc_prd2 HSUPCLP
dpr_orc_prd2 HSUPLCP
dpr_orc_prd2 HS@WHTP
dpr_orc_prd2 HSXTCLP
dpr_orc_prd2 HSXTMTP
dpr_orc_prd2 HSXTTHP
dpr_orc_prd2 HSZACPP
dpr_orc_prd2 HSZANSP
dpr_orc_prd2 HSZBTOP
dpr_orc_prd2 HSZCCAP
dpr_orc_prd2 HSZCCMP
dpr_orc_prd2 HSZCEEP
dpr_orc_prd2 HSZCESP
dpr_orc_prd2 HSZCGIP
dpr_orc_prd2 HSZCGYP
dpr_orc_prd2 HSZDMGP
dpr_orc_prd2 HSZIMDP
dpr_orc_prd2 HSZIMRP
dpr_orc_prd2 HSZIMSP
dpr_orc_prd2 HSZIMTP
dpr_orc_prd2 HSZRDFP
dpr_orc_prd2 HSZRDTP
dpr_orc_prd2 HSZRFDP
dpr_orc_prd2 HSZSASP
dpr_orc_prd2 HTALSFP
dpr_orc_prd2 HTBCHCP
dpr_orc_prd2 HTBCHCP5
dpr_orc_prd2 HTBCHCP9
dpr_orc_prd2 HTMQLCP
dpr_orc_prd2 HTTLMTP
dpr_orc_prd2 HTTSLMP
dpr_orc_prd2 LP@3PFP
dpr_orc_prd2 LP@BNFP
dpr_orc_prd2 LP@CCFP
dpr_orc_prd2 LP@CEFP
dpr_orc_prd2 LP@CHGP
dpr_orc_prd2 LP@CHLP
dpr_orc_prd2 LP@MBRP
dpr_orc_prd2 LP@PBJP
dpr_orc_prd2 LP@VASP
dpr_orc_prd2 LSACMSP
dpr_orc_prd2 LSACMWP
dpr_orc_prd2 LSARLEP
dpr_orc_prd2 LSARMEP
dpr_orc_prd2 LSBSCPP
dpr_orc_prd2 LSCBPCP
dpr_orc_prd2 LSCBPTP
dpr_orc_prd2 LSCHGCP
dpr_orc_prd2 LSCLPSP
dpr_orc_prd2 LSCSRQP
dpr_orc_prd2 LSEXATP
dpr_orc_prd2 LSGFPRPT
dpr_orc_prd2 LSGIPRPT
dpr_orc_prd2 LSGPRDCP
dpr_orc_prd2 LSGPRDPT
dpr_orc_prd2 LSGPRFPT
dpr_orc_prd2 LSICSLP
dpr_orc_prd2 LSICSLP1
dpr_orc_prd2 LSILRJP
dpr_orc_prd2 LSILRSP
dpr_orc_prd2 LSINACP
dpr_orc_prd2 LSINACP1
dpr_orc_prd2 LSINACP9
dpr_orc_prd2 LSINSLP
dpr_orc_prd2 LSINSLP1
dpr_orc_prd2 LSOFACP
dpr_orc_prd2 LSOIACP
dpr_orc_prd2 LSOIACP9
dpr_orc_prd2 LSPDCPP
dpr_orc_prd2 LSRCDHP
dpr_orc_prd2 LSRCDTP
dpr_orc_prd2 LSRPACP
dpr_orc_prd2 LSRPJNP
dpr_orc_prd2 LSRPSCP
dpr_orc_prd2 LSRPSLP
dpr_orc_prd2 LSRPSLP1
dpr_orc_prd2 LSSHLCP
dpr_orc_prd2 LSSMCPP
dpr_orc_prd2 LSSPCPP
dpr_orc_prd2 LSSTMTP
dpr_orc_prd2 LSTRJNP
dpr_orc_prd2 MGCBAWP
dpr_orc_prd2 MGCBAWP1
dpr_orc_prd2 MGCBSNP
dpr_orc_prd2 MKADIDP
dpr_orc_prd2 MKASCTP
dpr_orc_prd2 MKASCTP1
dpr_orc_prd2 MKAVCZP
dpr_orc_prd2 MKCMCTP
dpr_orc_prd2 MKCOCTP
dpr_orc_prd2 MKCRAIP
dpr_orc_prd2 MKCRAIP0
dpr_orc_prd2 MKCRCIP
dpr_orc_prd2 MKCRCIP0
dpr_orc_prd2 MKCRSAP
dpr_orc_prd2 MKCRSAP0
dpr_orc_prd2 MKDCACP
dpr_orc_prd2 MKDCACP0
dpr_orc_prd2 MKDDACP
dpr_orc_prd2 MKDICTP
dpr_orc_prd2 MKDMCTP
dpr_orc_prd2 MKDSCTP
dpr_orc_prd2 MKELCTP
dpr_orc_prd2 MKEMCTP
dpr_orc_prd2 MKGACTP
dpr_orc_prd2 MKHICTP
dpr_orc_prd2 MKHOCTP
dpr_orc_prd2 MKIPCTP
dpr_orc_prd2 MKJSCTP
dpr_orc_prd2 MKLCCTP
dpr_orc_prd2 MKLCYCP
dpr_orc_prd2 MKLTCTP
dpr_orc_prd2 MKMCCTP
dpr_orc_prd2 MKMECTP
dpr_orc_prd2 MKMGCTP
dpr_orc_prd2 MKMICTP
dpr_orc_prd2 MKOCCTP
dpr_orc_prd2 MKPICTP
dpr_orc_prd2 MKRCYCP
dpr_orc_prd2 MKRICTP
dpr_orc_prd2 MKRICTP1
dpr_orc_prd2 MKRICTP2
dpr_orc_prd2 MKRLCTP
dpr_orc_prd2 MKROCTP
dpr_orc_prd2 MKSDRKP
dpr_orc_prd2 MKSDRKP0
dpr_orc_prd2 MKSDSTP
dpr_orc_prd2 MKTACTP
dpr_orc_prd2 MKTDACP
dpr_orc_prd2 MKTOCTP
dpr_orc_prd2 MKTRCTP
dpr_orc_prd2 MKTTCTP
dpr_orc_prd2 MKXTCTP
dpr_orc_prd2 MKYYMMP
dpr_orc_prd2 MKYYMMP0
dpr_orc_prd2 ORBBCJP
dpr_orc_prd2 ORBBCPP
dpr_orc_prd2 ORCBLDP
dpr_orc_prd2 ORCMGPP
dpr_orc_prd2 ORCOMSP
dpr_orc_prd2 ORCOUSP
dpr_orc_prd2 ORCQTSP
dpr_orc_prd2 ORDSMSP
dpr_orc_prd2 ORDTMSP
dpr_orc_prd2 ORFMTSP
dpr_orc_prd2 ORLVLSP
dpr_orc_prd2 ORMGSTP
dpr_orc_prd2 ORPDCPP
dpr_orc_prd2 ORRMIPP
dpr_orc_prd2 ORSKJDP
dpr_orc_prd2 ORSTKJP
dpr_orc_prd2 ORSTKSP
dpr_orc_prd2 ORTCCPP
dpr_orc_prd2 ORTCQDP
dpr_orc_prd2 PAMPLGP1
dpr_orc_prd2 PBACIDP
dpr_orc_prd2 PBAVRQP
dpr_orc_prd2 PBCDRLP
dpr_orc_prd2 PBCFCLP
dpr_orc_prd2 PBCRIDP
dpr_orc_prd2 PBCRIUP
dpr_orc_prd2 PBPYARP
dpr_orc_prd2 PHCUSTP
dpr_orc_prd2 PLACMSP
dpr_orc_prd2 PLAINSP
dpr_orc_prd2 PLBSCPP
dpr_orc_prd2 PLCBPCP
dpr_orc_prd2 PLCBPTP
dpr_orc_prd2 PLCMCCP
dpr_orc_prd2 PLCSRQP
dpr_orc_prd2 PLGSCPP
dpr_orc_prd2 PLPDCPP
dpr_orc_prd2 PLSETIP
dpr_orc_prd2 PLSPCPP
dpr_orc_prd2 PLSTATP
dpr_orc_prd2 RSPRCEP
dpr_orc_prd2 RXACMSP
dpr_orc_prd2 RXBCRQP
dpr_orc_prd2 RXCSRQP
dpr_orc_prd2 RXCTLMP
dpr_orc_prd2 RXCTMSP
dpr_orc_prd2 RXCYIFP
dpr_orc_prd2 RXDAWAP
dpr_orc_prd2 RXEXPLP
dpr_orc_prd2 RXFMLCP
dpr_orc_prd2 RXFMLPP
dpr_orc_prd2 RXFMTPP
dpr_orc_prd2 RXFTOSP
dpr_orc_prd2 RXGCMSP
dpr_orc_prd2 RXGFPRPT
dpr_orc_prd2 RXGHALP
dpr_orc_prd2 RXGHIEP
dpr_orc_prd2 RXGHSTP
dpr_orc_prd2 RXGIPRPT
dpr_orc_prd2 RXGPRDPT
dpr_orc_prd2 RXGTPRPT
dpr_orc_prd2 RXMREXP
dpr_orc_prd2 RXSENTP
dpr_orc_prd2 RXSMCPP
dpr_orc_prd2 RXSMPRP
dpr_orc_prd2 RXSMRCP
dpr_orc_prd2 SGDBPCP
dpr_orc_prd2 SGSGDNP
dpr_orc_prd2 SGSGUPP
dpr_orc_prd2 SGTMSTP
dpr_orc_prd2 SGUDPRP
dpr_orc_prd2 SGUPRQP
dpr_orc_prd2 SS@231BP
dpr_orc_prd2 SS@233AP
dpr_orc_prd2 SS@233BP
dpr_orc_prd2 SS@84WP
dpr_orc_prd2 SS@87WP1
dpr_orc_prd2 SS@90WP1
dpr_orc_prd2 SS@90WP4
dpr_orc_prd2 SS@91WP9
dpr_orc_prd2 SS@93WP
dpr_orc_prd2 SS@95WP
dpr_orc_prd2 SSABAJP
dpr_orc_prd2 SSACCPP
dpr_orc_prd2 SSACEXP
dpr_orc_prd2 SSACINP
dpr_orc_prd2 SSACIRP
dpr_orc_prd2 SSACSTP
dpr_orc_prd2 SSADAYP
dpr_orc_prd2 SSADCLP
dpr_orc_prd2 SSADD2P
dpr_orc_prd2 SSADDHP
dpr_orc_prd2 SSADDRP
dpr_orc_prd2 SS@ADJFP
dpr_orc_prd2 SSAFIFP
dpr_orc_prd2 SSAFRTP
dpr_orc_prd2 SSAGACP
dpr_orc_prd2 SSALBFP
dpr_orc_prd2 SSALCFP
dpr_orc_prd2 SSALFBP
dpr_orc_prd2 SSALGBP
dpr_orc_prd2 SSALHIP
dpr_orc_prd2 SSAPCJP
dpr_orc_prd2 SSAPCPP
dpr_orc_prd2 SSASLBP
dpr_orc_prd2 SSATTBP
dpr_orc_prd2 SSAVRPP
dpr_orc_prd2 SSBKLSP
dpr_orc_prd2 SSBLCFP
dpr_orc_prd2 SSBLSTP
dpr_orc_prd2 SS@BMDP
dpr_orc_prd2 SS@BMFP
dpr_orc_prd2 SSBRCPP
dpr_orc_prd2 SS@BRCXP
dpr_orc_prd2 SSCAIFP
dpr_orc_prd2 SSCARPP
dpr_orc_prd2 SSCBBHP
dpr_orc_prd2 SSCBBKP
dpr_orc_prd2 SSCBBNP
dpr_orc_prd2 SSCBBPP
dpr_orc_prd2 SSCBCCP
dpr_orc_prd2 SSCBDLP
dpr_orc_prd2 SSCBKUP
dpr_orc_prd2 SSCBLBP
dpr_orc_prd2 SSCBLIP
dpr_orc_prd2 SSCBNUP
dpr_orc_prd2 SSCBTPP
dpr_orc_prd2 SSCHCLP
dpr_orc_prd2 SSCHDAP
dpr_orc_prd2 SSCHGCP
dpr_orc_prd2 SSCHPFP
dpr_orc_prd2 SSCLACP
dpr_orc_prd2 SSCLADP
dpr_orc_prd2 SSCLFMP
dpr_orc_prd2 SSCLMTP
dpr_orc_prd2 SSCLSIP
dpr_orc_prd2 SSCLSTP
dpr_orc_prd2 SS@CMJFP
dpr_orc_prd2 SSCMSRP
dpr_orc_prd2 SSCPDCP
dpr_orc_prd2 SSCPFCP
dpr_orc_prd2 SSCPFJP
dpr_orc_prd2 SSCRADP
dpr_orc_prd2 SSCRAEP
dpr_orc_prd2 SSCRAMP
dpr_orc_prd2 SSCRASP
dpr_orc_prd2 SSCRATP
dpr_orc_prd2 SSCRAYP
dpr_orc_prd2 SSCRBRP
dpr_orc_prd2 SSCRCCP
dpr_orc_prd2 SSCRCDP
dpr_orc_prd2 SSCRCOP
dpr_orc_prd2 SSCRCTP
dpr_orc_prd2 SSCRDGP
dpr_orc_prd2 SSCRDVP
dpr_orc_prd2 SS@CRGP
dpr_orc_prd2 SSCRNGP
dpr_orc_prd2 SSCRPGP
dpr_orc_prd2 SSCRRGP
dpr_orc_prd2 SSCRSCP
dpr_orc_prd2 SSCRSIP
dpr_orc_prd2 SSCRTCP
dpr_orc_prd2 SSCRTTP
dpr_orc_prd2 SSCSDDP
dpr_orc_prd2 SS@DFAP
dpr_orc_prd2 SS@DFBP
dpr_orc_prd2 SS@DNSP
dpr_orc_prd2 SS@EFTP
dpr_orc_prd2 SS@ELDP
dpr_orc_prd2 SS@ELMP
dpr_orc_prd2 SS@ELPP
dpr_orc_prd2 SS@ELSP
dpr_orc_prd2 SS@EXEXP
dpr_orc_prd2 SS@EXPSP
dpr_orc_prd2 SS@EXPSP1
dpr_orc_prd2 SS@EXTOP
dpr_orc_prd2 SS@EXTUP
dpr_orc_prd2 SS@EXTUP1
dpr_orc_prd2 SS@FEXP
dpr_orc_prd2 SS@FFXP
dpr_orc_prd2 SS@FSOP
dpr_orc_prd2 SS@FSRP
dpr_orc_prd2 SS@FSTP
dpr_orc_prd2 SS@FXBFP
dpr_orc_prd2 SS@GLFP
dpr_orc_prd2 SS@GRRFP
dpr_orc_prd2 SS@GRRFP2
dpr_orc_prd2 SS@HDFP
dpr_orc_prd2 SS@INSP
dpr_orc_prd2 SS@IPLP
dpr_orc_prd2 SS@MXFP
dpr_orc_prd2 SS@MXRP
dpr_orc_prd2 SS@NBFP
dpr_orc_prd2 SS@ODRP
dpr_orc_prd2 SS@ODTP
dpr_orc_prd2 SS@OFFP
dpr_orc_prd2 SS@PBDRP
dpr_orc_prd2 SS@PBOCSP1
dpr_orc_prd2 SS@PBOCSP2
dpr_orc_prd2 SS@PLQP
dpr_orc_prd2 SS@PMRP
dpr_orc_prd2 SS@PMRP1
dpr_orc_prd2 SS@PMRP2
dpr_orc_prd2 SS@PTCP
dpr_orc_prd2 SS@PTJP
dpr_orc_prd2 SS@RDJP
dpr_orc_prd2 SS@RSDP
dpr_orc_prd2 SS@RSHP
dpr_orc_prd2 SS@SAFD1
dpr_orc_prd2 SS@SAFD2
dpr_orc_prd2 SS@SAFM1
dpr_orc_prd2 SS@SAFM2
dpr_orc_prd2 SS@SAFM3
dpr_orc_prd2 SS@SAFM4
dpr_orc_prd2 SS@SAFS1
dpr_orc_prd2 SS@SAFS2
dpr_orc_prd2 SS@SAFW1
dpr_orc_prd2 SS@SAFW2
dpr_orc_prd2 SS@SDPRP
dpr_orc_prd2 SSSECJP
dpr_orc_prd2 SS@SFWBP
dpr_orc_prd2 SS@SOMP
dpr_orc_prd2 SS@SWRP
dpr_orc_prd2 SS@TCQP
dpr_orc_prd2 SSTREXP
dpr_orc_prd2 SS@TRSFP
dpr_orc_prd2 SS@TRSFP2
dpr_orc_prd2 SS@TSACP
dpr_orc_prd2 SS@TSACP2
dpr_orc_prd2 ADTRANP
dpr_orc_prd2 AFASMJP
dpr_orc_prd2 AFASTJP
dpr_orc_prd2 AFSITJP
dpr_orc_prd2 BAIMGHP
dpr_orc_prd2 BAIMGJP
dpr_orc_prd2 BAOMGHP
dpr_orc_prd2 BS@IPHP
dpr_orc_prd2 BS@OPHP
dpr_orc_prd2 BS@OPJP
dpr_orc_prd2 CNFDDWPD
dpr_orc_prd2 CPMPPXP
dpr_orc_prd2 CSDSPJP
dpr_orc_prd2 DCACMJP
dpr_orc_prd2 DDACMJP
dpr_orc_prd2 DDCQBJP
dpr_orc_prd2 DDDLJNP
dpr_orc_prd2 DDIAJHP
dpr_orc_prd2 DDIRHFP
dpr_orc_prd2 DDMSCJP
dpr_orc_prd2 DDMSGJP
dpr_orc_prd2 DDTNJNP
dpr_orc_prd2 DDTNJXP
dpr_orc_prd2 DDUWIJP
dpr_orc_prd2 EBCUSJP
dpr_orc_prd2 EBDCNJP
dpr_orc_prd2 EBPDPJP
dpr_orc_prd2 EBPGRJP
dpr_orc_prd2 EBSVJNP
dpr_orc_prd2 EPACMHP
dpr_orc_prd2 EPALMHP
dpr_orc_prd2 EPBAWAP
dpr_orc_prd2 EPBLDHP
dpr_orc_prd2 EPBLHSP
dpr_orc_prd2 EPCCMHP
dpr_orc_prd2 EPDCDHP
dpr_orc_prd2 EPDCHSP
dpr_orc_prd2 EPHITFP
dpr_orc_prd2 EPPCMHP
dpr_orc_prd2 EPSADAP
dpr_orc_prd2 GLACMJP
dpr_orc_prd2 GLTNJNP
dpr_orc_prd2 HD@HOLP
dpr_orc_prd2 HD@TNHP
dpr_orc_prd2 HETRSNP
dpr_orc_prd2 HSCEBHP
dpr_orc_prd2 HSCECHP
dpr_orc_prd2 HSCEEHP
dpr_orc_prd2 HSCENHP
dpr_orc_prd2 HSCETHP
dpr_orc_prd2 HSCEVHP
dpr_orc_prd2 HSCHRGP
dpr_orc_prd2 HSCIUHP
dpr_orc_prd2 HSDBHHP
dpr_orc_prd2 HSDINHP
dpr_orc_prd2 HS@DIRHP
dpr_orc_prd2 HSDLHSP
dpr_orc_prd2 HSHLDHP
dpr_orc_prd2 HSPSTHP
dpr_orc_prd2 HSRDGHP
dpr_orc_prd2 HSRDHHP
dpr_orc_prd2 HSRDNHP
dpr_orc_prd2 HSRDPHP
dpr_orc_prd2 HSRDTEP
dpr_orc_prd2 HSRDTHP
dpr_orc_prd2 HSRDTJP
dpr_orc_prd2 HS@SCXP
dpr_orc_prd2 HSSTBJP
dpr_orc_prd2 HSSTMJP
dpr_orc_prd2 HSTRSNP
dpr_orc_prd2 IBACIJP
dpr_orc_prd2 IBACSJP
dpr_orc_prd2 IBAPJNP
dpr_orc_prd2 IBCMBJP
dpr_orc_prd2 IBDLIFP
dpr_orc_prd2 IBDLRJP
dpr_orc_prd2 IBTNJNP
dpr_orc_prd2 IBURAJP
dpr_orc_prd2 IBURSJP
dpr_orc_prd2 IETNJNP
dpr_orc_prd2 IPALMHP
dpr_orc_prd2 IPBAWAP
dpr_orc_prd2 IPBLDHP
dpr_orc_prd2 IPBLHSP
dpr_orc_prd2 IPDCHSP
dpr_orc_prd2 IPDCWAP
dpr_orc_prd2 IPLNDHP
dpr_orc_prd2 IPLNHSP
dpr_orc_prd2 IRCBJNP
dpr_orc_prd2 IRDDJNP
dpr_orc_prd2 IRDLIFP
dpr_orc_prd2 IRDLRJP
dpr_orc_prd2 IRTDJNP
dpr_orc_prd2 LP@IPHP
dpr_orc_prd2 LP@OGHP
dpr_orc_prd2 LP@OPHP
dpr_orc_prd2 LP@VAJP
dpr_orc_prd2 LSACMJP
dpr_orc_prd2 LSDLJNP
dpr_orc_prd2 LSIRHFP
dpr_orc_prd2 LSPMHSP
dpr_orc_prd2 LSPRPJP
dpr_orc_prd2 LSRHSLP
dpr_orc_prd2 LSSHLJP
dpr_orc_prd2 LSTNJNP
dpr_orc_prd2 ORDLJNP
dpr_orc_prd2 PBACIJP
dpr_orc_prd2 PBCFCJP
dpr_orc_prd2 PLACMJP
dpr_orc_prd2 PLAINJP
dpr_orc_prd2 PLDLJNP
dpr_orc_prd2 PLTNJNP
dpr_orc_prd2 RXCTHSP
dpr_orc_prd2 RXDLJNP
dpr_orc_prd2 SS@ABHP
dpr_orc_prd2 SSADDJP
dpr_orc_prd2 SSBKLJP
dpr_orc_prd2 SSCAIJP
dpr_orc_prd2 SSCHCJP
dpr_orc_prd2 SSCHDJP
dpr_orc_prd2 SS@CLHP
dpr_orc_prd2 SSCLMJP
dpr_orc_prd2 SSCLSJP
dpr_orc_prd2 SSCRTRP
dpr_orc_prd2 SSCUETP
dpr_orc_prd2 SSCUSJP
dpr_orc_prd2 SSCUSTP
dpr_orc_prd2 SSCUWJP
dpr_orc_prd2 SSCUWOP
dpr_orc_prd2 SSCVFXP
dpr_orc_prd2 SSCYIFP
dpr_orc_prd2 SSCYIJP
dpr_orc_prd2 SSDFACP
dpr_orc_prd2 SSDFUJP
dpr_orc_prd2 SSDFUUP
dpr_orc_prd2 SSEANFP
dpr_orc_prd2 SSEDIHP
dpr_orc_prd2 SSEDINP
dpr_orc_prd2 SSEDTOP
dpr_orc_prd2 SS@EFJP
dpr_orc_prd2 SSEIAMP
dpr_orc_prd2 SSEIASP
dpr_orc_prd2 SSEICMP
dpr_orc_prd2 SSEIEXP
dpr_orc_prd2 SSEIMRP
dpr_orc_prd2 SSEIPCP
dpr_orc_prd2 SSEIPIP
dpr_orc_prd2 SSEIRDP
dpr_orc_prd2 SSEIRIP
dpr_orc_prd2 SSEIRJP
dpr_orc_prd2 SSEISRP
dpr_orc_prd2 SS@ELHP
dpr_orc_prd2 SS@ELTP
dpr_orc_prd2 SSENQLP
dpr_orc_prd2 SSEPPRP
dpr_orc_prd2 SSERUSP
dpr_orc_prd2 SSESPCP
dpr_orc_prd2 SSESSTP
dpr_orc_prd2 SSESTPP
dpr_orc_prd2 SSESTTP
dpr_orc_prd2 SSEXMJP
dpr_orc_prd2 SSEXMPP
dpr_orc_prd2 SSEXMTP
dpr_orc_prd2 SSEXPLP
dpr_orc_prd2 SSEXPSP
dpr_orc_prd2 SSEXRTP
dpr_orc_prd2 SSEXTOP
dpr_orc_prd2 SSFAXRP
dpr_orc_prd2 SSFNRTP
dpr_orc_prd2 SSFXCSP
dpr_orc_prd2 SSGACCP
dpr_orc_prd2 SSGACPP
dpr_orc_prd2 SSGBAGP
dpr_orc_prd2 SSGBAIP
dpr_orc_prd2 SSGBCPP
dpr_orc_prd2 SSGBNMP
dpr_orc_prd2 SSGBPBP
dpr_orc_prd2 SSGCCJP
dpr_orc_prd2 SSGCCTP
dpr_orc_prd2 SSGHCGP
dpr_orc_prd2 SSGHCLP
dpr_orc_prd2 SSGMCPP
dpr_orc_prd2 SSGPCLP
dpr_orc_prd2 SSGPNMP
dpr_orc_prd2 SSGPRLP
dpr_orc_prd2 SSGSCPP
dpr_orc_prd2 SSGSPDP
dpr_orc_prd2 SSGTPOP
dpr_orc_prd2 SSHBCLP
dpr_orc_prd2 SSHBODP
dpr_orc_prd2 SSHCCPP
dpr_orc_prd2 SSHDJNP
dpr_orc_prd2 SSHDSQP
dpr_orc_prd2 SSHFDEP
dpr_orc_prd2 SSHOLDP
dpr_orc_prd2 SSICADP
dpr_orc_prd2 SSICAJP
dpr_orc_prd2 SSIMPLP
dpr_orc_prd2 SSINARP
dpr_orc_prd2 SSINCIP
dpr_orc_prd2 SSINCJP
dpr_orc_prd2 SSINRJP
dpr_orc_prd2 SSINRTP
dpr_orc_prd2 SSIRMDP
dpr_orc_prd2 SSIRTRNCNT
dpr_orc_prd2 SSLGNMP
dpr_orc_prd2 SSLGRLP
dpr_orc_prd2 SSLIPDP
dpr_orc_prd2 SSLIPJP
dpr_orc_prd2 SSLMTRP
dpr_orc_prd2 SSLOCFP
dpr_orc_prd2 SSLPDTP
dpr_orc_prd2 SSLTYPP
dpr_orc_prd2 SSMCLPP
dpr_orc_prd2 SSMGRAP
dpr_orc_prd2 SSMLCCP
dpr_orc_prd2 SSMLRCP
dpr_orc_prd2 SSMLRPP
dpr_orc_prd2 SSMNLPP
dpr_orc_prd2 SSMREXP
dpr_orc_prd2 SSMTXMP
dpr_orc_prd2 SSNACCTOPN
dpr_orc_prd2 SSNHMLACCT
dpr_orc_prd2 SSNICIP
dpr_orc_prd2 SSNICJP
dpr_orc_prd2 SSNODAP
dpr_orc_prd2 SSOCCPP
dpr_orc_prd2 SSOCPPP
dpr_orc_prd2 SSODACP
dpr_orc_prd2 SSODCUP
dpr_orc_prd2 SSODUEP
dpr_orc_prd2 SSOFRAP
dpr_orc_prd2 SSOLMEP
dpr_orc_prd2 SSOPACP
dpr_orc_prd2 SSOPCMP
dpr_orc_prd2 SSORTRNCNT
dpr_orc_prd2 SSOUQQP
dpr_orc_prd2 SSPASLP
dpr_orc_prd2 SS@PBOCDP
dpr_orc_prd2 SSPCUSP
dpr_orc_prd2 SSPDTPP
dpr_orc_prd2 SSPEXWP
dpr_orc_prd2 SSPFCLP
dpr_orc_prd2 SSPFMWP
dpr_orc_prd2 SSPFPCP
dpr_orc_prd2 SSPFPTP
dpr_orc_prd2 SSPFRJP
dpr_orc_prd2 SSPFTBP
dpr_orc_prd2 SSPFULP
dpr_orc_prd2 SSPKAJP
dpr_orc_prd2 SSPKCMP
dpr_orc_prd2 SSPKEVP
dpr_orc_prd2 SSPNICP
dpr_orc_prd2 SSPRJIP
dpr_orc_prd2 SSPRJJP
dpr_orc_prd2 SSPTYCP
dpr_orc_prd2 SSPTYHP
dpr_orc_prd2 SSPTYTP
dpr_orc_prd2 SSREXPP
dpr_orc_prd2 SS@RHJP
dpr_orc_prd2 SSRLNNP
dpr_orc_prd2 SSRLNPP
dpr_orc_prd2 SSRMSTP
dpr_orc_prd2 SSRPSDP
dpr_orc_prd2 SSRPSTP
dpr_orc_prd2 SSRUDCP
dpr_orc_prd2 SS@SAFEP
dpr_orc_prd2 SSSCCIP
dpr_orc_prd2 SSSCRLP
dpr_orc_prd2 SSSDCPP
dpr_orc_prd2 SSSECHP
dpr_orc_prd2 SSSFATP
dpr_orc_prd2 SSSLMTP
dpr_orc_prd2 SSSMANP
dpr_orc_prd2 SSSMBCP
dpr_orc_prd2 SSSMCLP
dpr_orc_prd2 SSSMFIP
dpr_orc_prd2 SSSMPSP
dpr_orc_prd2 SSSPVAP
dpr_orc_prd2 SSSTMRP
dpr_orc_prd2 SSSTTCP
dpr_orc_prd2 SSTFNPP
dpr_orc_prd2 SSTIAVP
dpr_orc_prd2 SSTIRJP
dpr_orc_prd2 SSTIRTP
dpr_orc_prd2 SS@TMFP
dpr_orc_prd2 SSTNSTP
dpr_orc_prd2 SSTRBIP
dpr_orc_prd2 SSTTONCCNT
dpr_orc_prd2 SSTXCPP
dpr_orc_prd2 SSTXTHP
dpr_orc_prd2 SSUBSTP
dpr_orc_prd2 SSUCMTP
dpr_orc_prd2 SSULMCP
dpr_orc_prd2 SSUODEP
dpr_orc_prd2 SSUSDLP
dpr_orc_prd2 SSUSERP
dpr_orc_prd2 SSUSRJP
dpr_orc_prd2 SSVCHPP
dpr_orc_prd2 SSVCRPP
dpr_orc_prd2 SSVSKDP
dpr_orc_prd2 SSVSKHP
dpr_orc_prd2 SSWAINP
dpr_orc_prd2 SSWCMSP
dpr_orc_prd2 SSWOCLP
dpr_orc_prd2 SSWOMSP
dpr_orc_prd2 SSWONCP
dpr_orc_prd2 SSWORPP
dpr_orc_prd2 TDACADP
dpr_orc_prd2 TDACMHP
dpr_orc_prd2 TDACMJP
dpr_orc_prd2 TDACMSP
dpr_orc_prd2 TDACSDP
dpr_orc_prd2 TDAMIJP
dpr_orc_prd2 TDBCRQP
dpr_orc_prd2 TDBSCPP
dpr_orc_prd2 TDCBPCP
dpr_orc_prd2 TDCBPTP
dpr_orc_prd2 TDCSRQP
dpr_orc_prd2 TDEALJP
dpr_orc_prd2 TDPDCPP
dpr_orc_prd2 TDPIRCP
dpr_orc_prd2 TDSDMSP
dpr_orc_prd2 TDSDPYP
dpr_orc_prd2 TDSPCPP
dpr_orc_prd2 TDTRNJP
dpr_orc_prd2 TNCRBPP
dpr_orc_prd2 TTERATP
dpr_orc_prd2 TTIRATP
dpr_orc_prd2 TTLDPDP
dpr_orc_prd2 TTPDCTP
dpr_orc_prd2 EWALRDP
dpr_orc_prd2 EWAULDP
dpr_orc_prd2 EWBOAULP
dpr_orc_prd2 EWCCSNWP
dpr_orc_prd2 EWCCSNWSP
dpr_orc_prd2 EWCHNPP
dpr_orc_prd2 EWCLSDT
dpr_orc_prd2 EWCMIDP
dpr_orc_prd2 EWDCMMP
dpr_orc_prd2 EWEAMSP
dpr_orc_prd2 EWEAMSP1
dpr_orc_prd2 EWETARP
dpr_orc_prd2 EWEXTCUP1
dpr_orc_prd2 EWHSSADXP1
dpr_orc_prd2 EWLEXPP
dpr_orc_prd2 EWMCMMP1
dpr_orc_prd2 EWMCMMP9
dpr_orc_prd2 EWMCONCTP1
dpr_orc_prd2 EWMCONCTP9
dpr_orc_prd2 EWMCONDP9
dpr_orc_prd2 EWMCONTP1
dpr_orc_prd2 EWMCONTP9
dpr_orc_prd2 EWMEXTP
dpr_orc_prd2 EWMREFP1
dpr_orc_prd2 EWMREFP9
dpr_orc_prd2 EWOACARP9
dpr_orc_prd2 EWOADRP9
dpr_orc_prd2 EWOARARP9
dpr_orc_prd2 EWOARIPP9
dpr_orc_prd2 EWOARP9
dpr_orc_prd2 EWOCAARP9
dpr_orc_prd2 EWOCSTP9
dpr_orc_prd2 EWOIDDPP9
dpr_orc_prd2 EWOIDVP9
dpr_orc_prd2 EWOIIPP9
dpr_orc_prd2 EWOIPEMAP9
dpr_orc_prd2 EWOIPP9
dpr_orc_prd2 EWOIPTELP9
dpr_orc_prd2 EWOORGP9
dpr_orc_prd2 EWOPDARP9
dpr_orc_prd2 EWOPDP9
dpr_orc_prd2 EWOSVARP9
dpr_orc_prd2 EWPOCUMAP
dpr_orc_prd2 EWSBUSMP
dpr_orc_prd2 EWSBUSP
dpr_orc_prd2 EWSDCPP
dpr_orc_prd2 EWSEXPP
dpr_orc_prd2 EWSLDSTP
dpr_orc_prd2 EWSTDPP
dpr_orc_prd2 EWTRCDP
dpr_orc_prd2 EWUEXPP
dpr_orc_prd2 EWUSRMAP
dpr_orc_prd2 FICNTPF
dpr_orc_prd2 GHACMSP
dpr_orc_prd2 GHACMSPD
dpr_orc_prd2 GHALSFP
dpr_orc_prd2 GHALSFPD
dpr_orc_prd2 GHBCHCP
dpr_orc_prd2 GHBDIFP
dpr_orc_prd2 GHBDIWP
dpr_orc_prd2 GHCLMTP
dpr_orc_prd2 GHCLMTPD
dpr_orc_prd2 GHCLMTPD7
dpr_orc_prd2 GHCNISPD
dpr_orc_prd2 GHCON2P
dpr_orc_prd2 GHCON2PH
dpr_orc_prd2 GHCON3P
dpr_orc_prd2 GHCPFCP
dpr_orc_prd2 GHCPFCPD
dpr_orc_prd2 GHCPFGP
dpr_orc_prd2 GHCPFGPD
dpr_orc_prd2 GHCSHRP
dpr_orc_prd2 GHCUSTP
dpr_orc_prd2 GHDTARP
dpr_orc_prd2 GHEPJNP
dpr_orc_prd2 GHIEAWP
dpr_orc_prd2 GHIEAWPA
dpr_orc_prd2 GHIERSP
dpr_orc_prd2 GHIETNP
dpr_orc_prd2 GHIPJNP
dpr_orc_prd2 GHLMTRP
dpr_orc_prd2 GHPIEIP
dpr_orc_prd2 GHPYMIP
dpr_orc_prd2 GHSECHP
dpr_orc_prd2 GHSECHPD
dpr_orc_prd2 GLACMSP
dpr_orc_prd2 GLANCLP
dpr_orc_prd2 GLATCLP
dpr_orc_prd2 GLBDINP
dpr_orc_prd2 GLCBPCP
dpr_orc_prd2 GLCBPTP
dpr_orc_prd2 GLCHACP
dpr_orc_prd2 GLDRACP
dpr_orc_prd2 GLEXDLP
dpr_orc_prd2 GLEXSTP
dpr_orc_prd2 GLLBBEP
dpr_orc_prd2 GLNACLP
dpr_orc_prd2 GLNAIFP
dpr_orc_prd2 GLNAREP
dpr_orc_prd2 GLOACJP
dpr_orc_prd2 GLOAJNP
dpr_orc_prd2 GLOPADP
dpr_orc_prd2 GLOPIAP
dpr_orc_prd2 GLOPICP
dpr_orc_prd2 GLOPISP
dpr_orc_prd2 GLORDJP
dpr_orc_prd2 GLSBACP
dpr_orc_prd2 GLSBATP
dpr_orc_prd2 GLSBSCP
dpr_orc_prd2 GLSSCLP
dpr_orc_prd2 GLSTATP
dpr_orc_prd2 GLSTAUP
dpr_orc_prd2 GLSYCLP
dpr_orc_prd2 GLTRSTP
dpr_orc_prd2 GRALINP
dpr_orc_prd2 GRALLCP
dpr_orc_prd2 GRAPCLP
dpr_orc_prd2 GRBDBWP
dpr_orc_prd2 GRBDGWP
dpr_orc_prd2 GRBDIDP
dpr_orc_prd2 GRBDIFP
dpr_orc_prd2 GRBDIFP0
dpr_orc_prd2 GRBDIFP1
dpr_orc_prd2 GRBDIMP
dpr_orc_prd2 GRBDSTP
dpr_orc_prd2 GRBDSTP0
dpr_orc_prd2 GRBDSUP
dpr_orc_prd2 GRCLMTP
dpr_orc_prd2 GRCSIEP
dpr_orc_prd2 GRDCBPP
dpr_orc_prd2 GRFEIGP
dpr_orc_prd2 GRFEIGP0
dpr_orc_prd2 GRFEIIP
dpr_orc_prd2 GRFEIIP0
dpr_orc_prd2 GRGLIEP
dpr_orc_prd2 GRGPCLP
dpr_orc_prd2 GRIGDWP
dpr_orc_prd2 GRIGDWP1
dpr_orc_prd2 GRINEPP
dpr_orc_prd2 GRINEPP1
dpr_orc_prd2 GRLMTYP
dpr_orc_prd2 GRLQINP
dpr_orc_prd2 GRLQLCP
dpr_orc_prd2 GRRTCLP
dpr_orc_prd2 GRRTNMP
dpr_orc_prd2 GRRTTHP
dpr_orc_prd2 GRRTTPP
dpr_orc_prd2 GRRTTPP7
dpr_orc_prd2 GRSYCLP
dpr_orc_prd2 GRTEIDP
dpr_orc_prd2 GRTRAEP
dpr_orc_prd2 GRUODIP
dpr_orc_prd2 GRUODIP1
dpr_orc_prd2 GRUODSP
dpr_orc_prd2 GRUODSP0
dpr_orc_prd2 GXCLMTP
dpr_orc_prd2 GXCNSPP
dpr_orc_prd2 GXCRPCP
dpr_orc_prd2 GXCTLPP
dpr_orc_prd2 GXGRCAP
dpr_orc_prd2 GXLOGPP
dpr_orc_prd2 GXPRFTP
dpr_orc_prd2 IBACIDP
dpr_orc_prd2 IBACSDP
dpr_orc_prd2 IBAHEXP
dpr_orc_prd2 IBAMSGP
dpr_orc_prd2 IBAVONP
dpr_orc_prd2 IBAVRQP
dpr_orc_prd2 IBCMBTP
dpr_orc_prd2 IBCMINP
dpr_orc_prd2 IBCRIUP
dpr_orc_prd2 IBCSSTP
dpr_orc_prd2 IBESMCP
dpr_orc_prd2 IBINAWP
dpr_orc_prd2 IBIWCSP
dpr_orc_prd2 IBKEYCP
dpr_orc_prd2 IBKEYPP
dpr_orc_prd2 IBMXMTP2
dpr_orc_prd2 IBOTPDP
dpr_orc_prd2 IBPBKDP
dpr_orc_prd2 IBPREXP
dpr_orc_prd2 IBSIEXP
dpr_orc_prd2 IBSMADP
dpr_orc_prd2 IBSMANP
dpr_orc_prd2 IBTKCSP
dpr_orc_prd2 IBTKMIP
dpr_orc_prd2 IBURADP
dpr_orc_prd2 IBURSVP
dpr_orc_prd2 IEACMSP
dpr_orc_prd2 IEASCLP
dpr_orc_prd2 IEBSCLP
dpr_orc_prd2 IECBPCP
dpr_orc_prd2 IECBPTP
dpr_orc_prd2 IECBPTPY
dpr_orc_prd2 IECCDIP
dpr_orc_prd2 IECHACP
dpr_orc_prd2 IECHPRP
dpr_orc_prd2 IECMCSP
dpr_orc_prd2 IECMCSP1
dpr_orc_prd2 IECMCSP9
dpr_orc_prd2 IECMSTP
dpr_orc_prd2 IECMSTP1
dpr_orc_prd2 IECMSTP8
dpr_orc_prd2 IECMSTP9
dpr_orc_prd2 IEDPACP
dpr_orc_prd2 IEDPACP1
dpr_orc_prd2 IEPDIFP
dpr_orc_prd2 IEPLBDP
dpr_orc_prd2 IEPLBDP1
dpr_orc_prd2 IEPLBLP
dpr_orc_prd2 IEPLHLP
dpr_orc_prd2 IEPLPCP
dpr_orc_prd2 IEPLPNP
dpr_orc_prd2 IE@RECWP
dpr_orc_prd2 IESBACP
dpr_orc_prd2 IESBAGP
dpr_orc_prd2 IESBAGP0
dpr_orc_prd2 IESYCLP
dpr_orc_prd2 IE@TNJNP
dpr_orc_prd2 IETRSTP
dpr_orc_prd2 IETRSTP1
dpr_orc_prd2 IPABAJP
dpr_orc_prd2 IPACLMP
dpr_orc_prd2 IPACMJP
dpr_orc_prd2 IPACMSP
dpr_orc_prd2 IPADCPP
dpr_orc_prd2 IPBACPP
dpr_orc_prd2 IPBCRQP
dpr_orc_prd2 IPBDCCP
dpr_orc_prd2 IPBDINP
dpr_orc_prd2 IPBDITP
dpr_orc_prd2 IPBDSCP
dpr_orc_prd2 IPBLCBP
dpr_orc_prd2 IPBLDSP
dpr_orc_prd2 IPBLDXP
dpr_orc_prd2 IPBLHXP
dpr_orc_prd2 IPBLIHP
dpr_orc_prd2 IP@BLMP
dpr_orc_prd2 IPBLMSP
dpr_orc_prd2 IPBLRRP
dpr_orc_prd2 IPBLSTP
dpr_orc_prd2 IPBLWAP
dpr_orc_prd2 IPBLWXP
dpr_orc_prd2 IPBPCPP
dpr_orc_prd2 IPCCSMP
dpr_orc_prd2 IPCHGPP
dpr_orc_prd2 IPCHPMP
dpr_orc_prd2 IPCHWAP
dpr_orc_prd2 IPCMSTP
dpr_orc_prd2 IPCNWAP
dpr_orc_prd2 IPCON2P
dpr_orc_prd2 IPCON2PDS
dpr_orc_prd2 IPCON2PS
dpr_orc_prd2 IPDACNHBCB
dpr_orc_prd2 IPDACNHBSH
dpr_orc_prd2 IPDACNHSBC
dpr_orc_prd2 IPDBSCP
dpr_orc_prd2 IPDBSTP
dpr_orc_prd2 IPDCALP
dpr_orc_prd2 IPDCCBP
dpr_orc_prd2 IPDCDJP
dpr_orc_prd2 IPDCDSP
dpr_orc_prd2 IPDCMSP
dpr_orc_prd2 IPDCSTP
dpr_orc_prd2 IPDLWAP
dpr_orc_prd2 IPDPITP
dpr_orc_prd2 IPDPIWP
dpr_orc_prd2 IPDSCRP
dpr_orc_prd2 IPFSIDP
dpr_orc_prd2 IPGECPP
dpr_orc_prd2 IPGSCPP
dpr_orc_prd2 IPICLXP
dpr_orc_prd2 IPINGSP
dpr_orc_prd2 IPLLWAP
dpr_orc_prd2 IPLMODP
dpr_orc_prd2 IPLNCSP
dpr_orc_prd2 IPLNIHP
dpr_orc_prd2 IP@LNMP
dpr_orc_prd2 IPLNMSP
dpr_orc_prd2 IPLNWAP
dpr_orc_prd2 IPMSCLP
dpr_orc_prd2 IPPDCPP
dpr_orc_prd2 IPPDUEP
dpr_orc_prd2 IPPRGDP
dpr_orc_prd2 IPPRWAP
dpr_orc_prd2 IPRMBCP
dpr_orc_prd2 IPSGCBP
dpr_orc_prd2 IPSGHSP
dpr_orc_prd2 IPSGMSP
dpr_orc_prd2 IPSGRTP
dpr_orc_prd2 IPSGWAP
dpr_orc_prd2 IPSHADP
dpr_orc_prd2 IPSIGNP
dpr_orc_prd2 IPSLWAP
dpr_orc_prd2 IPSTDCP
dpr_orc_prd2 IPSTWCP
dpr_orc_prd2 IPSYCPP
dpr_orc_prd2 IPWACLP
dpr_orc_prd2 IPXMTHP
dpr_orc_prd2 IRCBMSP
dpr_orc_prd2 IRDLWDP
dpr_orc_prd2 IRDMMSP
dpr_orc_prd2 IRDPIPP
dpr_orc_prd2 IRDPWCP
dpr_orc_prd2 IRMGSTP
dpr_orc_prd2 IRRSMSP
dpr_orc_prd2 IRSHRFP
dpr_orc_prd2 IRSRCPP
dpr_orc_prd2 IRSTCPP
dpr_orc_prd2 IRTCPPP
dpr_orc_prd2 IRTTMSP
dpr_orc_prd2 ITABMSP
dpr_orc_prd2 ITACSLP
dpr_orc_prd2 ITALDTP
dpr_orc_prd2 ITALRSP
dpr_orc_prd2 ITBINAP
dpr_orc_prd2 ITBINWP
dpr_orc_prd2 ITCMMSP
dpr_orc_prd2 ITDCSTP
dpr_orc_prd2 ITDGMDP
dpr_orc_prd2 ITDPITP
dpr_orc_prd2 ITESRRP
dpr_orc_prd2 ITINCAP
dpr_orc_prd2 ITINCSP
dpr_orc_prd2 ITINTAP
dpr_orc_prd2 ITINTWP
dpr_orc_prd2 ITTCAWP
dpr_orc_prd2 ITTCNAP
dpr_orc_prd3 AESCTLP
dpr_orc_prd3 AESDTLP
dpr_orc_prd3 CILFDDP
dpr_orc_prd3 CISWTDP
dpr_orc_prd3 CKCPBWP
dpr_orc_prd3 CKCPDWP
dpr_orc_prd3 CKCPEWP
dpr_orc_prd3 CKCPEXP
dpr_orc_prd3 CKCPLWP
dpr_orc_prd3 CKCPOWP
dpr_orc_prd3 CKCPSWP
dpr_orc_prd3 CKGLFDP
dpr_orc_prd3 CKGLFDPD
dpr_orc_prd3 CKGLFDPY
dpr_orc_prd3 CKGLFOP
dpr_orc_prd3 CKOVLMP
dpr_orc_prd3 CKSBLMP
dpr_orc_prd3 CKSCRCP
dpr_orc_prd3 DBALGPP
dpr_orc_prd3 DEDLDIP
dpr_orc_prd3 DGEPRQP
dpr_orc_prd3 DGSWSCP
dpr_orc_prd3 ETPDGWP
dpr_orc_prd3 ETXLOGP
dpr_orc_prd3 FESMDLP
dpr_orc_prd3 FESMEUP
dpr_orc_prd3 FESMEUP1
dpr_orc_prd3 MMLDDRP
dpr_orc_prd3 MMLDEUP
dpr_orc_prd3 MMNMBTP
dpr_orc_prd3 MMSWBTP
dpr_orc_prd3 MMSWLDP
dpr_orc_prd3 MMSWSBP
dpr_orc_prd3 MMSWSHP
dpr_orc_prd3 MMZCBTP
dpr_orc_prd3 MPEFWDP
dpr_orc_prd3 MPMMCPP
dpr_orc_prd3 MPMNMCP
dpr_orc_prd3 MPMSWPP
dpr_orc_prd3 MPMZCPP
dpr_orc_prd3 MPSWSCP
dpr_orc_prd3 MRBLOTP
dpr_orc_prd3 MRBLOTPE
dpr_orc_prd3 MRBULDP
dpr_orc_prd3 MRBULDPE
dpr_orc_prd3 MRBULEP
dpr_orc_prd3 MRDALDP
dpr_orc_prd3 MRDALDPE
dpr_orc_prd3 SECPSIP
dpr_orc_prd3 SEDLSIP
dpr_orc_prd3 TTLDPDP
dpr_orc_prd3 TTLDPDP1
dpr_orc_prd3 AC418WP
dpr_orc_prd3 AC418WP2
dpr_orc_prd3 AC419WP
dpr_orc_prd3 AC419WP2
dpr_orc_prd3 ACRACEP
dpr_orc_prd3 CE620WP
dpr_orc_prd3 CKSTATP
dpr_orc_prd3 CKSTATPM
dpr_orc_prd3 CKSTATPT
dpr_orc_prd3 CKSTATPY
dpr_orc_prd3 DEDLDHP
dpr_orc_prd3 DEDLSHP
dpr_orc_prd3 ETPDGWPY
dpr_orc_prd3 EXBLOTPN
dpr_orc_prd3 FEFWBTPN
dpr_orc_prd3 FOREQ2P
dpr_orc_prd3 FOREQ7P
dpr_orc_prd3 FOREQCP
dpr_orc_prd3 IE@TNTDP
dpr_orc_prd3 MMMTMVP
dpr_orc_prd3 MPESPHP
dpr_orc_prd3 MPESPJPM
dpr_orc_prd3 MPMNMHP
dpr_orc_prd3 MPSWSHP
dpr_orc_prd3 SEDSIHP
dpr_orc_prd3 STCCPSP
dpr_orc_prd3 STPCPSP
dpr_orc_prd3 TT529WP
dpr_orc_prd3 TTAFCEP
dpr_orc_prd3 TTERAHP
dpr_orc_prd3 TTGADEP
dpr_orc_prd3 TTGADEP1
dpr_orc_prd3 TTGSIDP1
dpr_orc_prd3 TTLDPDPY
dpr_orc_prd3 APRTLNP
dpr_orc_prd3 GLTRSTP
dpr_orc_prd3 HTALSFP
dpr_orc_prd3 IETRSTP
dpr_orc_prd3 SSBHPAP
dpr_orc_prd3 SSCBBPP
dpr_orc_prd3 SSHLDYP
dpr_orc_prd3 SSMSFPP
dpr_orc_prd3 SSRLNNP1
dpr_orc_prd3 SSRLNPP1
